#
# There is insufficient memory for the Java Runtime Environment to continue.
# Native memory allocation (malloc) failed to allocate 1343776 bytes. Error detail: Chunk::new
# Possible reasons:
#   The system is out of physical RAM or swap space
#   This process is running with CompressedOops enabled, and the Java Heap may be blocking the growth of the native heap
# Possible solutions:
#   Reduce memory load on the system
#   Increase physical memory or swap space
#   Check if swap backing store is full
#   Decrease Java heap size (-Xmx/-Xms)
#   Decrease number of Java threads
#   Decrease Java thread stack sizes (-Xss)
#   Set larger code cache with -XX:ReservedCodeCacheSize=
#   JVM is running with Unscaled Compressed Oops mode in which the Java heap is
#     placed in the first 4GB address space. The Java Heap base address is the
#     maximum limit for the native heap growth. Please use -XX:HeapBaseMinAddress
#     to set the Java Heap base and to place the Java Heap above 4GB virtual address.
# This output file may be truncated or incomplete.
#
#  Out of Memory Error (arena.cpp:168), pid=5584, tid=11364
#
# JRE version: OpenJDK Runtime Environment Temurin-21.0.10+7 (21.0.10+7) (build 21.0.10+7-LTS)
# Java VM: OpenJDK 64-Bit Server VM Temurin-21.0.10+7 (21.0.10+7-LTS, mixed mode, sharing, tiered, compressed oops, compressed class ptrs, parallel gc, windows-amd64)
# No core dump will be written. Minidumps are not enabled by default on client versions of Windows
#

---------------  S U M M A R Y ------------

Command Line: --add-modules=ALL-SYSTEM --add-opens=java.base/java.util=ALL-UNNAMED --add-opens=java.base/java.lang=ALL-UNNAMED --add-opens=java.base/sun.nio.fs=ALL-UNNAMED -Declipse.application=org.eclipse.jdt.ls.core.id1 -Dosgi.bundles.defaultStartLevel=4 -Declipse.product=org.eclipse.jdt.ls.core.product -Djava.import.generatesMetadataFilesAtProjectRoot=false -DDetectVMInstallationsJob.disabled=true -Dfile.encoding=utf8 -XX:+UseParallelGC -XX:GCTimeRatio=4 -XX:AdaptiveSizePolicyWeight=90 -Dsun.zip.disableMemoryMapping=true -Xmx2G -Xms100m -Xlog:disable -javaagent:c:\Users\DELL\.vscode\extensions\redhat.java-1.54.0-win32-x64\lombok\lombok-1.18.39-4050.jar -XX:+HeapDumpOnOutOfMemoryError -XX:HeapDumpPath=c:\Users\DELL\AppData\Roaming\Code\User\workspaceStorage\ed950ca12d2dff36b27a4ad597b79735\redhat.java -Daether.dependencyCollector.impl=bf c:\Users\DELL\.vscode\extensions\redhat.java-1.54.0-win32-x64\server\plugins\org.eclipse.equinox.launcher_1.7.100.v20251111-0406.jar -configuration c:\Users\DELL\AppData\Roaming\Code\User\globalStorage\redhat.java\1.54.0\config_win -data c:\Users\DELL\AppData\Roaming\Code\User\workspaceStorage\ed950ca12d2dff36b27a4ad597b79735\redhat.java\jdt_ws --pipe=\\.\pipe\lsp-485eaa76da94bc576e73020420c9a76b-sock

Host: Intel(R) Core(TM) i5-10210U CPU @ 1.60GHz, 8 cores, 7G,  Windows 11 , 64 bit Build 26100 (10.0.26100.8521)
Time: Sun Jun 14 17:02:08 2026 Hora est. Pac璗ico, Sudam廨ica elapsed time: 11.558474 seconds (0d 0h 0m 11s)

---------------  T H R E A D  ---------------

Current thread (0x000002242009e780):  JavaThread "C2 CompilerThread1" daemon [_thread_in_native, id=11364, stack(0x000000f4ab000000,0x000000f4ab100000) (1024K)]


Current CompileTask:
C2:11558 3828       4       java.lang.invoke.MethodType::makeImpl (109 bytes)

Stack: [0x000000f4ab000000,0x000000f4ab100000]
Native frames: (J=compiled Java code, j=interpreted, Vv=VM code, C=native code)
V  [jvm.dll+0x6d7a39]
V  [jvm.dll+0x8b4b26]
V  [jvm.dll+0x8b70de]
V  [jvm.dll+0x8b77c3]
V  [jvm.dll+0x284346]
V  [jvm.dll+0xc66ed]
V  [jvm.dll+0xc6c31]
V  [jvm.dll+0x3bec3b]
V  [jvm.dll+0x1e3f69]
V  [jvm.dll+0x24c6b3]
V  [jvm.dll+0x24bb40]
V  [jvm.dll+0x1cb34e]
V  [jvm.dll+0x25b85d]
V  [jvm.dll+0x259dea]
V  [jvm.dll+0x3f857e]
V  [jvm.dll+0x85f59d]
V  [jvm.dll+0x6d626d]
C  [ucrtbase.dll+0x2cd30]
C  [KERNEL32.DLL+0x2e957]
C  [ntdll.dll+0x87c1c]


---------------  P R O C E S S  ---------------

Threads class SMR info:
_java_thread_list=0x0000022421652e40, length=25, elements={
0x00000223bf6f4740, 0x00000223c1ab43f0, 0x00000223c1ab8790, 0x00000223c1abe450,
0x00000223c1abeeb0, 0x00000223c1abf910, 0x00000223c1ac0370, 0x00000223c1ac11b0,
0x000002241f03bf40, 0x000002241f1cc840, 0x000002241f35c460, 0x000002241fdf8380,
0x000002241f6b3ab0, 0x000002241fdf1140, 0x000002241fdb8420, 0x00000224202678e0,
0x00000224200dc320, 0x000002241f9b1a20, 0x000002241fc588d0, 0x000002241fc58f60,
0x000002242009e780, 0x000002241fc56e90, 0x000002241fc57bb0, 0x00000224208a27a0,
0x000002241fc57520
}

Java Threads: ( => current thread )
  0x00000223bf6f4740 JavaThread "main"                              [_thread_blocked, id=8688, stack(0x000000f4a9200000,0x000000f4a9300000) (1024K)]
  0x00000223c1ab43f0 JavaThread "Reference Handler"          daemon [_thread_blocked, id=15780, stack(0x000000f4a9600000,0x000000f4a9700000) (1024K)]
  0x00000223c1ab8790 JavaThread "Finalizer"                  daemon [_thread_blocked, id=19324, stack(0x000000f4a9700000,0x000000f4a9800000) (1024K)]
  0x00000223c1abe450 JavaThread "Signal Dispatcher"          daemon [_thread_blocked, id=19068, stack(0x000000f4a9800000,0x000000f4a9900000) (1024K)]
  0x00000223c1abeeb0 JavaThread "Attach Listener"            daemon [_thread_blocked, id=8780, stack(0x000000f4a9900000,0x000000f4a9a00000) (1024K)]
  0x00000223c1abf910 JavaThread "Service Thread"             daemon [_thread_blocked, id=18704, stack(0x000000f4a9a00000,0x000000f4a9b00000) (1024K)]
  0x00000223c1ac0370 JavaThread "Monitor Deflation Thread"   daemon [_thread_blocked, id=9528, stack(0x000000f4a9b00000,0x000000f4a9c00000) (1024K)]
  0x00000223c1ac11b0 JavaThread "C2 CompilerThread0"         daemon [_thread_in_native, id=15488, stack(0x000000f4a9c00000,0x000000f4a9d00000) (1024K)]
  0x000002241f03bf40 JavaThread "C1 CompilerThread0"         daemon [_thread_blocked, id=13664, stack(0x000000f4a9d00000,0x000000f4a9e00000) (1024K)]
  0x000002241f1cc840 JavaThread "Common-Cleaner"             daemon [_thread_blocked, id=10280, stack(0x000000f4a9e00000,0x000000f4a9f00000) (1024K)]
  0x000002241f35c460 JavaThread "Notification Thread"        daemon [_thread_blocked, id=8180, stack(0x000000f4aa000000,0x000000f4aa100000) (1024K)]
  0x000002241fdf8380 JavaThread "Active Thread: Equinox Container: 04e255b4-25bb-4e8f-8a40-c0acc758fefe"        [_thread_blocked, id=9348, stack(0x000000f4aa800000,0x000000f4aa900000) (1024K)]
  0x000002241f6b3ab0 JavaThread "Refresh Thread: Equinox Container: 04e255b4-25bb-4e8f-8a40-c0acc758fefe" daemon [_thread_blocked, id=1928, stack(0x000000f4aa100000,0x000000f4aa200000) (1024K)]
  0x000002241fdf1140 JavaThread "Framework Event Dispatcher: Equinox Container: 04e255b4-25bb-4e8f-8a40-c0acc758fefe" daemon [_thread_blocked, id=11472, stack(0x000000f4aa900000,0x000000f4aaa00000) (1024K)]
  0x000002241fdb8420 JavaThread "Start Level: Equinox Container: 04e255b4-25bb-4e8f-8a40-c0acc758fefe" daemon [_thread_in_native, id=3416, stack(0x000000f4aaa00000,0x000000f4aab00000) (1024K)]
  0x00000224202678e0 JavaThread "Bundle File Closer"         daemon [_thread_blocked, id=12784, stack(0x000000f4aad00000,0x000000f4aae00000) (1024K)]
  0x00000224200dc320 JavaThread "SCR Component Actor"        daemon [_thread_blocked, id=5856, stack(0x000000f4aab00000,0x000000f4aac00000) (1024K)]
  0x000002241f9b1a20 JavaThread "Worker-JM"                         [_thread_blocked, id=6380, stack(0x000000f4aac00000,0x000000f4aad00000) (1024K)]
  0x000002241fc588d0 JavaThread "Worker-0: Repository registry initialization"        [_thread_in_vm, id=10856, stack(0x000000f4aae00000,0x000000f4aaf00000) (1024K)]
  0x000002241fc58f60 JavaThread "Worker-1: Updating Maven Dependencies"        [_thread_blocked, id=9936, stack(0x000000f4aaf00000,0x000000f4ab000000) (1024K)]
=>0x000002242009e780 JavaThread "C2 CompilerThread1"         daemon [_thread_in_native, id=11364, stack(0x000000f4ab000000,0x000000f4ab100000) (1024K)]
  0x000002241fc56e90 JavaThread "Worker-2"                          [_thread_blocked, id=6148, stack(0x000000f4ab100000,0x000000f4ab200000) (1024K)]
  0x000002241fc57bb0 JavaThread "Worker-3"                          [_thread_blocked, id=8888, stack(0x000000f4ab300000,0x000000f4ab400000) (1024K)]
  0x00000224208a27a0 JavaThread "C2 CompilerThread2"         daemon [_thread_in_native, id=14052, stack(0x000000f4ab200000,0x000000f4ab300000) (1024K)]
  0x000002241fc57520 JavaThread "Java indexing"              daemon [_thread_blocked, id=17416, stack(0x000000f4ab400000,0x000000f4ab500000) (1024K)]
Total: 25

Other Threads:
  0x00000223c1ab3130 VMThread "VM Thread"                           [id=2804, stack(0x000000f4a9500000,0x000000f4a9600000) (1024K)]
  0x00000223c19cca00 WatcherThread "VM Periodic Task Thread"        [id=9564, stack(0x000000f4a9400000,0x000000f4a9500000) (1024K)]
  0x00000223c1b6a2c0 WorkerThread "GC Thread#0"                     [id=10332, stack(0x000000f4a9300000,0x000000f4a9400000) (1024K)]
  0x000002241f983df0 WorkerThread "GC Thread#1"                     [id=12348, stack(0x000000f4aa200000,0x000000f4aa300000) (1024K)]
  0x000002241f9841a0 WorkerThread "GC Thread#2"                     [id=9992, stack(0x000000f4aa300000,0x000000f4aa400000) (1024K)]
  0x000002241f605250 WorkerThread "GC Thread#3"                     [id=12440, stack(0x000000f4aa400000,0x000000f4aa500000) (1024K)]
  0x000002241f605600 WorkerThread "GC Thread#4"                     [id=4260, stack(0x000000f4aa500000,0x000000f4aa600000) (1024K)]
  0x000002241f912470 WorkerThread "GC Thread#5"                     [id=6388, stack(0x000000f4aa600000,0x000000f4aa700000) (1024K)]
  0x000002241f912820 WorkerThread "GC Thread#6"                     [id=19104, stack(0x000000f4aa700000,0x000000f4aa800000) (1024K)]
  0x000002241fabb080 WorkerThread "GC Thread#7"                     [id=12228, stack(0x000000f4a9f00000,0x000000f4aa000000) (1024K)]
Total: 10

Threads with active compile tasks:
C2 CompilerThread0  15593 3798       4       org.lombokweb.asm.ClassReader::readMethod (1070 bytes)
C2 CompilerThread1  15593 3828       4       java.lang.invoke.MethodType::makeImpl (109 bytes)
C2 CompilerThread2  15593 3978       4       sun.util.locale.BaseLocale::getInstance (150 bytes)
Total: 3

VM state: not at safepoint (normal execution)

VM Mutex/Monitor currently owned by a thread: None

Heap address: 0x0000000080000000, size: 2048 MB, Compressed Oops mode: 32-bit

CDS archive(s) mapped at: [0x00000223d9000000-0x00000223d9ba0000-0x00000223d9ba0000), size 12189696, SharedBaseAddress: 0x00000223d9000000, ArchiveRelocationMode: 1.
Compressed class space mapped at: 0x00000223da000000-0x000002241a000000, reserved size: 1073741824
Narrow klass base: 0x00000223d9000000, Narrow klass shift: 0, Narrow klass range: 0x100000000

GC Precious Log:
 CardTable entry size: 512
 CPUs: 8 total, 8 available
 Memory: 7976M
 Large Page Support: Disabled
 NUMA Support: Disabled
 Compressed Oops: Enabled (32-bit)
 Alignments: Space 512K, Generation 512K, Heap 2M
 Heap Min Capacity: 100M
 Heap Initial Capacity: 100M
 Heap Max Capacity: 2G
 Pre-touch: Disabled
 Parallel Workers: 8

Heap:
 PSYoungGen      total 25088K, used 18610K [0x00000000d5580000, 0x00000000d7600000, 0x0000000100000000)
  eden space 23040K, 73% used [0x00000000d5580000,0x00000000d660e028,0x00000000d6c00000)
  from space 2048K, 80% used [0x00000000d7400000,0x00000000d759e9f8,0x00000000d7600000)
  to   space 2048K, 0% used [0x00000000d7200000,0x00000000d7200000,0x00000000d7400000)
 ParOldGen       total 68608K, used 14640K [0x0000000080000000, 0x0000000084300000, 0x00000000d5580000)
  object space 68608K, 21% used [0x0000000080000000,0x0000000080e4c3f0,0x0000000084300000)
 Metaspace       used 27967K, committed 28864K, reserved 1114112K
  class space    used 2825K, committed 3200K, reserved 1048576K

Card table byte_map: [0x00000223c14e0000,0x00000223c18f0000] _byte_map_base: 0x00000223c10e0000

Marking Bits: (ParMarkBitMap*) 0x00007ffb7fb23450
 Begin Bits: [0x00000223d3ff0000, 0x00000223d5ff0000)
 End Bits:   [0x00000223d5ff0000, 0x00000223d7ff0000)

Polling page: 0x00000223bf8c0000

Metaspace:

Usage:
  Non-class:     24.55 MB used.
      Class:      2.76 MB used.
       Both:     27.31 MB used.

Virtual space:
  Non-class space:       64.00 MB reserved,      25.06 MB ( 39%) committed,  1 nodes.
      Class space:        1.00 GB reserved,       3.12 MB ( <1%) committed,  1 nodes.
             Both:        1.06 GB reserved,      28.19 MB (  3%) committed. 

Chunk freelists:
   Non-Class:  6.30 MB
       Class:  12.76 MB
        Both:  19.06 MB

MaxMetaspaceSize: unlimited
CompressedClassSpaceSize: 1.00 GB
Initial GC threshold: 21.00 MB
Current GC threshold: 35.00 MB
CDS: on
 - commit_granule_bytes: 65536.
 - commit_granule_words: 8192.
 - virtual_space_node_default_size: 8388608.
 - enlarge_chunks_in_place: 1.
 - use_allocation_guard: 0.


Internal statistics:

num_allocs_failed_limit: 3.
num_arena_births: 692.
num_arena_deaths: 14.
num_vsnodes_births: 2.
num_vsnodes_deaths: 0.
num_space_committed: 451.
num_space_uncommitted: 0.
num_chunks_returned_to_freelist: 17.
num_chunks_taken_from_freelist: 1854.
num_chunk_merges: 9.
num_chunk_splits: 1183.
num_chunks_enlarged: 727.
num_inconsistent_stats: 0.

CodeHeap 'non-profiled nmethods': size=120000Kb used=1851Kb max_used=1851Kb free=118148Kb
 bounds [0x00000223cc810000, 0x00000223cca80000, 0x00000223d3d40000]
CodeHeap 'profiled nmethods': size=120000Kb used=8521Kb max_used=8521Kb free=111478Kb
 bounds [0x00000223c4d40000, 0x00000223c55a0000, 0x00000223cc270000]
CodeHeap 'non-nmethods': size=5760Kb used=1326Kb max_used=1352Kb free=4433Kb
 bounds [0x00000223cc270000, 0x00000223cc4e0000, 0x00000223cc810000]
CodeCache: size=245760Kb, used=11698Kb, max_used=11724Kb, free=234059Kb
 total_blobs=4636, nmethods=4024, adapters=518, full_count=0
Compilation: enabled, stopped_count=0, restarted_count=0

Compilation events (20 events):
Event: 11.301 Thread 0x000002241f03bf40 3992       3       java.lang.Integer::rotateLeft (9 bytes)
Event: 11.301 Thread 0x000002241f03bf40 nmethod 3992 0x00000223c557b810 code [0x00000223c557b9a0, 0x00000223c557baa0]
Event: 11.304 Thread 0x000002241f03bf40 3994       3       sun.security.provider.SHA::implCompress0 (478 bytes)
Event: 11.306 Thread 0x000002241f03bf40 nmethod 3994 0x00000223c557bb10 code [0x00000223c557bd80, 0x00000223c557ca68]
Event: 11.306 Thread 0x000002241f03bf40 3995       3       sun.security.provider.SHA::implCompress (13 bytes)
Event: 11.307 Thread 0x000002241f03bf40 nmethod 3995 0x00000223c557d110 code [0x00000223c557d300, 0x00000223c557d738]
Event: 11.307 Thread 0x000002241f03bf40 3996       3       sun.security.provider.SHA::implCompressCheck (18 bytes)
Event: 11.307 Thread 0x000002241f03bf40 nmethod 3996 0x00000223c557d990 code [0x00000223c557db60, 0x00000223c557def0]
Event: 11.318 Thread 0x00000224208a27a0 nmethod 3977 0x00000223cc9dce10 code [0x00000223cc9dd000, 0x00000223cc9dd9d8]
Event: 11.319 Thread 0x00000224208a27a0 3978       4       sun.util.locale.BaseLocale::getInstance (150 bytes)
Event: 11.331 Thread 0x000002241f03bf40 3998       3       java.lang.invoke.MethodType::leadingReferenceParameter (30 bytes)
Event: 11.331 Thread 0x000002241f03bf40 nmethod 3998 0x00000223c557e090 code [0x00000223c557e260, 0x00000223c557e540]
Event: 11.331 Thread 0x000002241f03bf40 4001       3       java.lang.invoke.MethodHandle::bindArgumentL (10 bytes)
Event: 11.332 Thread 0x000002241f03bf40 nmethod 4001 0x00000223c557e690 code [0x00000223c557e8a0, 0x00000223c557eee8]
Event: 11.332 Thread 0x000002241f03bf40 4000       3       java.lang.invoke.MethodHandle::bindTo (19 bytes)
Event: 11.333 Thread 0x000002241f03bf40 nmethod 4000 0x00000223c557f190 code [0x00000223c557f3a0, 0x00000223c557f9b8]
Event: 11.333 Thread 0x000002241f03bf40 3997       3       java.lang.invoke.MethodHandles$Lookup::resolveOrFail (44 bytes)
Event: 11.334 Thread 0x000002241f03bf40 nmethod 3997 0x00000223c557fc10 code [0x00000223c557fec0, 0x00000223c5580a70]
Event: 11.334 Thread 0x000002241f03bf40 3999       3       java.lang.invoke.MethodHandles$Lookup::getDirectMethodForConstant (72 bytes)
Event: 11.336 Thread 0x000002241f03bf40 nmethod 3999 0x00000223c5580e90 code [0x00000223c55811e0, 0x00000223c55822a0]

GC Heap History (20 events):
Event: 3.746 GC heap before
{Heap before GC invocations=2 (full 0):
 PSYoungGen      total 29696K, used 28903K [0x00000000d5580000, 0x00000000d7680000, 0x0000000100000000)
  eden space 25600K, 100% used [0x00000000d5580000,0x00000000d6e80000,0x00000000d6e80000)
  from space 4096K, 80% used [0x00000000d6e80000,0x00000000d71b9e98,0x00000000d7280000)
  to   space 4096K, 0% used [0x00000000d7280000,0x00000000d7280000,0x00000000d7680000)
 ParOldGen       total 68608K, used 16K [0x0000000080000000, 0x0000000084300000, 0x00000000d5580000)
  object space 68608K, 0% used [0x0000000080000000,0x0000000080004000,0x0000000084300000)
 Metaspace       used 8003K, committed 8256K, reserved 1114112K
  class space    used 829K, committed 960K, reserved 1048576K
}
Event: 3.757 GC heap after
{Heap after GC invocations=2 (full 0):
 PSYoungGen      total 29696K, used 4070K [0x00000000d5580000, 0x00000000d7680000, 0x0000000100000000)
  eden space 25600K, 0% used [0x00000000d5580000,0x00000000d5580000,0x00000000d6e80000)
  from space 4096K, 99% used [0x00000000d7280000,0x00000000d7679800,0x00000000d7680000)
  to   space 4096K, 0% used [0x00000000d6e80000,0x00000000d6e80000,0x00000000d7280000)
 ParOldGen       total 68608K, used 2109K [0x0000000080000000, 0x0000000084300000, 0x00000000d5580000)
  object space 68608K, 3% used [0x0000000080000000,0x000000008020f658,0x0000000084300000)
 Metaspace       used 8003K, committed 8256K, reserved 1114112K
  class space    used 829K, committed 960K, reserved 1048576K
}
Event: 4.645 GC heap before
{Heap before GC invocations=3 (full 0):
 PSYoungGen      total 29696K, used 29625K [0x00000000d5580000, 0x00000000d7680000, 0x0000000100000000)
  eden space 25600K, 99% used [0x00000000d5580000,0x00000000d6e74f08,0x00000000d6e80000)
  from space 4096K, 99% used [0x00000000d7280000,0x00000000d7679800,0x00000000d7680000)
  to   space 4096K, 0% used [0x00000000d6e80000,0x00000000d6e80000,0x00000000d7280000)
 ParOldGen       total 68608K, used 2109K [0x0000000080000000, 0x0000000084300000, 0x00000000d5580000)
  object space 68608K, 3% used [0x0000000080000000,0x000000008020f658,0x0000000084300000)
 Metaspace       used 9475K, committed 9792K, reserved 1114112K
  class space    used 1009K, committed 1152K, reserved 1048576K
}
Event: 4.654 GC heap after
{Heap after GC invocations=3 (full 0):
 PSYoungGen      total 29696K, used 4093K [0x00000000d5580000, 0x00000000d7680000, 0x0000000100000000)
  eden space 25600K, 0% used [0x00000000d5580000,0x00000000d5580000,0x00000000d6e80000)
  from space 4096K, 99% used [0x00000000d6e80000,0x00000000d727f500,0x00000000d7280000)
  to   space 4096K, 0% used [0x00000000d7280000,0x00000000d7280000,0x00000000d7680000)
 ParOldGen       total 68608K, used 4845K [0x0000000080000000, 0x0000000084300000, 0x00000000d5580000)
  object space 68608K, 7% used [0x0000000080000000,0x00000000804bb428,0x0000000084300000)
 Metaspace       used 9475K, committed 9792K, reserved 1114112K
  class space    used 1009K, committed 1152K, reserved 1048576K
}
Event: 7.285 GC heap before
{Heap before GC invocations=4 (full 0):
 PSYoungGen      total 29696K, used 29693K [0x00000000d5580000, 0x00000000d7680000, 0x0000000100000000)
  eden space 25600K, 100% used [0x00000000d5580000,0x00000000d6e80000,0x00000000d6e80000)
  from space 4096K, 99% used [0x00000000d6e80000,0x00000000d727f500,0x00000000d7280000)
  to   space 4096K, 0% used [0x00000000d7280000,0x00000000d7280000,0x00000000d7680000)
 ParOldGen       total 68608K, used 4845K [0x0000000080000000, 0x0000000084300000, 0x00000000d5580000)
  object space 68608K, 7% used [0x0000000080000000,0x00000000804bb428,0x0000000084300000)
 Metaspace       used 11570K, committed 11968K, reserved 1114112K
  class space    used 1217K, committed 1408K, reserved 1048576K
}
Event: 7.294 GC heap after
{Heap after GC invocations=4 (full 0):
 PSYoungGen      total 29696K, used 4084K [0x00000000d5580000, 0x00000000d7680000, 0x0000000100000000)
  eden space 25600K, 0% used [0x00000000d5580000,0x00000000d5580000,0x00000000d6e80000)
  from space 4096K, 99% used [0x00000000d7280000,0x00000000d767d1d0,0x00000000d7680000)
  to   space 4096K, 0% used [0x00000000d6e80000,0x00000000d6e80000,0x00000000d7280000)
 ParOldGen       total 68608K, used 6573K [0x0000000080000000, 0x0000000084300000, 0x00000000d5580000)
  object space 68608K, 9% used [0x0000000080000000,0x000000008066b7e0,0x0000000084300000)
 Metaspace       used 11570K, committed 11968K, reserved 1114112K
  class space    used 1217K, committed 1408K, reserved 1048576K
}
Event: 8.585 GC heap before
{Heap before GC invocations=5 (full 0):
 PSYoungGen      total 29696K, used 29684K [0x00000000d5580000, 0x00000000d7680000, 0x0000000100000000)
  eden space 25600K, 100% used [0x00000000d5580000,0x00000000d6e80000,0x00000000d6e80000)
  from space 4096K, 99% used [0x00000000d7280000,0x00000000d767d1d0,0x00000000d7680000)
  to   space 4096K, 0% used [0x00000000d6e80000,0x00000000d6e80000,0x00000000d7280000)
 ParOldGen       total 68608K, used 6573K [0x0000000080000000, 0x0000000084300000, 0x00000000d5580000)
  object space 68608K, 9% used [0x0000000080000000,0x000000008066b7e0,0x0000000084300000)
 Metaspace       used 15493K, committed 16128K, reserved 1114112K
  class space    used 1616K, committed 1856K, reserved 1048576K
}
Event: 8.594 GC heap after
{Heap after GC invocations=5 (full 0):
 PSYoungGen      total 29184K, used 4080K [0x00000000d5580000, 0x00000000d7a00000, 0x0000000100000000)
  eden space 25088K, 0% used [0x00000000d5580000,0x00000000d5580000,0x00000000d6e00000)
  from space 4096K, 99% used [0x00000000d6e80000,0x00000000d727c1a8,0x00000000d7280000)
  to   space 6144K, 0% used [0x00000000d7400000,0x00000000d7400000,0x00000000d7a00000)
 ParOldGen       total 68608K, used 7990K [0x0000000080000000, 0x0000000084300000, 0x00000000d5580000)
  object space 68608K, 11% used [0x0000000080000000,0x00000000807cd838,0x0000000084300000)
 Metaspace       used 15493K, committed 16128K, reserved 1114112K
  class space    used 1616K, committed 1856K, reserved 1048576K
}
Event: 9.445 GC heap before
{Heap before GC invocations=6 (full 0):
 PSYoungGen      total 29184K, used 29168K [0x00000000d5580000, 0x00000000d7a00000, 0x0000000100000000)
  eden space 25088K, 100% used [0x00000000d5580000,0x00000000d6e00000,0x00000000d6e00000)
  from space 4096K, 99% used [0x00000000d6e80000,0x00000000d727c1a8,0x00000000d7280000)
  to   space 6144K, 0% used [0x00000000d7400000,0x00000000d7400000,0x00000000d7a00000)
 ParOldGen       total 68608K, used 7990K [0x0000000080000000, 0x0000000084300000, 0x00000000d5580000)
  object space 68608K, 11% used [0x0000000080000000,0x00000000807cd838,0x0000000084300000)
 Metaspace       used 17921K, committed 18688K, reserved 1114112K
  class space    used 1887K, committed 2240K, reserved 1048576K
}
Event: 9.453 GC heap after
{Heap after GC invocations=6 (full 0):
 PSYoungGen      total 29184K, used 4604K [0x00000000d5580000, 0x00000000d7880000, 0x0000000100000000)
  eden space 24576K, 0% used [0x00000000d5580000,0x00000000d5580000,0x00000000d6d80000)
  from space 4608K, 99% used [0x00000000d7400000,0x00000000d787f020,0x00000000d7880000)
  to   space 5120K, 0% used [0x00000000d6e80000,0x00000000d6e80000,0x00000000d7380000)
 ParOldGen       total 68608K, used 7998K [0x0000000080000000, 0x0000000084300000, 0x00000000d5580000)
  object space 68608K, 11% used [0x0000000080000000,0x00000000807cf838,0x0000000084300000)
 Metaspace       used 17921K, committed 18688K, reserved 1114112K
  class space    used 1887K, committed 2240K, reserved 1048576K
}
Event: 9.984 GC heap before
{Heap before GC invocations=7 (full 0):
 PSYoungGen      total 29184K, used 29165K [0x00000000d5580000, 0x00000000d7880000, 0x0000000100000000)
  eden space 24576K, 99% used [0x00000000d5580000,0x00000000d6d7c3f0,0x00000000d6d80000)
  from space 4608K, 99% used [0x00000000d7400000,0x00000000d787f020,0x00000000d7880000)
  to   space 5120K, 0% used [0x00000000d6e80000,0x00000000d6e80000,0x00000000d7380000)
 ParOldGen       total 68608K, used 7998K [0x0000000080000000, 0x0000000084300000, 0x00000000d5580000)
  object space 68608K, 11% used [0x0000000080000000,0x00000000807cf838,0x0000000084300000)
 Metaspace       used 20633K, committed 21376K, reserved 1114112K
  class space    used 2141K, committed 2496K, reserved 1048576K
}
Event: 9.995 GC heap after
{Heap after GC invocations=7 (full 0):
 PSYoungGen      total 29184K, used 5116K [0x00000000d5580000, 0x00000000d7e00000, 0x0000000100000000)
  eden space 24064K, 0% used [0x00000000d5580000,0x00000000d5580000,0x00000000d6d00000)
  from space 5120K, 99% used [0x00000000d6e80000,0x00000000d737f228,0x00000000d7380000)
  to   space 8704K, 0% used [0x00000000d7580000,0x00000000d7580000,0x00000000d7e00000)
 ParOldGen       total 68608K, used 10563K [0x0000000080000000, 0x0000000084300000, 0x00000000d5580000)
  object space 68608K, 15% used [0x0000000080000000,0x0000000080a50e38,0x0000000084300000)
 Metaspace       used 20633K, committed 21376K, reserved 1114112K
  class space    used 2141K, committed 2496K, reserved 1048576K
}
Event: 10.050 GC heap before
{Heap before GC invocations=8 (full 0):
 PSYoungGen      total 29184K, used 12289K [0x00000000d5580000, 0x00000000d7e00000, 0x0000000100000000)
  eden space 24064K, 29% used [0x00000000d5580000,0x00000000d5c81308,0x00000000d6d00000)
  from space 5120K, 99% used [0x00000000d6e80000,0x00000000d737f228,0x00000000d7380000)
  to   space 8704K, 0% used [0x00000000d7580000,0x00000000d7580000,0x00000000d7e00000)
 ParOldGen       total 68608K, used 10563K [0x0000000080000000, 0x0000000084300000, 0x00000000d5580000)
  object space 68608K, 15% used [0x0000000080000000,0x0000000080a50e38,0x0000000084300000)
 Metaspace       used 20780K, committed 21504K, reserved 1114112K
  class space    used 2143K, committed 2496K, reserved 1048576K
}
Event: 10.054 GC heap after
{Heap after GC invocations=8 (full 0):
 PSYoungGen      total 28672K, used 4161K [0x00000000d5580000, 0x00000000d7a00000, 0x0000000100000000)
  eden space 24064K, 0% used [0x00000000d5580000,0x00000000d5580000,0x00000000d6d00000)
  from space 4608K, 90% used [0x00000000d7580000,0x00000000d79907f0,0x00000000d7a00000)
  to   space 5632K, 0% used [0x00000000d6f00000,0x00000000d6f00000,0x00000000d7480000)
 ParOldGen       total 68608K, used 11430K [0x0000000080000000, 0x0000000084300000, 0x00000000d5580000)
  object space 68608K, 16% used [0x0000000080000000,0x0000000080b29b80,0x0000000084300000)
 Metaspace       used 20780K, committed 21504K, reserved 1114112K
  class space    used 2143K, committed 2496K, reserved 1048576K
}
Event: 10.054 GC heap before
{Heap before GC invocations=9 (full 1):
 PSYoungGen      total 28672K, used 4161K [0x00000000d5580000, 0x00000000d7a00000, 0x0000000100000000)
  eden space 24064K, 0% used [0x00000000d5580000,0x00000000d5580000,0x00000000d6d00000)
  from space 4608K, 90% used [0x00000000d7580000,0x00000000d79907f0,0x00000000d7a00000)
  to   space 5632K, 0% used [0x00000000d6f00000,0x00000000d6f00000,0x00000000d7480000)
 ParOldGen       total 68608K, used 11430K [0x0000000080000000, 0x0000000084300000, 0x00000000d5580000)
  object space 68608K, 16% used [0x0000000080000000,0x0000000080b29b80,0x0000000084300000)
 Metaspace       used 20780K, committed 21504K, reserved 1114112K
  class space    used 2143K, committed 2496K, reserved 1048576K
}
Event: 10.119 GC heap after
{Heap after GC invocations=9 (full 1):
 PSYoungGen      total 28672K, used 0K [0x00000000d5580000, 0x00000000d7a00000, 0x0000000100000000)
  eden space 24064K, 0% used [0x00000000d5580000,0x00000000d5580000,0x00000000d6d00000)
  from space 4608K, 0% used [0x00000000d7580000,0x00000000d7580000,0x00000000d7a00000)
  to   space 5632K, 0% used [0x00000000d6f00000,0x00000000d6f00000,0x00000000d7480000)
 ParOldGen       total 68608K, used 13843K [0x0000000080000000, 0x0000000084300000, 0x00000000d5580000)
  object space 68608K, 20% used [0x0000000080000000,0x0000000080d84ee0,0x0000000084300000)
 Metaspace       used 20767K, committed 21504K, reserved 1114112K
  class space    used 2139K, committed 2496K, reserved 1048576K
}
Event: 10.737 GC heap before
{Heap before GC invocations=10 (full 1):
 PSYoungGen      total 28672K, used 24064K [0x00000000d5580000, 0x00000000d7a00000, 0x0000000100000000)
  eden space 24064K, 100% used [0x00000000d5580000,0x00000000d6d00000,0x00000000d6d00000)
  from space 4608K, 0% used [0x00000000d7580000,0x00000000d7580000,0x00000000d7a00000)
  to   space 5632K, 0% used [0x00000000d6f00000,0x00000000d6f00000,0x00000000d7480000)
 ParOldGen       total 68608K, used 13843K [0x0000000080000000, 0x0000000084300000, 0x00000000d5580000)
  object space 68608K, 20% used [0x0000000080000000,0x0000000080d84ee0,0x0000000084300000)
 Metaspace       used 24579K, committed 25408K, reserved 1114112K
  class space    used 2428K, committed 2752K, reserved 1048576K
}
Event: 10.739 GC heap after
{Heap after GC invocations=10 (full 1):
 PSYoungGen      total 24064K, used 368K [0x00000000d5580000, 0x00000000d7600000, 0x0000000100000000)
  eden space 23552K, 0% used [0x00000000d5580000,0x00000000d5580000,0x00000000d6c80000)
  from space 512K, 71% used [0x00000000d6f00000,0x00000000d6f5c188,0x00000000d6f80000)
  to   space 2048K, 0% used [0x00000000d7400000,0x00000000d7400000,0x00000000d7600000)
 ParOldGen       total 68608K, used 13851K [0x0000000080000000, 0x0000000084300000, 0x00000000d5580000)
  object space 68608K, 20% used [0x0000000080000000,0x0000000080d86ee0,0x0000000084300000)
 Metaspace       used 24579K, committed 25408K, reserved 1114112K
  class space    used 2428K, committed 2752K, reserved 1048576K
}
Event: 11.060 GC heap before
{Heap before GC invocations=11 (full 1):
 PSYoungGen      total 24064K, used 23920K [0x00000000d5580000, 0x00000000d7600000, 0x0000000100000000)
  eden space 23552K, 100% used [0x00000000d5580000,0x00000000d6c80000,0x00000000d6c80000)
  from space 512K, 71% used [0x00000000d6f00000,0x00000000d6f5c188,0x00000000d6f80000)
  to   space 2048K, 0% used [0x00000000d7400000,0x00000000d7400000,0x00000000d7600000)
 ParOldGen       total 68608K, used 13851K [0x0000000080000000, 0x0000000084300000, 0x00000000d5580000)
  object space 68608K, 20% used [0x0000000080000000,0x0000000080d86ee0,0x0000000084300000)
 Metaspace       used 26038K, committed 26944K, reserved 1114112K
  class space    used 2564K, committed 2944K, reserved 1048576K
}
Event: 11.063 GC heap after
{Heap after GC invocations=11 (full 1):
 PSYoungGen      total 25088K, used 1658K [0x00000000d5580000, 0x00000000d7600000, 0x0000000100000000)
  eden space 23040K, 0% used [0x00000000d5580000,0x00000000d5580000,0x00000000d6c00000)
  from space 2048K, 80% used [0x00000000d7400000,0x00000000d759e9f8,0x00000000d7600000)
  to   space 2048K, 0% used [0x00000000d7200000,0x00000000d7200000,0x00000000d7400000)
 ParOldGen       total 68608K, used 14640K [0x0000000080000000, 0x0000000084300000, 0x00000000d5580000)
  object space 68608K, 21% used [0x0000000080000000,0x0000000080e4c3f0,0x0000000084300000)
 Metaspace       used 26038K, committed 26944K, reserved 1114112K
  class space    used 2564K, committed 2944K, reserved 1048576K
}

Dll operation events (11 events):
Event: 0.062 Loaded shared library c:\Users\DELL\.vscode\extensions\redhat.java-1.54.0-win32-x64\jre\21.0.10-win32-x86_64\bin\java.dll
Event: 0.261 Loaded shared library c:\Users\DELL\.vscode\extensions\redhat.java-1.54.0-win32-x64\jre\21.0.10-win32-x86_64\bin\zip.dll
Event: 0.314 Loaded shared library C:\Users\DELL\.vscode\extensions\redhat.java-1.54.0-win32-x64\jre\21.0.10-win32-x86_64\bin\instrument.dll
Event: 0.325 Loaded shared library C:\Users\DELL\.vscode\extensions\redhat.java-1.54.0-win32-x64\jre\21.0.10-win32-x86_64\bin\net.dll
Event: 0.330 Loaded shared library C:\Users\DELL\.vscode\extensions\redhat.java-1.54.0-win32-x64\jre\21.0.10-win32-x86_64\bin\nio.dll
Event: 0.347 Loaded shared library C:\Users\DELL\.vscode\extensions\redhat.java-1.54.0-win32-x64\jre\21.0.10-win32-x86_64\bin\zip.dll
Event: 0.401 Loaded shared library C:\Users\DELL\.vscode\extensions\redhat.java-1.54.0-win32-x64\jre\21.0.10-win32-x86_64\bin\jimage.dll
Event: 0.604 Loaded shared library c:\Users\DELL\.vscode\extensions\redhat.java-1.54.0-win32-x64\jre\21.0.10-win32-x86_64\bin\verify.dll
Event: 3.810 Loaded shared library C:\Users\DELL\AppData\Roaming\Code\User\globalStorage\redhat.java\1.54.0\config_win\org.eclipse.equinox.launcher\org.eclipse.equinox.launcher.win32.win32.x86_64_1.3.0.v20260203-2149\eclipse_11919.dll
Event: 8.426 Loaded shared library C:\Users\DELL\.vscode\extensions\redhat.java-1.54.0-win32-x64\jre\21.0.10-win32-x86_64\bin\management.dll
Event: 8.436 Loaded shared library C:\Users\DELL\.vscode\extensions\redhat.java-1.54.0-win32-x64\jre\21.0.10-win32-x86_64\bin\management_ext.dll

Deoptimization events (20 events):
Event: 10.968 Thread 0x000002241fc588d0 DEOPT PACKING pc=0x00000223cc88e7ec sp=0x000000f4aaefe6f0
Event: 10.968 Thread 0x000002241fc588d0 DEOPT UNPACKING pc=0x00000223cc2c3aa2 sp=0x000000f4aaefe6c8 mode 2
Event: 11.203 Thread 0x000002241fdb8420 DEOPT PACKING pc=0x00000223c51e1c64 sp=0x000000f4aaafaa00
Event: 11.203 Thread 0x000002241fdb8420 DEOPT UNPACKING pc=0x00000223cc2c4242 sp=0x000000f4aaaf9f98 mode 0
Event: 11.239 Thread 0x000002241fdb8420 Uncommon trap: trap_request=0xffffffc6 fr.pc=0x00000223cc8d0668 relative=0x0000000000000a88
Event: 11.239 Thread 0x000002241fdb8420 Uncommon trap: reason=bimorphic_or_optimized_type_check action=maybe_recompile pc=0x00000223cc8d0668 method=java.util.HashMap.putVal(ILjava/lang/Object;Ljava/lang/Object;ZZ)Ljava/lang/Object; @ 56 c2
Event: 11.239 Thread 0x000002241fdb8420 DEOPT PACKING pc=0x00000223cc8d0668 sp=0x000000f4aaafdc50
Event: 11.239 Thread 0x000002241fdb8420 DEOPT UNPACKING pc=0x00000223cc2c3aa2 sp=0x000000f4aaafdb50 mode 2
Event: 11.239 Thread 0x000002241fdb8420 Uncommon trap: trap_request=0xffffffc6 fr.pc=0x00000223cc8d0668 relative=0x0000000000000a88
Event: 11.239 Thread 0x000002241fdb8420 Uncommon trap: reason=bimorphic_or_optimized_type_check action=maybe_recompile pc=0x00000223cc8d0668 method=java.util.HashMap.putVal(ILjava/lang/Object;Ljava/lang/Object;ZZ)Ljava/lang/Object; @ 56 c2
Event: 11.239 Thread 0x000002241fdb8420 DEOPT PACKING pc=0x00000223cc8d0668 sp=0x000000f4aaafdc50
Event: 11.239 Thread 0x000002241fdb8420 DEOPT UNPACKING pc=0x00000223cc2c3aa2 sp=0x000000f4aaafdb50 mode 2
Event: 11.239 Thread 0x000002241fdb8420 Uncommon trap: trap_request=0xffffffc6 fr.pc=0x00000223cc8d0668 relative=0x0000000000000a88
Event: 11.239 Thread 0x000002241fdb8420 Uncommon trap: reason=bimorphic_or_optimized_type_check action=maybe_recompile pc=0x00000223cc8d0668 method=java.util.HashMap.putVal(ILjava/lang/Object;Ljava/lang/Object;ZZ)Ljava/lang/Object; @ 56 c2
Event: 11.239 Thread 0x000002241fdb8420 DEOPT PACKING pc=0x00000223cc8d0668 sp=0x000000f4aaafdc50
Event: 11.240 Thread 0x000002241fdb8420 DEOPT UNPACKING pc=0x00000223cc2c3aa2 sp=0x000000f4aaafdb50 mode 2
Event: 11.240 Thread 0x000002241fdb8420 Uncommon trap: trap_request=0xffffffc6 fr.pc=0x00000223cc8d0668 relative=0x0000000000000a88
Event: 11.240 Thread 0x000002241fdb8420 Uncommon trap: reason=bimorphic_or_optimized_type_check action=maybe_recompile pc=0x00000223cc8d0668 method=java.util.HashMap.putVal(ILjava/lang/Object;Ljava/lang/Object;ZZ)Ljava/lang/Object; @ 56 c2
Event: 11.240 Thread 0x000002241fdb8420 DEOPT PACKING pc=0x00000223cc8d0668 sp=0x000000f4aaafdc50
Event: 11.240 Thread 0x000002241fdb8420 DEOPT UNPACKING pc=0x00000223cc2c3aa2 sp=0x000000f4aaafdb50 mode 2

Classes loaded (20 events):
Event: 11.323 Loading class sun/reflect/generics/repository/GenericDeclRepository done
Event: 11.323 Loading class sun/reflect/generics/repository/ClassRepository done
Event: 11.323 Loading class sun/reflect/generics/tree/FormalTypeParameter
Event: 11.323 Loading class sun/reflect/generics/tree/FormalTypeParameter done
Event: 11.323 Loading class sun/reflect/generics/tree/ClassSignature
Event: 11.323 Loading class sun/reflect/generics/tree/Signature
Event: 11.323 Loading class sun/reflect/generics/tree/Signature done
Event: 11.323 Loading class sun/reflect/generics/tree/ClassSignature done
Event: 11.324 Loading class sun/reflect/annotation/TypeAnnotation$TypeAnnotationTarget
Event: 11.324 Loading class sun/reflect/annotation/TypeAnnotation$TypeAnnotationTarget done
Event: 11.324 Loading class sun/reflect/annotation/TypeAnnotation$LocationInfo
Event: 11.324 Loading class sun/reflect/annotation/TypeAnnotation$LocationInfo done
Event: 11.324 Loading class sun/reflect/annotation/TypeAnnotation$LocationInfo$Location
Event: 11.324 Loading class sun/reflect/annotation/TypeAnnotation$LocationInfo$Location done
Event: 11.324 Loading class sun/reflect/annotation/AnnotatedTypeFactory
Event: 11.325 Loading class sun/reflect/annotation/AnnotatedTypeFactory done
Event: 11.325 Loading class sun/reflect/annotation/AnnotatedTypeFactory$AnnotatedTypeBaseImpl
Event: 11.325 Loading class sun/reflect/annotation/AnnotatedTypeFactory$AnnotatedTypeBaseImpl done
Event: 11.371 Loading class java/net/NetworkInterface$1
Event: 11.371 Loading class java/net/NetworkInterface$1 done

Classes unloaded (7 events):
Event: 10.064 Thread 0x00000223c1ab3130 Unloading class 0x00000223da1acc00 'java/lang/invoke/LambdaForm$MH+0x00000223da1acc00'
Event: 10.064 Thread 0x00000223c1ab3130 Unloading class 0x00000223da1ac800 'java/lang/invoke/LambdaForm$MH+0x00000223da1ac800'
Event: 10.064 Thread 0x00000223c1ab3130 Unloading class 0x00000223da1ac400 'java/lang/invoke/LambdaForm$MH+0x00000223da1ac400'
Event: 10.064 Thread 0x00000223c1ab3130 Unloading class 0x00000223da1ac000 'java/lang/invoke/LambdaForm$MH+0x00000223da1ac000'
Event: 10.064 Thread 0x00000223c1ab3130 Unloading class 0x00000223da1abc00 'java/lang/invoke/LambdaForm$BMH+0x00000223da1abc00'
Event: 10.064 Thread 0x00000223c1ab3130 Unloading class 0x00000223da1ab800 'java/lang/invoke/LambdaForm$DMH+0x00000223da1ab800'
Event: 10.064 Thread 0x00000223c1ab3130 Unloading class 0x00000223da1aa400 'java/lang/invoke/LambdaForm$DMH+0x00000223da1aa400'

Classes redefined (0 events):
No events

Internal exceptions (20 events):
Event: 10.793 Thread 0x000002241fc588d0 Exception <a 'java/lang/NoSuchMethodError'{0x00000000d5a12d58}: 'java.lang.Object java.lang.invoke.Invokers$Holder.invoke_MT(java.lang.Object, java.lang.Object, java.lang.Object, java.lang.Object, java.lang.Object, java.lang.Object, java.lang.Object, java.lang.Object, java.lang.Object)'> (0x00000000d5a12d58) 
thrown [s\src\hotspot\share\interpreter\linkResolver.cpp, line 773]
Event: 10.793 Thread 0x000002241fc58f60 Exception <a 'java/lang/NoSuchMethodError'{0x00000000d5a1a140}: 'java.lang.Object java.lang.invoke.Invokers$Holder.invoke_MT(java.lang.Object, java.lang.Object, java.lang.Object, java.lang.Object, java.lang.Object, java.lang.Object, java.lang.Object, java.lang.Object, java.lang.Object)'> (0x00000000d5a1a140) 
thrown [s\src\hotspot\share\interpreter\linkResolver.cpp, line 773]
Event: 10.803 Thread 0x000002241fc58f60 Exception <a 'java/lang/NoSuchMethodError'{0x00000000d5a82268}: 'int java.lang.invoke.DirectMethodHandle$Holder.invokeVirtual(java.lang.Object, java.lang.Object, java.lang.Object)'> (0x00000000d5a82268) 
thrown [s\src\hotspot\share\interpreter\linkResolver.cpp, line 773]
Event: 10.806 Thread 0x000002241fc58f60 Exception <a 'java/lang/NoSuchMethodError'{0x00000000d5a86330}: 'int java.lang.invoke.DirectMethodHandle$Holder.invokeStaticInit(java.lang.Object, int, int)'> (0x00000000d5a86330) 
thrown [s\src\hotspot\share\interpreter\linkResolver.cpp, line 773]
Event: 10.821 Thread 0x000002241fc58f60 Exception <a 'java/lang/NoSuchMethodError'{0x00000000d5a8da98}: 'int java.lang.invoke.DirectMethodHandle$Holder.invokeStaticInit(java.lang.Object, long, long)'> (0x00000000d5a8da98) 
thrown [s\src\hotspot\share\interpreter\linkResolver.cpp, line 773]
Event: 10.822 Thread 0x000002241fc58f60 Exception <a 'java/lang/NoSuchMethodError'{0x00000000d5a975d0}: 'int java.lang.invoke.DirectMethodHandle$Holder.invokeStaticInit(java.lang.Object, float, float)'> (0x00000000d5a975d0) 
thrown [s\src\hotspot\share\interpreter\linkResolver.cpp, line 773]
Event: 10.823 Thread 0x000002241fc58f60 Exception <a 'java/lang/NoSuchMethodError'{0x00000000d5b0ba08}: 'int java.lang.invoke.DirectMethodHandle$Holder.invokeStaticInit(java.lang.Object, double, double)'> (0x00000000d5b0ba08) 
thrown [s\src\hotspot\share\interpreter\linkResolver.cpp, line 773]
Event: 10.824 Thread 0x000002241fc58f60 Exception <a 'java/lang/NoSuchMethodError'{0x00000000d5b101c8}: 'int java.lang.invoke.DirectMethodHandle$Holder.invokeStatic(java.lang.Object, long)'> (0x00000000d5b101c8) 
thrown [s\src\hotspot\share\interpreter\linkResolver.cpp, line 773]
Event: 10.830 Thread 0x000002241fc58f60 Exception <a 'java/lang/NoSuchMethodError'{0x00000000d5e40370}: 'int java.lang.invoke.Invokers$Holder.linkToTargetMethod(java.lang.Object, java.lang.Object)'> (0x00000000d5e40370) 
thrown [s\src\hotspot\share\interpreter\linkResolver.cpp, line 773]
Event: 10.830 Thread 0x000002241fc588d0 Exception <a 'java/lang/NoSuchMethodError'{0x00000000d5d62670}: 'int java.lang.invoke.Invokers$Holder.linkToTargetMethod(java.lang.Object, java.lang.Object)'> (0x00000000d5d62670) 
thrown [s\src\hotspot\share\interpreter\linkResolver.cpp, line 773]
Event: 10.832 Thread 0x000002241fc58f60 Exception <a 'java/lang/NoSuchMethodError'{0x00000000d6012d98}: 'int java.lang.invoke.DirectMethodHandle$Holder.invokeSpecial(java.lang.Object, java.lang.Object, java.lang.Object, java.lang.Object)'> (0x00000000d6012d98) 
thrown [s\src\hotspot\share\interpreter\linkResolver.cpp, line 773]
Event: 10.834 Thread 0x000002241fc58f60 Exception <a 'java/lang/NoSuchMethodError'{0x00000000d6277400}: 'java.lang.Object java.lang.invoke.DirectMethodHandle$Holder.invokeStatic(java.lang.Object, int, java.lang.Object, java.lang.Object)'> (0x00000000d6277400) 
thrown [s\src\hotspot\share\interpreter\linkResolver.cpp, line 773]
Event: 10.834 Thread 0x000002241fc58f60 Exception <a 'java/lang/NoSuchMethodError'{0x00000000d627ac00}: 'java.lang.Object java.lang.invoke.DelegatingMethodHandle$Holder.delegate(java.lang.Object, int, java.lang.Object, java.lang.Object)'> (0x00000000d627ac00) 
thrown [s\src\hotspot\share\interpreter\linkResolver.cpp, line 773]
Event: 10.838 Thread 0x000002241fc58f60 Exception <a 'java/lang/NoSuchMethodError'{0x00000000d6408410}: 'int java.lang.invoke.Invokers$Holder.linkToTargetMethod(java.lang.Object, java.lang.Object, java.lang.Object)'> (0x00000000d6408410) 
thrown [s\src\hotspot\share\interpreter\linkResolver.cpp, line 773]
Event: 10.848 Thread 0x000002241fdb8420 Exception <a 'java/io/FileNotFoundException'{0x00000000d646d858}> (0x00000000d646d858) 
thrown [s\src\hotspot\share\prims\jni.cpp, line 520]
Event: 10.849 Thread 0x000002241fdb8420 Exception <a 'java/io/FileNotFoundException'{0x00000000d646e888}> (0x00000000d646e888) 
thrown [s\src\hotspot\share\prims\jni.cpp, line 520]
Event: 10.851 Thread 0x000002241fdb8420 Exception <a 'java/io/FileNotFoundException'{0x00000000d647d520}> (0x00000000d647d520) 
thrown [s\src\hotspot\share\prims\jni.cpp, line 520]
Event: 10.982 Thread 0x000002241fc588d0 Exception <a 'java/lang/NoSuchMethodError'{0x00000000d67bf5b0}: 'java.lang.Object java.lang.invoke.DirectMethodHandle$Holder.invokeSpecialIFC(java.lang.Object, java.lang.Object, java.lang.Object, java.lang.Object)'> (0x00000000d67bf5b0) 
thrown [s\src\hotspot\share\interpreter\linkResolver.cpp, line 773]
Event: 11.216 Thread 0x000002241fdb8420 Exception <a 'java/io/FileNotFoundException'{0x00000000d5bf0268}> (0x00000000d5bf0268) 
thrown [s\src\hotspot\share\prims\jni.cpp, line 520]
Event: 11.273 Thread 0x000002241fdb8420 Exception <a 'java/lang/NoSuchMethodError'{0x00000000d5fd0640}: 'java.lang.Object java.lang.invoke.DirectMethodHandle$Holder.invokeStaticInit(java.lang.Object, int, int, int, int)'> (0x00000000d5fd0640) 
thrown [s\src\hotspot\share\interpreter\linkResolver.cpp, line 773]

ZGC Phase Switch (0 events):
No events

VM Operations (20 events):
Event: 9.004 Executing non-safepoint VM operation: HandshakeAllThreads (Deoptimize)
Event: 9.005 Executing non-safepoint VM operation: HandshakeAllThreads (Deoptimize) done
Event: 9.175 Executing safepoint VM operation: ICBufferFull
Event: 9.175 Executing safepoint VM operation: ICBufferFull done
Event: 9.445 Executing safepoint VM operation: ParallelGCFailedAllocation (Allocation Failure)
Event: 9.453 Executing safepoint VM operation: ParallelGCFailedAllocation (Allocation Failure) done
Event: 9.984 Executing safepoint VM operation: ParallelGCFailedAllocation (Allocation Failure)
Event: 9.995 Executing safepoint VM operation: ParallelGCFailedAllocation (Allocation Failure) done
Event: 10.050 Executing safepoint VM operation: CollectForMetadataAllocation (Metadata GC Threshold)
Event: 10.119 Executing safepoint VM operation: CollectForMetadataAllocation (Metadata GC Threshold) done
Event: 10.737 Executing safepoint VM operation: ParallelGCFailedAllocation (Allocation Failure)
Event: 10.739 Executing safepoint VM operation: ParallelGCFailedAllocation (Allocation Failure) done
Event: 10.839 Executing non-safepoint VM operation: HandshakeAllThreads (Deoptimize)
Event: 10.902 Executing non-safepoint VM operation: HandshakeAllThreads (Deoptimize) done
Event: 11.060 Executing safepoint VM operation: ParallelGCFailedAllocation (Allocation Failure)
Event: 11.063 Executing safepoint VM operation: ParallelGCFailedAllocation (Allocation Failure) done
Event: 11.235 Executing non-safepoint VM operation: HandshakeAllThreads (Deoptimize)
Event: 11.237 Executing non-safepoint VM operation: HandshakeAllThreads (Deoptimize) done
Event: 11.300 Executing non-safepoint VM operation: HandshakeAllThreads (Deoptimize)
Event: 11.300 Executing non-safepoint VM operation: HandshakeAllThreads (Deoptimize) done

Memory protections (0 events):
No events

Nmethod flushes (0 events):
No events

Events (20 events):
Event: 3.951 Thread 0x000002241f6b3ab0 Thread added: 0x000002241fdf1140
Event: 3.957 Thread 0x00000223bf6f4740 Thread added: 0x000002241fdb8420
Event: 4.274 Thread 0x00000223c1ac11b0 Thread added: 0x000002241f9c6200
Event: 4.275 Thread 0x00000223c1ac11b0 Thread added: 0x000002241fc8af60
Event: 4.784 Thread 0x000002241fdb8420 Thread added: 0x00000224202678e0
Event: 4.869 Thread 0x000002241fc8af60 Thread exited: 0x000002241fc8af60
Event: 4.869 Thread 0x000002241f9c6200 Thread exited: 0x000002241f9c6200
Event: 7.231 Thread 0x000002241fdb8420 Thread added: 0x00000224200dc320
Event: 7.460 Thread 0x00000223c1ac11b0 Thread added: 0x0000022420472120
Event: 7.461 Thread 0x00000223c1ac11b0 Thread added: 0x000002241f78f380
Event: 7.716 Thread 0x000002241f78f380 Thread exited: 0x000002241f78f380
Event: 7.716 Thread 0x0000022420472120 Thread exited: 0x0000022420472120
Event: 8.013 Thread 0x000002241fdb8420 Thread added: 0x000002241f9b1a20
Event: 8.649 Thread 0x000002241fdb8420 Thread added: 0x000002241fc588d0
Event: 8.691 Thread 0x000002241fdb8420 Thread added: 0x000002241fc58f60
Event: 9.008 Thread 0x00000223c1ac11b0 Thread added: 0x000002242009e780
Event: 10.790 Thread 0x000002241fc588d0 Thread added: 0x000002241fc56e90
Event: 10.931 Thread 0x000002241fc56e90 Thread added: 0x000002241fc57bb0
Event: 10.931 Thread 0x000002241f03bf40 Thread added: 0x00000224208a27a0
Event: 11.202 Thread 0x000002241fdb8420 Thread added: 0x000002241fc57520


Dynamic libraries:
0x00007ff71b7c0000 - 0x00007ff71b7ce000 	c:\Users\DELL\.vscode\extensions\redhat.java-1.54.0-win32-x64\jre\21.0.10-win32-x86_64\bin\java.exe
0x00007ffc02c40000 - 0x00007ffc02ea6000 	C:\WINDOWS\SYSTEM32\ntdll.dll
0x00007ffc01b70000 - 0x00007ffc01c39000 	C:\WINDOWS\System32\KERNEL32.DLL
0x00007ffbffed0000 - 0x00007ffc002ca000 	C:\WINDOWS\System32\KERNELBASE.dll
0x00007ffbf9be0000 - 0x00007ffbf9c80000 	C:\WINDOWS\SYSTEM32\apphelp.dll
0x00007ffc00450000 - 0x00007ffc0059c000 	C:\WINDOWS\System32\ucrtbase.dll
0x00007ffbf76c0000 - 0x00007ffbf76d8000 	c:\Users\DELL\.vscode\extensions\redhat.java-1.54.0-win32-x64\jre\21.0.10-win32-x86_64\bin\jli.dll
0x00007ffc00cb0000 - 0x00007ffc00e77000 	C:\WINDOWS\System32\USER32.dll
0x00007ffc00390000 - 0x00007ffc003b7000 	C:\WINDOWS\System32\win32u.dll
0x00007ffc00c80000 - 0x00007ffc00cab000 	C:\WINDOWS\System32\GDI32.dll
0x00007ffc00880000 - 0x00007ffc009ab000 	C:\WINDOWS\System32\gdi32full.dll
0x00007ffc007d0000 - 0x00007ffc00873000 	C:\WINDOWS\System32\msvcp_win.dll
0x00007ffbf76e0000 - 0x00007ffbf76fe000 	c:\Users\DELL\.vscode\extensions\redhat.java-1.54.0-win32-x64\jre\21.0.10-win32-x86_64\bin\VCRUNTIME140.dll
0x00007ffbeaaf0000 - 0x00007ffbead82000 	C:\WINDOWS\WinSxS\amd64_microsoft.windows.common-controls_6595b64144ccf1df_6.0.26100.8521_none_3e08b75ce33403b3\COMCTL32.dll
0x00007ffc020f0000 - 0x00007ffc02199000 	C:\WINDOWS\System32\msvcrt.dll
0x00007ffc00aa0000 - 0x00007ffc00ad2000 	C:\WINDOWS\System32\IMM32.DLL
0x00007ffbf76b0000 - 0x00007ffbf76bc000 	c:\Users\DELL\.vscode\extensions\redhat.java-1.54.0-win32-x64\jre\21.0.10-win32-x86_64\bin\vcruntime140_1.dll
0x00007ffbeb300000 - 0x00007ffbeb38d000 	c:\Users\DELL\.vscode\extensions\redhat.java-1.54.0-win32-x64\jre\21.0.10-win32-x86_64\bin\msvcp140.dll
0x00007ffb7ee60000 - 0x00007ffb7fc01000 	c:\Users\DELL\.vscode\extensions\redhat.java-1.54.0-win32-x64\jre\21.0.10-win32-x86_64\bin\server\jvm.dll
0x00007ffc01070000 - 0x00007ffc01126000 	C:\WINDOWS\System32\ADVAPI32.dll
0x00007ffc021b0000 - 0x00007ffc0225a000 	C:\WINDOWS\System32\sechost.dll
0x00007ffc026f0000 - 0x00007ffc02808000 	C:\WINDOWS\System32\RPCRT4.dll
0x00007ffc02b00000 - 0x00007ffc02b80000 	C:\WINDOWS\System32\WS2_32.dll
0x00007ffbffd30000 - 0x00007ffbffd8e000 	C:\WINDOWS\SYSTEM32\POWRPROF.dll
0x00007ffbeade0000 - 0x00007ffbeae16000 	C:\WINDOWS\SYSTEM32\WINMM.dll
0x00007ffbf3d00000 - 0x00007ffbf3d0b000 	C:\WINDOWS\SYSTEM32\VERSION.dll
0x00007ffbffd10000 - 0x00007ffbffd24000 	C:\WINDOWS\SYSTEM32\UMPDC.dll
0x00007ffbfec60000 - 0x00007ffbfec7b000 	C:\WINDOWS\SYSTEM32\kernel.appcore.dll
0x00007ffbf76a0000 - 0x00007ffbf76aa000 	c:\Users\DELL\.vscode\extensions\redhat.java-1.54.0-win32-x64\jre\21.0.10-win32-x86_64\bin\jimage.dll
0x00007ffbfd530000 - 0x00007ffbfd772000 	C:\WINDOWS\SYSTEM32\DBGHELP.DLL
0x00007ffc01d40000 - 0x00007ffc020c3000 	C:\WINDOWS\System32\combase.dll
0x00007ffc02810000 - 0x00007ffc028e9000 	C:\WINDOWS\System32\OLEAUT32.dll
0x00007ffbceb90000 - 0x00007ffbcebcb000 	C:\WINDOWS\SYSTEM32\dbgcore.DLL
0x00007ffc00720000 - 0x00007ffc007c8000 	C:\WINDOWS\System32\bcryptPrimitives.dll
0x00007ffbed1c0000 - 0x00007ffbed1cf000 	c:\Users\DELL\.vscode\extensions\redhat.java-1.54.0-win32-x64\jre\21.0.10-win32-x86_64\bin\instrument.dll
0x00007ffbf7680000 - 0x00007ffbf76a0000 	c:\Users\DELL\.vscode\extensions\redhat.java-1.54.0-win32-x64\jre\21.0.10-win32-x86_64\bin\java.dll
0x00007ffc01130000 - 0x00007ffc018b4000 	C:\WINDOWS\System32\SHELL32.dll
0x00007ffbfdab0000 - 0x00007ffbfe330000 	C:\WINDOWS\SYSTEM32\windows.storage.dll
0x00007ffc01a20000 - 0x00007ffc01b16000 	C:\WINDOWS\System32\SHCORE.dll
0x00007ffc02b90000 - 0x00007ffc02bf7000 	C:\WINDOWS\System32\shlwapi.dll
0x00007ffbffdf0000 - 0x00007ffbffe19000 	C:\WINDOWS\SYSTEM32\profapi.dll
0x00007ffbefab0000 - 0x00007ffbefac8000 	c:\Users\DELL\.vscode\extensions\redhat.java-1.54.0-win32-x64\jre\21.0.10-win32-x86_64\bin\zip.dll
0x00007ffbf7650000 - 0x00007ffbf7660000 	C:\Users\DELL\.vscode\extensions\redhat.java-1.54.0-win32-x64\jre\21.0.10-win32-x86_64\bin\net.dll
0x00007ffbf64e0000 - 0x00007ffbf6609000 	C:\WINDOWS\SYSTEM32\WINHTTP.dll
0x00007ffbff1d0000 - 0x00007ffbff23c000 	C:\WINDOWS\system32\mswsock.dll
0x00007ffbef7b0000 - 0x00007ffbef7c6000 	C:\Users\DELL\.vscode\extensions\redhat.java-1.54.0-win32-x64\jre\21.0.10-win32-x86_64\bin\nio.dll
0x00007ffbed1b0000 - 0x00007ffbed1c0000 	c:\Users\DELL\.vscode\extensions\redhat.java-1.54.0-win32-x64\jre\21.0.10-win32-x86_64\bin\verify.dll
0x00007ffbd49b0000 - 0x00007ffbd49f5000 	C:\Users\DELL\AppData\Roaming\Code\User\globalStorage\redhat.java\1.54.0\config_win\org.eclipse.equinox.launcher\org.eclipse.equinox.launcher.win32.win32.x86_64_1.3.0.v20260203-2149\eclipse_11919.dll
0x00007ffc00ae0000 - 0x00007ffc00c78000 	C:\WINDOWS\System32\ole32.dll
0x00007ffbecfc0000 - 0x00007ffbecfca000 	C:\Users\DELL\.vscode\extensions\redhat.java-1.54.0-win32-x64\jre\21.0.10-win32-x86_64\bin\management.dll
0x00007ffbecdc0000 - 0x00007ffbecdcc000 	C:\Users\DELL\.vscode\extensions\redhat.java-1.54.0-win32-x64\jre\21.0.10-win32-x86_64\bin\management_ext.dll
0x00007ffc021a0000 - 0x00007ffc021a8000 	C:\WINDOWS\System32\PSAPI.DLL
0x00007ffbff4b0000 - 0x00007ffbff4cb000 	C:\WINDOWS\SYSTEM32\CRYPTSP.dll
0x00007ffbfebc0000 - 0x00007ffbfebf9000 	C:\WINDOWS\system32\rsaenh.dll
0x00007ffbff280000 - 0x00007ffbff2b3000 	C:\WINDOWS\SYSTEM32\USERENV.dll
0x00007ffbffdc0000 - 0x00007ffbffdea000 	C:\WINDOWS\SYSTEM32\bcrypt.dll
0x00007ffbff4d0000 - 0x00007ffbff4dc000 	C:\WINDOWS\SYSTEM32\CRYPTBASE.dll
0x00007ffbfe660000 - 0x00007ffbfe693000 	C:\WINDOWS\SYSTEM32\IPHLPAPI.DLL
0x00007ffc020e0000 - 0x00007ffc020ea000 	C:\WINDOWS\System32\NSI.dll

JVMTI agents:
c:\Users\DELL\.vscode\extensions\redhat.java-1.54.0-win32-x64\lombok\lombok-1.18.39-4050.jar path:c:\Users\DELL\.vscode\extensions\redhat.java-1.54.0-win32-x64\jre\21.0.10-win32-x86_64\bin\instrument.dll, loaded, initialized, instrumentlib options:none

dbghelp: loaded successfully - version: 4.0.5 - missing functions: none
symbol engine: initialized successfully - sym options: 0x614 - pdb path: .;c:\Users\DELL\.vscode\extensions\redhat.java-1.54.0-win32-x64\jre\21.0.10-win32-x86_64\bin;C:\WINDOWS\SYSTEM32;C:\WINDOWS\WinSxS\amd64_microsoft.windows.common-controls_6595b64144ccf1df_6.0.26100.8521_none_3e08b75ce33403b3;c:\Users\DELL\.vscode\extensions\redhat.java-1.54.0-win32-x64\jre\21.0.10-win32-x86_64\bin\server;C:\Users\DELL\AppData\Roaming\Code\User\globalStorage\redhat.java\1.54.0\config_win\org.eclipse.equinox.launcher\org.eclipse.equinox.launcher.win32.win32.x86_64_1.3.0.v20260203-2149

VM Arguments:
jvm_args: --add-modules=ALL-SYSTEM --add-opens=java.base/java.util=ALL-UNNAMED --add-opens=java.base/java.lang=ALL-UNNAMED --add-opens=java.base/sun.nio.fs=ALL-UNNAMED -Declipse.application=org.eclipse.jdt.ls.core.id1 -Dosgi.bundles.defaultStartLevel=4 -Declipse.product=org.eclipse.jdt.ls.core.product -Djava.import.generatesMetadataFilesAtProjectRoot=false -DDetectVMInstallationsJob.disabled=true -Dfile.encoding=utf8 -XX:+UseParallelGC -XX:GCTimeRatio=4 -XX:AdaptiveSizePolicyWeight=90 -Dsun.zip.disableMemoryMapping=true -Xmx2G -Xms100m -Xlog:disable -javaagent:c:\Users\DELL\.vscode\extensions\redhat.java-1.54.0-win32-x64\lombok\lombok-1.18.39-4050.jar -XX:+HeapDumpOnOutOfMemoryError -XX:HeapDumpPath=c:\Users\DELL\AppData\Roaming\Code\User\workspaceStorage\ed950ca12d2dff36b27a4ad597b79735\redhat.java -Daether.dependencyCollector.impl=bf 
java_command: c:\Users\DELL\.vscode\extensions\redhat.java-1.54.0-win32-x64\server\plugins\org.eclipse.equinox.launcher_1.7.100.v20251111-0406.jar -configuration c:\Users\DELL\AppData\Roaming\Code\User\globalStorage\redhat.java\1.54.0\config_win -data c:\Users\DELL\AppData\Roaming\Code\User\workspaceStorage\ed950ca12d2dff36b27a4ad597b79735\redhat.java\jdt_ws --pipe=\\.\pipe\lsp-485eaa76da94bc576e73020420c9a76b-sock
java_class_path (initial): c:\Users\DELL\.vscode\extensions\redhat.java-1.54.0-win32-x64\server\plugins\org.eclipse.equinox.launcher_1.7.100.v20251111-0406.jar
Launcher Type: SUN_STANDARD

[Global flags]
    uintx AdaptiveSizePolicyWeight                 = 90                                        {product} {command line}
     intx CICompilerCount                          = 4                                         {product} {ergonomic}
    uintx GCTimeRatio                              = 4                                         {product} {command line}
     bool HeapDumpOnOutOfMemoryError               = true                                   {manageable} {command line}
    ccstr HeapDumpPath                             = c:\Users\DELL\AppData\Roaming\Code\User\workspaceStorage\ed950ca12d2dff36b27a4ad597b79735\redhat.java         {manageable} {command line}
   size_t InitialHeapSize                          = 104857600                                 {product} {command line}
   size_t MaxHeapSize                              = 2147483648                                {product} {command line}
   size_t MaxNewSize                               = 715653120                                 {product} {ergonomic}
   size_t MinHeapDeltaBytes                        = 524288                                    {product} {ergonomic}
   size_t MinHeapSize                              = 104857600                                 {product} {command line}
   size_t NewSize                                  = 34603008                                  {product} {ergonomic}
    uintx NonNMethodCodeHeapSize                   = 5839372                                {pd product} {ergonomic}
    uintx NonProfiledCodeHeapSize                  = 122909434                              {pd product} {ergonomic}
   size_t OldSize                                  = 70254592                                  {product} {ergonomic}
    uintx ProfiledCodeHeapSize                     = 122909434                              {pd product} {ergonomic}
    uintx ReservedCodeCacheSize                    = 251658240                              {pd product} {ergonomic}
     bool SegmentedCodeCache                       = true                                      {product} {ergonomic}
   size_t SoftMaxHeapSize                          = 2147483648                             {manageable} {ergonomic}
     bool UseCompressedOops                        = true                           {product lp64_product} {ergonomic}
     bool UseLargePagesIndividualAllocation        = false                                  {pd product} {ergonomic}
     bool UseParallelGC                            = true                                      {product} {command line}

Logging:
Log output configuration:
 #0: stdout all=off uptime,level,tags foldmultilines=false
 #1: stderr all=off uptime,level,tags foldmultilines=false

Release file:
JAVA_VERSION="21.0.10" 
MODULES="java.base java.compiler java.datatransfer java.xml java.prefs java.desktop java.instrument java.logging java.management java.security.sasl java.naming java.rmi java.management.rmi java.net.http java.scripting java.security.jgss java.transaction.xa java.sql java.sql.rowset java.xml.crypto java.se java.smartcardio jdk.accessibility jdk.internal.jvmstat jdk.attach jdk.charsets jdk.internal.opt jdk.zipfs jdk.compiler jdk.crypto.ec jdk.crypto.cryptoki jdk.crypto.mscapi jdk.dynalink jdk.internal.ed jdk.editpad jdk.hotspot.agent jdk.httpserver jdk.internal.le jdk.internal.vm.ci jdk.internal.vm.compiler jdk.internal.vm.compiler.management jdk.jartool jdk.javadoc jdk.jcmd jdk.management jdk.management.agent jdk.jconsole jdk.jdeps jdk.jdwp.agent jdk.jdi jdk.jfr jdk.jshell jdk.jsobject jdk.jstatd jdk.localedata jdk.management.jfr jdk.naming.dns jdk.naming.rmi jdk.net jdk.nio.mapmode jdk.random jdk.sctp jdk.security.auth jdk.security.jgss jdk.unsupported jdk.unsupported.desktop jdk.xml.dom" 

Environment Variables:
JAVA_HOME=C:\Users\DELL\AppData\Local\Programs\Eclipse Adoptium\jdk-17.0.19.10-hotspot\
PATH=C:\app\DELL\product\21c\dbhomeXE\bin;C:\Program Files\Common Files\Oracle\Java\javapath;C:\Program Files (x86)\Common Files\Oracle\Java\javapath;C:\WINDOWS\system32;C:\WINDOWS;C:\WINDOWS\System32\Wbem;C:\WINDOWS\System32\WindowsPowerShell\v1.0\;C:\WINDOWS\System32\OpenSSH\;C:\Program Files\dotnet\;C:\Program Files\Java\jdk-17\bin;C:\Program Files\MATLAB\R2025b\bin;C:\Program Files\Git\cmd;C:\Program Files\nodejs\;C:\Users\DELL\AppData\Local\Programs\Eclipse Adoptium\jdk-17.0.19.10-hotspot\bin;C:\Users\DELL\AppData\Local\pnpm\bin;C:\Users\DELL\AppData\Local\Programs\Eclipse Adoptium\jdk-21.0.4.7-hotspot\bin;C:\Users\DELL\AppData\Local\Microsoft\WindowsApps;C:\Users\DELL\AppData\Local\Programs\Microsoft VS Code\bin;C:\Users\DELL\AppData\Roaming\npm
USERNAME=DELL
OS=Windows_NT
PROCESSOR_IDENTIFIER=Intel64 Family 6 Model 142 Stepping 12, GenuineIntel
TMP=C:\Users\DELL\AppData\Local\Temp
TEMP=C:\Users\DELL\AppData\Local\Temp




Periodic native trim disabled

---------------  S Y S T E M  ---------------

OS:
 Windows 11 , 64 bit Build 26100 (10.0.26100.8521)
OS uptime: 0 days 0:58 hours

CPU: total 8 (initial active 8) (4 cores per cpu, 2 threads per core) family 6 model 142 stepping 12 microcode 0xde, cx8, cmov, fxsr, ht, mmx, 3dnowpref, sse, sse2, sse3, ssse3, sse4.1, sse4.2, popcnt, lzcnt, tsc, tscinvbit, avx, avx2, aes, erms, clmul, bmi1, bmi2, adx, fma, vzeroupper, clflush, clflushopt, rdtscp, f16c
Processor Information for the first 8 processors :
  Max Mhz: 2112, Current Mhz: 1609, Mhz Limit: 1605

Memory: 4k page, system-wide physical 7976M (1265M free)
TotalPageFile size 12072M (AvailPageFile size 6M)
current process WorkingSet (physical memory assigned to process): 187M, peak: 190M
current process commit charge ("private bytes"): 314M, peak: 317M

vm_info: OpenJDK 64-Bit Server VM (21.0.10+7-LTS) for windows-amd64 JRE (21.0.10+7-LTS), built on 2026-01-20T00:00:00Z by "admin" with MS VC++ 17.12 (VS2022)

END.
