#
# There is insufficient memory for the Java Runtime Environment to continue.
# Native memory allocation (malloc) failed to allocate 375056 bytes. Error detail: Chunk::new
# Possible reasons:
#   The system is out of physical RAM or swap space
#   This process is running with CompressedOops enabled, and the Java Heap may be blocking the growth of the native heap
# Possible solutions:
#   Reduce memory load on the system
#   Increase physical memory or swap space
#   Check if swap backing store is full
#   Decrease Java heap size (-Xmx/-Xms)
#   Decrease number of Java threads
#   Decrease Java thread stack sizes (-Xss)
#   Set larger code cache with -XX:ReservedCodeCacheSize=
#   JVM is running with Unscaled Compressed Oops mode in which the Java heap is
#     placed in the first 4GB address space. The Java Heap base address is the
#     maximum limit for the native heap growth. Please use -XX:HeapBaseMinAddress
#     to set the Java Heap base and to place the Java Heap above 4GB virtual address.
# This output file may be truncated or incomplete.
#
#  Out of Memory Error (arena.cpp:191), pid=19344, tid=3164
#
# JRE version: OpenJDK Runtime Environment Temurin-17.0.19+10 (17.0.19+10) (build 17.0.19+10)
# Java VM: OpenJDK 64-Bit Server VM Temurin-17.0.19+10 (17.0.19+10, mixed mode, sharing, tiered, compressed oops, compressed class ptrs, g1 gc, windows-amd64)
# No core dump will be written. Minidumps are not enabled by default on client versions of Windows
#

---------------  S U M M A R Y ------------

Command Line: --add-opens=java.base/java.lang=ALL-UNNAMED --add-opens=java.base/java.lang.invoke=ALL-UNNAMED --add-opens=java.base/java.util=ALL-UNNAMED --add-opens=java.prefs/java.util.prefs=ALL-UNNAMED --add-exports=jdk.compiler/com.sun.tools.javac.api=ALL-UNNAMED --add-exports=jdk.compiler/com.sun.tools.javac.util=ALL-UNNAMED --add-opens=java.base/java.nio.charset=ALL-UNNAMED --add-opens=java.base/java.net=ALL-UNNAMED --add-opens=java.base/java.util.concurrent=ALL-UNNAMED --add-opens=java.base/java.util.concurrent.atomic=ALL-UNNAMED --add-opens=java.xml/javax.xml.namespace=ALL-UNNAMED --add-opens=java.base/java.time=ALL-UNNAMED -Xms128m -Xmx256m -Dfile.encoding=windows-1252 -Duser.country=EC -Duser.language=es -Duser.variant -javaagent:C:\Users\DELL\.gradle\wrapper\dists\gradle-9.5.1-bin\iq79hdu3mqx29lgffhp8bfmx\gradle-9.5.1\lib\agents\gradle-instrumentation-agent-9.5.1.jar org.gradle.launcher.daemon.bootstrap.GradleDaemon 9.5.1

Host: Intel(R) Core(TM) i5-10210U CPU @ 1.60GHz, 8 cores, 7G,  Windows 11 , 64 bit Build 26100 (10.0.26100.8737)
Time: Tue Jul  7 17:22:01 2026 Hora est. Pacífico, Sudamérica elapsed time: 137.147593 seconds (0d 0h 2m 17s)

---------------  T H R E A D  ---------------

Current thread (0x0000020d2dc66660):  JavaThread "C2 CompilerThread0" daemon [_thread_in_native, id=3164, stack(0x000000bf3cd00000,0x000000bf3ce00000)]


Current CompileTask:
C2:137147 11596 %     4       sun.nio.fs.WindowsPathParser::normalize @ 18 (233 bytes)

Stack: [0x000000bf3cd00000,0x000000bf3ce00000]
Native frames: (J=compiled Java code, j=interpreted, Vv=VM code, C=native code)
V  [jvm.dll+0x684b29]
V  [jvm.dll+0x83a2d5]
V  [jvm.dll+0x83bd4e]
V  [jvm.dll+0x83c3d3]
V  [jvm.dll+0x24905f]
V  [jvm.dll+0xad536]
V  [jvm.dll+0xadbdc]
V  [jvm.dll+0x368d4f]
V  [jvm.dll+0x3331d5]
V  [jvm.dll+0x33263a]
V  [jvm.dll+0x219e69]
V  [jvm.dll+0x2192af]
V  [jvm.dll+0x1a49f0]
V  [jvm.dll+0x2299fa]
V  [jvm.dll+0x227bab]
V  [jvm.dll+0x7f0a88]
V  [jvm.dll+0x7eaf1c]
V  [jvm.dll+0x6839f7]
C  [ucrtbase.dll+0x2cd30]
C  [KERNEL32.DLL+0x2e957]
C  [ntdll.dll+0xaad6c]


---------------  P R O C E S S  ---------------

Threads class SMR info:
_java_thread_list=0x0000020d7552e070, length=61, elements={
0x0000020d13b2cab0, 0x0000020d2dc44890, 0x0000020d2dc44d70, 0x0000020d2dc5cb80,
0x0000020d2dc5d060, 0x0000020d2dc5d540, 0x0000020d2dc5fa30, 0x0000020d2dc66660,
0x0000020d2dc6a080, 0x0000020d2dc725b0, 0x0000020d2dc31090, 0x0000020d7313b530,
0x0000020d746f0120, 0x0000020d73c2c530, 0x0000020d7559b020, 0x0000020d752b85d0,
0x0000020d742834a0, 0x0000020d74286c50, 0x0000020d742848e0, 0x0000020d74283ec0,
0x0000020d742839b0, 0x0000020d74284df0, 0x0000020d742843d0, 0x0000020d74285300,
0x0000020d74285810, 0x0000020d74285d20, 0x0000020d74286230, 0x0000020d74286740,
0x0000020d764fbf90, 0x0000020d764fc9b0, 0x0000020d764fd8e0, 0x0000020d764fcec0,
0x0000020d764fe300, 0x0000020d764fed20, 0x0000020d764fd3d0, 0x0000020d764fddf0,
0x0000020d764fc4a0, 0x0000020d764fb570, 0x0000020d764fba80, 0x0000020d764ffc50,
0x0000020d76500670, 0x0000020d765015a0, 0x0000020d76501fc0, 0x0000020d76501090,
0x0000020d765024d0, 0x0000020d76501ab0, 0x0000020d765029e0, 0x0000020d76500160,
0x0000020d7924d080, 0x0000020d7924e4c0, 0x0000020d7924f3f0, 0x0000020d79250830,
0x0000020d7924d590, 0x0000020d7924fe10, 0x0000020d79250320, 0x0000020d7924daa0,
0x0000020d7924dfb0, 0x0000020d79045300, 0x0000020d790439b0, 0x0000020d79045810,
0x0000020d79044df0
}

Java Threads: ( => current thread )
  0x0000020d13b2cab0 JavaThread "main" [_thread_blocked, id=19556, stack(0x000000bf3c000000,0x000000bf3c100000)]
  0x0000020d2dc44890 JavaThread "Reference Handler" daemon [_thread_blocked, id=16696, stack(0x000000bf3c700000,0x000000bf3c800000)]
  0x0000020d2dc44d70 JavaThread "Finalizer" daemon [_thread_blocked, id=20092, stack(0x000000bf3c800000,0x000000bf3c900000)]
  0x0000020d2dc5cb80 JavaThread "Signal Dispatcher" daemon [_thread_blocked, id=7868, stack(0x000000bf3c900000,0x000000bf3ca00000)]
  0x0000020d2dc5d060 JavaThread "Attach Listener" daemon [_thread_blocked, id=3172, stack(0x000000bf3ca00000,0x000000bf3cb00000)]
  0x0000020d2dc5d540 JavaThread "Service Thread" daemon [_thread_blocked, id=6364, stack(0x000000bf3cb00000,0x000000bf3cc00000)]
  0x0000020d2dc5fa30 JavaThread "Monitor Deflation Thread" daemon [_thread_blocked, id=10644, stack(0x000000bf3cc00000,0x000000bf3cd00000)]
=>0x0000020d2dc66660 JavaThread "C2 CompilerThread0" daemon [_thread_in_native, id=3164, stack(0x000000bf3cd00000,0x000000bf3ce00000)]
  0x0000020d2dc6a080 JavaThread "C1 CompilerThread0" daemon [_thread_blocked, id=20408, stack(0x000000bf3ce00000,0x000000bf3cf00000)]
  0x0000020d2dc725b0 JavaThread "Sweeper thread" daemon [_thread_blocked, id=16192, stack(0x000000bf3cf00000,0x000000bf3d000000)]
  0x0000020d2dc31090 JavaThread "Common-Cleaner" daemon [_thread_blocked, id=3328, stack(0x000000bf3d000000,0x000000bf3d100000)]
  0x0000020d7313b530 JavaThread "Notification Thread" daemon [_thread_blocked, id=4676, stack(0x000000bf3d100000,0x000000bf3d200000)]
  0x0000020d746f0120 JavaThread "Daemon health stats" [_thread_blocked, id=12580, stack(0x000000bf3d700000,0x000000bf3d800000)]
  0x0000020d73c2c530 JavaThread "Incoming local TCP Connector on port 54639" [_thread_in_native, id=11588, stack(0x000000bf3d900000,0x000000bf3da00000)]
  0x0000020d7559b020 JavaThread "Daemon periodic checks" [_thread_blocked, id=13336, stack(0x000000bf3da00000,0x000000bf3db00000)]
  0x0000020d752b85d0 JavaThread "Daemon" [_thread_blocked, id=11352, stack(0x000000bf3d800000,0x000000bf3d900000)]
  0x0000020d742834a0 JavaThread "Handler for socket connection from /127.0.0.1:54639 to /127.0.0.1:54640" [_thread_in_native, id=3064, stack(0x000000bf3db00000,0x000000bf3dc00000)]
  0x0000020d74286c50 JavaThread "Cancel handler" [_thread_blocked, id=872, stack(0x000000bf3dc00000,0x000000bf3dd00000)]
  0x0000020d742848e0 JavaThread "Daemon worker" [_thread_blocked, id=9012, stack(0x000000bf3dd00000,0x000000bf3de00000)]
  0x0000020d74283ec0 JavaThread "Asynchronous log dispatcher for DefaultDaemonConnection: socket connection from /127.0.0.1:54639 to /127.0.0.1:54640" [_thread_blocked, id=19552, stack(0x000000bf3de00000,0x000000bf3df00000)]
  0x0000020d742839b0 JavaThread "Stdin handler" [_thread_blocked, id=13296, stack(0x000000bf3df00000,0x000000bf3e000000)]
  0x0000020d74284df0 JavaThread "Daemon client event forwarder" [_thread_blocked, id=17644, stack(0x000000bf3e000000,0x000000bf3e100000)]
  0x0000020d742843d0 JavaThread "Cache worker for journal cache (C:\Users\DELL\.gradle\caches\journal-1)" [_thread_blocked, id=11496, stack(0x000000bf3e400000,0x000000bf3e500000)]
  0x0000020d74285300 JavaThread "File lock request listener" [_thread_in_native, id=9612, stack(0x000000bf3e500000,0x000000bf3e600000)]
  0x0000020d74285810 JavaThread "Cache worker for file hash cache (C:\Users\DELL\.gradle\caches\9.5.1\fileHashes)" [_thread_blocked, id=17688, stack(0x000000bf3e600000,0x000000bf3e700000)]
  0x0000020d74285d20 JavaThread "Cache worker for file hash cache (C:\Users\DELL\OneDrive\Pictures\Saved Pictures\Cris\Spring-Boot\fundamentos01\.gradle\9.5.1\fileHashes)" [_thread_blocked, id=9576, stack(0x000000bf3e800000,0x000000bf3e900000)]
  0x0000020d74286230 JavaThread "Cache worker for Build Output Cleanup Cache (C:\Users\DELL\OneDrive\Pictures\Saved Pictures\Cris\Spring-Boot\fundamentos01\.gradle\buildOutputCleanup)" [_thread_blocked, id=884, stack(0x000000bf3e900000,0x000000bf3ea00000)]
  0x0000020d74286740 JavaThread "File watcher server" daemon [_thread_in_native, id=3152, stack(0x000000bf3eb00000,0x000000bf3ec00000)]
  0x0000020d764fbf90 JavaThread "File watcher consumer" daemon [_thread_blocked, id=17336, stack(0x000000bf3ec00000,0x000000bf3ed00000)]
  0x0000020d764fc9b0 JavaThread "Cache worker for file content cache (C:\Users\DELL\.gradle\caches\9.5.1\fileContent)" [_thread_blocked, id=11052, stack(0x000000bf3ed00000,0x000000bf3ee00000)]
  0x0000020d764fd8e0 JavaThread "Cache worker for checksums cache (C:\Users\DELL\OneDrive\Pictures\Saved Pictures\Cris\Spring-Boot\fundamentos01\.gradle\9.5.1\checksums)" [_thread_blocked, id=19520, stack(0x000000bf3ee00000,0x000000bf3ef00000)]
  0x0000020d764fcec0 JavaThread "Cache worker for cache directory md-supplier (C:\Users\DELL\.gradle\caches\9.5.1\md-supplier)" [_thread_blocked, id=19140, stack(0x000000bf3ef00000,0x000000bf3f000000)]
  0x0000020d764fe300 JavaThread "Cache worker for cache directory md-rule (C:\Users\DELL\.gradle\caches\9.5.1\md-rule)" [_thread_blocked, id=19000, stack(0x000000bf3f000000,0x000000bf3f100000)]
  0x0000020d764fed20 JavaThread "Build operations" [_thread_blocked, id=7928, stack(0x000000bf3f100000,0x000000bf3f200000)]
  0x0000020d764fd3d0 JavaThread "Build operations Thread 2" [_thread_blocked, id=13484, stack(0x000000bf3f200000,0x000000bf3f300000)]
  0x0000020d764fddf0 JavaThread "Build operations Thread 3" [_thread_blocked, id=8380, stack(0x000000bf3f300000,0x000000bf3f400000)]
  0x0000020d764fc4a0 JavaThread "Build operations Thread 4" [_thread_blocked, id=19380, stack(0x000000bf3f400000,0x000000bf3f500000)]
  0x0000020d764fb570 JavaThread "Build operations Thread 5" [_thread_blocked, id=1908, stack(0x000000bf3f500000,0x000000bf3f600000)]
  0x0000020d764fba80 JavaThread "Build operations Thread 6" [_thread_blocked, id=19024, stack(0x000000bf3f600000,0x000000bf3f700000)]
  0x0000020d764ffc50 JavaThread "Build operations Thread 7" [_thread_blocked, id=19624, stack(0x000000bf3f700000,0x000000bf3f800000)]
  0x0000020d76500670 JavaThread "Build operations Thread 8" [_thread_blocked, id=4244, stack(0x000000bf3f800000,0x000000bf3f900000)]
  0x0000020d765015a0 JavaThread "Memory manager" [_thread_blocked, id=11424, stack(0x000000bf3f900000,0x000000bf3fa00000)]
  0x0000020d76501fc0 JavaThread "ForkJoinPool.commonPool-worker-1" daemon [_thread_blocked, id=5200, stack(0x000000bf3fc00000,0x000000bf3fd00000)]
  0x0000020d76501090 JavaThread "ForkJoinPool.commonPool-worker-3" daemon [_thread_blocked, id=20364, stack(0x000000bf3fe00000,0x000000bf3ff00000)]
  0x0000020d765024d0 JavaThread "ForkJoinPool.commonPool-worker-4" daemon [_thread_blocked, id=8672, stack(0x000000bf3ff00000,0x000000bf40000000)]
  0x0000020d76501ab0 JavaThread "ForkJoinPool.commonPool-worker-5" daemon [_thread_blocked, id=12640, stack(0x000000bf40000000,0x000000bf40100000)]
  0x0000020d765029e0 JavaThread "ForkJoinPool.commonPool-worker-6" daemon [_thread_blocked, id=11884, stack(0x000000bf40100000,0x000000bf40200000)]
  0x0000020d76500160 JavaThread "ForkJoinPool.commonPool-worker-7" daemon [_thread_blocked, id=14836, stack(0x000000bf40200000,0x000000bf40300000)]
  0x0000020d7924d080 JavaThread "included builds" [_thread_blocked, id=7960, stack(0x000000bf40600000,0x000000bf40700000)]
  0x0000020d7924e4c0 JavaThread "Execution worker" [_thread_blocked, id=5580, stack(0x000000bf40700000,0x000000bf40800000)]
  0x0000020d7924f3f0 JavaThread "Execution worker Thread 2" [_thread_blocked, id=11980, stack(0x000000bf40800000,0x000000bf40900000)]
  0x0000020d79250830 JavaThread "Execution worker Thread 3" [_thread_blocked, id=2960, stack(0x000000bf40900000,0x000000bf40a00000)]
  0x0000020d7924d590 JavaThread "Execution worker Thread 4" [_thread_blocked, id=18180, stack(0x000000bf40a00000,0x000000bf40b00000)]
  0x0000020d7924fe10 JavaThread "Execution worker Thread 5" [_thread_blocked, id=15836, stack(0x000000bf40b00000,0x000000bf40c00000)]
  0x0000020d79250320 JavaThread "Execution worker Thread 6" [_thread_blocked, id=10796, stack(0x000000bf40c00000,0x000000bf40d00000)]
  0x0000020d7924daa0 JavaThread "Execution worker Thread 7" [_thread_blocked, id=19844, stack(0x000000bf40d00000,0x000000bf40e00000)]
  0x0000020d7924dfb0 JavaThread "Cache worker for execution history cache (C:\Users\DELL\OneDrive\Pictures\Saved Pictures\Cris\Spring-Boot\fundamentos01\.gradle\9.5.1\executionHistory)" [_thread_blocked, id=14876, stack(0x000000bf40e00000,0x000000bf40f00000)]
  0x0000020d79045300 JavaThread "Cache worker for Java compile cache (C:\Users\DELL\.gradle\caches\9.5.1\javaCompile)" [_thread_blocked, id=2616, stack(0x000000bf40f00000,0x000000bf41000000)]
  0x0000020d790439b0 JavaThread "Exec process" [_thread_in_native, id=19008, stack(0x000000bf41300000,0x000000bf41400000)]
  0x0000020d79045810 JavaThread "Exec process Thread 2" [_thread_in_native, id=1512, stack(0x000000bf41400000,0x000000bf41500000)]
  0x0000020d79044df0 JavaThread "Exec process Thread 3" [_thread_in_native, id=2732, stack(0x000000bf41500000,0x000000bf41600000)]

Other Threads:
  0x0000020d2dc3f8a0 VMThread "VM Thread" [stack: 0x000000bf3c600000,0x000000bf3c700000] [id=12604]
  0x0000020d13b2d840 WatcherThread [stack: 0x000000bf3d200000,0x000000bf3d300000] [id=3088]
  0x0000020d13b53860 GCTaskThread "GC Thread#0" [stack: 0x000000bf3c100000,0x000000bf3c200000] [id=5672]
  0x0000020d732360c0 GCTaskThread "GC Thread#1" [stack: 0x000000bf3d300000,0x000000bf3d400000] [id=1552]
  0x0000020d73235b40 GCTaskThread "GC Thread#2" [stack: 0x000000bf3d400000,0x000000bf3d500000] [id=5924]
  0x0000020d73235e00 GCTaskThread "GC Thread#3" [stack: 0x000000bf3d500000,0x000000bf3d600000] [id=11672]
  0x0000020d73236380 GCTaskThread "GC Thread#4" [stack: 0x000000bf3d600000,0x000000bf3d700000] [id=8724]
  0x0000020d73236640 GCTaskThread "GC Thread#5" [stack: 0x000000bf3e100000,0x000000bf3e200000] [id=20280]
  0x0000020d73236900 GCTaskThread "GC Thread#6" [stack: 0x000000bf3e200000,0x000000bf3e300000] [id=17824]
  0x0000020d73236bc0 GCTaskThread "GC Thread#7" [stack: 0x000000bf3e300000,0x000000bf3e400000] [id=4796]
  0x0000020d13b566c0 ConcurrentGCThread "G1 Main Marker" [stack: 0x000000bf3c200000,0x000000bf3c300000] [id=18364]
  0x0000020d13b5a9a0 ConcurrentGCThread "G1 Conc#0" [stack: 0x000000bf3c300000,0x000000bf3c400000] [id=19712]
  0x0000020d77a932a0 ConcurrentGCThread "G1 Conc#1" [stack: 0x000000bf3e700000,0x000000bf3e800000] [id=13116]
  0x0000020d2db00090 ConcurrentGCThread "G1 Refine#0" [stack: 0x000000bf3c400000,0x000000bf3c500000] [id=16356]
  0x0000020d76ae1070 ConcurrentGCThread "G1 Refine#1" [stack: 0x000000bf3fa00000,0x000000bf3fb00000] [id=6048]
  0x0000020d76ae2210 ConcurrentGCThread "G1 Refine#2" [stack: 0x000000bf3fb00000,0x000000bf3fc00000] [id=6456]
  0x0000020d76394e20 ConcurrentGCThread "G1 Refine#3" [stack: 0x000000bf41000000,0x000000bf41100000] [id=17904]
  0x0000020d76ae3f70 ConcurrentGCThread "G1 Refine#4" [stack: 0x000000bf41100000,0x000000bf41200000] [id=1904]
  0x0000020d77f4ff90 ConcurrentGCThread "G1 Refine#5" [stack: 0x000000bf41200000,0x000000bf41300000] [id=15380]
  0x0000020d13bd7fa0 ConcurrentGCThread "G1 Service" [stack: 0x000000bf3c500000,0x000000bf3c600000] [id=16212]

Threads with active compile tasks:
C2 CompilerThread0  137202 11596 %     4       sun.nio.fs.WindowsPathParser::normalize @ 18 (233 bytes)

VM state: not at safepoint (normal execution)

VM Mutex/Monitor currently owned by a thread: None

Heap address: 0x00000000f0000000, size: 256 MB, Compressed Oops mode: 32-bit

CDS archive(s) mapped at: [0x0000020d2e000000-0x0000020d2ebb0000-0x0000020d2ebb0000), size 12255232, SharedBaseAddress: 0x0000020d2e000000, ArchiveRelocationMode: 1.
Compressed class space mapped at: 0x0000020d2f000000-0x0000020d6f000000, reserved size: 1073741824
Narrow klass base: 0x0000020d2e000000, Narrow klass shift: 0, Narrow klass range: 0x100000000

GC Precious Log:
 CPUs: 8 total, 8 available
 Memory: 7976M
 Large Page Support: Disabled
 NUMA Support: Disabled
 Compressed Oops: Enabled (32-bit)
 Heap Region Size: 1M
 Heap Min Capacity: 128M
 Heap Initial Capacity: 128M
 Heap Max Capacity: 256M
 Pre-touch: Disabled
 Parallel Workers: 8
 Concurrent Workers: 2
 Concurrent Refinement Workers: 8
 Periodic GC: Disabled

Heap:
 garbage-first heap   total 150528K, used 100996K [0x00000000f0000000, 0x0000000100000000)
  region size 1024K, 19 young (19456K), 1 survivors (1024K)
 Metaspace       used 70709K, committed 71424K, reserved 1114112K
  class space    used 9783K, committed 10112K, reserved 1048576K

Heap Regions: E=young(eden), S=young(survivor), O=old, HS=humongous(starts), HC=humongous(continues), CS=collection set, F=free, OA=open archive, CA=closed archive, TAMS=top-at-mark-start (previous, next)
|   0|0x00000000f0000000, 0x00000000f0100000, 0x00000000f0100000|100%|HS|  |TAMS 0x00000000f0100000, 0x00000000f0000000| Complete 
|   1|0x00000000f0100000, 0x00000000f0200000, 0x00000000f0200000|100%|HC|  |TAMS 0x00000000f0200000, 0x00000000f0100000| Complete 
|   2|0x00000000f0200000, 0x00000000f0300000, 0x00000000f0300000|100%|HC|  |TAMS 0x00000000f0300000, 0x00000000f0200000| Complete 
|   3|0x00000000f0300000, 0x00000000f0400000, 0x00000000f0400000|100%|HC|  |TAMS 0x00000000f0400000, 0x00000000f0300000| Complete 
|   4|0x00000000f0400000, 0x00000000f0500000, 0x00000000f0500000|100%| O|  |TAMS 0x00000000f0500000, 0x00000000f0400000| Untracked 
|   5|0x00000000f0500000, 0x00000000f0600000, 0x00000000f0600000|100%| O|  |TAMS 0x00000000f0600000, 0x00000000f0500000| Untracked 
|   6|0x00000000f0600000, 0x00000000f0700000, 0x00000000f0700000|100%| O|  |TAMS 0x00000000f0700000, 0x00000000f0600000| Untracked 
|   7|0x00000000f0700000, 0x00000000f0800000, 0x00000000f0800000|100%| O|  |TAMS 0x00000000f0800000, 0x00000000f0700000| Untracked 
|   8|0x00000000f0800000, 0x00000000f0900000, 0x00000000f0900000|100%| O|  |TAMS 0x00000000f0900000, 0x00000000f0800000| Untracked 
|   9|0x00000000f0900000, 0x00000000f0a00000, 0x00000000f0a00000|100%| O|  |TAMS 0x00000000f0a00000, 0x00000000f0900000| Untracked 
|  10|0x00000000f0a00000, 0x00000000f0b00000, 0x00000000f0b00000|100%| O|  |TAMS 0x00000000f0b00000, 0x00000000f0a00000| Untracked 
|  11|0x00000000f0b00000, 0x00000000f0c00000, 0x00000000f0c00000|100%|HS|  |TAMS 0x00000000f0c00000, 0x00000000f0b00000| Complete 
|  12|0x00000000f0c00000, 0x00000000f0d00000, 0x00000000f0d00000|100%| O|  |TAMS 0x00000000f0d00000, 0x00000000f0c00000| Untracked 
|  13|0x00000000f0d00000, 0x00000000f0e00000, 0x00000000f0e00000|100%| O|  |TAMS 0x00000000f0e00000, 0x00000000f0d00000| Untracked 
|  14|0x00000000f0e00000, 0x00000000f0f00000, 0x00000000f0f00000|100%| O|  |TAMS 0x00000000f0f00000, 0x00000000f0e00000| Untracked 
|  15|0x00000000f0f00000, 0x00000000f1000000, 0x00000000f1000000|100%| O|  |TAMS 0x00000000f1000000, 0x00000000f0f00000| Untracked 
|  16|0x00000000f1000000, 0x00000000f1100000, 0x00000000f1100000|100%| O|  |TAMS 0x00000000f1100000, 0x00000000f1000000| Untracked 
|  17|0x00000000f1100000, 0x00000000f1200000, 0x00000000f1200000|100%| O|  |TAMS 0x00000000f1200000, 0x00000000f1100000| Untracked 
|  18|0x00000000f1200000, 0x00000000f1300000, 0x00000000f1300000|100%| O|  |TAMS 0x00000000f1300000, 0x00000000f1200000| Untracked 
|  19|0x00000000f1300000, 0x00000000f1400000, 0x00000000f1400000|100%| O|  |TAMS 0x00000000f1400000, 0x00000000f1300000| Untracked 
|  20|0x00000000f1400000, 0x00000000f1500000, 0x00000000f1500000|100%| O|  |TAMS 0x00000000f1500000, 0x00000000f1400000| Untracked 
|  21|0x00000000f1500000, 0x00000000f1600000, 0x00000000f1600000|100%| O|  |TAMS 0x00000000f1600000, 0x00000000f1500000| Untracked 
|  22|0x00000000f1600000, 0x00000000f1700000, 0x00000000f1700000|100%| O|  |TAMS 0x00000000f1700000, 0x00000000f1600000| Untracked 
|  23|0x00000000f1700000, 0x00000000f1800000, 0x00000000f1800000|100%| O|  |TAMS 0x00000000f1800000, 0x00000000f1700000| Untracked 
|  24|0x00000000f1800000, 0x00000000f1900000, 0x00000000f1900000|100%| O|  |TAMS 0x00000000f1900000, 0x00000000f1800000| Untracked 
|  25|0x00000000f1900000, 0x00000000f1a00000, 0x00000000f1a00000|100%| O|  |TAMS 0x00000000f1a00000, 0x00000000f1900000| Untracked 
|  26|0x00000000f1a00000, 0x00000000f1b00000, 0x00000000f1b00000|100%| O|  |TAMS 0x00000000f1b00000, 0x00000000f1a00000| Untracked 
|  27|0x00000000f1b00000, 0x00000000f1c00000, 0x00000000f1c00000|100%| O|  |TAMS 0x00000000f1c00000, 0x00000000f1b00000| Untracked 
|  28|0x00000000f1c00000, 0x00000000f1d00000, 0x00000000f1d00000|100%| O|  |TAMS 0x00000000f1d00000, 0x00000000f1c00000| Untracked 
|  29|0x00000000f1d00000, 0x00000000f1e00000, 0x00000000f1e00000|100%| O|  |TAMS 0x00000000f1e00000, 0x00000000f1d00000| Untracked 
|  30|0x00000000f1e00000, 0x00000000f1f00000, 0x00000000f1f00000|100%| O|  |TAMS 0x00000000f1f00000, 0x00000000f1e00000| Untracked 
|  31|0x00000000f1f00000, 0x00000000f2000000, 0x00000000f2000000|100%| O|  |TAMS 0x00000000f2000000, 0x00000000f1f00000| Untracked 
|  32|0x00000000f2000000, 0x00000000f2100000, 0x00000000f2100000|100%| O|  |TAMS 0x00000000f2100000, 0x00000000f2000000| Untracked 
|  33|0x00000000f2100000, 0x00000000f2200000, 0x00000000f2200000|100%| O|  |TAMS 0x00000000f2200000, 0x00000000f2100000| Untracked 
|  34|0x00000000f2200000, 0x00000000f2300000, 0x00000000f2300000|100%| O|  |TAMS 0x00000000f2300000, 0x00000000f2200000| Untracked 
|  35|0x00000000f2300000, 0x00000000f2400000, 0x00000000f2400000|100%| O|  |TAMS 0x00000000f2400000, 0x00000000f2300000| Untracked 
|  36|0x00000000f2400000, 0x00000000f2500000, 0x00000000f2500000|100%| O|  |TAMS 0x00000000f2500000, 0x00000000f2400000| Untracked 
|  37|0x00000000f2500000, 0x00000000f2600000, 0x00000000f2600000|100%| O|  |TAMS 0x00000000f2600000, 0x00000000f2500000| Untracked 
|  38|0x00000000f2600000, 0x00000000f2700000, 0x00000000f2700000|100%| O|  |TAMS 0x00000000f2700000, 0x00000000f2600000| Untracked 
|  39|0x00000000f2700000, 0x00000000f2800000, 0x00000000f2800000|100%| O|  |TAMS 0x00000000f2800000, 0x00000000f2700000| Untracked 
|  40|0x00000000f2800000, 0x00000000f2900000, 0x00000000f2900000|100%| O|  |TAMS 0x00000000f2900000, 0x00000000f2800000| Untracked 
|  41|0x00000000f2900000, 0x00000000f2a00000, 0x00000000f2a00000|100%| O|  |TAMS 0x00000000f2a00000, 0x00000000f2900000| Untracked 
|  42|0x00000000f2a00000, 0x00000000f2b00000, 0x00000000f2b00000|100%| O|  |TAMS 0x00000000f2b00000, 0x00000000f2a00000| Untracked 
|  43|0x00000000f2b00000, 0x00000000f2c00000, 0x00000000f2c00000|100%| O|  |TAMS 0x00000000f2c00000, 0x00000000f2b00000| Untracked 
|  44|0x00000000f2c00000, 0x00000000f2d00000, 0x00000000f2d00000|100%| O|  |TAMS 0x00000000f2d00000, 0x00000000f2c00000| Untracked 
|  45|0x00000000f2d00000, 0x00000000f2e00000, 0x00000000f2e00000|100%| O|  |TAMS 0x00000000f2e00000, 0x00000000f2d00000| Untracked 
|  46|0x00000000f2e00000, 0x00000000f2f00000, 0x00000000f2f00000|100%| O|  |TAMS 0x00000000f2f00000, 0x00000000f2e00000| Untracked 
|  47|0x00000000f2f00000, 0x00000000f3000000, 0x00000000f3000000|100%|HS|  |TAMS 0x00000000f2f00000, 0x00000000f2f00000| Complete 
|  48|0x00000000f3000000, 0x00000000f3100000, 0x00000000f3100000|100%| O|  |TAMS 0x00000000f3100000, 0x00000000f3000000| Untracked 
|  49|0x00000000f3100000, 0x00000000f3200000, 0x00000000f3200000|100%| O|  |TAMS 0x00000000f3200000, 0x00000000f3100000| Untracked 
|  50|0x00000000f3200000, 0x00000000f3300000, 0x00000000f3300000|100%| O|  |TAMS 0x00000000f3300000, 0x00000000f3200000| Complete 
|  51|0x00000000f3300000, 0x00000000f3400000, 0x00000000f3400000|100%|HS|  |TAMS 0x00000000f3400000, 0x00000000f3300000| Complete 
|  52|0x00000000f3400000, 0x00000000f3500000, 0x00000000f3500000|100%| O|  |TAMS 0x00000000f3500000, 0x00000000f3400000| Untracked 
|  53|0x00000000f3500000, 0x00000000f3600000, 0x00000000f3600000|100%| O|  |TAMS 0x00000000f3600000, 0x00000000f3500000| Untracked 
|  54|0x00000000f3600000, 0x00000000f3700000, 0x00000000f3700000|100%| O|  |TAMS 0x00000000f3700000, 0x00000000f3600000| Untracked 
|  55|0x00000000f3700000, 0x00000000f3800000, 0x00000000f3800000|100%| O|  |TAMS 0x00000000f3800000, 0x00000000f3700000| Untracked 
|  56|0x00000000f3800000, 0x00000000f3900000, 0x00000000f3900000|100%| O|  |TAMS 0x00000000f3900000, 0x00000000f3800000| Untracked 
|  57|0x00000000f3900000, 0x00000000f3a00000, 0x00000000f3a00000|100%| O|  |TAMS 0x00000000f3a00000, 0x00000000f3900000| Untracked 
|  58|0x00000000f3a00000, 0x00000000f3b00000, 0x00000000f3b00000|100%| O|  |TAMS 0x00000000f3b00000, 0x00000000f3a00000| Untracked 
|  59|0x00000000f3b00000, 0x00000000f3c00000, 0x00000000f3c00000|100%| O|  |TAMS 0x00000000f3c00000, 0x00000000f3b00000| Untracked 
|  60|0x00000000f3c00000, 0x00000000f3d00000, 0x00000000f3d00000|100%| O|  |TAMS 0x00000000f3d00000, 0x00000000f3c00000| Complete 
|  61|0x00000000f3d00000, 0x00000000f3e00000, 0x00000000f3e00000|100%| O|  |TAMS 0x00000000f3e00000, 0x00000000f3d00000| Complete 
|  62|0x00000000f3e00000, 0x00000000f3f00000, 0x00000000f3f00000|100%| O|  |TAMS 0x00000000f3f00000, 0x00000000f3e00000| Untracked 
|  63|0x00000000f3f00000, 0x00000000f4000000, 0x00000000f4000000|100%| O|  |TAMS 0x00000000f4000000, 0x00000000f3f00000| Complete 
|  64|0x00000000f4000000, 0x00000000f4100000, 0x00000000f4100000|100%| O|  |TAMS 0x00000000f4100000, 0x00000000f4000000| Complete 
|  65|0x00000000f4100000, 0x00000000f4200000, 0x00000000f4200000|100%| O|  |TAMS 0x00000000f4200000, 0x00000000f4100000| Complete 
|  66|0x00000000f4200000, 0x00000000f4300000, 0x00000000f4300000|100%| O|  |TAMS 0x00000000f4300000, 0x00000000f4200000| Complete 
|  67|0x00000000f4300000, 0x00000000f4400000, 0x00000000f4400000|100%| O|  |TAMS 0x00000000f4400000, 0x00000000f4300000| Complete 
|  68|0x00000000f4400000, 0x00000000f4500000, 0x00000000f4500000|100%| O|  |TAMS 0x00000000f4500000, 0x00000000f4400000| Complete 
|  69|0x00000000f4500000, 0x00000000f4600000, 0x00000000f4600000|100%| O|  |TAMS 0x00000000f4600000, 0x00000000f4500000| Untracked 
|  70|0x00000000f4600000, 0x00000000f4700000, 0x00000000f4700000|100%| O|  |TAMS 0x00000000f4700000, 0x00000000f4600000| Complete 
|  71|0x00000000f4700000, 0x00000000f4800000, 0x00000000f4800000|100%| O|  |TAMS 0x00000000f4800000, 0x00000000f4700000| Complete 
|  72|0x00000000f4800000, 0x00000000f4900000, 0x00000000f4900000|100%| O|  |TAMS 0x00000000f4900000, 0x00000000f4800000| Untracked 
|  73|0x00000000f4900000, 0x00000000f4a00000, 0x00000000f4a00000|100%| O|  |TAMS 0x00000000f4a00000, 0x00000000f4900000| Untracked 
|  74|0x00000000f4a00000, 0x00000000f4b00000, 0x00000000f4b00000|100%| O|  |TAMS 0x00000000f4b00000, 0x00000000f4a00000| Complete 
|  75|0x00000000f4b00000, 0x00000000f4c00000, 0x00000000f4c00000|100%| O|  |TAMS 0x00000000f4c00000, 0x00000000f4b00000| Untracked 
|  76|0x00000000f4c00000, 0x00000000f4d00000, 0x00000000f4d00000|100%| O|  |TAMS 0x00000000f4d00000, 0x00000000f4c00000| Untracked 
|  77|0x00000000f4d00000, 0x00000000f4d78800, 0x00000000f4e00000| 47%| O|  |TAMS 0x00000000f4d78800, 0x00000000f4d00000| Untracked 
|  78|0x00000000f4e00000, 0x00000000f4f00000, 0x00000000f4f00000|100%|HS|  |TAMS 0x00000000f4e00000, 0x00000000f4e00000| Complete 
|  79|0x00000000f4f00000, 0x00000000f5000000, 0x00000000f5000000|100%|HS|  |TAMS 0x00000000f4f00000, 0x00000000f4f00000| Complete 
|  80|0x00000000f5000000, 0x00000000f5100000, 0x00000000f5100000|100%|HS|  |TAMS 0x00000000f5000000, 0x00000000f5000000| Complete 
|  81|0x00000000f5100000, 0x00000000f5200000, 0x00000000f5200000|100%|HS|  |TAMS 0x00000000f5100000, 0x00000000f5100000| Complete 
|  82|0x00000000f5200000, 0x00000000f5300000, 0x00000000f5300000|100%|HS|  |TAMS 0x00000000f5200000, 0x00000000f5200000| Complete 
|  83|0x00000000f5300000, 0x00000000f5300000, 0x00000000f5400000|  0%| F|  |TAMS 0x00000000f5300000, 0x00000000f5300000| Untracked 
|  84|0x00000000f5400000, 0x00000000f5400000, 0x00000000f5500000|  0%| F|  |TAMS 0x00000000f5400000, 0x00000000f5400000| Untracked 
|  85|0x00000000f5500000, 0x00000000f5500000, 0x00000000f5600000|  0%| F|  |TAMS 0x00000000f5500000, 0x00000000f5500000| Untracked 
|  86|0x00000000f5600000, 0x00000000f5600000, 0x00000000f5700000|  0%| F|  |TAMS 0x00000000f5600000, 0x00000000f5600000| Untracked 
|  87|0x00000000f5700000, 0x00000000f5700000, 0x00000000f5800000|  0%| F|  |TAMS 0x00000000f5700000, 0x00000000f5700000| Untracked 
|  88|0x00000000f5800000, 0x00000000f5800000, 0x00000000f5900000|  0%| F|  |TAMS 0x00000000f5800000, 0x00000000f5800000| Untracked 
|  89|0x00000000f5900000, 0x00000000f5900000, 0x00000000f5a00000|  0%| F|  |TAMS 0x00000000f5900000, 0x00000000f5900000| Untracked 
|  90|0x00000000f5a00000, 0x00000000f5a00000, 0x00000000f5b00000|  0%| F|  |TAMS 0x00000000f5a00000, 0x00000000f5a00000| Untracked 
|  91|0x00000000f5b00000, 0x00000000f5b00000, 0x00000000f5c00000|  0%| F|  |TAMS 0x00000000f5b00000, 0x00000000f5b00000| Untracked 
|  92|0x00000000f5c00000, 0x00000000f5c00000, 0x00000000f5d00000|  0%| F|  |TAMS 0x00000000f5c00000, 0x00000000f5c00000| Untracked 
|  93|0x00000000f5d00000, 0x00000000f5d00000, 0x00000000f5e00000|  0%| F|  |TAMS 0x00000000f5d00000, 0x00000000f5d00000| Untracked 
|  94|0x00000000f5e00000, 0x00000000f5e00000, 0x00000000f5f00000|  0%| F|  |TAMS 0x00000000f5e00000, 0x00000000f5e00000| Untracked 
|  95|0x00000000f5f00000, 0x00000000f5f00000, 0x00000000f6000000|  0%| F|  |TAMS 0x00000000f5f00000, 0x00000000f5f00000| Untracked 
|  96|0x00000000f6000000, 0x00000000f6000000, 0x00000000f6100000|  0%| F|  |TAMS 0x00000000f6000000, 0x00000000f6000000| Untracked 
|  97|0x00000000f6100000, 0x00000000f6100000, 0x00000000f6200000|  0%| F|  |TAMS 0x00000000f6100000, 0x00000000f6100000| Untracked 
|  98|0x00000000f6200000, 0x00000000f6200000, 0x00000000f6300000|  0%| F|  |TAMS 0x00000000f6200000, 0x00000000f6200000| Untracked 
|  99|0x00000000f6300000, 0x00000000f6300000, 0x00000000f6400000|  0%| F|  |TAMS 0x00000000f6300000, 0x00000000f6300000| Untracked 
| 100|0x00000000f6400000, 0x00000000f6400000, 0x00000000f6500000|  0%| F|  |TAMS 0x00000000f6400000, 0x00000000f6400000| Untracked 
| 101|0x00000000f6500000, 0x00000000f6500000, 0x00000000f6600000|  0%| F|  |TAMS 0x00000000f6500000, 0x00000000f6500000| Untracked 
| 102|0x00000000f6600000, 0x00000000f6600000, 0x00000000f6700000|  0%| F|  |TAMS 0x00000000f6600000, 0x00000000f6600000| Untracked 
| 103|0x00000000f6700000, 0x00000000f6700000, 0x00000000f6800000|  0%| F|  |TAMS 0x00000000f6700000, 0x00000000f6700000| Untracked 
| 104|0x00000000f6800000, 0x00000000f6800000, 0x00000000f6900000|  0%| F|  |TAMS 0x00000000f6800000, 0x00000000f6800000| Untracked 
| 105|0x00000000f6900000, 0x00000000f6900000, 0x00000000f6a00000|  0%| F|  |TAMS 0x00000000f6900000, 0x00000000f6900000| Untracked 
| 106|0x00000000f6a00000, 0x00000000f6a00000, 0x00000000f6b00000|  0%| F|  |TAMS 0x00000000f6a00000, 0x00000000f6a00000| Untracked 
| 107|0x00000000f6b00000, 0x00000000f6b00000, 0x00000000f6c00000|  0%| F|  |TAMS 0x00000000f6b00000, 0x00000000f6b00000| Untracked 
| 108|0x00000000f6c00000, 0x00000000f6c00000, 0x00000000f6d00000|  0%| F|  |TAMS 0x00000000f6c00000, 0x00000000f6c00000| Untracked 
| 109|0x00000000f6d00000, 0x00000000f6d00000, 0x00000000f6e00000|  0%| F|  |TAMS 0x00000000f6d00000, 0x00000000f6d00000| Untracked 
| 110|0x00000000f6e00000, 0x00000000f6e00000, 0x00000000f6f00000|  0%| F|  |TAMS 0x00000000f6e00000, 0x00000000f6e00000| Untracked 
| 111|0x00000000f6f00000, 0x00000000f6f00000, 0x00000000f7000000|  0%| F|  |TAMS 0x00000000f6f00000, 0x00000000f6f00000| Untracked 
| 112|0x00000000f7000000, 0x00000000f7000000, 0x00000000f7100000|  0%| F|  |TAMS 0x00000000f7000000, 0x00000000f7000000| Untracked 
| 113|0x00000000f7100000, 0x00000000f7100000, 0x00000000f7200000|  0%| F|  |TAMS 0x00000000f7100000, 0x00000000f7100000| Untracked 
| 114|0x00000000f7200000, 0x00000000f7200000, 0x00000000f7300000|  0%| F|  |TAMS 0x00000000f7200000, 0x00000000f7200000| Untracked 
| 115|0x00000000f7300000, 0x00000000f7300000, 0x00000000f7400000|  0%| F|  |TAMS 0x00000000f7300000, 0x00000000f7300000| Untracked 
| 116|0x00000000f7400000, 0x00000000f7400000, 0x00000000f7500000|  0%| F|  |TAMS 0x00000000f7400000, 0x00000000f7400000| Untracked 
| 117|0x00000000f7500000, 0x00000000f7500000, 0x00000000f7600000|  0%| F|  |TAMS 0x00000000f7500000, 0x00000000f7500000| Untracked 
| 118|0x00000000f7600000, 0x00000000f7600000, 0x00000000f7700000|  0%| F|  |TAMS 0x00000000f7600000, 0x00000000f7600000| Untracked 
| 119|0x00000000f7700000, 0x00000000f7700000, 0x00000000f7800000|  0%| F|  |TAMS 0x00000000f7700000, 0x00000000f7700000| Untracked 
| 120|0x00000000f7800000, 0x00000000f7800000, 0x00000000f7900000|  0%| F|  |TAMS 0x00000000f7800000, 0x00000000f7800000| Untracked 
| 121|0x00000000f7900000, 0x00000000f7900000, 0x00000000f7a00000|  0%| F|  |TAMS 0x00000000f7900000, 0x00000000f7900000| Untracked 
| 122|0x00000000f7a00000, 0x00000000f7b00000, 0x00000000f7b00000|100%| E|CS|TAMS 0x00000000f7a00000, 0x00000000f7a00000| Complete 
| 123|0x00000000f7b00000, 0x00000000f7c00000, 0x00000000f7c00000|100%| E|CS|TAMS 0x00000000f7b00000, 0x00000000f7b00000| Complete 
| 124|0x00000000f7c00000, 0x00000000f7d00000, 0x00000000f7d00000|100%| E|CS|TAMS 0x00000000f7c00000, 0x00000000f7c00000| Complete 
| 125|0x00000000f7d00000, 0x00000000f7d28bc0, 0x00000000f7e00000| 15%| S|CS|TAMS 0x00000000f7d00000, 0x00000000f7d00000| Complete 
| 126|0x00000000f7e00000, 0x00000000f7f00000, 0x00000000f7f00000|100%| E|CS|TAMS 0x00000000f7e00000, 0x00000000f7e00000| Complete 
| 127|0x00000000f7f00000, 0x00000000f8000000, 0x00000000f8000000|100%| E|CS|TAMS 0x00000000f7f00000, 0x00000000f7f00000| Complete 
| 128|0x00000000f8000000, 0x00000000f8100000, 0x00000000f8100000|100%| E|CS|TAMS 0x00000000f8000000, 0x00000000f8000000| Complete 
| 129|0x00000000f8100000, 0x00000000f8200000, 0x00000000f8200000|100%| E|CS|TAMS 0x00000000f8100000, 0x00000000f8100000| Complete 
| 130|0x00000000f8200000, 0x00000000f8200000, 0x00000000f8300000|  0%| F|  |TAMS 0x00000000f8200000, 0x00000000f8200000| Untracked 
| 131|0x00000000f8300000, 0x00000000f8300000, 0x00000000f8400000|  0%| F|  |TAMS 0x00000000f8300000, 0x00000000f8300000| Untracked 
| 132|0x00000000f8400000, 0x00000000f8400000, 0x00000000f8500000|  0%| F|  |TAMS 0x00000000f8400000, 0x00000000f8400000| Untracked 
| 133|0x00000000f8500000, 0x00000000f8500000, 0x00000000f8600000|  0%| F|  |TAMS 0x00000000f8500000, 0x00000000f8500000| Untracked 
| 134|0x00000000f8600000, 0x00000000f8600000, 0x00000000f8700000|  0%| F|  |TAMS 0x00000000f8600000, 0x00000000f8600000| Untracked 
| 135|0x00000000f8700000, 0x00000000f8700000, 0x00000000f8800000|  0%| F|  |TAMS 0x00000000f8700000, 0x00000000f8700000| Untracked 
| 136|0x00000000f8800000, 0x00000000f8883db0, 0x00000000f8900000| 51%| E|  |TAMS 0x00000000f8800000, 0x00000000f8800000| Complete 
| 137|0x00000000f8900000, 0x00000000f8a00000, 0x00000000f8a00000|100%| E|CS|TAMS 0x00000000f8900000, 0x00000000f8900000| Complete 
| 138|0x00000000f8a00000, 0x00000000f8b00000, 0x00000000f8b00000|100%| E|CS|TAMS 0x00000000f8a00000, 0x00000000f8a00000| Complete 
| 139|0x00000000f8b00000, 0x00000000f8c00000, 0x00000000f8c00000|100%| E|CS|TAMS 0x00000000f8b00000, 0x00000000f8b00000| Complete 
| 140|0x00000000f8c00000, 0x00000000f8d00000, 0x00000000f8d00000|100%| E|CS|TAMS 0x00000000f8c00000, 0x00000000f8c00000| Complete 
| 141|0x00000000f8d00000, 0x00000000f8e00000, 0x00000000f8e00000|100%| E|CS|TAMS 0x00000000f8d00000, 0x00000000f8d00000| Complete 
| 142|0x00000000f8e00000, 0x00000000f8f00000, 0x00000000f8f00000|100%| E|  |TAMS 0x00000000f8e00000, 0x00000000f8e00000| Complete 
| 143|0x00000000f8f00000, 0x00000000f9000000, 0x00000000f9000000|100%| E|CS|TAMS 0x00000000f8f00000, 0x00000000f8f00000| Complete 
| 144|0x00000000f9000000, 0x00000000f9100000, 0x00000000f9100000|100%| E|CS|TAMS 0x00000000f9000000, 0x00000000f9000000| Complete 
| 145|0x00000000f9100000, 0x00000000f9200000, 0x00000000f9200000|100%| E|CS|TAMS 0x00000000f9100000, 0x00000000f9100000| Complete 
| 146|0x00000000f9200000, 0x00000000f9300000, 0x00000000f9300000|100%| E|CS|TAMS 0x00000000f9200000, 0x00000000f9200000| Complete 

Card table byte_map: [0x0000020d13a10000,0x0000020d13a90000] _byte_map_base: 0x0000020d13290000

Marking Bits (Prev, Next): (CMBitMap*) 0x0000020d13b53dd0, (CMBitMap*) 0x0000020d13b53d90
 Prev Bits: [0x0000020d2ae60000, 0x0000020d2b260000)
 Next Bits: [0x0000020d2aa60000, 0x0000020d2ae60000)

Polling page: 0x0000020d11c60000

Metaspace:

Usage:
  Non-class:     59.50 MB used.
      Class:      9.55 MB used.
       Both:     69.05 MB used.

Virtual space:
  Non-class space:       64.00 MB reserved,      59.88 MB ( 94%) committed,  1 nodes.
      Class space:        1.00 GB reserved,       9.88 MB ( <1%) committed,  1 nodes.
             Both:        1.06 GB reserved,      69.75 MB (  6%) committed. 

Chunk freelists:
   Non-Class:  3.64 MB
       Class:  6.01 MB
        Both:  9.65 MB

MaxMetaspaceSize: unlimited
CompressedClassSpaceSize: 1.00 GB
Initial GC threshold: 21.00 MB
Current GC threshold: 116.19 MB
CDS: on
MetaspaceReclaimPolicy: balanced
 - commit_granule_bytes: 65536.
 - commit_granule_words: 8192.
 - virtual_space_node_default_size: 8388608.
 - enlarge_chunks_in_place: 1.
 - new_chunks_are_fully_committed: 0.
 - uncommit_free_chunks: 1.
 - use_allocation_guard: 0.
 - handle_deallocations: 1.


Internal statistics:

num_allocs_failed_limit: 9.
num_arena_births: 916.
num_arena_deaths: 0.
num_vsnodes_births: 2.
num_vsnodes_deaths: 0.
num_space_committed: 1116.
num_space_uncommitted: 0.
num_chunks_returned_to_freelist: 9.
num_chunks_taken_from_freelist: 3918.
num_chunk_merges: 9.
num_chunk_splits: 2610.
num_chunks_enlarged: 1781.
num_inconsistent_stats: 0.

CodeHeap 'non-profiled nmethods': size=120000Kb used=5647Kb max_used=5647Kb free=114352Kb
 bounds [0x0000020d23180000, 0x0000020d23710000, 0x0000020d2a6b0000]
CodeHeap 'profiled nmethods': size=120000Kb used=18925Kb max_used=20544Kb free=101074Kb
 bounds [0x0000020d1b6b0000, 0x0000020d1cae0000, 0x0000020d22be0000]
CodeHeap 'non-nmethods': size=5760Kb used=1674Kb max_used=1762Kb free=4085Kb
 bounds [0x0000020d22be0000, 0x0000020d22e50000, 0x0000020d23180000]
 total_blobs=10675 nmethods=9919 adapters=667
 compilation: enabled
              stopped_count=0, restarted_count=0
 full_count=0

Compilation events (20 events):
Event: 128.100 Thread 0x0000020d2dc6a080 11585       3       java.lang.management.ManagementFactory$PlatformMBeanFinder::getMap (4 bytes)
Event: 128.100 Thread 0x0000020d2dc6a080 nmethod 11585 0x0000020d1bb05490 code [0x0000020d1bb05620, 0x0000020d1bb05718]
Event: 128.100 Thread 0x0000020d2dc6a080 11586       1       com.sun.management.internal.PlatformMBeanProviderImpl$4::mbeanInterfaceNames (5 bytes)
Event: 128.100 Thread 0x0000020d2dc6a080 nmethod 11586 0x0000020d234f6010 code [0x0000020d234f61a0, 0x0000020d234f6278]
Event: 128.100 Thread 0x0000020d2dc6a080 11587       1       java.lang.management.DefaultPlatformMBeanProvider$10::mbeanInterfaceNames (5 bytes)
Event: 128.100 Thread 0x0000020d2dc6a080 nmethod 11587 0x0000020d23351a90 code [0x0000020d23351c20, 0x0000020d23351cf8]
Event: 128.101 Thread 0x0000020d2dc66660 nmethod 11584 0x0000020d23351790 code [0x0000020d23351920, 0x0000020d233519d8]
Event: 128.544 Thread 0x0000020d2dc66660 11588       4       org.gradle.internal.logging.slf4j.OutputEventListenerBackedLogger::isDebugEnabled (5 bytes)
Event: 128.589 Thread 0x0000020d2dc66660 nmethod 11588 0x0000020d23351390 code [0x0000020d23351520, 0x0000020d23351618]
Event: 131.100 Thread 0x0000020d2dc6a080 11589       3       java.util.stream.FindOps$FindSink::accept (18 bytes)
Event: 131.103 Thread 0x0000020d2dc6a080 nmethod 11589 0x0000020d1c7c6f90 code [0x0000020d1c7c7120, 0x0000020d1c7c72b8]
Event: 132.099 Thread 0x0000020d2dc6a080 11592       1       org.gradle.launcher.daemon.server.health.gc.GarbageCollectionEvent::getCount (5 bytes)
Event: 132.100 Thread 0x0000020d2dc6a080 nmethod 11592 0x0000020d23350790 code [0x0000020d23350920, 0x0000020d233509f8]
Event: 134.102 Thread 0x0000020d2dc6a080 11593   !   3       java.util.concurrent.LinkedBlockingDeque$AbstractItr::next (100 bytes)
Event: 134.109 Thread 0x0000020d2dc66660 11596 %     4       sun.nio.fs.WindowsPathParser::normalize @ 18 (233 bytes)
Event: 134.112 Thread 0x0000020d2dc6a080 nmethod 11593 0x0000020d1b767590 code [0x0000020d1b767840, 0x0000020d1b768798]
Event: 134.112 Thread 0x0000020d2dc6a080 11595       3       org.gradle.launcher.daemon.registry.PersistentDaemonRegistry$1::isSatisfiedBy (9 bytes)
Event: 134.116 Thread 0x0000020d2dc6a080 nmethod 11595 0x0000020d1bfe4190 code [0x0000020d1bfe4340, 0x0000020d1bfe4658]
Event: 134.116 Thread 0x0000020d2dc6a080 11594       3       java.util.concurrent.LinkedBlockingDeque$Itr::nextNode (5 bytes)
Event: 134.117 Thread 0x0000020d2dc6a080 nmethod 11594 0x0000020d1bd7f590 code [0x0000020d1bd7f720, 0x0000020d1bd7f838]

GC Heap History (20 events):
Event: 16.450 GC heap before
{Heap before GC invocations=11 (full 0):
 garbage-first heap   total 131072K, used 100827K [0x00000000f0000000, 0x0000000100000000)
  region size 1024K, 70 young (71680K), 7 survivors (7168K)
 Metaspace       used 54420K, committed 55104K, reserved 1114112K
  class space    used 7822K, committed 8128K, reserved 1048576K
}
Event: 16.460 GC heap after
{Heap after GC invocations=12 (full 0):
 garbage-first heap   total 131072K, used 40708K [0x00000000f0000000, 0x0000000100000000)
  region size 1024K, 8 young (8192K), 8 survivors (8192K)
 Metaspace       used 54420K, committed 55104K, reserved 1114112K
  class space    used 7822K, committed 8128K, reserved 1048576K
}
Event: 18.332 GC heap before
{Heap before GC invocations=12 (full 0):
 garbage-first heap   total 131072K, used 103172K [0x00000000f0000000, 0x0000000100000000)
  region size 1024K, 69 young (70656K), 8 survivors (8192K)
 Metaspace       used 56611K, committed 57216K, reserved 1114112K
  class space    used 7966K, committed 8256K, reserved 1048576K
}
Event: 18.344 GC heap after
{Heap after GC invocations=13 (full 0):
 garbage-first heap   total 131072K, used 45472K [0x00000000f0000000, 0x0000000100000000)
  region size 1024K, 8 young (8192K), 8 survivors (8192K)
 Metaspace       used 56611K, committed 57216K, reserved 1114112K
  class space    used 7966K, committed 8256K, reserved 1048576K
}
Event: 19.529 GC heap before
{Heap before GC invocations=13 (full 0):
 garbage-first heap   total 131072K, used 103840K [0x00000000f0000000, 0x0000000100000000)
  region size 1024K, 65 young (66560K), 8 survivors (8192K)
 Metaspace       used 58933K, committed 59648K, reserved 1114112K
  class space    used 8310K, committed 8640K, reserved 1048576K
}
Event: 19.544 GC heap after
{Heap after GC invocations=14 (full 0):
 garbage-first heap   total 131072K, used 46756K [0x00000000f0000000, 0x0000000100000000)
  region size 1024K, 6 young (6144K), 6 survivors (6144K)
 Metaspace       used 58933K, committed 59648K, reserved 1114112K
  class space    used 8310K, committed 8640K, reserved 1048576K
}
Event: 19.754 GC heap before
{Heap before GC invocations=14 (full 0):
 garbage-first heap   total 131072K, used 54948K [0x00000000f0000000, 0x0000000100000000)
  region size 1024K, 15 young (15360K), 6 survivors (6144K)
 Metaspace       used 59482K, committed 60096K, reserved 1114112K
  class space    used 8414K, committed 8704K, reserved 1048576K
}
Event: 19.760 GC heap after
{Heap after GC invocations=15 (full 0):
 garbage-first heap   total 131072K, used 47016K [0x00000000f0000000, 0x0000000100000000)
  region size 1024K, 3 young (3072K), 3 survivors (3072K)
 Metaspace       used 59482K, committed 60096K, reserved 1114112K
  class space    used 8414K, committed 8704K, reserved 1048576K
}
Event: 20.179 GC heap before
{Heap before GC invocations=16 (full 0):
 garbage-first heap   total 131072K, used 104360K [0x00000000f0000000, 0x0000000100000000)
  region size 1024K, 60 young (61440K), 3 survivors (3072K)
 Metaspace       used 59819K, committed 60480K, reserved 1114112K
  class space    used 8483K, committed 8768K, reserved 1048576K
}
Event: 20.194 GC heap after
{Heap after GC invocations=17 (full 0):
 garbage-first heap   total 131072K, used 57926K [0x00000000f0000000, 0x0000000100000000)
  region size 1024K, 8 young (8192K), 8 survivors (8192K)
 Metaspace       used 59819K, committed 60480K, reserved 1114112K
  class space    used 8483K, committed 8768K, reserved 1048576K
}
Event: 21.791 GC heap before
{Heap before GC invocations=17 (full 0):
 garbage-first heap   total 131072K, used 104006K [0x00000000f0000000, 0x0000000100000000)
  region size 1024K, 51 young (52224K), 8 survivors (8192K)
 Metaspace       used 67286K, committed 68032K, reserved 1114112K
  class space    used 9389K, committed 9728K, reserved 1048576K
}
Event: 21.808 GC heap after
{Heap after GC invocations=18 (full 0):
 garbage-first heap   total 131072K, used 71452K [0x00000000f0000000, 0x0000000100000000)
  region size 1024K, 7 young (7168K), 7 survivors (7168K)
 Metaspace       used 67286K, committed 68032K, reserved 1114112K
  class space    used 9389K, committed 9728K, reserved 1048576K
}
Event: 22.363 GC heap before
{Heap before GC invocations=18 (full 0):
 garbage-first heap   total 131072K, used 100124K [0x00000000f0000000, 0x0000000100000000)
  region size 1024K, 35 young (35840K), 7 survivors (7168K)
 Metaspace       used 68310K, committed 68928K, reserved 1114112K
  class space    used 9497K, committed 9792K, reserved 1048576K
}
Event: 22.371 GC heap after
{Heap after GC invocations=19 (full 0):
 garbage-first heap   total 131072K, used 77259K [0x00000000f0000000, 0x0000000100000000)
  region size 1024K, 5 young (5120K), 5 survivors (5120K)
 Metaspace       used 68310K, committed 68928K, reserved 1114112K
  class space    used 9497K, committed 9792K, reserved 1048576K
}
Event: 24.024 GC heap before
{Heap before GC invocations=20 (full 0):
 garbage-first heap   total 133120K, used 100811K [0x00000000f0000000, 0x0000000100000000)
  region size 1024K, 29 young (29696K), 5 survivors (5120K)
 Metaspace       used 70320K, committed 71040K, reserved 1114112K
  class space    used 9761K, committed 10112K, reserved 1048576K
}
Event: 24.032 GC heap after
{Heap after GC invocations=21 (full 0):
 garbage-first heap   total 133120K, used 79023K [0x00000000f0000000, 0x0000000100000000)
  region size 1024K, 3 young (3072K), 3 survivors (3072K)
 Metaspace       used 70320K, committed 71040K, reserved 1114112K
  class space    used 9761K, committed 10112K, reserved 1048576K
}
Event: 24.125 GC heap before
{Heap before GC invocations=21 (full 0):
 garbage-first heap   total 133120K, used 82095K [0x00000000f0000000, 0x0000000100000000)
  region size 1024K, 6 young (6144K), 3 survivors (3072K)
 Metaspace       used 70487K, committed 71232K, reserved 1114112K
  class space    used 9766K, committed 10112K, reserved 1048576K
}
Event: 24.130 GC heap after
{Heap after GC invocations=22 (full 0):
 garbage-first heap   total 133120K, used 78909K [0x00000000f0000000, 0x0000000100000000)
  region size 1024K, 1 young (1024K), 1 survivors (1024K)
 Metaspace       used 70487K, committed 71232K, reserved 1114112K
  class space    used 9766K, committed 10112K, reserved 1048576K
}
Event: 24.162 GC heap before
{Heap before GC invocations=22 (full 0):
 garbage-first heap   total 133120K, used 80957K [0x00000000f0000000, 0x0000000100000000)
  region size 1024K, 4 young (4096K), 1 survivors (1024K)
 Metaspace       used 70492K, committed 71232K, reserved 1114112K
  class space    used 9766K, committed 10112K, reserved 1048576K
}
Event: 24.164 GC heap after
{Heap after GC invocations=23 (full 0):
 garbage-first heap   total 133120K, used 78468K [0x00000000f0000000, 0x0000000100000000)
  region size 1024K, 1 young (1024K), 1 survivors (1024K)
 Metaspace       used 70492K, committed 71232K, reserved 1114112K
  class space    used 9766K, committed 10112K, reserved 1048576K
}

Dll operation events (15 events):
Event: 0.020 Loaded shared library C:\Users\DELL\AppData\Local\Programs\Eclipse Adoptium\jdk-17.0.19.10-hotspot\bin\java.dll
Event: 0.043 Loaded shared library C:\Users\DELL\AppData\Local\Programs\Eclipse Adoptium\jdk-17.0.19.10-hotspot\bin\jsvml.dll
Event: 0.126 Loaded shared library C:\Users\DELL\AppData\Local\Programs\Eclipse Adoptium\jdk-17.0.19.10-hotspot\bin\zip.dll
Event: 0.134 Loaded shared library C:\Users\DELL\AppData\Local\Programs\Eclipse Adoptium\jdk-17.0.19.10-hotspot\bin\instrument.dll
Event: 0.141 Loaded shared library C:\Users\DELL\AppData\Local\Programs\Eclipse Adoptium\jdk-17.0.19.10-hotspot\bin\net.dll
Event: 0.147 Loaded shared library C:\Users\DELL\AppData\Local\Programs\Eclipse Adoptium\jdk-17.0.19.10-hotspot\bin\nio.dll
Event: 0.153 Loaded shared library C:\Users\DELL\AppData\Local\Programs\Eclipse Adoptium\jdk-17.0.19.10-hotspot\bin\zip.dll
Event: 0.452 Loaded shared library C:\Users\DELL\AppData\Local\Programs\Eclipse Adoptium\jdk-17.0.19.10-hotspot\bin\jimage.dll
Event: 0.821 Loaded shared library C:\Users\DELL\AppData\Local\Programs\Eclipse Adoptium\jdk-17.0.19.10-hotspot\bin\verify.dll
Event: 0.886 Loaded shared library C:\Users\DELL\.gradle\native\660c5614fbf4a5f2a75b1949f50a0caf5cd603558e7d8a26e50b933a0cfb79d1\windows-amd64\native-platform.dll
Event: 0.911 Loaded shared library C:\Users\DELL\.gradle\native\0.2.8\x86_64-windows-gnu\gradle-fileevents.dll
Event: 2.950 Loaded shared library C:\Users\DELL\AppData\Local\Programs\Eclipse Adoptium\jdk-17.0.19.10-hotspot\bin\management.dll
Event: 2.957 Loaded shared library C:\Users\DELL\AppData\Local\Programs\Eclipse Adoptium\jdk-17.0.19.10-hotspot\bin\management_ext.dll
Event: 3.717 Loaded shared library C:\Users\DELL\AppData\Local\Programs\Eclipse Adoptium\jdk-17.0.19.10-hotspot\bin\extnet.dll
Event: 4.237 Loaded shared library C:\Users\DELL\AppData\Local\Programs\Eclipse Adoptium\jdk-17.0.19.10-hotspot\bin\sunmscapi.dll

Deoptimization events (20 events):
Event: 24.262 Thread 0x0000020d7924d080 DEOPT PACKING pc=0x0000020d1c6ef361 sp=0x000000bf406f8a60
Event: 24.262 Thread 0x0000020d7924d080 DEOPT UNPACKING pc=0x0000020d22c37143 sp=0x000000bf406f7fe0 mode 0
Event: 24.272 Thread 0x0000020d2dc44890 Uncommon trap: trap_request=0xffffff45 fr.pc=0x0000020d2352d188 relative=0x00000000000004c8
Event: 24.272 Thread 0x0000020d2dc44890 Uncommon trap: reason=unstable_if action=reinterpret pc=0x0000020d2352d188 method=java.lang.ref.ReferenceQueue.enqueue(Ljava/lang/ref/Reference;)Z @ 94 c2
Event: 24.272 Thread 0x0000020d2dc44890 DEOPT PACKING pc=0x0000020d2352d188 sp=0x000000bf3c7ff380
Event: 24.272 Thread 0x0000020d2dc44890 DEOPT UNPACKING pc=0x0000020d22c369a3 sp=0x000000bf3c7ff2b8 mode 2
Event: 24.286 Thread 0x0000020d7924d080 DEOPT PACKING pc=0x0000020d1c6ef361 sp=0x000000bf406f8a60
Event: 24.286 Thread 0x0000020d7924d080 DEOPT UNPACKING pc=0x0000020d22c37143 sp=0x000000bf406f7fe0 mode 0
Event: 24.288 Thread 0x0000020d7924d080 DEOPT PACKING pc=0x0000020d1babb347 sp=0x000000bf406f8b90
Event: 24.288 Thread 0x0000020d7924d080 DEOPT UNPACKING pc=0x0000020d22c37143 sp=0x000000bf406f8120 mode 0
Event: 24.311 Thread 0x0000020d7924d080 DEOPT PACKING pc=0x0000020d1c6ef361 sp=0x000000bf406f82a0
Event: 24.311 Thread 0x0000020d7924d080 DEOPT UNPACKING pc=0x0000020d22c37143 sp=0x000000bf406f7820 mode 0
Event: 24.317 Thread 0x0000020d7924d080 DEOPT PACKING pc=0x0000020d1babb347 sp=0x000000bf406f8370
Event: 24.317 Thread 0x0000020d7924d080 DEOPT UNPACKING pc=0x0000020d22c37143 sp=0x000000bf406f7900 mode 0
Event: 24.326 Thread 0x0000020d7924d080 DEOPT PACKING pc=0x0000020d1c6ef361 sp=0x000000bf406f82a0
Event: 24.326 Thread 0x0000020d7924d080 DEOPT UNPACKING pc=0x0000020d22c37143 sp=0x000000bf406f7820 mode 0
Event: 24.338 Thread 0x0000020d7924d080 DEOPT PACKING pc=0x0000020d1c6ef361 sp=0x000000bf406f82a0
Event: 24.338 Thread 0x0000020d7924d080 DEOPT UNPACKING pc=0x0000020d22c37143 sp=0x000000bf406f7820 mode 0
Event: 24.341 Thread 0x0000020d7924d080 DEOPT PACKING pc=0x0000020d1babb347 sp=0x000000bf406f8370
Event: 24.341 Thread 0x0000020d7924d080 DEOPT UNPACKING pc=0x0000020d22c37143 sp=0x000000bf406f7900 mode 0

Classes loaded (20 events):
Event: 23.355 Loading class java/util/PriorityQueue
Event: 23.356 Loading class java/util/PriorityQueue done
Event: 24.082 Loading class java/util/ArrayList$SubList$2
Event: 24.082 Loading class java/util/ArrayList$SubList$2 done
Event: 24.192 Loading class java/io/Console
Event: 24.193 Loading class java/io/Console done
Event: 24.193 Loading class java/nio/charset/Charset$ExtendedProviderHolder
Event: 24.193 Loading class java/nio/charset/Charset$ExtendedProviderHolder done
Event: 24.194 Loading class java/nio/charset/Charset$ExtendedProviderHolder$1
Event: 24.194 Loading class java/nio/charset/Charset$ExtendedProviderHolder$1 done
Event: 24.201 Loading class java/nio/charset/Charset$2
Event: 24.201 Loading class java/nio/charset/Charset$2 done
Event: 24.201 Loading class java/nio/charset/Charset$1
Event: 24.201 Loading class java/nio/charset/Charset$1 done
Event: 24.205 Loading class java/io/Console$2
Event: 24.205 Loading class jdk/internal/access/JavaIOAccess
Event: 24.205 Loading class jdk/internal/access/JavaIOAccess done
Event: 24.205 Loading class java/io/Console$2 done
Event: 49.117 Loading class java/time/Instant$1
Event: 49.117 Loading class java/time/Instant$1 done

Classes unloaded (0 events):
No events

Classes redefined (0 events):
No events

Internal exceptions (20 events):
Event: 22.411 Thread 0x0000020d7924d080 Exception <a 'sun/nio/fs/WindowsException'{0x00000000f7f8de20}> (0x00000000f7f8de20) 
thrown [s\src\hotspot\share\prims\jni.cpp, line 516]
Event: 22.423 Thread 0x0000020d7924d080 Exception <a 'sun/nio/fs/WindowsException'{0x00000000f7fb4220}> (0x00000000f7fb4220) 
thrown [s\src\hotspot\share\prims\jni.cpp, line 516]
Event: 22.437 Thread 0x0000020d7924d080 Exception <a 'sun/nio/fs/WindowsException'{0x00000000f7fd4340}> (0x00000000f7fd4340) 
thrown [s\src\hotspot\share\prims\jni.cpp, line 516]
Event: 22.449 Thread 0x0000020d7924d080 Exception <a 'sun/nio/fs/WindowsException'{0x00000000f7ff4480}> (0x00000000f7ff4480) 
thrown [s\src\hotspot\share\prims\jni.cpp, line 516]
Event: 22.485 Thread 0x0000020d7924d080 Exception <a 'sun/nio/fs/WindowsException'{0x00000000f7ea18b0}> (0x00000000f7ea18b0) 
thrown [s\src\hotspot\share\prims\jni.cpp, line 516]
Event: 22.515 Thread 0x0000020d7924d080 Exception <a 'java/lang/NoSuchMethodError'{0x00000000f7ee4048}: 'int java.lang.invoke.DirectMethodHandle$Holder.invokeVirtual(java.lang.Object, java.lang.Object, java.lang.Object, java.lang.Object)'> (0x00000000f7ee4048) 
thrown [s\src\hotspot\share\interpreter\linkResolver.cpp, line 759]
Event: 22.516 Thread 0x0000020d7924d080 Exception <a 'java/lang/NoSuchMethodError'{0x00000000f7eeff48}: 'java.lang.Object java.lang.invoke.DirectMethodHandle$Holder.newInvokeSpecial(java.lang.Object, java.lang.Object, int, java.lang.Object)'> (0x00000000f7eeff48) 
thrown [s\src\hotspot\share\interpreter\linkResolver.cpp, line 759]
Event: 22.517 Thread 0x0000020d7924d080 Exception <a 'java/lang/NoSuchMethodError'{0x00000000f7ef4da8}: 'java.lang.Object java.lang.invoke.Invokers$Holder.linkToTargetMethod(java.lang.Object, int, java.lang.Object, java.lang.Object)'> (0x00000000f7ef4da8) 
thrown [s\src\hotspot\share\interpreter\linkResolver.cpp, line 759]
Event: 22.581 Thread 0x0000020d7924d080 Exception <a 'java/lang/NoSuchMethodError'{0x00000000f81d5e38}: 'void java.lang.invoke.DirectMethodHandle$Holder.invokeSpecial(java.lang.Object, java.lang.Object, java.lang.Object, java.lang.Object, java.lang.Object, java.lang.Object, java.lang.Object, java.lang.Object, java.lang.Object)'> (0x00000000f81d5e38) 
thrown [s\src\hotspot\share\interpreter\linkResolver.cpp, line 759]
Event: 22.741 Thread 0x0000020d7924d080 Exception <a 'sun/nio/fs/WindowsException'{0x00000000f7bd4d50}> (0x00000000f7bd4d50) 
thrown [s\src\hotspot\share\prims\jni.cpp, line 516]
Event: 23.033 Thread 0x0000020d7924d080 Exception <a 'sun/nio/fs/WindowsException'{0x00000000f7639570}> (0x00000000f7639570) 
thrown [s\src\hotspot\share\prims\jni.cpp, line 516]
Event: 23.056 Thread 0x0000020d7924d080 Exception <a 'sun/nio/fs/WindowsException'{0x00000000f7670aa0}> (0x00000000f7670aa0) 
thrown [s\src\hotspot\share\prims\jni.cpp, line 516]
Event: 23.488 Thread 0x0000020d7924d080 Implicit null exception at 0x0000020d23375f51 to 0x0000020d23376d38
Event: 23.946 Thread 0x0000020d7924dfb0 Implicit null exception at 0x0000020d236e17ab to 0x0000020d236e2284
Event: 24.123 Thread 0x0000020d7924d080 Exception <a 'java/io/FileNotFoundException'{0x00000000f7ff2490}> (0x00000000f7ff2490) 
thrown [s\src\hotspot\share\prims\jni.cpp, line 516]
Event: 24.124 Thread 0x0000020d7924d080 Exception <a 'java/io/FileNotFoundException'{0x00000000f7ff41f8}> (0x00000000f7ff41f8) 
thrown [s\src\hotspot\share\prims\jni.cpp, line 516]
Event: 24.222 Thread 0x0000020d7924d080 Exception <a 'java/io/FileNotFoundException'{0x00000000f7fed050}> (0x00000000f7fed050) 
thrown [s\src\hotspot\share\prims\jni.cpp, line 516]
Event: 24.223 Thread 0x0000020d7924d080 Exception <a 'java/io/FileNotFoundException'{0x00000000f7feed70}> (0x00000000f7feed70) 
thrown [s\src\hotspot\share\prims\jni.cpp, line 516]
Event: 24.294 Thread 0x0000020d7924d080 Exception <a 'java/io/FileNotFoundException'{0x00000000f912ff80}> (0x00000000f912ff80) 
thrown [s\src\hotspot\share\prims\jni.cpp, line 516]
Event: 24.295 Thread 0x0000020d7924d080 Exception <a 'java/io/FileNotFoundException'{0x00000000f9131ca0}> (0x00000000f9131ca0) 
thrown [s\src\hotspot\share\prims\jni.cpp, line 516]

VM Operations (20 events):
Event: 50.326 Executing VM operation: Cleanup
Event: 50.326 Executing VM operation: Cleanup done
Event: 60.255 Executing VM operation: HandshakeAllThreads
Event: 60.255 Executing VM operation: HandshakeAllThreads done
Event: 61.255 Executing VM operation: Cleanup
Event: 61.255 Executing VM operation: Cleanup done
Event: 63.256 Executing VM operation: Cleanup
Event: 63.256 Executing VM operation: Cleanup done
Event: 70.262 Executing VM operation: Cleanup
Event: 70.262 Executing VM operation: Cleanup done
Event: 73.264 Executing VM operation: Cleanup
Event: 73.264 Executing VM operation: Cleanup done
Event: 94.271 Executing VM operation: Cleanup
Event: 94.271 Executing VM operation: Cleanup done
Event: 120.392 Executing VM operation: HandshakeAllThreads
Event: 120.392 Executing VM operation: HandshakeAllThreads done
Event: 129.396 Executing VM operation: Cleanup
Event: 129.396 Executing VM operation: Cleanup done
Event: 134.398 Executing VM operation: Cleanup
Event: 134.398 Executing VM operation: Cleanup done

Memory protections (0 events):
No events

Nmethod flushes (20 events):
Event: 23.958 Thread 0x0000020d2dc725b0 flushing  nmethod 0x0000020d1c897110
Event: 23.958 Thread 0x0000020d2dc725b0 flushing  nmethod 0x0000020d1c898790
Event: 23.958 Thread 0x0000020d2dc725b0 flushing  nmethod 0x0000020d1c899d90
Event: 23.958 Thread 0x0000020d2dc725b0 flushing  nmethod 0x0000020d1c89e590
Event: 23.958 Thread 0x0000020d2dc725b0 flushing  nmethod 0x0000020d1c8a5b10
Event: 23.958 Thread 0x0000020d2dc725b0 flushing  nmethod 0x0000020d1c8a9910
Event: 23.958 Thread 0x0000020d2dc725b0 flushing  nmethod 0x0000020d1c8af510
Event: 23.958 Thread 0x0000020d2dc725b0 flushing  nmethod 0x0000020d1c8b8090
Event: 23.958 Thread 0x0000020d2dc725b0 flushing  nmethod 0x0000020d1c8c4510
Event: 23.958 Thread 0x0000020d2dc725b0 flushing  nmethod 0x0000020d1c8c8110
Event: 23.958 Thread 0x0000020d2dc725b0 flushing  nmethod 0x0000020d1c8c8590
Event: 23.958 Thread 0x0000020d2dc725b0 flushing  nmethod 0x0000020d1c8d2c90
Event: 23.959 Thread 0x0000020d2dc725b0 flushing  nmethod 0x0000020d1c8e7310
Event: 23.959 Thread 0x0000020d2dc725b0 flushing  nmethod 0x0000020d1c902910
Event: 23.959 Thread 0x0000020d2dc725b0 flushing  nmethod 0x0000020d1c920510
Event: 23.959 Thread 0x0000020d2dc725b0 flushing  nmethod 0x0000020d1c940c10
Event: 23.959 Thread 0x0000020d2dc725b0 flushing  nmethod 0x0000020d1c943190
Event: 23.959 Thread 0x0000020d2dc725b0 flushing  nmethod 0x0000020d1c958c10
Event: 23.959 Thread 0x0000020d2dc725b0 flushing  nmethod 0x0000020d1c962810
Event: 23.959 Thread 0x0000020d2dc725b0 flushing  nmethod 0x0000020d1c97b390

Events (20 events):
Event: 16.273 Thread 0x0000020d75707870 Thread exited: 0x0000020d75707870
Event: 16.298 Thread 0x0000020d2dc6a080 Thread added: 0x0000020d75707870
Event: 19.100 Thread 0x0000020d742848e0 Thread added: 0x0000020d7924d080
Event: 19.116 Thread 0x0000020d7924d080 Thread added: 0x0000020d7924e4c0
Event: 19.116 Thread 0x0000020d7924d080 Thread added: 0x0000020d7924f3f0
Event: 19.116 Thread 0x0000020d7924d080 Thread added: 0x0000020d79250830
Event: 19.116 Thread 0x0000020d7924d080 Thread added: 0x0000020d7924d590
Event: 19.116 Thread 0x0000020d7924d080 Thread added: 0x0000020d7924fe10
Event: 19.117 Thread 0x0000020d7924d080 Thread added: 0x0000020d79250320
Event: 19.117 Thread 0x0000020d7924d080 Thread added: 0x0000020d7924daa0
Event: 19.186 Thread 0x0000020d7924d080 Thread added: 0x0000020d7924dfb0
Event: 19.809 Thread 0x0000020d7924d080 Thread added: 0x0000020d79045300
Event: 24.346 Thread 0x0000020d7924d080 Thread added: 0x0000020d790439b0
Event: 24.375 Thread 0x0000020d790439b0 Thread added: 0x0000020d79045810
Event: 24.375 Thread 0x0000020d790439b0 Thread added: 0x0000020d79044df0
Event: 26.010 Thread 0x0000020d75707870 Thread exited: 0x0000020d75707870
Event: 76.279 Thread 0x0000020d7924e9d0 Thread exited: 0x0000020d7924e9d0
Event: 76.279 Thread 0x0000020d764ff740 Thread exited: 0x0000020d764ff740
Event: 76.285 Thread 0x0000020d76502ef0 Thread exited: 0x0000020d76502ef0
Event: 78.899 Thread 0x0000020d764ff230 Thread exited: 0x0000020d764ff230


Dynamic libraries:
0x00007ff7e21b0000 - 0x00007ff7e21be000 	C:\Users\DELL\AppData\Local\Programs\Eclipse Adoptium\jdk-17.0.19.10-hotspot\bin\java.exe
0x00007ffcb5640000 - 0x00007ffcb58a6000 	C:\WINDOWS\SYSTEM32\ntdll.dll
0x00007ffcb4450000 - 0x00007ffcb4519000 	C:\WINDOWS\System32\KERNEL32.DLL
0x00007ffcb2a20000 - 0x00007ffcb2e20000 	C:\WINDOWS\System32\KERNELBASE.dll
0x00007ffcb2fb0000 - 0x00007ffcb30fc000 	C:\WINDOWS\System32\ucrtbase.dll
0x00007ffca9e40000 - 0x00007ffca9e5e000 	C:\Users\DELL\AppData\Local\Programs\Eclipse Adoptium\jdk-17.0.19.10-hotspot\bin\VCRUNTIME140.dll
0x00007ffca9e00000 - 0x00007ffca9e18000 	C:\Users\DELL\AppData\Local\Programs\Eclipse Adoptium\jdk-17.0.19.10-hotspot\bin\jli.dll
0x00007ffcb4dc0000 - 0x00007ffcb4f87000 	C:\WINDOWS\System32\USER32.dll
0x00007ffc9cc90000 - 0x00007ffc9cf22000 	C:\WINDOWS\WinSxS\amd64_microsoft.windows.common-controls_6595b64144ccf1df_6.0.26100.8737_none_3e092eaee333b772\COMCTL32.dll
0x00007ffcb3290000 - 0x00007ffcb32b7000 	C:\WINDOWS\System32\win32u.dll
0x00007ffcb5490000 - 0x00007ffcb5539000 	C:\WINDOWS\System32\msvcrt.dll
0x00007ffcb3e20000 - 0x00007ffcb3e4b000 	C:\WINDOWS\System32\GDI32.dll
0x00007ffcb2860000 - 0x00007ffcb2989000 	C:\WINDOWS\System32\gdi32full.dll
0x00007ffcb32c0000 - 0x00007ffcb3363000 	C:\WINDOWS\System32\msvcp_win.dll
0x00007ffcb4cc0000 - 0x00007ffcb4cf2000 	C:\WINDOWS\System32\IMM32.DLL
0x00007ffca9e30000 - 0x00007ffca9e3c000 	C:\Users\DELL\AppData\Local\Programs\Eclipse Adoptium\jdk-17.0.19.10-hotspot\bin\vcruntime140_1.dll
0x00007ffca9d50000 - 0x00007ffca9ddd000 	C:\Users\DELL\AppData\Local\Programs\Eclipse Adoptium\jdk-17.0.19.10-hotspot\bin\msvcp140.dll
0x00007ffc21cd0000 - 0x00007ffc2293c000 	C:\Users\DELL\AppData\Local\Programs\Eclipse Adoptium\jdk-17.0.19.10-hotspot\bin\server\jvm.dll
0x00007ffcb51a0000 - 0x00007ffcb5257000 	C:\WINDOWS\System32\ADVAPI32.dll
0x00007ffcb5550000 - 0x00007ffcb55fa000 	C:\WINDOWS\System32\sechost.dll
0x00007ffcb5330000 - 0x00007ffcb5448000 	C:\WINDOWS\System32\RPCRT4.dll
0x00007ffcb3bb0000 - 0x00007ffcb3c30000 	C:\WINDOWS\System32\WS2_32.dll
0x00007ffcb26e0000 - 0x00007ffcb273e000 	C:\WINDOWS\SYSTEM32\POWRPROF.dll
0x00007ffc9c2a0000 - 0x00007ffc9c2d6000 	C:\WINDOWS\SYSTEM32\WINMM.dll
0x00007ffca6330000 - 0x00007ffca633b000 	C:\WINDOWS\SYSTEM32\VERSION.dll
0x00007ffcb26c0000 - 0x00007ffcb26d4000 	C:\WINDOWS\SYSTEM32\UMPDC.dll
0x00007ffcb1510000 - 0x00007ffcb152b000 	C:\WINDOWS\SYSTEM32\kernel.appcore.dll
0x00007ffca9df0000 - 0x00007ffca9dfa000 	C:\Users\DELL\AppData\Local\Programs\Eclipse Adoptium\jdk-17.0.19.10-hotspot\bin\jimage.dll
0x00007ffcafee0000 - 0x00007ffcb0122000 	C:\WINDOWS\SYSTEM32\DBGHELP.DLL
0x00007ffcb3400000 - 0x00007ffcb3783000 	C:\WINDOWS\System32\combase.dll
0x00007ffcb3d40000 - 0x00007ffcb3e19000 	C:\WINDOWS\System32\OLEAUT32.dll
0x00007ffc802c0000 - 0x00007ffc802fb000 	C:\WINDOWS\SYSTEM32\dbgcore.DLL
0x00007ffcb31d0000 - 0x00007ffcb327c000 	C:\WINDOWS\System32\bcryptPrimitives.dll
0x00007ffc9a9b0000 - 0x00007ffc9a9be000 	C:\Users\DELL\AppData\Local\Programs\Eclipse Adoptium\jdk-17.0.19.10-hotspot\bin\instrument.dll
0x00007ffca8b10000 - 0x00007ffca8b35000 	C:\Users\DELL\AppData\Local\Programs\Eclipse Adoptium\jdk-17.0.19.10-hotspot\bin\java.dll
0x00007ffc9d600000 - 0x00007ffc9d6d7000 	C:\Users\DELL\AppData\Local\Programs\Eclipse Adoptium\jdk-17.0.19.10-hotspot\bin\jsvml.dll
0x00007ffcb4520000 - 0x00007ffcb4cb2000 	C:\WINDOWS\System32\SHELL32.dll
0x00007ffcb02c0000 - 0x00007ffcb0b52000 	C:\WINDOWS\SYSTEM32\windows.storage.dll
0x00007ffcb3970000 - 0x00007ffcb3a67000 	C:\WINDOWS\System32\SHCORE.dll
0x00007ffcb5130000 - 0x00007ffcb5197000 	C:\WINDOWS\System32\shlwapi.dll
0x00007ffcb2780000 - 0x00007ffcb27a9000 	C:\WINDOWS\SYSTEM32\profapi.dll
0x00007ffc9d5e0000 - 0x00007ffc9d5f8000 	C:\Users\DELL\AppData\Local\Programs\Eclipse Adoptium\jdk-17.0.19.10-hotspot\bin\zip.dll
0x00007ffc9d7a0000 - 0x00007ffc9d7ba000 	C:\Users\DELL\AppData\Local\Programs\Eclipse Adoptium\jdk-17.0.19.10-hotspot\bin\net.dll
0x00007ffca8050000 - 0x00007ffca8179000 	C:\WINDOWS\SYSTEM32\WINHTTP.dll
0x00007ffcb1af0000 - 0x00007ffcb1b5c000 	C:\WINDOWS\system32\mswsock.dll
0x00007ffc9d780000 - 0x00007ffc9d796000 	C:\Users\DELL\AppData\Local\Programs\Eclipse Adoptium\jdk-17.0.19.10-hotspot\bin\nio.dll
0x00007ffc9cff0000 - 0x00007ffc9d000000 	C:\Users\DELL\AppData\Local\Programs\Eclipse Adoptium\jdk-17.0.19.10-hotspot\bin\verify.dll
0x00007ffc20fe0000 - 0x00007ffc21007000 	C:\Users\DELL\.gradle\native\660c5614fbf4a5f2a75b1949f50a0caf5cd603558e7d8a26e50b933a0cfb79d1\windows-amd64\native-platform.dll
0x00007ffc20ce0000 - 0x00007ffc20d57000 	C:\Users\DELL\.gradle\native\0.2.8\x86_64-windows-gnu\gradle-fileevents.dll
0x00007ffc9d770000 - 0x00007ffc9d77a000 	C:\Users\DELL\AppData\Local\Programs\Eclipse Adoptium\jdk-17.0.19.10-hotspot\bin\management.dll
0x00007ffc9d5d0000 - 0x00007ffc9d5dc000 	C:\Users\DELL\AppData\Local\Programs\Eclipse Adoptium\jdk-17.0.19.10-hotspot\bin\management_ext.dll
0x00007ffcb5540000 - 0x00007ffcb5548000 	C:\WINDOWS\System32\PSAPI.DLL
0x00007ffcb0eb0000 - 0x00007ffcb0ee3000 	C:\WINDOWS\SYSTEM32\IPHLPAPI.DLL
0x00007ffcb52f0000 - 0x00007ffcb52fa000 	C:\WINDOWS\System32\NSI.dll
0x00007ffca8850000 - 0x00007ffca886d000 	C:\WINDOWS\SYSTEM32\dhcpcsvc6.DLL
0x00007ffca83e0000 - 0x00007ffca8405000 	C:\WINDOWS\SYSTEM32\dhcpcsvc.DLL
0x00007ffcb0fa0000 - 0x00007ffcb10f5000 	C:\WINDOWS\SYSTEM32\DNSAPI.dll
0x00007ffcb18b0000 - 0x00007ffcb18bd000 	C:\WINDOWS\SYSTEM32\DSPARSE.dll
0x00007ffc9a9c0000 - 0x00007ffc9a9c9000 	C:\Users\DELL\AppData\Local\Programs\Eclipse Adoptium\jdk-17.0.19.10-hotspot\bin\extnet.dll
0x00007ffcb1df0000 - 0x00007ffcb1e0b000 	C:\WINDOWS\SYSTEM32\CRYPTSP.dll
0x00007ffcb1470000 - 0x00007ffcb14a9000 	C:\WINDOWS\system32\rsaenh.dll
0x00007ffcb1bb0000 - 0x00007ffcb1be2000 	C:\WINDOWS\SYSTEM32\USERENV.dll
0x00007ffcb2750000 - 0x00007ffcb277a000 	C:\WINDOWS\SYSTEM32\bcrypt.dll
0x00007ffcb1e10000 - 0x00007ffcb1e1c000 	C:\WINDOWS\SYSTEM32\CRYPTBASE.dll
0x00007ffc9a9a0000 - 0x00007ffc9a9ae000 	C:\Users\DELL\AppData\Local\Programs\Eclipse Adoptium\jdk-17.0.19.10-hotspot\bin\sunmscapi.dll
0x00007ffcb2e30000 - 0x00007ffcb2fa8000 	C:\WINDOWS\System32\CRYPT32.dll
0x00007ffcb2030000 - 0x00007ffcb2060000 	C:\WINDOWS\SYSTEM32\ncrypt.dll
0x00007ffcb1fe0000 - 0x00007ffcb201f000 	C:\WINDOWS\SYSTEM32\NTASN1.dll
0x00007ffc72760000 - 0x00007ffc72768000 	C:\WINDOWS\system32\wshunix.dll

dbghelp: loaded successfully - version: 4.0.5 - missing functions: none
symbol engine: initialized successfully - sym options: 0x614 - pdb path: .;C:\Users\DELL\AppData\Local\Programs\Eclipse Adoptium\jdk-17.0.19.10-hotspot\bin;C:\WINDOWS\SYSTEM32;C:\WINDOWS\WinSxS\amd64_microsoft.windows.common-controls_6595b64144ccf1df_6.0.26100.8737_none_3e092eaee333b772;C:\Users\DELL\AppData\Local\Programs\Eclipse Adoptium\jdk-17.0.19.10-hotspot\bin\server;C:\Users\DELL\.gradle\native\660c5614fbf4a5f2a75b1949f50a0caf5cd603558e7d8a26e50b933a0cfb79d1\windows-amd64;C:\Users\DELL\.gradle\native\0.2.8\x86_64-windows-gnu

VM Arguments:
jvm_args: --add-opens=java.base/java.lang=ALL-UNNAMED --add-opens=java.base/java.lang.invoke=ALL-UNNAMED --add-opens=java.base/java.util=ALL-UNNAMED --add-opens=java.prefs/java.util.prefs=ALL-UNNAMED --add-exports=jdk.compiler/com.sun.tools.javac.api=ALL-UNNAMED --add-exports=jdk.compiler/com.sun.tools.javac.util=ALL-UNNAMED --add-opens=java.base/java.nio.charset=ALL-UNNAMED --add-opens=java.base/java.net=ALL-UNNAMED --add-opens=java.base/java.util.concurrent=ALL-UNNAMED --add-opens=java.base/java.util.concurrent.atomic=ALL-UNNAMED --add-opens=java.xml/javax.xml.namespace=ALL-UNNAMED --add-opens=java.base/java.time=ALL-UNNAMED -Xms128m -Xmx256m -Dfile.encoding=windows-1252 -Duser.country=EC -Duser.language=es -Duser.variant -javaagent:C:\Users\DELL\.gradle\wrapper\dists\gradle-9.5.1-bin\iq79hdu3mqx29lgffhp8bfmx\gradle-9.5.1\lib\agents\gradle-instrumentation-agent-9.5.1.jar 
java_command: org.gradle.launcher.daemon.bootstrap.GradleDaemon 9.5.1
java_class_path (initial): C:\Users\DELL\.gradle\wrapper\dists\gradle-9.5.1-bin\iq79hdu3mqx29lgffhp8bfmx\gradle-9.5.1\lib\gradle-daemon-main-9.5.1.jar
Launcher Type: SUN_STANDARD

[Global flags]
     intx CICompilerCount                          = 4                                         {product} {ergonomic}
     uint ConcGCThreads                            = 2                                         {product} {ergonomic}
     uint G1ConcRefinementThreads                  = 8                                         {product} {ergonomic}
   size_t G1HeapRegionSize                         = 1048576                                   {product} {ergonomic}
    uintx GCDrainStackTargetSize                   = 64                                        {product} {ergonomic}
   size_t InitialHeapSize                          = 134217728                                 {product} {command line}
   size_t MarkStackSize                            = 4194304                                   {product} {ergonomic}
   size_t MaxHeapSize                              = 268435456                                 {product} {command line}
   size_t MaxNewSize                               = 160432128                                 {product} {ergonomic}
   size_t MinHeapDeltaBytes                        = 1048576                                   {product} {ergonomic}
   size_t MinHeapSize                              = 134217728                                 {product} {command line}
    uintx NonNMethodCodeHeapSize                   = 5839372                                {pd product} {ergonomic}
    uintx NonProfiledCodeHeapSize                  = 122909434                              {pd product} {ergonomic}
    uintx ProfiledCodeHeapSize                     = 122909434                              {pd product} {ergonomic}
    uintx ReservedCodeCacheSize                    = 251658240                              {pd product} {ergonomic}
     bool SegmentedCodeCache                       = true                                      {product} {ergonomic}
   size_t SoftMaxHeapSize                          = 268435456                              {manageable} {ergonomic}
     bool UseCompressedClassPointers               = true                           {product lp64_product} {ergonomic}
     bool UseCompressedOops                        = true                           {product lp64_product} {ergonomic}
     bool UseG1GC                                  = true                                      {product} {ergonomic}
     bool UseLargePagesIndividualAllocation        = false                                  {pd product} {ergonomic}

Logging:
Log output configuration:
 #0: stdout all=warning uptime,level,tags
 #1: stderr all=off uptime,level,tags

Environment Variables:
JAVA_HOME=C:\Users\DELL\AppData\Local\Programs\Eclipse Adoptium\jdk-17.0.19.10-hotspot\
PATH=C:\app\DELL\product\21c\dbhomeXE\bin;C:\Program Files\Common Files\Oracle\Java\javapath;C:\Program Files (x86)\Common Files\Oracle\Java\javapath;C:\WINDOWS\system32;C:\WINDOWS;C:\WINDOWS\System32\Wbem;C:\WINDOWS\System32\WindowsPowerShell\v1.0\;C:\WINDOWS\System32\OpenSSH\;C:\Program Files\dotnet\;C:\Program Files\Java\jdk-17\bin;C:\Program Files\MATLAB\R2025b\bin;C:\Program Files\Git\cmd;C:\Program Files\nodejs\;C:\Program Files\Docker\Docker\resources\bin;C:\Users\DELL\AppData\Local\Programs\Eclipse Adoptium\jdk-17.0.19.10-hotspot\bin;C:\Users\DELL\AppData\Local\pnpm\bin;C:\Users\DELL\AppData\Local\Programs\Eclipse Adoptium\jdk-21.0.4.7-hotspot\bin;C:\Users\DELL\AppData\Local\Microsoft\WindowsApps;C:\Users\DELL\AppData\Local\Programs\Microsoft VS Code\bin;C:\Users\DELL\AppData\Roaming\npm;c:\Users\DELL\.vscode\extensions\vscjava.vscode-java-debug-0.59.0\bundled\scripts\noConfigScripts
USERNAME=DELL
LANG=en_US.UTF-8
OS=Windows_NT
PROCESSOR_IDENTIFIER=Intel64 Family 6 Model 142 Stepping 12, GenuineIntel
TMP=C:\Users\DELL\AppData\Local\Temp
TEMP=C:\Users\DELL\AppData\Local\Temp



Periodic native trim disabled


---------------  S Y S T E M  ---------------

OS:
 Windows 11 , 64 bit Build 26100 (10.0.26100.8737)
OS uptime: 0 days 1:40 hours
Hyper-V role detected

CPU: total 8 (initial active 8) (4 cores per cpu, 2 threads per core) family 6 model 142 stepping 12 microcode 0xde, cx8, cmov, fxsr, ht, mmx, 3dnowpref, sse, sse2, sse3, ssse3, sse4.1, sse4.2, popcnt, lzcnt, tsc, tscinvbit, avx, avx2, aes, erms, clmul, bmi1, bmi2, adx, fma, vzeroupper, clflush, clflushopt, hv
Processor Information for all 8 processors :
  Max Mhz: 2112, Current Mhz: 1609, Mhz Limit: 1605

Memory: 4k page, system-wide physical 7976M (763M free)
TotalPageFile size 20264M (AvailPageFile size 3M)
current process WorkingSet (physical memory assigned to process): 37M, peak: 372M
current process commit charge ("private bytes"): 391M, peak: 418M

vm_info: OpenJDK 64-Bit Server VM (17.0.19+10) for windows-amd64 JRE (17.0.19+10), built on Apr 25 2026 08:04:44 by "admin" with MS VC++ 17.12 (VS2022)

END.
