#
# There is insufficient memory for the Java Runtime Environment to continue.
# Native memory allocation (malloc) failed to allocate 1348096 bytes. Error detail: Chunk::new
# Possible reasons:
#   The system is out of physical RAM or swap space
#   This process is running with CompressedOops enabled, and the Java Heap may be blocking the growth of the native heap
# Possible solutions:
#   Reduce memory load on the system
#   Increase physical memory or swap space
#   Check if swap backing store is full
#   Decrease Java heap size (-Xmx/-Xms)
#   Decrease number of Java threads
#   Decrease Java thread stack sizes (-Xss)
#   Set larger code cache with -XX:ReservedCodeCacheSize=
#   JVM is running with Unscaled Compressed Oops mode in which the Java heap is
#     placed in the first 4GB address space. The Java Heap base address is the
#     maximum limit for the native heap growth. Please use -XX:HeapBaseMinAddress
#     to set the Java Heap base and to place the Java Heap above 4GB virtual address.
# This output file may be truncated or incomplete.
#
#  Out of Memory Error (arena.cpp:168), pid=19448, tid=8324
#
# JRE version: OpenJDK Runtime Environment Temurin-21.0.10+7 (21.0.10+7) (build 21.0.10+7-LTS)
# Java VM: OpenJDK 64-Bit Server VM Temurin-21.0.10+7 (21.0.10+7-LTS, mixed mode, sharing, tiered, compressed oops, compressed class ptrs, parallel gc, windows-amd64)
# No core dump will be written. Minidumps are not enabled by default on client versions of Windows
#

---------------  S U M M A R Y ------------

Command Line: --add-modules=ALL-SYSTEM --add-opens=java.base/java.util=ALL-UNNAMED --add-opens=java.base/java.lang=ALL-UNNAMED --add-opens=java.base/sun.nio.fs=ALL-UNNAMED -Declipse.application=org.eclipse.jdt.ls.core.id1 -Dosgi.bundles.defaultStartLevel=4 -Declipse.product=org.eclipse.jdt.ls.core.product -Djava.import.generatesMetadataFilesAtProjectRoot=false -DDetectVMInstallationsJob.disabled=true -Dfile.encoding=utf8 -XX:+UseParallelGC -XX:GCTimeRatio=4 -XX:AdaptiveSizePolicyWeight=90 -Dsun.zip.disableMemoryMapping=true -Xmx2G -Xms100m -Xlog:disable -javaagent:c:\Users\DELL\.vscode\extensions\redhat.java-1.54.0-win32-x64\lombok\lombok-1.18.39-4050.jar -XX:+HeapDumpOnOutOfMemoryError -XX:HeapDumpPath=c:\Users\DELL\AppData\Roaming\Code\User\workspaceStorage\ed950ca12d2dff36b27a4ad597b79735\redhat.java -Daether.dependencyCollector.impl=bf c:\Users\DELL\.vscode\extensions\redhat.java-1.54.0-win32-x64\server\plugins\org.eclipse.equinox.launcher_1.7.100.v20251111-0406.jar -configuration c:\Users\DELL\AppData\Roaming\Code\User\globalStorage\redhat.java\1.54.0\config_win -data c:\Users\DELL\AppData\Roaming\Code\User\workspaceStorage\ed950ca12d2dff36b27a4ad597b79735\redhat.java\jdt_ws --pipe=\\.\pipe\lsp-ec048b026cd729c96c68446089ce17e1-sock

Host: Intel(R) Core(TM) i5-10210U CPU @ 1.60GHz, 8 cores, 7G,  Windows 11 , 64 bit Build 26100 (10.0.26100.8521)
Time: Sun Jun 14 17:11:56 2026 Hora est. Pacífico, Sudamérica elapsed time: 23.730317 seconds (0d 0h 0m 23s)

---------------  T H R E A D  ---------------

Current thread (0x000002b2c62206f0):  JavaThread "C2 CompilerThread1" daemon [_thread_in_native, id=8324, stack(0x000000bdf9500000,0x000000bdf9600000) (1024K)]


Current CompileTask:
C2:23730 8487   !   4       org.eclipse.osgi.internal.loader.classpath.ClasspathManager::findLocalResource (183 bytes)

Stack: [0x000000bdf9500000,0x000000bdf9600000]
Native frames: (J=compiled Java code, j=interpreted, Vv=VM code, C=native code)
V  [jvm.dll+0x6d7a39]
V  [jvm.dll+0x8b4b26]
V  [jvm.dll+0x8b70de]
V  [jvm.dll+0x8b77c3]
V  [jvm.dll+0x284346]
V  [jvm.dll+0xc66ed]
V  [jvm.dll+0xc6c31]
V  [jvm.dll+0x2fb29e]
V  [jvm.dll+0x5fe884]
V  [jvm.dll+0x255b17]
V  [jvm.dll+0x255edd]
V  [jvm.dll+0x24e500]
V  [jvm.dll+0x24ba42]
V  [jvm.dll+0x1cb34e]
V  [jvm.dll+0x25b85d]
V  [jvm.dll+0x259dea]
V  [jvm.dll+0x3f857e]
V  [jvm.dll+0x85f59d]
V  [jvm.dll+0x6d626d]
C  [ucrtbase.dll+0x2cd30]
C  [KERNEL32.DLL+0x2e957]
C  [ntdll.dll+0x87c1c]


---------------  P R O C E S S  ---------------

Threads class SMR info:
_java_thread_list=0x000002b3104593e0, length=65, elements={
0x000002b2ad3a4c80, 0x000002b2af83d950, 0x000002b2c61f72b0, 0x000002b2c62018e0,
0x000002b2c6201f70, 0x000002b2c6201250, 0x000002b2c6200530, 0x000002b2c6212f40,
0x000002b2c621e4e0, 0x000002b2c6203320, 0x000002b2c6202600, 0x000002b2c6200bc0,
0x000002b2c6202c90, 0x000002b2c61ffea0, 0x000002b30d712e10, 0x000002b30d712780,
0x000002b30d713b30, 0x000002b30d7120f0, 0x000002b30d711a60, 0x000002b30d7134a0,
0x000002b30d710d40, 0x000002b30d714850, 0x000002b2c62206f0, 0x000002b30d716fb0,
0x000002b2c621f950, 0x000002b30d715570, 0x000002b30d716920, 0x000002b30d716290,
0x000002b30d715c00, 0x000002b30d717640, 0x000002b30d714ee0, 0x000002b30d717cd0,
0x000002b30d718360, 0x000002b30db97000, 0x000002b30db97690, 0x000002b30db97d20,
0x000002b30db9a480, 0x000002b30db983b0, 0x000002b30db99df0, 0x000002b30db98a40,
0x000002b30db990d0, 0x000002b30db99760, 0x000002b311536e10, 0x000002b3115353d0,
0x000002b311535a60, 0x000002b3115360f0, 0x000002b311536780, 0x000002b3115346b0,
0x000002b311539570, 0x000002b311539c00, 0x000002b3115381c0, 0x000002b31153a290,
0x000002b31153a920, 0x000002b31153afb0, 0x000002b31153b640, 0x000002b311538850,
0x000002b311534020, 0x000002b311538ee0, 0x000002b30d7141c0, 0x000002b30e0bae50,
0x000002b30e0ba7c0, 0x000002b30e0b8d80, 0x000002b30e0b8060, 0x000002b30e0ba130,
0x000002b30e0b86f0
}

Java Threads: ( => current thread )
  0x000002b2ad3a4c80 JavaThread "main"                              [_thread_blocked, id=6056, stack(0x000000bdf7900000,0x000000bdf7a00000) (1024K)]
  0x000002b2af83d950 JavaThread "Reference Handler"          daemon [_thread_blocked, id=9844, stack(0x000000bdf7d00000,0x000000bdf7e00000) (1024K)]
  0x000002b2c61f72b0 JavaThread "Finalizer"                  daemon [_thread_blocked, id=2544, stack(0x000000bdf7e00000,0x000000bdf7f00000) (1024K)]
  0x000002b2c62018e0 JavaThread "Signal Dispatcher"          daemon [_thread_blocked, id=10604, stack(0x000000bdf7f00000,0x000000bdf8000000) (1024K)]
  0x000002b2c6201f70 JavaThread "Attach Listener"            daemon [_thread_blocked, id=4236, stack(0x000000bdf8000000,0x000000bdf8100000) (1024K)]
  0x000002b2c6201250 JavaThread "Service Thread"             daemon [_thread_blocked, id=4088, stack(0x000000bdf8100000,0x000000bdf8200000) (1024K)]
  0x000002b2c6200530 JavaThread "Monitor Deflation Thread"   daemon [_thread_blocked, id=2688, stack(0x000000bdf8200000,0x000000bdf8300000) (1024K)]
  0x000002b2c6212f40 JavaThread "C2 CompilerThread0"         daemon [_thread_blocked, id=9360, stack(0x000000bdf8300000,0x000000bdf8400000) (1024K)]
  0x000002b2c621e4e0 JavaThread "C1 CompilerThread0"         daemon [_thread_blocked, id=16256, stack(0x000000bdf8400000,0x000000bdf8500000) (1024K)]
  0x000002b2c6203320 JavaThread "Common-Cleaner"             daemon [_thread_blocked, id=14588, stack(0x000000bdf8500000,0x000000bdf8600000) (1024K)]
  0x000002b2c6202600 JavaThread "Notification Thread"        daemon [_thread_blocked, id=10892, stack(0x000000bdf8600000,0x000000bdf8700000) (1024K)]
  0x000002b2c6200bc0 JavaThread "Active Thread: Equinox Container: 7fd619d3-91c6-44a7-bcad-6f8a4fb65482"        [_thread_blocked, id=4712, stack(0x000000bdf8e00000,0x000000bdf8f00000) (1024K)]
  0x000002b2c6202c90 JavaThread "Refresh Thread: Equinox Container: 7fd619d3-91c6-44a7-bcad-6f8a4fb65482" daemon [_thread_blocked, id=17512, stack(0x000000bdf9000000,0x000000bdf9100000) (1024K)]
  0x000002b2c61ffea0 JavaThread "Framework Event Dispatcher: Equinox Container: 7fd619d3-91c6-44a7-bcad-6f8a4fb65482" daemon [_thread_blocked, id=16916, stack(0x000000bdf9100000,0x000000bdf9200000) (1024K)]
  0x000002b30d712e10 JavaThread "Start Level: Equinox Container: 7fd619d3-91c6-44a7-bcad-6f8a4fb65482" daemon [_thread_blocked, id=8856, stack(0x000000bdf9200000,0x000000bdf9300000) (1024K)]
  0x000002b30d712780 JavaThread "Bundle File Closer"         daemon [_thread_blocked, id=16648, stack(0x000000bdf9400000,0x000000bdf9500000) (1024K)]
  0x000002b30d713b30 JavaThread "SCR Component Actor"        daemon [_thread_blocked, id=680, stack(0x000000bdf8700000,0x000000bdf8800000) (1024K)]
  0x000002b30d7120f0 JavaThread "Worker-JM"                         [_thread_blocked, id=7040, stack(0x000000bdf9300000,0x000000bdf9400000) (1024K)]
  0x000002b30d711a60 JavaThread "JNA Cleaner"                daemon [_thread_blocked, id=8304, stack(0x000000bdf9600000,0x000000bdf9700000) (1024K)]
  0x000002b30d7134a0 JavaThread "Worker-0"                          [_thread_blocked, id=13848, stack(0x000000bdf9700000,0x000000bdf9800000) (1024K)]
  0x000002b30d710d40 JavaThread "Worker-1"                          [_thread_blocked, id=9904, stack(0x000000bdf9800000,0x000000bdf9900000) (1024K)]
  0x000002b30d714850 JavaThread "Worker-2"                          [_thread_blocked, id=15916, stack(0x000000bdf9900000,0x000000bdf9a00000) (1024K)]
=>0x000002b2c62206f0 JavaThread "C2 CompilerThread1"         daemon [_thread_in_native, id=8324, stack(0x000000bdf9500000,0x000000bdf9600000) (1024K)]
  0x000002b30d716fb0 JavaThread "Worker-3"                          [_thread_blocked, id=9168, stack(0x000000bdf9a00000,0x000000bdf9b00000) (1024K)]
  0x000002b2c621f950 JavaThread "C2 CompilerThread2"         daemon [_thread_blocked, id=13884, stack(0x000000bdf9b00000,0x000000bdf9c00000) (1024K)]
  0x000002b30d715570 JavaThread "Java indexing"              daemon [_thread_blocked, id=13316, stack(0x000000bdf9c00000,0x000000bdf9d00000) (1024K)]
  0x000002b30d716920 JavaThread "Worker-4"                          [_thread_blocked, id=16088, stack(0x000000bdf9d00000,0x000000bdf9e00000) (1024K)]
  0x000002b30d716290 JavaThread "Worker-5"                          [_thread_blocked, id=16792, stack(0x000000bdfa000000,0x000000bdfa100000) (1024K)]
  0x000002b30d715c00 JavaThread "Worker-6: Java indexing... "        [_thread_blocked, id=19328, stack(0x000000bdfa100000,0x000000bdfa200000) (1024K)]
  0x000002b30d717640 JavaThread "Worker-7: Synchronize Gradle projects with workspace"        [_thread_blocked, id=8132, stack(0x000000bdfa200000,0x000000bdfa300000) (1024K)]
  0x000002b30d714ee0 JavaThread "Thread-1"                   daemon [_thread_in_native, id=8256, stack(0x000000bdfa300000,0x000000bdfa400000) (1024K)]
  0x000002b30d717cd0 JavaThread "Thread-2"                   daemon [_thread_in_native, id=14984, stack(0x000000bdfa400000,0x000000bdfa500000) (1024K)]
  0x000002b30d718360 JavaThread "Thread-3"                   daemon [_thread_in_native, id=6724, stack(0x000000bdfa500000,0x000000bdfa600000) (1024K)]
  0x000002b30db97000 JavaThread "Thread-4"                   daemon [_thread_in_native, id=3252, stack(0x000000bdfa600000,0x000000bdfa700000) (1024K)]
  0x000002b30db97690 JavaThread "Thread-5"                   daemon [_thread_in_native, id=1036, stack(0x000000bdfa700000,0x000000bdfa800000) (1024K)]
  0x000002b30db97d20 JavaThread "Thread-6"                   daemon [_thread_in_native, id=880, stack(0x000000bdfa800000,0x000000bdfa900000) (1024K)]
  0x000002b30db9a480 JavaThread "Thread-7"                   daemon [_thread_in_native, id=2432, stack(0x000000bdfa900000,0x000000bdfaa00000) (1024K)]
  0x000002b30db983b0 JavaThread "Thread-8"                   daemon [_thread_in_native, id=18016, stack(0x000000bdfaa00000,0x000000bdfab00000) (1024K)]
  0x000002b30db99df0 JavaThread "Thread-9"                   daemon [_thread_in_native, id=13064, stack(0x000000bdfab00000,0x000000bdfac00000) (1024K)]
  0x000002b30db98a40 JavaThread "pool-2-thread-1"                   [_thread_blocked, id=9856, stack(0x000000bdfac00000,0x000000bdfad00000) (1024K)]
  0x000002b30db990d0 JavaThread "Worker-8"                          [_thread_blocked, id=19072, stack(0x000000bdfad00000,0x000000bdfae00000) (1024K)]
  0x000002b30db99760 JavaThread "Timer-0"                           [_thread_blocked, id=14644, stack(0x000000bdfae00000,0x000000bdfaf00000) (1024K)]
  0x000002b311536e10 JavaThread "Timer-1"                           [_thread_blocked, id=6368, stack(0x000000bdfaf00000,0x000000bdfb000000) (1024K)]
  0x000002b3115353d0 JavaThread "WorkspaceEventsHandler"            [_thread_blocked, id=4992, stack(0x000000bdfb000000,0x000000bdfb100000) (1024K)]
  0x000002b311535a60 JavaThread "pool-1-thread-1"                   [_thread_blocked, id=8960, stack(0x000000bdfb100000,0x000000bdfb200000) (1024K)]
  0x000002b3115360f0 JavaThread "Worker-9"                          [_thread_blocked, id=8460, stack(0x000000bdfb300000,0x000000bdfb400000) (1024K)]
  0x000002b311536780 JavaThread "LocalFile Deleter"          daemon [_thread_blocked, id=1944, stack(0x000000bdfb400000,0x000000bdfb500000) (1024K)]
  0x000002b3115346b0 JavaThread "LocalFile Deleter"          daemon [_thread_blocked, id=4512, stack(0x000000bdfb500000,0x000000bdfb600000) (1024K)]
  0x000002b311539570 JavaThread "LocalFile Deleter"          daemon [_thread_blocked, id=11028, stack(0x000000bdfb600000,0x000000bdfb700000) (1024K)]
  0x000002b311539c00 JavaThread "LocalFile Deleter"          daemon [_thread_blocked, id=2436, stack(0x000000bdfb700000,0x000000bdfb800000) (1024K)]
  0x000002b3115381c0 JavaThread "LocalFile Deleter"          daemon [_thread_blocked, id=15264, stack(0x000000bdfb800000,0x000000bdfb900000) (1024K)]
  0x000002b31153a290 JavaThread "LocalFile Deleter"          daemon [_thread_blocked, id=6620, stack(0x000000bdfb900000,0x000000bdfba00000) (1024K)]
  0x000002b31153a920 JavaThread "LocalFile Deleter"          daemon [_thread_blocked, id=11468, stack(0x000000bdfba00000,0x000000bdfbb00000) (1024K)]
  0x000002b31153afb0 JavaThread "LocalFile Deleter"          daemon [_thread_blocked, id=17120, stack(0x000000bdfbb00000,0x000000bdfbc00000) (1024K)]
  0x000002b31153b640 JavaThread "Compiler Source File Reader" daemon [_thread_blocked, id=2908, stack(0x000000bdfbc00000,0x000000bdfbd00000) (1024K)]
  0x000002b311538850 JavaThread "Compiler Source File Reader" daemon [_thread_blocked, id=14688, stack(0x000000bdfbd00000,0x000000bdfbe00000) (1024K)]
  0x000002b311534020 JavaThread "Timer-2"                           [_thread_blocked, id=12100, stack(0x000000bdfb200000,0x000000bdfb300000) (1024K)]
  0x000002b311538ee0 JavaThread "Compiler Processing Task"   daemon [_thread_blocked, id=9388, stack(0x000000bdfbe00000,0x000000bdfbf00000) (1024K)]
  0x000002b30d7141c0 JavaThread "Compiler Class File Writer" daemon [_thread_blocked, id=14036, stack(0x000000bdfbf00000,0x000000bdfc000000) (1024K)]
  0x000002b30e0bae50 JavaThread "Compiler Class File Writer" daemon [_thread_blocked, id=5608, stack(0x000000bdfc000000,0x000000bdfc100000) (1024K)]
  0x000002b30e0ba7c0 JavaThread "Compiler Source File Reader" daemon [_thread_blocked, id=9576, stack(0x000000bdfc100000,0x000000bdfc200000) (1024K)]
  0x000002b30e0b8d80 JavaThread "Compiler Class File Writer" daemon [_thread_blocked, id=6292, stack(0x000000bdfc200000,0x000000bdfc300000) (1024K)]
  0x000002b30e0b8060 JavaThread "Timer-3"                           [_thread_blocked, id=3720, stack(0x000000bdfc300000,0x000000bdfc400000) (1024K)]
  0x000002b30e0ba130 JavaThread "Timer-4"                           [_thread_blocked, id=7652, stack(0x000000bdfc400000,0x000000bdfc500000) (1024K)]
  0x000002b30e0b86f0 JavaThread "Connection worker"                 [_thread_blocked, id=1820, stack(0x000000bdfc500000,0x000000bdfc600000) (1024K)]
Total: 65

Other Threads:
  0x000002b2c61f0e10 VMThread "VM Thread"                           [id=9504, stack(0x000000bdf7c00000,0x000000bdf7d00000) (1024K)]
  0x000002b2c610cb20 WatcherThread "VM Periodic Task Thread"        [id=12496, stack(0x000000bdf7b00000,0x000000bdf7c00000) (1024K)]
  0x000002b2af7a5620 WorkerThread "GC Thread#0"                     [id=2808, stack(0x000000bdf7a00000,0x000000bdf7b00000) (1024K)]
  0x000002b30d392f90 WorkerThread "GC Thread#1"                     [id=7096, stack(0x000000bdf8800000,0x000000bdf8900000) (1024K)]
  0x000002b30d393340 WorkerThread "GC Thread#2"                     [id=4516, stack(0x000000bdf8900000,0x000000bdf8a00000) (1024K)]
  0x000002b30d648a70 WorkerThread "GC Thread#3"                     [id=19248, stack(0x000000bdf8a00000,0x000000bdf8b00000) (1024K)]
  0x000002b30d649230 WorkerThread "GC Thread#4"                     [id=13836, stack(0x000000bdf8b00000,0x000000bdf8c00000) (1024K)]
  0x000002b30d6495e0 WorkerThread "GC Thread#5"                     [id=14968, stack(0x000000bdf8c00000,0x000000bdf8d00000) (1024K)]
  0x000002b30d3919c0 WorkerThread "GC Thread#6"                     [id=9608, stack(0x000000bdf8d00000,0x000000bdf8e00000) (1024K)]
  0x000002b30d91e610 WorkerThread "GC Thread#7"                     [id=11380, stack(0x000000bdf8f00000,0x000000bdf9000000) (1024K)]
Total: 10

Threads with active compile tasks:
C2 CompilerThread0  23752 8515       4       java.net.URL::<init> (438 bytes)
C2 CompilerThread1  23752 8487   !   4       org.eclipse.osgi.internal.loader.classpath.ClasspathManager::findLocalResource (183 bytes)
C2 CompilerThread2  23752 8502       4       org.eclipse.jdt.internal.core.index.Index::containerRelativePath (54 bytes)
Total: 3

VM state: at safepoint (normal execution)

VM Mutex/Monitor currently owned by a thread:  ([mutex/lock_event])
[0x00007ffb7fb1e560] Threads_lock - owner thread: 0x000002b2c61f0e10
[0x00007ffb7fb1e660] Heap_lock - owner thread: 0x000002b30d715570
[0x00007ffb7fb1eae0] PSOldGenExpand_lock - owner thread: 0x000002b30d6495e0

Heap address: 0x0000000080000000, size: 2048 MB, Compressed Oops mode: 32-bit

CDS archive(s) mapped at: [0x000002b2c7000000-0x000002b2c7ba0000-0x000002b2c7ba0000), size 12189696, SharedBaseAddress: 0x000002b2c7000000, ArchiveRelocationMode: 1.
Compressed class space mapped at: 0x000002b2c8000000-0x000002b308000000, reserved size: 1073741824
Narrow klass base: 0x000002b2c7000000, Narrow klass shift: 0, Narrow klass range: 0x100000000

GC Precious Log:
 CardTable entry size: 512
 CPUs: 8 total, 8 available
 Memory: 7976M
 Large Page Support: Disabled
 NUMA Support: Disabled
 Compressed Oops: Enabled (32-bit)
 Alignments: Space 512K, Generation 512K, Heap 2M
 Heap Min Capacity: 100M
 Heap Initial Capacity: 100M
 Heap Max Capacity: 2G
 Pre-touch: Disabled
 Parallel Workers: 8

Heap:
 PSYoungGen      total 14848K, used 14831K [0x00000000d5580000, 0x00000000d6680000, 0x0000000100000000)
  eden space 12288K, 100% used [0x00000000d5580000,0x00000000d6180000,0x00000000d6180000)
  from space 2560K, 99% used [0x00000000d6400000,0x00000000d667bc08,0x00000000d6680000)
  to   space 2560K, 32% used [0x00000000d6180000,0x00000000d62505e0,0x00000000d6400000)
 ParOldGen       total 124928K, used 124926K [0x0000000080000000, 0x0000000087a00000, 0x00000000d5580000)
  object space 124928K, 99% used [0x0000000080000000,0x00000000879ff920,0x0000000087a00000)
 Metaspace       used 67116K, committed 68480K, reserved 1114112K
  class space    used 8238K, committed 8768K, reserved 1048576K

Card table byte_map: [0x000002b2af130000,0x000002b2af540000] _byte_map_base: 0x000002b2aed30000

Marking Bits: (ParMarkBitMap*) 0x00007ffb7fb23450
 Begin Bits: [0x000002b2c1c30000, 0x000002b2c3c30000)
 End Bits:   [0x000002b2c3c30000, 0x000002b2c5c30000)

Polling page: 0x000002b2ad620000

Metaspace:

Usage:
  Non-class:     57.50 MB used.
      Class:      8.05 MB used.
       Both:     65.54 MB used.

Virtual space:
  Non-class space:       64.00 MB reserved,      58.31 MB ( 91%) committed,  1 nodes.
      Class space:        1.00 GB reserved,       8.56 MB ( <1%) committed,  1 nodes.
             Both:        1.06 GB reserved,      66.88 MB (  6%) committed. 

Chunk freelists:
   Non-Class:  5.55 MB
       Class:  7.25 MB
        Both:  12.80 MB

MaxMetaspaceSize: unlimited
CompressedClassSpaceSize: 1.00 GB
Initial GC threshold: 21.00 MB
Current GC threshold: 97.31 MB
CDS: on
 - commit_granule_bytes: 65536.
 - commit_granule_words: 8192.
 - virtual_space_node_default_size: 8388608.
 - enlarge_chunks_in_place: 1.
 - use_allocation_guard: 0.


Internal statistics:

num_allocs_failed_limit: 9.
num_arena_births: 1108.
num_arena_deaths: 44.
num_vsnodes_births: 2.
num_vsnodes_deaths: 0.
num_space_committed: 1070.
num_space_uncommitted: 0.
num_chunks_returned_to_freelist: 62.
num_chunks_taken_from_freelist: 4359.
num_chunk_merges: 14.
num_chunk_splits: 2620.
num_chunks_enlarged: 1382.
num_inconsistent_stats: 0.

CodeHeap 'non-profiled nmethods': size=120000Kb used=5344Kb max_used=5344Kb free=114656Kb
 bounds [0x000002b2ba450000, 0x000002b2ba990000, 0x000002b2c1980000]
CodeHeap 'profiled nmethods': size=120000Kb used=15439Kb max_used=15439Kb free=104560Kb
 bounds [0x000002b2b2980000, 0x000002b2b38a0000, 0x000002b2b9eb0000]
CodeHeap 'non-nmethods': size=5760Kb used=1422Kb max_used=1504Kb free=4337Kb
 bounds [0x000002b2b9eb0000, 0x000002b2ba120000, 0x000002b2ba450000]
CodeCache: size=245760Kb, used=22205Kb, max_used=22287Kb, free=223553Kb
 total_blobs=8494, nmethods=7759, adapters=641, full_count=0
Compilation: enabled, stopped_count=0, restarted_count=0

Compilation events (20 events):
Event: 21.322 Thread 0x000002b2c6212f40 nmethod 8509 0x000002b2ba97bf90 code [0x000002b2ba97c140, 0x000002b2ba97c4e0]
Event: 21.322 Thread 0x000002b2c6212f40 8415       4       java.nio.channels.spi.AbstractInterruptibleChannel::begin (48 bytes)
Event: 21.327 Thread 0x000002b2c6212f40 nmethod 8415 0x000002b2ba97c710 code [0x000002b2ba97c8c0, 0x000002b2ba97cc40]
Event: 21.327 Thread 0x000002b2c6212f40 8510       4       jdk.internal.jrtfs.SystemImage$1::getResource (9 bytes)
Event: 21.361 Thread 0x000002b2c621e4e0 8514       3       org.eclipse.jdt.internal.compiler.classfmt.AnnotationInfo::scanElementValue (256 bytes)
Event: 21.362 Thread 0x000002b2c621e4e0 nmethod 8514 0x000002b2b3892910 code [0x000002b2b3892b40, 0x000002b2b3893588]
Event: 21.374 Thread 0x000002b2c6212f40 nmethod 8510 0x000002b2ba97ce10 code [0x000002b2ba97d0a0, 0x000002b2ba97e0c0]
Event: 21.375 Thread 0x000002b2c6212f40 8512       4       org.eclipse.jdt.internal.core.util.Util::indexOfJavaRelatedExtension (112 bytes)
Event: 21.383 Thread 0x000002b2c6212f40 nmethod 8512 0x000002b2ba97f010 code [0x000002b2ba97f1e0, 0x000002b2ba97f5b8]
Event: 21.383 Thread 0x000002b2c6212f40 8511       4       org.eclipse.jdt.internal.core.search.matching.ConstructorPattern::createDeclarationIndexKey (583 bytes)
Event: 22.724 Thread 0x000002b2c6212f40 nmethod 8511 0x000002b2ba97f910 code [0x000002b2ba97fbc0, 0x000002b2ba9816f8]
Event: 22.724 Thread 0x000002b2c6212f40 8516       4       java.util.LinkedHashMap::afterNodeAccess (266 bytes)
Event: 22.726 Thread 0x000002b2c621f950 nmethod 8504 0x000002b2ba982c10 code [0x000002b2ba982f20, 0x000002b2ba985f60]
Event: 22.726 Thread 0x000002b2c6212f40 nmethod 8516 0x000002b2ba987810 code [0x000002b2ba9879a0, 0x000002b2ba987bc0]
Event: 22.726 Thread 0x000002b2c621f950 8513       4       org.eclipse.jdt.internal.core.search.matching.ConstructorPattern::encodeExtraFlags (49 bytes)
Event: 22.726 Thread 0x000002b2c6212f40 8515       4       java.net.URL::<init> (438 bytes)
Event: 22.726 Thread 0x000002b2c621f950 nmethod 8513 0x000002b2ba987d10 code [0x000002b2ba987e80, 0x000002b2ba987f20]
Event: 22.726 Thread 0x000002b2c621f950 8502       4       org.eclipse.jdt.internal.core.index.Index::containerRelativePath (54 bytes)
Event: 22.736 Thread 0x000002b2c621e4e0 8521       2       org.eclipse.jdt.internal.compiler.classfmt.ClassFileReader::isAnonymous (30 bytes)
Event: 22.737 Thread 0x000002b2c621e4e0 nmethod 8521 0x000002b2b3893890 code [0x000002b2b3893a40, 0x000002b2b3893bf8]

GC Heap History (20 events):
Event: 20.939 GC heap after
{Heap after GC invocations=60 (full 3):
 PSYoungGen      total 14336K, used 1983K [0x00000000d5580000, 0x00000000d6780000, 0x0000000100000000)
  eden space 12288K, 0% used [0x00000000d5580000,0x00000000d5580000,0x00000000d6180000)
  from space 2048K, 96% used [0x00000000d6180000,0x00000000d636fe58,0x00000000d6380000)
  to   space 3072K, 0% used [0x00000000d6480000,0x00000000d6480000,0x00000000d6780000)
 ParOldGen       total 107008K, used 106523K [0x0000000080000000, 0x0000000086880000, 0x00000000d5580000)
  object space 107008K, 99% used [0x0000000080000000,0x0000000086806dc0,0x0000000086880000)
 Metaspace       used 67115K, committed 68480K, reserved 1114112K
  class space    used 8238K, committed 8768K, reserved 1048576K
}
Event: 20.975 GC heap before
{Heap before GC invocations=61 (full 3):
 PSYoungGen      total 14336K, used 14271K [0x00000000d5580000, 0x00000000d6780000, 0x0000000100000000)
  eden space 12288K, 100% used [0x00000000d5580000,0x00000000d6180000,0x00000000d6180000)
  from space 2048K, 96% used [0x00000000d6180000,0x00000000d636fe58,0x00000000d6380000)
  to   space 3072K, 0% used [0x00000000d6480000,0x00000000d6480000,0x00000000d6780000)
 ParOldGen       total 107008K, used 106523K [0x0000000080000000, 0x0000000086880000, 0x00000000d5580000)
  object space 107008K, 99% used [0x0000000080000000,0x0000000086806dc0,0x0000000086880000)
 Metaspace       used 67115K, committed 68480K, reserved 1114112K
  class space    used 8238K, committed 8768K, reserved 1048576K
}
Event: 20.978 GC heap after
{Heap after GC invocations=61 (full 3):
 PSYoungGen      total 15360K, used 2711K [0x00000000d5580000, 0x00000000d6780000, 0x0000000100000000)
  eden space 12288K, 0% used [0x00000000d5580000,0x00000000d5580000,0x00000000d6180000)
  from space 3072K, 88% used [0x00000000d6480000,0x00000000d6725ed0,0x00000000d6780000)
  to   space 3072K, 0% used [0x00000000d6180000,0x00000000d6180000,0x00000000d6480000)
 ParOldGen       total 108544K, used 108301K [0x0000000080000000, 0x0000000086a00000, 0x00000000d5580000)
  object space 108544K, 99% used [0x0000000080000000,0x00000000869c35c0,0x0000000086a00000)
 Metaspace       used 67115K, committed 68480K, reserved 1114112K
  class space    used 8238K, committed 8768K, reserved 1048576K
}
Event: 21.025 GC heap before
{Heap before GC invocations=62 (full 3):
 PSYoungGen      total 15360K, used 14999K [0x00000000d5580000, 0x00000000d6780000, 0x0000000100000000)
  eden space 12288K, 100% used [0x00000000d5580000,0x00000000d6180000,0x00000000d6180000)
  from space 3072K, 88% used [0x00000000d6480000,0x00000000d6725ed0,0x00000000d6780000)
  to   space 3072K, 0% used [0x00000000d6180000,0x00000000d6180000,0x00000000d6480000)
 ParOldGen       total 108544K, used 108301K [0x0000000080000000, 0x0000000086a00000, 0x00000000d5580000)
  object space 108544K, 99% used [0x0000000080000000,0x00000000869c35c0,0x0000000086a00000)
 Metaspace       used 67115K, committed 68480K, reserved 1114112K
  class space    used 8238K, committed 8768K, reserved 1048576K
}
Event: 21.029 GC heap after
{Heap after GC invocations=62 (full 3):
 PSYoungGen      total 14848K, used 2318K [0x00000000d5580000, 0x00000000d6680000, 0x0000000100000000)
  eden space 12288K, 0% used [0x00000000d5580000,0x00000000d5580000,0x00000000d6180000)
  from space 2560K, 90% used [0x00000000d6180000,0x00000000d63c38b8,0x00000000d6400000)
  to   space 2560K, 0% used [0x00000000d6400000,0x00000000d6400000,0x00000000d6680000)
 ParOldGen       total 111104K, used 110697K [0x0000000080000000, 0x0000000086c80000, 0x00000000d5580000)
  object space 111104K, 99% used [0x0000000080000000,0x0000000086c1a578,0x0000000086c80000)
 Metaspace       used 67115K, committed 68480K, reserved 1114112K
  class space    used 8238K, committed 8768K, reserved 1048576K
}
Event: 21.073 GC heap before
{Heap before GC invocations=63 (full 3):
 PSYoungGen      total 14848K, used 14606K [0x00000000d5580000, 0x00000000d6680000, 0x0000000100000000)
  eden space 12288K, 100% used [0x00000000d5580000,0x00000000d6180000,0x00000000d6180000)
  from space 2560K, 90% used [0x00000000d6180000,0x00000000d63c38b8,0x00000000d6400000)
  to   space 2560K, 0% used [0x00000000d6400000,0x00000000d6400000,0x00000000d6680000)
 ParOldGen       total 111104K, used 110697K [0x0000000080000000, 0x0000000086c80000, 0x00000000d5580000)
  object space 111104K, 99% used [0x0000000080000000,0x0000000086c1a578,0x0000000086c80000)
 Metaspace       used 67115K, committed 68480K, reserved 1114112K
  class space    used 8238K, committed 8768K, reserved 1048576K
}
Event: 21.075 GC heap after
{Heap after GC invocations=63 (full 3):
 PSYoungGen      total 14848K, used 1968K [0x00000000d5580000, 0x00000000d6680000, 0x0000000100000000)
  eden space 12288K, 0% used [0x00000000d5580000,0x00000000d5580000,0x00000000d6180000)
  from space 2560K, 76% used [0x00000000d6400000,0x00000000d65ec0d0,0x00000000d6680000)
  to   space 2560K, 0% used [0x00000000d6180000,0x00000000d6180000,0x00000000d6400000)
 ParOldGen       total 112640K, used 112551K [0x0000000080000000, 0x0000000086e00000, 0x00000000d5580000)
  object space 112640K, 99% used [0x0000000080000000,0x0000000086de9dc8,0x0000000086e00000)
 Metaspace       used 67115K, committed 68480K, reserved 1114112K
  class space    used 8238K, committed 8768K, reserved 1048576K
}
Event: 21.117 GC heap before
{Heap before GC invocations=64 (full 3):
 PSYoungGen      total 14848K, used 14256K [0x00000000d5580000, 0x00000000d6680000, 0x0000000100000000)
  eden space 12288K, 100% used [0x00000000d5580000,0x00000000d6180000,0x00000000d6180000)
  from space 2560K, 76% used [0x00000000d6400000,0x00000000d65ec0d0,0x00000000d6680000)
  to   space 2560K, 0% used [0x00000000d6180000,0x00000000d6180000,0x00000000d6400000)
 ParOldGen       total 112640K, used 112551K [0x0000000080000000, 0x0000000086e00000, 0x00000000d5580000)
  object space 112640K, 99% used [0x0000000080000000,0x0000000086de9dc8,0x0000000086e00000)
 Metaspace       used 67116K, committed 68480K, reserved 1114112K
  class space    used 8238K, committed 8768K, reserved 1048576K
}
Event: 21.119 GC heap after
{Heap after GC invocations=64 (full 3):
 PSYoungGen      total 14848K, used 2061K [0x00000000d5580000, 0x00000000d6680000, 0x0000000100000000)
  eden space 12288K, 0% used [0x00000000d5580000,0x00000000d5580000,0x00000000d6180000)
  from space 2560K, 80% used [0x00000000d6180000,0x00000000d63834b0,0x00000000d6400000)
  to   space 2560K, 0% used [0x00000000d6400000,0x00000000d6400000,0x00000000d6680000)
 ParOldGen       total 114688K, used 114354K [0x0000000080000000, 0x0000000087000000, 0x00000000d5580000)
  object space 114688K, 99% used [0x0000000080000000,0x0000000086fac8e0,0x0000000087000000)
 Metaspace       used 67116K, committed 68480K, reserved 1114112K
  class space    used 8238K, committed 8768K, reserved 1048576K
}
Event: 21.168 GC heap before
{Heap before GC invocations=65 (full 3):
 PSYoungGen      total 14848K, used 14349K [0x00000000d5580000, 0x00000000d6680000, 0x0000000100000000)
  eden space 12288K, 100% used [0x00000000d5580000,0x00000000d6180000,0x00000000d6180000)
  from space 2560K, 80% used [0x00000000d6180000,0x00000000d63834b0,0x00000000d6400000)
  to   space 2560K, 0% used [0x00000000d6400000,0x00000000d6400000,0x00000000d6680000)
 ParOldGen       total 114688K, used 114354K [0x0000000080000000, 0x0000000087000000, 0x00000000d5580000)
  object space 114688K, 99% used [0x0000000080000000,0x0000000086fac8e0,0x0000000087000000)
 Metaspace       used 67116K, committed 68480K, reserved 1114112K
  class space    used 8238K, committed 8768K, reserved 1048576K
}
Event: 21.171 GC heap after
{Heap after GC invocations=65 (full 3):
 PSYoungGen      total 14848K, used 2276K [0x00000000d5580000, 0x00000000d6680000, 0x0000000100000000)
  eden space 12288K, 0% used [0x00000000d5580000,0x00000000d5580000,0x00000000d6180000)
  from space 2560K, 88% used [0x00000000d6400000,0x00000000d6639200,0x00000000d6680000)
  to   space 2560K, 0% used [0x00000000d6180000,0x00000000d6180000,0x00000000d6400000)
 ParOldGen       total 116736K, used 116333K [0x0000000080000000, 0x0000000087200000, 0x00000000d5580000)
  object space 116736K, 99% used [0x0000000080000000,0x000000008719b698,0x0000000087200000)
 Metaspace       used 67116K, committed 68480K, reserved 1114112K
  class space    used 8238K, committed 8768K, reserved 1048576K
}
Event: 21.226 GC heap before
{Heap before GC invocations=66 (full 3):
 PSYoungGen      total 14848K, used 14564K [0x00000000d5580000, 0x00000000d6680000, 0x0000000100000000)
  eden space 12288K, 100% used [0x00000000d5580000,0x00000000d6180000,0x00000000d6180000)
  from space 2560K, 88% used [0x00000000d6400000,0x00000000d6639200,0x00000000d6680000)
  to   space 2560K, 0% used [0x00000000d6180000,0x00000000d6180000,0x00000000d6400000)
 ParOldGen       total 116736K, used 116333K [0x0000000080000000, 0x0000000087200000, 0x00000000d5580000)
  object space 116736K, 99% used [0x0000000080000000,0x000000008719b698,0x0000000087200000)
 Metaspace       used 67116K, committed 68480K, reserved 1114112K
  class space    used 8238K, committed 8768K, reserved 1048576K
}
Event: 21.229 GC heap after
{Heap after GC invocations=66 (full 3):
 PSYoungGen      total 14848K, used 2017K [0x00000000d5580000, 0x00000000d6680000, 0x0000000100000000)
  eden space 12288K, 0% used [0x00000000d5580000,0x00000000d5580000,0x00000000d6180000)
  from space 2560K, 78% used [0x00000000d6180000,0x00000000d6378788,0x00000000d6400000)
  to   space 2560K, 0% used [0x00000000d6400000,0x00000000d6400000,0x00000000d6680000)
 ParOldGen       total 118784K, used 118510K [0x0000000080000000, 0x0000000087400000, 0x00000000d5580000)
  object space 118784K, 99% used [0x0000000080000000,0x00000000873bb850,0x0000000087400000)
 Metaspace       used 67116K, committed 68480K, reserved 1114112K
  class space    used 8238K, committed 8768K, reserved 1048576K
}
Event: 21.292 GC heap before
{Heap before GC invocations=67 (full 3):
 PSYoungGen      total 14848K, used 14305K [0x00000000d5580000, 0x00000000d6680000, 0x0000000100000000)
  eden space 12288K, 100% used [0x00000000d5580000,0x00000000d6180000,0x00000000d6180000)
  from space 2560K, 78% used [0x00000000d6180000,0x00000000d6378788,0x00000000d6400000)
  to   space 2560K, 0% used [0x00000000d6400000,0x00000000d6400000,0x00000000d6680000)
 ParOldGen       total 118784K, used 118510K [0x0000000080000000, 0x0000000087400000, 0x00000000d5580000)
  object space 118784K, 99% used [0x0000000080000000,0x00000000873bb850,0x0000000087400000)
 Metaspace       used 67116K, committed 68480K, reserved 1114112K
  class space    used 8238K, committed 8768K, reserved 1048576K
}
Event: 21.295 GC heap after
{Heap after GC invocations=67 (full 3):
 PSYoungGen      total 14848K, used 2408K [0x00000000d5580000, 0x00000000d6680000, 0x0000000100000000)
  eden space 12288K, 0% used [0x00000000d5580000,0x00000000d5580000,0x00000000d6180000)
  from space 2560K, 94% used [0x00000000d6400000,0x00000000d665a2d0,0x00000000d6680000)
  to   space 2560K, 0% used [0x00000000d6180000,0x00000000d6180000,0x00000000d6400000)
 ParOldGen       total 120832K, used 120372K [0x0000000080000000, 0x0000000087600000, 0x00000000d5580000)
  object space 120832K, 99% used [0x0000000080000000,0x000000008758d168,0x0000000087600000)
 Metaspace       used 67116K, committed 68480K, reserved 1114112K
  class space    used 8238K, committed 8768K, reserved 1048576K
}
Event: 21.342 GC heap before
{Heap before GC invocations=68 (full 3):
 PSYoungGen      total 14848K, used 14696K [0x00000000d5580000, 0x00000000d6680000, 0x0000000100000000)
  eden space 12288K, 100% used [0x00000000d5580000,0x00000000d6180000,0x00000000d6180000)
  from space 2560K, 94% used [0x00000000d6400000,0x00000000d665a2d0,0x00000000d6680000)
  to   space 2560K, 0% used [0x00000000d6180000,0x00000000d6180000,0x00000000d6400000)
 ParOldGen       total 120832K, used 120372K [0x0000000080000000, 0x0000000087600000, 0x00000000d5580000)
  object space 120832K, 99% used [0x0000000080000000,0x000000008758d168,0x0000000087600000)
 Metaspace       used 67116K, committed 68480K, reserved 1114112K
  class space    used 8238K, committed 8768K, reserved 1048576K
}
Event: 21.345 GC heap after
{Heap after GC invocations=68 (full 3):
 PSYoungGen      total 14848K, used 2284K [0x00000000d5580000, 0x00000000d6680000, 0x0000000100000000)
  eden space 12288K, 0% used [0x00000000d5580000,0x00000000d5580000,0x00000000d6180000)
  from space 2560K, 89% used [0x00000000d6180000,0x00000000d63bb398,0x00000000d6400000)
  to   space 2560K, 0% used [0x00000000d6400000,0x00000000d6400000,0x00000000d6680000)
 ParOldGen       total 122880K, used 122550K [0x0000000080000000, 0x0000000087800000, 0x00000000d5580000)
  object space 122880K, 99% used [0x0000000080000000,0x00000000877adb38,0x0000000087800000)
 Metaspace       used 67116K, committed 68480K, reserved 1114112K
  class space    used 8238K, committed 8768K, reserved 1048576K
}
Event: 21.410 GC heap before
{Heap before GC invocations=69 (full 3):
 PSYoungGen      total 14848K, used 14572K [0x00000000d5580000, 0x00000000d6680000, 0x0000000100000000)
  eden space 12288K, 100% used [0x00000000d5580000,0x00000000d6180000,0x00000000d6180000)
  from space 2560K, 89% used [0x00000000d6180000,0x00000000d63bb398,0x00000000d6400000)
  to   space 2560K, 0% used [0x00000000d6400000,0x00000000d6400000,0x00000000d6680000)
 ParOldGen       total 122880K, used 122550K [0x0000000080000000, 0x0000000087800000, 0x00000000d5580000)
  object space 122880K, 99% used [0x0000000080000000,0x00000000877adb38,0x0000000087800000)
 Metaspace       used 67116K, committed 68480K, reserved 1114112K
  class space    used 8238K, committed 8768K, reserved 1048576K
}
Event: 22.722 GC heap after
{Heap after GC invocations=69 (full 3):
 PSYoungGen      total 14848K, used 2543K [0x00000000d5580000, 0x00000000d6680000, 0x0000000100000000)
  eden space 12288K, 0% used [0x00000000d5580000,0x00000000d5580000,0x00000000d6180000)
  from space 2560K, 99% used [0x00000000d6400000,0x00000000d667bc08,0x00000000d6680000)
  to   space 2560K, 0% used [0x00000000d6180000,0x00000000d6180000,0x00000000d6400000)
 ParOldGen       total 124928K, used 124709K [0x0000000080000000, 0x0000000087a00000, 0x00000000d5580000)
  object space 124928K, 99% used [0x0000000080000000,0x00000000879c94c0,0x0000000087a00000)
 Metaspace       used 67116K, committed 68480K, reserved 1114112K
  class space    used 8238K, committed 8768K, reserved 1048576K
}
Event: 22.746 GC heap before
{Heap before GC invocations=70 (full 3):
 PSYoungGen      total 14848K, used 14831K [0x00000000d5580000, 0x00000000d6680000, 0x0000000100000000)
  eden space 12288K, 100% used [0x00000000d5580000,0x00000000d6180000,0x00000000d6180000)
  from space 2560K, 99% used [0x00000000d6400000,0x00000000d667bc08,0x00000000d6680000)
  to   space 2560K, 0% used [0x00000000d6180000,0x00000000d6180000,0x00000000d6400000)
 ParOldGen       total 124928K, used 124709K [0x0000000080000000, 0x0000000087a00000, 0x00000000d5580000)
  object space 124928K, 99% used [0x0000000080000000,0x00000000879c94c0,0x0000000087a00000)
 Metaspace       used 67116K, committed 68480K, reserved 1114112K
  class space    used 8238K, committed 8768K, reserved 1048576K
}

Dll operation events (13 events):
Event: 0.014 Loaded shared library c:\Users\DELL\.vscode\extensions\redhat.java-1.54.0-win32-x64\jre\21.0.10-win32-x86_64\bin\java.dll
Event: 0.150 Loaded shared library c:\Users\DELL\.vscode\extensions\redhat.java-1.54.0-win32-x64\jre\21.0.10-win32-x86_64\bin\zip.dll
Event: 0.210 Loaded shared library C:\Users\DELL\.vscode\extensions\redhat.java-1.54.0-win32-x64\jre\21.0.10-win32-x86_64\bin\instrument.dll
Event: 0.219 Loaded shared library C:\Users\DELL\.vscode\extensions\redhat.java-1.54.0-win32-x64\jre\21.0.10-win32-x86_64\bin\net.dll
Event: 0.223 Loaded shared library C:\Users\DELL\.vscode\extensions\redhat.java-1.54.0-win32-x64\jre\21.0.10-win32-x86_64\bin\nio.dll
Event: 0.236 Loaded shared library C:\Users\DELL\.vscode\extensions\redhat.java-1.54.0-win32-x64\jre\21.0.10-win32-x86_64\bin\zip.dll
Event: 0.294 Loaded shared library C:\Users\DELL\.vscode\extensions\redhat.java-1.54.0-win32-x64\jre\21.0.10-win32-x86_64\bin\jimage.dll
Event: 0.479 Loaded shared library c:\Users\DELL\.vscode\extensions\redhat.java-1.54.0-win32-x64\jre\21.0.10-win32-x86_64\bin\verify.dll
Event: 3.211 Loaded shared library C:\Users\DELL\AppData\Roaming\Code\User\globalStorage\redhat.java\1.54.0\config_win\org.eclipse.equinox.launcher\org.eclipse.equinox.launcher.win32.win32.x86_64_1.3.0.v20260203-2149\eclipse_11919.dll
Event: 8.961 Loaded shared library C:\Users\DELL\AppData\Local\Temp\jna-2094529\jna8176077053810012967.dll
Event: 14.046 Loaded shared library C:\Users\DELL\.gradle\native\660c5614fbf4a5f2a75b1949f50a0caf5cd603558e7d8a26e50b933a0cfb79d1\windows-amd64\native-platform.dll
Event: 14.818 Loaded shared library C:\Users\DELL\.vscode\extensions\redhat.java-1.54.0-win32-x64\jre\21.0.10-win32-x86_64\bin\management.dll
Event: 14.824 Loaded shared library C:\Users\DELL\.vscode\extensions\redhat.java-1.54.0-win32-x64\jre\21.0.10-win32-x86_64\bin\management_ext.dll

Deoptimization events (20 events):
Event: 20.962 Thread 0x000002b30d715570 DEOPT PACKING pc=0x000002b2b3871022 sp=0x000000bdf9cfeaf0
Event: 20.962 Thread 0x000002b30d715570 DEOPT UNPACKING pc=0x000002b2b9f04242 sp=0x000000bdf9cfe068 mode 0
Event: 20.975 Thread 0x000002b30d715570 DEOPT PACKING pc=0x000002b2b3871022 sp=0x000000bdf9cfeaf0
Event: 20.975 Thread 0x000002b30d715570 DEOPT UNPACKING pc=0x000002b2b9f04242 sp=0x000000bdf9cfe068 mode 0
Event: 20.991 Thread 0x000002b30d715570 DEOPT PACKING pc=0x000002b2b3871022 sp=0x000000bdf9cfeaf0
Event: 20.991 Thread 0x000002b30d715570 DEOPT UNPACKING pc=0x000002b2b9f04242 sp=0x000000bdf9cfe068 mode 0
Event: 21.003 Thread 0x000002b30d715570 DEOPT PACKING pc=0x000002b2b3871022 sp=0x000000bdf9cfeaf0
Event: 21.003 Thread 0x000002b30d715570 DEOPT UNPACKING pc=0x000002b2b9f04242 sp=0x000000bdf9cfe068 mode 0
Event: 21.015 Thread 0x000002b30d715570 DEOPT PACKING pc=0x000002b2b3871022 sp=0x000000bdf9cfeaf0
Event: 21.015 Thread 0x000002b30d715570 DEOPT UNPACKING pc=0x000002b2b9f04242 sp=0x000000bdf9cfe068 mode 0
Event: 21.025 Thread 0x000002b30d715570 DEOPT PACKING pc=0x000002b2b3871022 sp=0x000000bdf9cfeaf0
Event: 21.025 Thread 0x000002b30d715570 DEOPT UNPACKING pc=0x000002b2b9f04242 sp=0x000000bdf9cfe068 mode 0
Event: 22.725 Thread 0x000002b30d715570 Uncommon trap: trap_request=0xffffffe4 fr.pc=0x000002b2ba980cf8 relative=0x0000000000001138
Event: 22.725 Thread 0x000002b30d715570 Uncommon trap: reason=range_check action=make_not_entrant pc=0x000002b2ba980cf8 method=org.eclipse.jdt.internal.core.search.matching.ConstructorPattern.createDeclarationIndexKey([CI[C[[C[[CI[CII)[C @ 352 c2
Event: 22.725 Thread 0x000002b30d715570 DEOPT PACKING pc=0x000002b2ba980cf8 sp=0x000000bdf9cfec80
Event: 22.725 Thread 0x000002b30d715570 DEOPT UNPACKING pc=0x000002b2b9f03aa2 sp=0x000000bdf9cfebd0 mode 2
Event: 22.733 Thread 0x000002b30d715570 Uncommon trap: trap_request=0xfffffff4 fr.pc=0x000002b2ba963fdc relative=0x00000000000079bc
Event: 22.733 Thread 0x000002b30d715570 Uncommon trap: reason=null_check action=make_not_entrant pc=0x000002b2ba963fdc method=org.eclipse.jdt.internal.core.search.indexing.BinaryIndexer.indexDocument()V @ 536 c2
Event: 22.733 Thread 0x000002b30d715570 DEOPT PACKING pc=0x000002b2ba963fdc sp=0x000000bdf9cfee50
Event: 22.733 Thread 0x000002b30d715570 DEOPT UNPACKING pc=0x000002b2b9f03aa2 sp=0x000000bdf9cfedb0 mode 2

Classes loaded (20 events):
Event: 18.797 Loading class java/util/PrimitiveIterator done
Event: 18.797 Loading class java/util/PrimitiveIterator$OfDouble done
Event: 18.802 Loading class java/util/PrimitiveIterator$OfLong
Event: 18.802 Loading class java/util/PrimitiveIterator$OfLong done
Event: 18.804 Loading class java/util/PrimitiveIterator$OfInt
Event: 18.804 Loading class java/util/PrimitiveIterator$OfInt done
Event: 18.807 Loading class java/util/stream/LongStream
Event: 18.808 Loading class java/util/stream/LongStream done
Event: 18.808 Loading class java/util/stream/DoubleStream
Event: 18.809 Loading class java/util/stream/DoubleStream done
Event: 19.131 Loading class java/util/concurrent/atomic/AtomicIntegerFieldUpdater
Event: 19.131 Loading class java/util/concurrent/atomic/AtomicIntegerFieldUpdater done
Event: 19.195 Loading class java/util/concurrent/LinkedBlockingDeque
Event: 19.196 Loading class java/util/concurrent/BlockingDeque
Event: 19.196 Loading class java/util/concurrent/BlockingDeque done
Event: 19.197 Loading class java/util/concurrent/LinkedBlockingDeque done
Event: 19.197 Loading class java/util/concurrent/PriorityBlockingQueue
Event: 19.197 Loading class java/util/concurrent/PriorityBlockingQueue done
Event: 19.705 Loading class java/io/ObjectStreamClass$ExceptionInfo
Event: 19.705 Loading class java/io/ObjectStreamClass$ExceptionInfo done

Classes unloaded (20 events):
Event: 10.119 Thread 0x000002b2c61f0e10 Unloading class 0x000002b2c81aa800 'java/lang/invoke/LambdaForm$MH+0x000002b2c81aa800'
Event: 10.119 Thread 0x000002b2c61f0e10 Unloading class 0x000002b2c81aa400 'java/lang/invoke/LambdaForm$MH+0x000002b2c81aa400'
Event: 10.119 Thread 0x000002b2c61f0e10 Unloading class 0x000002b2c81aa000 'java/lang/invoke/LambdaForm$BMH+0x000002b2c81aa000'
Event: 10.119 Thread 0x000002b2c61f0e10 Unloading class 0x000002b2c81a9c00 'java/lang/invoke/LambdaForm$DMH+0x000002b2c81a9c00'
Event: 10.119 Thread 0x000002b2c61f0e10 Unloading class 0x000002b2c81a8800 'java/lang/invoke/LambdaForm$DMH+0x000002b2c81a8800'
Event: 12.074 Thread 0x000002b2c61f0e10 Unloading class 0x000002b2c82f3c00 'java/lang/invoke/LambdaForm$MH+0x000002b2c82f3c00'
Event: 12.074 Thread 0x000002b2c61f0e10 Unloading class 0x000002b2c82f3000 'java/lang/invoke/LambdaForm$MH+0x000002b2c82f3000'
Event: 12.074 Thread 0x000002b2c61f0e10 Unloading class 0x000002b2c82f2c00 'java/lang/invoke/LambdaForm$MH+0x000002b2c82f2c00'
Event: 12.074 Thread 0x000002b2c61f0e10 Unloading class 0x000002b2c82f2000 'java/lang/invoke/LambdaForm$MH+0x000002b2c82f2000'
Event: 12.074 Thread 0x000002b2c61f0e10 Unloading class 0x000002b2c82f1c00 'java/lang/invoke/LambdaForm$DMH+0x000002b2c82f1c00'
Event: 12.074 Thread 0x000002b2c61f0e10 Unloading class 0x000002b2c82f1000 'java/lang/invoke/LambdaForm$MH+0x000002b2c82f1000'
Event: 12.074 Thread 0x000002b2c61f0e10 Unloading class 0x000002b2c82eb800 'java/lang/invoke/LambdaForm$MH+0x000002b2c82eb800'
Event: 12.074 Thread 0x000002b2c61f0e10 Unloading class 0x000002b2c82eb000 'java/lang/invoke/LambdaForm$MH+0x000002b2c82eb000'
Event: 12.074 Thread 0x000002b2c61f0e10 Unloading class 0x000002b2c82ea800 'java/lang/invoke/LambdaForm$MH+0x000002b2c82ea800'
Event: 12.074 Thread 0x000002b2c61f0e10 Unloading class 0x000002b2c82ea000 'java/lang/invoke/LambdaForm$MH+0x000002b2c82ea000'
Event: 12.074 Thread 0x000002b2c61f0e10 Unloading class 0x000002b2c82e9800 'java/lang/invoke/LambdaForm$MH+0x000002b2c82e9800'
Event: 12.074 Thread 0x000002b2c61f0e10 Unloading class 0x000002b2c82e9000 'java/lang/invoke/LambdaForm$MH+0x000002b2c82e9000'
Event: 12.074 Thread 0x000002b2c61f0e10 Unloading class 0x000002b2c82e8c00 'java/lang/invoke/LambdaForm$MH+0x000002b2c82e8c00'
Event: 12.074 Thread 0x000002b2c61f0e10 Unloading class 0x000002b2c82e8000 'java/lang/invoke/LambdaForm$MH+0x000002b2c82e8000'
Event: 12.074 Thread 0x000002b2c61f0e10 Unloading class 0x000002b2c82e1c00 'java/lang/invoke/LambdaForm$DMH+0x000002b2c82e1c00'

Classes redefined (0 events):
No events

Internal exceptions (20 events):
Event: 15.052 Thread 0x000002b30d710d40 Exception <a 'sun/nio/fs/WindowsException'{0x00000000d5c28948}> (0x00000000d5c28948) 
thrown [s\src\hotspot\share\prims\jni.cpp, line 520]
Event: 15.059 Thread 0x000002b30d710d40 Exception <a 'sun/nio/fs/WindowsException'{0x00000000d5c77fa8}> (0x00000000d5c77fa8) 
thrown [s\src\hotspot\share\prims\jni.cpp, line 520]
Event: 16.512 Thread 0x000002b30d714850 Exception <a 'sun/nio/fs/WindowsException'{0x00000000d55f31d0}> (0x00000000d55f31d0) 
thrown [s\src\hotspot\share\prims\jni.cpp, line 520]
Event: 16.512 Thread 0x000002b30d714850 Exception <a 'sun/nio/fs/WindowsException'{0x00000000d55f3c80}> (0x00000000d55f3c80) 
thrown [s\src\hotspot\share\prims\jni.cpp, line 520]
Event: 16.580 Thread 0x000002b30d710d40 Exception <a 'java/lang/NoSuchMethodError'{0x00000000d5826538}: 'int java.lang.invoke.DirectMethodHandle$Holder.invokeSpecialIFC(java.lang.Object, java.lang.Object, java.lang.Object)'> (0x00000000d5826538) 
thrown [s\src\hotspot\share\interpreter\linkResolver.cpp, line 773]
Event: 16.734 Thread 0x000002b30d714850 Exception <a 'sun/nio/fs/WindowsException'{0x00000000d55dab50}> (0x00000000d55dab50) 
thrown [s\src\hotspot\share\prims\jni.cpp, line 520]
Event: 16.817 Thread 0x000002b30d714850 Exception <a 'java/io/FileNotFoundException'{0x00000000d59bcc10}> (0x00000000d59bcc10) 
thrown [s\src\hotspot\share\prims\jni.cpp, line 520]
Event: 16.818 Thread 0x000002b30d714850 Exception <a 'java/io/FileNotFoundException'{0x00000000d59bdc48}> (0x00000000d59bdc48) 
thrown [s\src\hotspot\share\prims\jni.cpp, line 520]
Event: 16.818 Thread 0x000002b30d714850 Exception <a 'java/io/FileNotFoundException'{0x00000000d59bec40}> (0x00000000d59bec40) 
thrown [s\src\hotspot\share\prims\jni.cpp, line 520]
Event: 16.949 Thread 0x000002b30d710d40 Exception <a 'java/lang/NoSuchMethodError'{0x00000000d5db71b8}: 'java.lang.Object java.lang.invoke.DirectMethodHandle$Holder.newInvokeSpecial(java.lang.Object, java.lang.Object, int, int, java.lang.Object)'> (0x00000000d5db71b8) 
thrown [s\src\hotspot\share\interpreter\linkResolver.cpp, line 773]
Event: 17.023 Thread 0x000002b30d710d40 Exception <a 'sun/nio/fs/WindowsException'{0x00000000d5dd2800}> (0x00000000d5dd2800) 
thrown [s\src\hotspot\share\prims\jni.cpp, line 520]
Event: 17.024 Thread 0x000002b3115346b0 Exception <a 'sun/nio/fs/WindowsException'{0x00000000d60118f8}> (0x00000000d60118f8) 
thrown [s\src\hotspot\share\prims\jni.cpp, line 520]
Event: 17.024 Thread 0x000002b311536780 Exception <a 'sun/nio/fs/WindowsException'{0x00000000d6019708}> (0x00000000d6019708) 
thrown [s\src\hotspot\share\prims\jni.cpp, line 520]
Event: 17.025 Thread 0x000002b311539570 Exception <a 'sun/nio/fs/WindowsException'{0x00000000d60214f8}> (0x00000000d60214f8) 
thrown [s\src\hotspot\share\prims\jni.cpp, line 520]
Event: 17.026 Thread 0x000002b311539c00 Exception <a 'sun/nio/fs/WindowsException'{0x00000000d6029338}> (0x00000000d6029338) 
thrown [s\src\hotspot\share\prims\jni.cpp, line 520]
Event: 17.089 Thread 0x000002b30d710d40 Exception <a 'sun/nio/fs/WindowsException'{0x00000000d60a4b38}> (0x00000000d60a4b38) 
thrown [s\src\hotspot\share\prims\jni.cpp, line 520]
Event: 17.089 Thread 0x000002b30d710d40 Exception <a 'sun/nio/fs/WindowsException'{0x00000000d60a5338}> (0x00000000d60a5338) 
thrown [s\src\hotspot\share\prims\jni.cpp, line 520]
Event: 17.608 Thread 0x000002b311535a60 Exception <a 'java/lang/IncompatibleClassChangeError'{0x00000000d5f7c678}: Found class java.lang.Object, but interface was expected> (0x00000000d5f7c678) 
thrown [s\src\hotspot\share\interpreter\linkResolver.cpp, line 840]
Event: 18.498 Thread 0x000002b30d715570 Implicit null exception at 0x000002b2ba837ee9 to 0x000002b2ba838108
Event: 22.733 Thread 0x000002b30d715570 Implicit null exception at 0x000002b2ba95f920 to 0x000002b2ba963fac

ZGC Phase Switch (0 events):
No events

VM Operations (20 events):
Event: 20.939 Executing safepoint VM operation: ParallelGCFailedAllocation (Allocation Failure) done
Event: 20.975 Executing safepoint VM operation: ParallelGCFailedAllocation (Allocation Failure)
Event: 20.978 Executing safepoint VM operation: ParallelGCFailedAllocation (Allocation Failure) done
Event: 21.025 Executing safepoint VM operation: ParallelGCFailedAllocation (Allocation Failure)
Event: 21.029 Executing safepoint VM operation: ParallelGCFailedAllocation (Allocation Failure) done
Event: 21.073 Executing safepoint VM operation: ParallelGCFailedAllocation (Allocation Failure)
Event: 21.075 Executing safepoint VM operation: ParallelGCFailedAllocation (Allocation Failure) done
Event: 21.117 Executing safepoint VM operation: ParallelGCFailedAllocation (Allocation Failure)
Event: 21.119 Executing safepoint VM operation: ParallelGCFailedAllocation (Allocation Failure) done
Event: 21.168 Executing safepoint VM operation: ParallelGCFailedAllocation (Allocation Failure)
Event: 21.171 Executing safepoint VM operation: ParallelGCFailedAllocation (Allocation Failure) done
Event: 21.226 Executing safepoint VM operation: ParallelGCFailedAllocation (Allocation Failure)
Event: 21.229 Executing safepoint VM operation: ParallelGCFailedAllocation (Allocation Failure) done
Event: 21.292 Executing safepoint VM operation: ParallelGCFailedAllocation (Allocation Failure)
Event: 21.295 Executing safepoint VM operation: ParallelGCFailedAllocation (Allocation Failure) done
Event: 21.342 Executing safepoint VM operation: ParallelGCFailedAllocation (Allocation Failure)
Event: 21.345 Executing safepoint VM operation: ParallelGCFailedAllocation (Allocation Failure) done
Event: 21.410 Executing safepoint VM operation: ParallelGCFailedAllocation (Allocation Failure)
Event: 22.722 Executing safepoint VM operation: ParallelGCFailedAllocation (Allocation Failure) done
Event: 22.746 Executing safepoint VM operation: ParallelGCFailedAllocation (Allocation Failure)

Memory protections (0 events):
No events

Nmethod flushes (20 events):
Event: 16.630 Thread 0x000002b2c61f0e10 flushing  nmethod 0x000002b2b330ae10
Event: 16.630 Thread 0x000002b2c61f0e10 flushing  nmethod 0x000002b2b330c090
Event: 16.630 Thread 0x000002b2c61f0e10 flushing  nmethod 0x000002b2b3330610
Event: 16.630 Thread 0x000002b2c61f0e10 flushing  nmethod 0x000002b2b3347c10
Event: 16.630 Thread 0x000002b2c61f0e10 flushing  nmethod 0x000002b2b3355690
Event: 16.630 Thread 0x000002b2c61f0e10 flushing  nmethod 0x000002b2b335b690
Event: 16.630 Thread 0x000002b2c61f0e10 flushing  nmethod 0x000002b2b335ba10
Event: 16.630 Thread 0x000002b2c61f0e10 flushing  nmethod 0x000002b2b335cc10
Event: 16.630 Thread 0x000002b2c61f0e10 flushing  nmethod 0x000002b2b335e190
Event: 16.630 Thread 0x000002b2c61f0e10 flushing  nmethod 0x000002b2b336e890
Event: 16.630 Thread 0x000002b2c61f0e10 flushing  nmethod 0x000002b2b337d310
Event: 16.630 Thread 0x000002b2c61f0e10 flushing  nmethod 0x000002b2b337d890
Event: 16.630 Thread 0x000002b2c61f0e10 flushing  nmethod 0x000002b2b337dd10
Event: 16.630 Thread 0x000002b2c61f0e10 flushing  nmethod 0x000002b2b337e290
Event: 16.630 Thread 0x000002b2c61f0e10 flushing  nmethod 0x000002b2b3381190
Event: 16.630 Thread 0x000002b2c61f0e10 flushing  nmethod 0x000002b2b3381a10
Event: 16.630 Thread 0x000002b2c61f0e10 flushing  nmethod 0x000002b2b3381f10
Event: 16.630 Thread 0x000002b2c61f0e10 flushing  nmethod 0x000002b2b3382710
Event: 16.630 Thread 0x000002b2c61f0e10 flushing  nmethod 0x000002b2b339d990
Event: 16.630 Thread 0x000002b2c61f0e10 flushing osr nmethod 0x000002b2b33a0810

Events (20 events):
Event: 15.029 Thread 0x000002b311536780 Thread added: 0x000002b311539570
Event: 15.030 Thread 0x000002b3115346b0 Thread added: 0x000002b311539c00
Event: 15.031 Thread 0x000002b311539570 Thread added: 0x000002b3115381c0
Event: 15.032 Thread 0x000002b311539c00 Thread added: 0x000002b31153a290
Event: 15.032 Thread 0x000002b311539c00 Thread added: 0x000002b31153a920
Event: 15.032 Thread 0x000002b311539c00 Thread added: 0x000002b31153afb0
Event: 15.108 Thread 0x000002b30d710d40 Thread added: 0x000002b31153b640
Event: 15.108 Thread 0x000002b30d710d40 Thread added: 0x000002b311538850
Event: 15.159 Thread 0x000002b311534020 Thread exited: 0x000002b311534020
Event: 15.171 Thread 0x000002b30d717640 Thread added: 0x000002b311534020
Event: 16.834 Thread 0x000002b30d710d40 Thread added: 0x000002b311538ee0
Event: 16.951 Thread 0x000002b30d710d40 Thread added: 0x000002b30d7141c0
Event: 17.017 Thread 0x000002b30d710d40 Thread added: 0x000002b30e0bae50
Event: 17.049 Thread 0x000002b30d710d40 Thread added: 0x000002b30e0ba7c0
Event: 17.085 Thread 0x000002b30d710d40 Thread added: 0x000002b30e0b8d80
Event: 17.291 Thread 0x000002b30d717640 Thread added: 0x000002b30e0b8060
Event: 17.306 Thread 0x000002b30d717640 Thread added: 0x000002b30e0b86f0
Event: 17.412 Thread 0x000002b30e0b86f0 Thread exited: 0x000002b30e0b86f0
Event: 17.415 Thread 0x000002b30d717640 Thread added: 0x000002b30e0ba130
Event: 17.421 Thread 0x000002b30d717640 Thread added: 0x000002b30e0b86f0


Dynamic libraries:
0x00007ff71b7c0000 - 0x00007ff71b7ce000 	c:\Users\DELL\.vscode\extensions\redhat.java-1.54.0-win32-x64\jre\21.0.10-win32-x86_64\bin\java.exe
0x00007ffc02c40000 - 0x00007ffc02ea6000 	C:\WINDOWS\SYSTEM32\ntdll.dll
0x00007ffc01b70000 - 0x00007ffc01c39000 	C:\WINDOWS\System32\KERNEL32.DLL
0x00007ffbffed0000 - 0x00007ffc002ca000 	C:\WINDOWS\System32\KERNELBASE.dll
0x00007ffbf9be0000 - 0x00007ffbf9c80000 	C:\WINDOWS\SYSTEM32\apphelp.dll
0x00007ffc00450000 - 0x00007ffc0059c000 	C:\WINDOWS\System32\ucrtbase.dll
0x00007ffbefb20000 - 0x00007ffbefb38000 	c:\Users\DELL\.vscode\extensions\redhat.java-1.54.0-win32-x64\jre\21.0.10-win32-x86_64\bin\jli.dll
0x00007ffbefb00000 - 0x00007ffbefb1e000 	c:\Users\DELL\.vscode\extensions\redhat.java-1.54.0-win32-x64\jre\21.0.10-win32-x86_64\bin\VCRUNTIME140.dll
0x00007ffc00cb0000 - 0x00007ffc00e77000 	C:\WINDOWS\System32\USER32.dll
0x00007ffc00390000 - 0x00007ffc003b7000 	C:\WINDOWS\System32\win32u.dll
0x00007ffbeaaf0000 - 0x00007ffbead82000 	C:\WINDOWS\WinSxS\amd64_microsoft.windows.common-controls_6595b64144ccf1df_6.0.26100.8521_none_3e08b75ce33403b3\COMCTL32.dll
0x00007ffc00c80000 - 0x00007ffc00cab000 	C:\WINDOWS\System32\GDI32.dll
0x00007ffc020f0000 - 0x00007ffc02199000 	C:\WINDOWS\System32\msvcrt.dll
0x00007ffc00880000 - 0x00007ffc009ab000 	C:\WINDOWS\System32\gdi32full.dll
0x00007ffc007d0000 - 0x00007ffc00873000 	C:\WINDOWS\System32\msvcp_win.dll
0x00007ffc00aa0000 - 0x00007ffc00ad2000 	C:\WINDOWS\System32\IMM32.DLL
0x00007ffbf7680000 - 0x00007ffbf768c000 	c:\Users\DELL\.vscode\extensions\redhat.java-1.54.0-win32-x64\jre\21.0.10-win32-x86_64\bin\vcruntime140_1.dll
0x00007ffbeb300000 - 0x00007ffbeb38d000 	c:\Users\DELL\.vscode\extensions\redhat.java-1.54.0-win32-x64\jre\21.0.10-win32-x86_64\bin\msvcp140.dll
0x00007ffb7ee60000 - 0x00007ffb7fc01000 	c:\Users\DELL\.vscode\extensions\redhat.java-1.54.0-win32-x64\jre\21.0.10-win32-x86_64\bin\server\jvm.dll
0x00007ffc01070000 - 0x00007ffc01126000 	C:\WINDOWS\System32\ADVAPI32.dll
0x00007ffc021b0000 - 0x00007ffc0225a000 	C:\WINDOWS\System32\sechost.dll
0x00007ffc026f0000 - 0x00007ffc02808000 	C:\WINDOWS\System32\RPCRT4.dll
0x00007ffc02b00000 - 0x00007ffc02b80000 	C:\WINDOWS\System32\WS2_32.dll
0x00007ffbeade0000 - 0x00007ffbeae16000 	C:\WINDOWS\SYSTEM32\WINMM.dll
0x00007ffbf3d00000 - 0x00007ffbf3d0b000 	C:\WINDOWS\SYSTEM32\VERSION.dll
0x00007ffbffd30000 - 0x00007ffbffd8e000 	C:\WINDOWS\SYSTEM32\POWRPROF.dll
0x00007ffbffd10000 - 0x00007ffbffd24000 	C:\WINDOWS\SYSTEM32\UMPDC.dll
0x00007ffbfec60000 - 0x00007ffbfec7b000 	C:\WINDOWS\SYSTEM32\kernel.appcore.dll
0x00007ffbf7650000 - 0x00007ffbf765a000 	c:\Users\DELL\.vscode\extensions\redhat.java-1.54.0-win32-x64\jre\21.0.10-win32-x86_64\bin\jimage.dll
0x00007ffbfd530000 - 0x00007ffbfd772000 	C:\WINDOWS\SYSTEM32\DBGHELP.DLL
0x00007ffc01d40000 - 0x00007ffc020c3000 	C:\WINDOWS\System32\combase.dll
0x00007ffc02810000 - 0x00007ffc028e9000 	C:\WINDOWS\System32\OLEAUT32.dll
0x00007ffbceb90000 - 0x00007ffbcebcb000 	C:\WINDOWS\SYSTEM32\dbgcore.DLL
0x00007ffc00720000 - 0x00007ffc007c8000 	C:\WINDOWS\System32\bcryptPrimitives.dll
0x00007ffbed1c0000 - 0x00007ffbed1cf000 	c:\Users\DELL\.vscode\extensions\redhat.java-1.54.0-win32-x64\jre\21.0.10-win32-x86_64\bin\instrument.dll
0x00007ffbefae0000 - 0x00007ffbefb00000 	c:\Users\DELL\.vscode\extensions\redhat.java-1.54.0-win32-x64\jre\21.0.10-win32-x86_64\bin\java.dll
0x00007ffc01130000 - 0x00007ffc018b4000 	C:\WINDOWS\System32\SHELL32.dll
0x00007ffbfdab0000 - 0x00007ffbfe330000 	C:\WINDOWS\SYSTEM32\windows.storage.dll
0x00007ffc01a20000 - 0x00007ffc01b16000 	C:\WINDOWS\System32\SHCORE.dll
0x00007ffc02b90000 - 0x00007ffc02bf7000 	C:\WINDOWS\System32\shlwapi.dll
0x00007ffbffdf0000 - 0x00007ffbffe19000 	C:\WINDOWS\SYSTEM32\profapi.dll
0x00007ffbefac0000 - 0x00007ffbefad8000 	c:\Users\DELL\.vscode\extensions\redhat.java-1.54.0-win32-x64\jre\21.0.10-win32-x86_64\bin\zip.dll
0x00007ffbf7630000 - 0x00007ffbf7640000 	C:\Users\DELL\.vscode\extensions\redhat.java-1.54.0-win32-x64\jre\21.0.10-win32-x86_64\bin\net.dll
0x00007ffbf64e0000 - 0x00007ffbf6609000 	C:\WINDOWS\SYSTEM32\WINHTTP.dll
0x00007ffbff1d0000 - 0x00007ffbff23c000 	C:\WINDOWS\system32\mswsock.dll
0x00007ffbef7b0000 - 0x00007ffbef7c6000 	C:\Users\DELL\.vscode\extensions\redhat.java-1.54.0-win32-x64\jre\21.0.10-win32-x86_64\bin\nio.dll
0x00007ffbed1b0000 - 0x00007ffbed1c0000 	c:\Users\DELL\.vscode\extensions\redhat.java-1.54.0-win32-x64\jre\21.0.10-win32-x86_64\bin\verify.dll
0x00007ffbed2b0000 - 0x00007ffbed2f5000 	C:\Users\DELL\AppData\Roaming\Code\User\globalStorage\redhat.java\1.54.0\config_win\org.eclipse.equinox.launcher\org.eclipse.equinox.launcher.win32.win32.x86_64_1.3.0.v20260203-2149\eclipse_11919.dll
0x00007ffc00ae0000 - 0x00007ffc00c78000 	C:\WINDOWS\System32\ole32.dll
0x00007ffbff4b0000 - 0x00007ffbff4cb000 	C:\WINDOWS\SYSTEM32\CRYPTSP.dll
0x00007ffbfebc0000 - 0x00007ffbfebf9000 	C:\WINDOWS\system32\rsaenh.dll
0x00007ffbff280000 - 0x00007ffbff2b3000 	C:\WINDOWS\SYSTEM32\USERENV.dll
0x00007ffbffdc0000 - 0x00007ffbffdea000 	C:\WINDOWS\SYSTEM32\bcrypt.dll
0x00007ffbff4d0000 - 0x00007ffbff4dc000 	C:\WINDOWS\SYSTEM32\CRYPTBASE.dll
0x00007ffbfe660000 - 0x00007ffbfe693000 	C:\WINDOWS\SYSTEM32\IPHLPAPI.DLL
0x00007ffc020e0000 - 0x00007ffc020ea000 	C:\WINDOWS\System32\NSI.dll
0x00007ffbe5de0000 - 0x00007ffbe5e29000 	C:\Users\DELL\AppData\Local\Temp\jna-2094529\jna8176077053810012967.dll
0x00007ffc021a0000 - 0x00007ffc021a8000 	C:\WINDOWS\System32\PSAPI.DLL
0x00007ffbf6b90000 - 0x00007ffbf6bad000 	C:\WINDOWS\SYSTEM32\dhcpcsvc6.DLL
0x00007ffbf6950000 - 0x00007ffbf6975000 	C:\WINDOWS\SYSTEM32\dhcpcsvc.DLL
0x00007ffbeb2d0000 - 0x00007ffbeb2f7000 	C:\Users\DELL\.gradle\native\660c5614fbf4a5f2a75b1949f50a0caf5cd603558e7d8a26e50b933a0cfb79d1\windows-amd64\native-platform.dll
0x00007ffbecfc0000 - 0x00007ffbecfca000 	C:\Users\DELL\.vscode\extensions\redhat.java-1.54.0-win32-x64\jre\21.0.10-win32-x86_64\bin\management.dll
0x00007ffbecdc0000 - 0x00007ffbecdcc000 	C:\Users\DELL\.vscode\extensions\redhat.java-1.54.0-win32-x64\jre\21.0.10-win32-x86_64\bin\management_ext.dll

JVMTI agents:
c:\Users\DELL\.vscode\extensions\redhat.java-1.54.0-win32-x64\lombok\lombok-1.18.39-4050.jar path:c:\Users\DELL\.vscode\extensions\redhat.java-1.54.0-win32-x64\jre\21.0.10-win32-x86_64\bin\instrument.dll, loaded, initialized, instrumentlib options:none

dbghelp: loaded successfully - version: 4.0.5 - missing functions: none
symbol engine: initialized successfully - sym options: 0x614 - pdb path: .;c:\Users\DELL\.vscode\extensions\redhat.java-1.54.0-win32-x64\jre\21.0.10-win32-x86_64\bin;C:\WINDOWS\SYSTEM32;C:\WINDOWS\WinSxS\amd64_microsoft.windows.common-controls_6595b64144ccf1df_6.0.26100.8521_none_3e08b75ce33403b3;c:\Users\DELL\.vscode\extensions\redhat.java-1.54.0-win32-x64\jre\21.0.10-win32-x86_64\bin\server;C:\Users\DELL\AppData\Roaming\Code\User\globalStorage\redhat.java\1.54.0\config_win\org.eclipse.equinox.launcher\org.eclipse.equinox.launcher.win32.win32.x86_64_1.3.0.v20260203-2149;C:\Users\DELL\AppData\Local\Temp\jna-2094529;C:\Users\DELL\.gradle\native\660c5614fbf4a5f2a75b1949f50a0caf5cd603558e7d8a26e50b933a0cfb79d1\windows-amd64

VM Arguments:
jvm_args: --add-modules=ALL-SYSTEM --add-opens=java.base/java.util=ALL-UNNAMED --add-opens=java.base/java.lang=ALL-UNNAMED --add-opens=java.base/sun.nio.fs=ALL-UNNAMED -Declipse.application=org.eclipse.jdt.ls.core.id1 -Dosgi.bundles.defaultStartLevel=4 -Declipse.product=org.eclipse.jdt.ls.core.product -Djava.import.generatesMetadataFilesAtProjectRoot=false -DDetectVMInstallationsJob.disabled=true -Dfile.encoding=utf8 -XX:+UseParallelGC -XX:GCTimeRatio=4 -XX:AdaptiveSizePolicyWeight=90 -Dsun.zip.disableMemoryMapping=true -Xmx2G -Xms100m -Xlog:disable -javaagent:c:\Users\DELL\.vscode\extensions\redhat.java-1.54.0-win32-x64\lombok\lombok-1.18.39-4050.jar -XX:+HeapDumpOnOutOfMemoryError -XX:HeapDumpPath=c:\Users\DELL\AppData\Roaming\Code\User\workspaceStorage\ed950ca12d2dff36b27a4ad597b79735\redhat.java -Daether.dependencyCollector.impl=bf 
java_command: c:\Users\DELL\.vscode\extensions\redhat.java-1.54.0-win32-x64\server\plugins\org.eclipse.equinox.launcher_1.7.100.v20251111-0406.jar -configuration c:\Users\DELL\AppData\Roaming\Code\User\globalStorage\redhat.java\1.54.0\config_win -data c:\Users\DELL\AppData\Roaming\Code\User\workspaceStorage\ed950ca12d2dff36b27a4ad597b79735\redhat.java\jdt_ws --pipe=\\.\pipe\lsp-ec048b026cd729c96c68446089ce17e1-sock
java_class_path (initial): c:\Users\DELL\.vscode\extensions\redhat.java-1.54.0-win32-x64\server\plugins\org.eclipse.equinox.launcher_1.7.100.v20251111-0406.jar
Launcher Type: SUN_STANDARD

[Global flags]
    uintx AdaptiveSizePolicyWeight                 = 90                                        {product} {command line}
     intx CICompilerCount                          = 4                                         {product} {ergonomic}
    uintx GCTimeRatio                              = 4                                         {product} {command line}
     bool HeapDumpOnOutOfMemoryError               = true                                   {manageable} {command line}
    ccstr HeapDumpPath                             = c:\Users\DELL\AppData\Roaming\Code\User\workspaceStorage\ed950ca12d2dff36b27a4ad597b79735\redhat.java         {manageable} {command line}
   size_t InitialHeapSize                          = 104857600                                 {product} {command line}
   size_t MaxHeapSize                              = 2147483648                                {product} {command line}
   size_t MaxNewSize                               = 715653120                                 {product} {ergonomic}
   size_t MinHeapDeltaBytes                        = 524288                                    {product} {ergonomic}
   size_t MinHeapSize                              = 104857600                                 {product} {command line}
   size_t NewSize                                  = 34603008                                  {product} {ergonomic}
    uintx NonNMethodCodeHeapSize                   = 5839372                                {pd product} {ergonomic}
    uintx NonProfiledCodeHeapSize                  = 122909434                              {pd product} {ergonomic}
   size_t OldSize                                  = 70254592                                  {product} {ergonomic}
    uintx ProfiledCodeHeapSize                     = 122909434                              {pd product} {ergonomic}
    uintx ReservedCodeCacheSize                    = 251658240                              {pd product} {ergonomic}
     bool SegmentedCodeCache                       = true                                      {product} {ergonomic}
   size_t SoftMaxHeapSize                          = 2147483648                             {manageable} {ergonomic}
     bool UseCompressedOops                        = true                           {product lp64_product} {ergonomic}
     bool UseLargePagesIndividualAllocation        = false                                  {pd product} {ergonomic}
     bool UseParallelGC                            = true                                      {product} {command line}

Logging:
Log output configuration:
 #0: stdout all=off uptime,level,tags foldmultilines=false
 #1: stderr all=off uptime,level,tags foldmultilines=false

Release file:
JAVA_VERSION="21.0.10" 
MODULES="java.base java.compiler java.datatransfer java.xml java.prefs java.desktop java.instrument java.logging java.management java.security.sasl java.naming java.rmi java.management.rmi java.net.http java.scripting java.security.jgss java.transaction.xa java.sql java.sql.rowset java.xml.crypto java.se java.smartcardio jdk.accessibility jdk.internal.jvmstat jdk.attach jdk.charsets jdk.internal.opt jdk.zipfs jdk.compiler jdk.crypto.ec jdk.crypto.cryptoki jdk.crypto.mscapi jdk.dynalink jdk.internal.ed jdk.editpad jdk.hotspot.agent jdk.httpserver jdk.internal.le jdk.internal.vm.ci jdk.internal.vm.compiler jdk.internal.vm.compiler.management jdk.jartool jdk.javadoc jdk.jcmd jdk.management jdk.management.agent jdk.jconsole jdk.jdeps jdk.jdwp.agent jdk.jdi jdk.jfr jdk.jshell jdk.jsobject jdk.jstatd jdk.localedata jdk.management.jfr jdk.naming.dns jdk.naming.rmi jdk.net jdk.nio.mapmode jdk.random jdk.sctp jdk.security.auth jdk.security.jgss jdk.unsupported jdk.unsupported.desktop jdk.xml.dom" 

Environment Variables:
JAVA_HOME=C:\Users\DELL\AppData\Local\Programs\Eclipse Adoptium\jdk-17.0.19.10-hotspot\
PATH=C:\app\DELL\product\21c\dbhomeXE\bin;C:\Program Files\Common Files\Oracle\Java\javapath;C:\Program Files (x86)\Common Files\Oracle\Java\javapath;C:\WINDOWS\system32;C:\WINDOWS;C:\WINDOWS\System32\Wbem;C:\WINDOWS\System32\WindowsPowerShell\v1.0\;C:\WINDOWS\System32\OpenSSH\;C:\Program Files\dotnet\;C:\Program Files\Java\jdk-17\bin;C:\Program Files\MATLAB\R2025b\bin;C:\Program Files\Git\cmd;C:\Program Files\nodejs\;C:\Users\DELL\AppData\Local\Programs\Eclipse Adoptium\jdk-17.0.19.10-hotspot\bin;C:\Users\DELL\AppData\Local\pnpm\bin;C:\Users\DELL\AppData\Local\Programs\Eclipse Adoptium\jdk-21.0.4.7-hotspot\bin;C:\Users\DELL\AppData\Local\Microsoft\WindowsApps;C:\Users\DELL\AppData\Local\Programs\Microsoft VS Code\bin;C:\Users\DELL\AppData\Roaming\npm
USERNAME=DELL
OS=Windows_NT
PROCESSOR_IDENTIFIER=Intel64 Family 6 Model 142 Stepping 12, GenuineIntel
TMP=C:\Users\DELL\AppData\Local\Temp
TEMP=C:\Users\DELL\AppData\Local\Temp




Periodic native trim disabled

---------------  S Y S T E M  ---------------

OS:
 Windows 11 , 64 bit Build 26100 (10.0.26100.8521)
OS uptime: 0 days 1:08 hours

CPU: total 8 (initial active 8) (4 cores per cpu, 2 threads per core) family 6 model 142 stepping 12 microcode 0xde, cx8, cmov, fxsr, ht, mmx, 3dnowpref, sse, sse2, sse3, ssse3, sse4.1, sse4.2, popcnt, lzcnt, tsc, tscinvbit, avx, avx2, aes, erms, clmul, bmi1, bmi2, adx, fma, vzeroupper, clflush, clflushopt, rdtscp, f16c
Processor Information for the first 8 processors :
  Max Mhz: 2112, Current Mhz: 1609, Mhz Limit: 1605

Memory: 4k page, system-wide physical 7976M (931M free)
TotalPageFile size 12072M (AvailPageFile size 0M)
current process WorkingSet (physical memory assigned to process): 402M, peak: 402M
current process commit charge ("private bytes"): 443M, peak: 446M

vm_info: OpenJDK 64-Bit Server VM (21.0.10+7-LTS) for windows-amd64 JRE (21.0.10+7-LTS), built on 2026-01-20T00:00:00Z by "admin" with MS VC++ 17.12 (VS2022)

END.
