#
# There is insufficient memory for the Java Runtime Environment to continue.
# Native memory allocation (malloc) failed to allocate 3796432 bytes. Error detail: Chunk::new
# Possible reasons:
#   The system is out of physical RAM or swap space
#   This process is running with CompressedOops enabled, and the Java Heap may be blocking the growth of the native heap
# Possible solutions:
#   Reduce memory load on the system
#   Increase physical memory or swap space
#   Check if swap backing store is full
#   Decrease Java heap size (-Xmx/-Xms)
#   Decrease number of Java threads
#   Decrease Java thread stack sizes (-Xss)
#   Set larger code cache with -XX:ReservedCodeCacheSize=
#   JVM is running with Unscaled Compressed Oops mode in which the Java heap is
#     placed in the first 4GB address space. The Java Heap base address is the
#     maximum limit for the native heap growth. Please use -XX:HeapBaseMinAddress
#     to set the Java Heap base and to place the Java Heap above 4GB virtual address.
# This output file may be truncated or incomplete.
#
#  Out of Memory Error (arena.cpp:162), pid=16292, tid=5668
#
# JRE version: Java(TM) SE Runtime Environment (24.0.1+9) (build 24.0.1+9-30)
# Java VM: Java HotSpot(TM) 64-Bit Server VM (24.0.1+9-30, mixed mode, sharing, tiered, compressed oops, compressed class ptrs, g1 gc, windows-amd64)
# No core dump will be written. Minidumps are not enabled by default on client versions of Windows
#

---------------  S U M M A R Y ------------

Command Line: -Xmx64m -Xms64m -Dorg.gradle.appname=gradlew C:\Users\DELL\OneDrive\Pictures\Saved Pictures\Cris\Spring-Boot\fundamentos01\\gradle\wrapper\gradle-wrapper.jar bootRun

Host: Intel(R) Core(TM) i5-10210U CPU @ 1.60GHz, 8 cores, 7G,  Windows 11 , 64 bit Build 26100 (10.0.26100.8521)
Time: Fri Jun 12 08:55:05 2026 Hora est. Pacífico, Sudamérica elapsed time: 0.793261 seconds (0d 0h 0m 0s)

---------------  T H R E A D  ---------------

Current thread (0x000001c559ac9750):  JavaThread "C2 CompilerThread0" daemon [_thread_in_native, id=5668, stack(0x00000071a1600000,0x00000071a1700000) (1024K)]


Current CompileTask:
C2:793 1011 % !   4       java.util.zip.ZipFile$Source::initCEN @ 276 (616 bytes)

Stack: [0x00000071a1600000,0x00000071a1700000]
Native frames: (J=compiled Java code, j=interpreted, Vv=VM code, C=native code)
V  [jvm.dll+0x730739]  (no source info available)
V  [jvm.dll+0x8d9b23]  (no source info available)
V  [jvm.dll+0x8dc00d]  (no source info available)
V  [jvm.dll+0x8dc683]  (no source info available)
V  [jvm.dll+0x2aa086]  (no source info available)
V  [jvm.dll+0xcedef]  (no source info available)
V  [jvm.dll+0xcf04f]  (no source info available)
V  [jvm.dll+0x154d83]  (no source info available)
V  [jvm.dll+0x735f5f]  (no source info available)
V  [jvm.dll+0x26fa1c]  (no source info available)
V  [jvm.dll+0x26ea3f]  (no source info available)
V  [jvm.dll+0x1e9d60]  (no source info available)
V  [jvm.dll+0x27e1fb]  (no source info available)
V  [jvm.dll+0x27c49a]  (no source info available)
V  [jvm.dll+0x42f456]  (no source info available)
V  [jvm.dll+0x87d76b]  (no source info available)
V  [jvm.dll+0x72ee55]  (no source info available)
C  [ucrtbase.dll+0x2cd30]  (no source info available)
C  [KERNEL32.DLL+0x2e957]  (no source info available)
C  [ntdll.dll+0x87c1c]  (no source info available)

Lock stack of current Java thread (top to bottom):


---------------  P R O C E S S  ---------------

Threads class SMR info:
_java_thread_list=0x000001c59f0f5370, length=12, elements={
0x000001c53d02f640, 0x000001c559aaed50, 0x000001c559ab14a0, 0x000001c559ab8080,
0x000001c559ab8bb0, 0x000001c559ab9e80, 0x000001c559abaae0, 0x000001c559ac9750,
0x000001c559ad47f0, 0x000001c559b1a210, 0x000001c559b3fb70, 0x000001c59f2d31d0
}

Java Threads: ( => current thread )
  0x000001c53d02f640 JavaThread "main"                              [_thread_in_vm, id=11636, stack(0x00000071a0800000,0x00000071a0900000) (1024K)]
  0x000001c559aaed50 JavaThread "Reference Handler"          daemon [_thread_blocked, id=14272, stack(0x00000071a1000000,0x00000071a1100000) (1024K)]
  0x000001c559ab14a0 JavaThread "Finalizer"                  daemon [_thread_blocked, id=9748, stack(0x00000071a1100000,0x00000071a1200000) (1024K)]
  0x000001c559ab8080 JavaThread "Signal Dispatcher"          daemon [_thread_blocked, id=9756, stack(0x00000071a1200000,0x00000071a1300000) (1024K)]
  0x000001c559ab8bb0 JavaThread "Attach Listener"            daemon [_thread_blocked, id=3660, stack(0x00000071a1300000,0x00000071a1400000) (1024K)]
  0x000001c559ab9e80 JavaThread "Service Thread"             daemon [_thread_blocked, id=8632, stack(0x00000071a1400000,0x00000071a1500000) (1024K)]
  0x000001c559abaae0 JavaThread "Monitor Deflation Thread"   daemon [_thread_blocked, id=10004, stack(0x00000071a1500000,0x00000071a1600000) (1024K)]
=>0x000001c559ac9750 JavaThread "C2 CompilerThread0"         daemon [_thread_in_native, id=5668, stack(0x00000071a1600000,0x00000071a1700000) (1024K)]
  0x000001c559ad47f0 JavaThread "C1 CompilerThread0"         daemon [_thread_blocked, id=3608, stack(0x00000071a1700000,0x00000071a1800000) (1024K)]
  0x000001c559b1a210 JavaThread "Notification Thread"        daemon [_thread_blocked, id=16584, stack(0x00000071a1800000,0x00000071a1900000) (1024K)]
  0x000001c559b3fb70 JavaThread "Common-Cleaner"             daemon [_thread_blocked, id=17252, stack(0x00000071a1900000,0x00000071a1a00000) (1024K)]
  0x000001c59f2d31d0 JavaThread "C2 CompilerThread1"         daemon [_thread_blocked, id=15228, stack(0x00000071a1a00000,0x00000071a1b00000) (1024K)]
Total: 12

Other Threads:
  0x000001c559aa0ff0 VMThread "VM Thread"                           [id=3452, stack(0x00000071a0f00000,0x00000071a1000000) (1024K)]
  0x000001c559a9db50 WatcherThread "VM Periodic Task Thread"        [id=17504, stack(0x00000071a0e00000,0x00000071a0f00000) (1024K)]
  0x000001c53f4360f0 WorkerThread "GC Thread#0"                     [id=10576, stack(0x00000071a0900000,0x00000071a0a00000) (1024K)]
  0x000001c53f4391e0 ConcurrentGCThread "G1 Main Marker"            [id=7292, stack(0x00000071a0a00000,0x00000071a0b00000) (1024K)]
  0x000001c53f439cf0 WorkerThread "G1 Conc#0"                       [id=13212, stack(0x00000071a0b00000,0x00000071a0c00000) (1024K)]
  0x000001c53f4a9190 ConcurrentGCThread "G1 Refine#0"               [id=4280, stack(0x00000071a0c00000,0x00000071a0d00000) (1024K)]
  0x000001c53f4aad20 ConcurrentGCThread "G1 Service"                [id=3376, stack(0x00000071a0d00000,0x00000071a0e00000) (1024K)]
Total: 7

Threads with active compile tasks:
C2 CompilerThread0  859 1011 % !   4       java.util.zip.ZipFile$Source::initCEN @ 276 (616 bytes)
Total: 1

VM state: not at safepoint (normal execution)

VM Mutex/Monitor currently owned by a thread:  ([mutex/lock_event])
[0x00007ff88c2224b0] Metaspace_lock - owner thread: 0x000001c53d02f640

Heap address: 0x00000000fc000000, size: 64 MB, Compressed Oops mode: 32-bit

CDS archive(s) mapped at: [0x000001c55a000000-0x000001c55ad40000-0x000001c55ad40000), size 13893632, SharedBaseAddress: 0x000001c55a000000, ArchiveRelocationMode: 1.
Compressed class space mapped at: 0x000001c55b000000-0x000001c59b000000, reserved size: 1073741824
UseCompressedClassPointers 1, UseCompactObjectHeaders 0
Narrow klass pointer bits 32, Max shift 3
Narrow klass base: 0x000001c55a000000, Narrow klass shift: 0
Encoding Range: [0x000001c55a000000 - 0x000001c65a000000), (4294967296 bytes)
Klass Range:    [0x000001c55a000000 - 0x000001c59b000000), (1090519040 bytes)
Klass ID Range:  [8 - 1090519033) (1090519025)

GC Precious Log:
 CardTable entry size: 512
 Card Set container configuration: InlinePtr #cards 5 size 8 Array Of Cards #cards 10 size 36 Howl #buckets 4 coarsen threshold 1843 Howl Bitmap #cards 512 size 80 coarsen threshold 460 Card regions per heap region 1 cards per card region 2048
 CPUs: 8 total, 8 available
 Memory: 7976M
 Large Page Support: Disabled
 NUMA Support: Disabled
 Compressed Oops: Enabled (32-bit)
 Heap Region Size: 1M
 Heap Min Capacity: 64M
 Heap Initial Capacity: 64M
 Heap Max Capacity: 64M
 Pre-touch: Disabled
 Parallel Workers: 8
 Concurrent Workers: 2
 Concurrent Refinement Workers: 8
 Periodic GC: Disabled

Heap:
 garbage-first heap   total reserved 65536K, committed 65536K, used 28788K [0x00000000fc000000, 0x0000000100000000)
  region size 1024K, 25 young (25600K), 0 survivors (0K)
 Metaspace       used 3732K, committed 3904K, reserved 1114112K
  class space    used 354K, committed 448K, reserved 1048576K

Heap Regions: E=young(eden), S=young(survivor), O=old, HS=humongous(starts), HC=humongous(continues), CS=collection set, F=free, TAMS=top-at-mark-start, PB=parsable bottom
|   0|0x00000000fc000000, 0x00000000fc100000, 0x00000000fc100000|100%|HS|  |TAMS 0x00000000fc000000| PB 0x00000000fc000000| Complete |  0
|   1|0x00000000fc100000, 0x00000000fc200000, 0x00000000fc200000|100%|HC|  |TAMS 0x00000000fc100000| PB 0x00000000fc100000| Complete |  0
|   2|0x00000000fc200000, 0x00000000fc300000, 0x00000000fc300000|100%|HC|  |TAMS 0x00000000fc200000| PB 0x00000000fc200000| Complete |  0
|   3|0x00000000fc300000, 0x00000000fc400000, 0x00000000fc400000|100%|HC|  |TAMS 0x00000000fc300000| PB 0x00000000fc300000| Complete |  0
|   4|0x00000000fc400000, 0x00000000fc400000, 0x00000000fc500000|  0%| F|  |TAMS 0x00000000fc400000| PB 0x00000000fc400000| Untracked |  0
|   5|0x00000000fc500000, 0x00000000fc500000, 0x00000000fc600000|  0%| F|  |TAMS 0x00000000fc500000| PB 0x00000000fc500000| Untracked |  0
|   6|0x00000000fc600000, 0x00000000fc600000, 0x00000000fc700000|  0%| F|  |TAMS 0x00000000fc600000| PB 0x00000000fc600000| Untracked |  0
|   7|0x00000000fc700000, 0x00000000fc700000, 0x00000000fc800000|  0%| F|  |TAMS 0x00000000fc700000| PB 0x00000000fc700000| Untracked |  0
|   8|0x00000000fc800000, 0x00000000fc800000, 0x00000000fc900000|  0%| F|  |TAMS 0x00000000fc800000| PB 0x00000000fc800000| Untracked |  0
|   9|0x00000000fc900000, 0x00000000fc900000, 0x00000000fca00000|  0%| F|  |TAMS 0x00000000fc900000| PB 0x00000000fc900000| Untracked |  0
|  10|0x00000000fca00000, 0x00000000fca00000, 0x00000000fcb00000|  0%| F|  |TAMS 0x00000000fca00000| PB 0x00000000fca00000| Untracked |  0
|  11|0x00000000fcb00000, 0x00000000fcb00000, 0x00000000fcc00000|  0%| F|  |TAMS 0x00000000fcb00000| PB 0x00000000fcb00000| Untracked |  0
|  12|0x00000000fcc00000, 0x00000000fcc00000, 0x00000000fcd00000|  0%| F|  |TAMS 0x00000000fcc00000| PB 0x00000000fcc00000| Untracked |  0
|  13|0x00000000fcd00000, 0x00000000fcd00000, 0x00000000fce00000|  0%| F|  |TAMS 0x00000000fcd00000| PB 0x00000000fcd00000| Untracked |  0
|  14|0x00000000fce00000, 0x00000000fce00000, 0x00000000fcf00000|  0%| F|  |TAMS 0x00000000fce00000| PB 0x00000000fce00000| Untracked |  0
|  15|0x00000000fcf00000, 0x00000000fcf00000, 0x00000000fd000000|  0%| F|  |TAMS 0x00000000fcf00000| PB 0x00000000fcf00000| Untracked |  0
|  16|0x00000000fd000000, 0x00000000fd000000, 0x00000000fd100000|  0%| F|  |TAMS 0x00000000fd000000| PB 0x00000000fd000000| Untracked |  0
|  17|0x00000000fd100000, 0x00000000fd100000, 0x00000000fd200000|  0%| F|  |TAMS 0x00000000fd100000| PB 0x00000000fd100000| Untracked |  0
|  18|0x00000000fd200000, 0x00000000fd200000, 0x00000000fd300000|  0%| F|  |TAMS 0x00000000fd200000| PB 0x00000000fd200000| Untracked |  0
|  19|0x00000000fd300000, 0x00000000fd300000, 0x00000000fd400000|  0%| F|  |TAMS 0x00000000fd300000| PB 0x00000000fd300000| Untracked |  0
|  20|0x00000000fd400000, 0x00000000fd400000, 0x00000000fd500000|  0%| F|  |TAMS 0x00000000fd400000| PB 0x00000000fd400000| Untracked |  0
|  21|0x00000000fd500000, 0x00000000fd500000, 0x00000000fd600000|  0%| F|  |TAMS 0x00000000fd500000| PB 0x00000000fd500000| Untracked |  0
|  22|0x00000000fd600000, 0x00000000fd600000, 0x00000000fd700000|  0%| F|  |TAMS 0x00000000fd600000| PB 0x00000000fd600000| Untracked |  0
|  23|0x00000000fd700000, 0x00000000fd700000, 0x00000000fd800000|  0%| F|  |TAMS 0x00000000fd700000| PB 0x00000000fd700000| Untracked |  0
|  24|0x00000000fd800000, 0x00000000fd800000, 0x00000000fd900000|  0%| F|  |TAMS 0x00000000fd800000| PB 0x00000000fd800000| Untracked |  0
|  25|0x00000000fd900000, 0x00000000fd900000, 0x00000000fda00000|  0%| F|  |TAMS 0x00000000fd900000| PB 0x00000000fd900000| Untracked |  0
|  26|0x00000000fda00000, 0x00000000fda00000, 0x00000000fdb00000|  0%| F|  |TAMS 0x00000000fda00000| PB 0x00000000fda00000| Untracked |  0
|  27|0x00000000fdb00000, 0x00000000fdb00000, 0x00000000fdc00000|  0%| F|  |TAMS 0x00000000fdb00000| PB 0x00000000fdb00000| Untracked |  0
|  28|0x00000000fdc00000, 0x00000000fdc00000, 0x00000000fdd00000|  0%| F|  |TAMS 0x00000000fdc00000| PB 0x00000000fdc00000| Untracked |  0
|  29|0x00000000fdd00000, 0x00000000fdd00000, 0x00000000fde00000|  0%| F|  |TAMS 0x00000000fdd00000| PB 0x00000000fdd00000| Untracked |  0
|  30|0x00000000fde00000, 0x00000000fde00000, 0x00000000fdf00000|  0%| F|  |TAMS 0x00000000fde00000| PB 0x00000000fde00000| Untracked |  0
|  31|0x00000000fdf00000, 0x00000000fdf00000, 0x00000000fe000000|  0%| F|  |TAMS 0x00000000fdf00000| PB 0x00000000fdf00000| Untracked |  0
|  32|0x00000000fe000000, 0x00000000fe000000, 0x00000000fe100000|  0%| F|  |TAMS 0x00000000fe000000| PB 0x00000000fe000000| Untracked |  0
|  33|0x00000000fe100000, 0x00000000fe100000, 0x00000000fe200000|  0%| F|  |TAMS 0x00000000fe100000| PB 0x00000000fe100000| Untracked |  0
|  34|0x00000000fe200000, 0x00000000fe200000, 0x00000000fe300000|  0%| F|  |TAMS 0x00000000fe200000| PB 0x00000000fe200000| Untracked |  0
|  35|0x00000000fe300000, 0x00000000fe300000, 0x00000000fe400000|  0%| F|  |TAMS 0x00000000fe300000| PB 0x00000000fe300000| Untracked |  0
|  36|0x00000000fe400000, 0x00000000fe400000, 0x00000000fe500000|  0%| F|  |TAMS 0x00000000fe400000| PB 0x00000000fe400000| Untracked |  0
|  37|0x00000000fe500000, 0x00000000fe600000, 0x00000000fe600000|100%| E|  |TAMS 0x00000000fe500000| PB 0x00000000fe500000| Complete |  0
|  38|0x00000000fe600000, 0x00000000fe700000, 0x00000000fe700000|100%| E|CS|TAMS 0x00000000fe600000| PB 0x00000000fe600000| Complete |  0
|  39|0x00000000fe700000, 0x00000000fe800000, 0x00000000fe800000|100%| E|CS|TAMS 0x00000000fe700000| PB 0x00000000fe700000| Complete |  0
|  40|0x00000000fe800000, 0x00000000fe900000, 0x00000000fe900000|100%| E|CS|TAMS 0x00000000fe800000| PB 0x00000000fe800000| Complete |  0
|  41|0x00000000fe900000, 0x00000000fea00000, 0x00000000fea00000|100%| E|CS|TAMS 0x00000000fe900000| PB 0x00000000fe900000| Complete |  0
|  42|0x00000000fea00000, 0x00000000feb00000, 0x00000000feb00000|100%| E|CS|TAMS 0x00000000fea00000| PB 0x00000000fea00000| Complete |  0
|  43|0x00000000feb00000, 0x00000000fec00000, 0x00000000fec00000|100%| E|CS|TAMS 0x00000000feb00000| PB 0x00000000feb00000| Complete |  0
|  44|0x00000000fec00000, 0x00000000fed00000, 0x00000000fed00000|100%| E|CS|TAMS 0x00000000fec00000| PB 0x00000000fec00000| Complete |  0
|  45|0x00000000fed00000, 0x00000000fee00000, 0x00000000fee00000|100%| E|CS|TAMS 0x00000000fed00000| PB 0x00000000fed00000| Complete |  0
|  46|0x00000000fee00000, 0x00000000fef00000, 0x00000000fef00000|100%| E|CS|TAMS 0x00000000fee00000| PB 0x00000000fee00000| Complete |  0
|  47|0x00000000fef00000, 0x00000000ff000000, 0x00000000ff000000|100%| E|  |TAMS 0x00000000fef00000| PB 0x00000000fef00000| Complete |  0
|  48|0x00000000ff000000, 0x00000000ff100000, 0x00000000ff100000|100%| E|CS|TAMS 0x00000000ff000000| PB 0x00000000ff000000| Complete |  0
|  49|0x00000000ff100000, 0x00000000ff200000, 0x00000000ff200000|100%| E|CS|TAMS 0x00000000ff100000| PB 0x00000000ff100000| Complete |  0
|  50|0x00000000ff200000, 0x00000000ff300000, 0x00000000ff300000|100%| E|CS|TAMS 0x00000000ff200000| PB 0x00000000ff200000| Complete |  0
|  51|0x00000000ff300000, 0x00000000ff400000, 0x00000000ff400000|100%| E|CS|TAMS 0x00000000ff300000| PB 0x00000000ff300000| Complete |  0
|  52|0x00000000ff400000, 0x00000000ff500000, 0x00000000ff500000|100%| E|CS|TAMS 0x00000000ff400000| PB 0x00000000ff400000| Complete |  0
|  53|0x00000000ff500000, 0x00000000ff600000, 0x00000000ff600000|100%| E|CS|TAMS 0x00000000ff500000| PB 0x00000000ff500000| Complete |  0
|  54|0x00000000ff600000, 0x00000000ff700000, 0x00000000ff700000|100%| E|CS|TAMS 0x00000000ff600000| PB 0x00000000ff600000| Complete |  0
|  55|0x00000000ff700000, 0x00000000ff800000, 0x00000000ff800000|100%| E|CS|TAMS 0x00000000ff700000| PB 0x00000000ff700000| Complete |  0
|  56|0x00000000ff800000, 0x00000000ff900000, 0x00000000ff900000|100%| E|CS|TAMS 0x00000000ff800000| PB 0x00000000ff800000| Complete |  0
|  57|0x00000000ff900000, 0x00000000ffa00000, 0x00000000ffa00000|100%| E|CS|TAMS 0x00000000ff900000| PB 0x00000000ff900000| Complete |  0
|  58|0x00000000ffa00000, 0x00000000ffb00000, 0x00000000ffb00000|100%| E|CS|TAMS 0x00000000ffa00000| PB 0x00000000ffa00000| Complete |  0
|  59|0x00000000ffb00000, 0x00000000ffc00000, 0x00000000ffc00000|100%| E|CS|TAMS 0x00000000ffb00000| PB 0x00000000ffb00000| Complete |  0
|  60|0x00000000ffc00000, 0x00000000ffd00000, 0x00000000ffd00000|100%| E|CS|TAMS 0x00000000ffc00000| PB 0x00000000ffc00000| Complete |  0
|  61|0x00000000ffd00000, 0x00000000ffe00000, 0x00000000ffe00000|100%| E|CS|TAMS 0x00000000ffd00000| PB 0x00000000ffd00000| Complete |  0
|  62|0x00000000ffe00000, 0x00000000fff00000, 0x00000000fff00000|100%| O|  |TAMS 0x00000000ffe00000| PB 0x00000000ffe00000| Untracked |  0
|  63|0x00000000fff00000, 0x00000000fff1d1c0, 0x0000000100000000| 11%| O|  |TAMS 0x00000000fff00000| PB 0x00000000fff00000| Untracked |  0

Card table byte_map: [0x000001c53f350000,0x000001c53f370000] _byte_map_base: 0x000001c53eb70000

Marking Bits: (CMBitMap*) 0x000001c53f436800
 Bits: [0x000001c556ff0000, 0x000001c5570f0000)

Polling page: 0x000001c53d420000

Metaspace:

Usage:
  Non-class:      3.30 MB used.
      Class:    354.02 KB used.
       Both:      3.64 MB used.

Virtual space:
  Non-class space:       64.00 MB reserved,       3.38 MB (  5%) committed,  1 nodes.
      Class space:        1.00 GB reserved,     448.00 KB ( <1%) committed,  1 nodes.
             Both:        1.06 GB reserved,       3.81 MB ( <1%) committed. 

Chunk freelists:
   Non-Class:  10.61 MB
       Class:  15.50 MB
        Both:  26.11 MB

MaxMetaspaceSize: unlimited
CompressedClassSpaceSize: 1.00 GB
Initial GC threshold: 21.00 MB
Current GC threshold: 21.00 MB
CDS: on
 - commit_granule_bytes: 65536.
 - commit_granule_words: 8192.
 - virtual_space_node_default_size: 8388608.
 - enlarge_chunks_in_place: 1.
UseCompressedClassPointers 1, UseCompactObjectHeaders 0
Narrow klass pointer bits 32, Max shift 3
Narrow klass base: 0x000001c55a000000, Narrow klass shift: 0
Encoding Range: [0x000001c55a000000 - 0x000001c65a000000), (4294967296 bytes)
Klass Range:    [0x000001c55a000000 - 0x000001c59b000000), (1090519040 bytes)
Klass ID Range:  [8 - 1090519033) (1090519025)


Internal statistics:

num_allocs_failed_limit: 0.
num_arena_births: 52.
num_arena_deaths: 0.
num_vsnodes_births: 2.
num_vsnodes_deaths: 0.
num_space_committed: 61.
num_space_uncommitted: 0.
num_chunks_returned_to_freelist: 0.
num_chunks_taken_from_freelist: 140.
num_chunk_merges: 0.
num_chunk_splits: 90.
num_chunks_enlarged: 68.
num_inconsistent_stats: 0.

CodeHeap 'non-profiled nmethods': size=120064Kb used=314Kb max_used=314Kb free=119749Kb
 bounds [0x000001c54f780000, 0x000001c54f9f0000, 0x000001c556cc0000]
CodeHeap 'profiled nmethods': size=120000Kb used=1549Kb max_used=1549Kb free=118450Kb
 bounds [0x000001c547cc0000, 0x000001c547f30000, 0x000001c54f1f0000]
CodeHeap 'non-nmethods': size=5696Kb used=1261Kb max_used=1278Kb free=4434Kb
 bounds [0x000001c54f1f0000, 0x000001c54f460000, 0x000001c54f780000]
CodeCache: size=245760Kb, used=3124Kb, max_used=3141Kb, free=242633Kb
 total_blobs=1436, nmethods=1012, adapters=329, full_count=0
Compilation: enabled, stopped_count=0, restarted_count=0

Compilation events (20 events):
Event: 0.721 Thread 0x000001c559ac9750 1004       4       java.util.zip.ZipFile$Source::isMetaName (141 bytes)
Event: 0.722 Thread 0x000001c559ac9750 nmethod 1004 0x000001c54f7ccd08 code [0x000001c54f7cce20, 0x000001c54f7cd058]
Event: 0.724 Thread 0x000001c59f2d31d0 nmethod 996% 0x000001c54f7cd088 code [0x000001c54f7cd2a0, 0x000001c54f7cea78]
Event: 0.725 Thread 0x000001c559ad47f0 1005       3       sun.nio.fs.NativeBuffers::getNativeBufferFromCache (51 bytes)
Event: 0.725 Thread 0x000001c559ad47f0 nmethod 1005 0x000001c547e3f508 code [0x000001c547e3f680, 0x000001c547e3fd78]
Event: 0.725 Thread 0x000001c559ad47f0 1008       3       sun.nio.fs.NativeBuffers::releaseNativeBuffer (97 bytes)
Event: 0.725 Thread 0x000001c559ad47f0 nmethod 1008 0x000001c547e3fe08 code [0x000001c547e400e0, 0x000001c547e41c60]
Event: 0.725 Thread 0x000001c559ad47f0 1006       3       sun.nio.fs.NativeBuffer::close (5 bytes)
Event: 0.725 Thread 0x000001c559ad47f0 nmethod 1006 0x000001c547e41d08 code [0x000001c547e41e20, 0x000001c547e41fc0]
Event: 0.725 Thread 0x000001c559ad47f0 1007       3       sun.nio.fs.NativeBuffer::release (5 bytes)
Event: 0.726 Thread 0x000001c559ad47f0 nmethod 1007 0x000001c547e42008 code [0x000001c547e42120, 0x000001c547e42250]
Event: 0.726 Thread 0x000001c559ad47f0 1009       3       java.lang.Math::addExact (32 bytes)
Event: 0.726 Thread 0x000001c559ad47f0 nmethod 1009 0x000001c547e42308 code [0x000001c547e42420, 0x000001c547e42618]
Event: 0.726 Thread 0x000001c559ad47f0 1010       3       java.lang.Math::multiplyExact (74 bytes)
Event: 0.726 Thread 0x000001c559ad47f0 nmethod 1010 0x000001c547e42688 code [0x000001c547e427e0, 0x000001c547e42c90]
Event: 0.727 Thread 0x000001c559ac9750 1011 % !   4       java.util.zip.ZipFile$Source::initCEN @ 276 (616 bytes)
Event: 0.732 Thread 0x000001c559ad47f0 1012       3       java.util.concurrent.TimeUnit::toMillis (69 bytes)
Event: 0.732 Thread 0x000001c559ad47f0 nmethod 1012 0x000001c547e42d08 code [0x000001c547e42e40, 0x000001c547e43110]
Event: 0.747 Thread 0x000001c559ad47f0 1013       3       org.gradle.internal.installation.GradleInstallation$1::accept (5 bytes)
Event: 0.748 Thread 0x000001c559ad47f0 nmethod 1013 0x000001c547e43188 code [0x000001c547e432e0, 0x000001c547e43720]

GC Heap History (0 events):
No events

Dll operation events (6 events):
Event: 0.039 Loaded shared library C:\Program Files\Java\jdk-24\bin\java.dll
Event: 0.148 Loaded shared library C:\Program Files\Java\jdk-24\bin\jsvml.dll
Event: 0.152 Loaded shared library C:\Program Files\Java\jdk-24\bin\net.dll
Event: 0.155 Loaded shared library C:\Program Files\Java\jdk-24\bin\nio.dll
Event: 0.158 Loaded shared library C:\Program Files\Java\jdk-24\bin\zip.dll
Event: 0.416 Loaded shared library C:\Program Files\Java\jdk-24\bin\jimage.dll

Deoptimization events (20 events):
Event: 0.596 Thread 0x000001c53d02f640 DEOPT PACKING pc=0x000001c54f7a9a74 sp=0x00000071a08fdd90
Event: 0.596 Thread 0x000001c53d02f640 DEOPT UNPACKING pc=0x000001c54f308602 sp=0x00000071a08fdcc0 mode 2
Event: 0.597 Thread 0x000001c53d02f640 Uncommon trap: trap_request=0xffffff4d fr.pc=0x000001c54f7a7ad4 relative=0x0000000000000054
Event: 0.597 Thread 0x000001c53d02f640 Uncommon trap: reason=unstable_if action=reinterpret pc=0x000001c54f7a7ad4 method=java.util.LinkedHashMap.afterNodeInsertion(Z)V @ 1 c2
Event: 0.597 Thread 0x000001c53d02f640 DEOPT PACKING pc=0x000001c54f7a7ad4 sp=0x00000071a08fe320
Event: 0.597 Thread 0x000001c53d02f640 DEOPT UNPACKING pc=0x000001c54f308602 sp=0x00000071a08fe290 mode 2
Event: 0.648 Thread 0x000001c53d02f640 DEOPT PACKING pc=0x000001c547da9160 sp=0x00000071a08fd5c0
Event: 0.648 Thread 0x000001c53d02f640 DEOPT UNPACKING pc=0x000001c54f245722 sp=0x00000071a08fca70 mode 0
Event: 0.680 Thread 0x000001c53d02f640 Uncommon trap: trap_request=0xffffff4d fr.pc=0x000001c54f7b32c0 relative=0x0000000000000460
Event: 0.680 Thread 0x000001c53d02f640 Uncommon trap: reason=unstable_if action=reinterpret pc=0x000001c54f7b32c0 method=java.io.WinNTFileSystem.normalize(Ljava/lang/String;)Ljava/lang/String; @ 45 c2
Event: 0.680 Thread 0x000001c53d02f640 DEOPT PACKING pc=0x000001c54f7b32c0 sp=0x00000071a08fe4e0
Event: 0.680 Thread 0x000001c53d02f640 DEOPT UNPACKING pc=0x000001c54f308602 sp=0x00000071a08fe458 mode 2
Event: 0.700 Thread 0x000001c53d02f640 Uncommon trap: trap_request=0xffffff4d fr.pc=0x000001c54f7cbe88 relative=0x0000000000000448
Event: 0.700 Thread 0x000001c53d02f640 Uncommon trap: reason=unstable_if action=reinterpret pc=0x000001c54f7cbe88 method=java.util.jar.Manifest$FastInputStream.readLine([BII)I @ 90 c2
Event: 0.700 Thread 0x000001c53d02f640 DEOPT PACKING pc=0x000001c54f7cbe88 sp=0x00000071a08fe290
Event: 0.700 Thread 0x000001c53d02f640 DEOPT UNPACKING pc=0x000001c54f308602 sp=0x00000071a08fe220 mode 2
Event: 0.721 Thread 0x000001c53d02f640 Uncommon trap: trap_request=0xffffff4d fr.pc=0x000001c54f7ccc30 relative=0x0000000000000190
Event: 0.721 Thread 0x000001c53d02f640 Uncommon trap: reason=unstable_if action=reinterpret pc=0x000001c54f7ccc30 method=java.util.zip.ZipFile$Source.isMetaName([BII)Z @ 57 c2
Event: 0.721 Thread 0x000001c53d02f640 DEOPT PACKING pc=0x000001c54f7ccc30 sp=0x00000071a08fe000
Event: 0.721 Thread 0x000001c53d02f640 DEOPT UNPACKING pc=0x000001c54f308602 sp=0x00000071a08fdf90 mode 2

Classes loaded (20 events):
Event: 0.606 Loading class java/util/function/UnaryOperator
Event: 0.606 Loading class java/util/function/UnaryOperator done
Event: 0.610 Loading class java/lang/NoSuchFieldError
Event: 0.610 Loading class java/lang/NoSuchFieldError done
Event: 0.610 Loading class java/lang/reflect/ParameterizedType
Event: 0.610 Loading class java/lang/reflect/ParameterizedType done
Event: 0.624 Loading class java/util/stream/Streams
Event: 0.624 Loading class java/util/stream/Streams done
Event: 0.634 Loading class java/io/StringWriter
Event: 0.634 Loading class java/io/StringWriter done
Event: 0.637 Loading class java/lang/Character$UnicodeBlock
Event: 0.638 Loading class java/lang/Character$Subset
Event: 0.638 Loading class java/lang/Character$Subset done
Event: 0.639 Loading class java/lang/Character$UnicodeBlock done
Event: 0.649 Loading class java/io/InvalidObjectException
Event: 0.650 Loading class java/io/ObjectStreamException
Event: 0.650 Loading class java/io/ObjectStreamException done
Event: 0.650 Loading class java/io/InvalidObjectException done
Event: 0.674 Loading class java/lang/NumberFormatException
Event: 0.675 Loading class java/lang/NumberFormatException done

Classes unloaded (0 events):
No events

Classes redefined (0 events):
No events

Internal exceptions (8 events):
Event: 0.196 Thread 0x000001c53d02f640 Exception <a 'java/lang/NoSuchMethodError'{0x00000000ffcad400}: 'java.lang.Object java.lang.invoke.DirectMethodHandle$Holder.newInvokeSpecial(java.lang.Object, java.lang.Object, java.lang.Object, java.lang.Object, java.lang.Object, java.lang.Object, java.lang.Object)'> (0x00000000ffcad400) 
thrown [s\open\src\hotspot\share\interpreter\linkResolver.cpp, line 805]
Event: 0.203 Thread 0x000001c53d02f640 Exception <a 'java/lang/NoSuchMethodError'{0x00000000ffcc3e50}: 'java.lang.Object java.lang.invoke.DirectMethodHandle$Holder.invokeStaticInit(java.lang.Object)'> (0x00000000ffcc3e50) 
thrown [s\open\src\hotspot\share\interpreter\linkResolver.cpp, line 805]
Event: 0.259 Thread 0x000001c53d02f640 Exception <a 'java/lang/NoSuchMethodError'{0x00000000ffbacbf8}: 'java.lang.Object java.lang.invoke.DirectMethodHandle$Holder.newInvokeSpecial(java.lang.Object, java.lang.Object, java.lang.Object, java.lang.Object, java.lang.Object, java.lang.Object)'> (0x00000000ffbacbf8) 
thrown [s\open\src\hotspot\share\interpreter\linkResolver.cpp, line 805]
Event: 0.278 Thread 0x000001c53d02f640 Exception <a 'java/lang/NoSuchMethodError'{0x00000000ff913eb8}: 'void java.lang.invoke.DirectMethodHandle$Holder.invokeStatic(java.lang.Object, java.lang.Object)'> (0x00000000ff913eb8) 
thrown [s\open\src\hotspot\share\interpreter\linkResolver.cpp, line 805]
Event: 0.279 Thread 0x000001c53d02f640 Exception <a 'java/lang/NoSuchMethodError'{0x00000000ff91c3b0}: 'void java.lang.invoke.DirectMethodHandle$Holder.invokeSpecial(java.lang.Object, java.lang.Object, java.lang.Object)'> (0x00000000ff91c3b0) 
thrown [s\open\src\hotspot\share\interpreter\linkResolver.cpp, line 805]
Event: 0.611 Thread 0x000001c53d02f640 Exception <a 'java/lang/NoSuchMethodError'{0x00000000febd2b80}: 'java.lang.Object java.lang.invoke.DirectMethodHandle$Holder.invokeStatic(java.lang.Object, java.lang.Object, int)'> (0x00000000febd2b80) 
thrown [s\open\src\hotspot\share\interpreter\linkResolver.cpp, line 805]
Event: 0.613 Thread 0x000001c53d02f640 Exception <a 'java/lang/NoSuchMethodError'{0x00000000febe7220}: 'java.lang.Object java.lang.invoke.DirectMethodHandle$Holder.invokeInterface(java.lang.Object, java.lang.Object)'> (0x00000000febe7220) 
thrown [s\open\src\hotspot\share\interpreter\linkResolver.cpp, line 805]
Event: 0.614 Thread 0x000001c53d02f640 Exception <a 'java/lang/NoSuchMethodError'{0x00000000febf8478}: 'java.lang.Object java.lang.invoke.DirectMethodHandle$Holder.invokeVirtual(java.lang.Object, java.lang.Object, java.lang.Object)'> (0x00000000febf8478) 
thrown [s\open\src\hotspot\share\interpreter\linkResolver.cpp, line 805]

VM Operations (0 events):
No events

Memory protections (0 events):
No events

Nmethod flushes (0 events):
No events

Events (12 events):
Event: 0.107 Thread 0x000001c53d02f640 Thread added: 0x000001c53d02f640
Event: 0.140 Thread 0x000001c53d02f640 Thread added: 0x000001c559aaed50
Event: 0.140 Thread 0x000001c53d02f640 Thread added: 0x000001c559ab14a0
Event: 0.141 Thread 0x000001c53d02f640 Thread added: 0x000001c559ab8080
Event: 0.141 Thread 0x000001c53d02f640 Thread added: 0x000001c559ab8bb0
Event: 0.141 Thread 0x000001c53d02f640 Thread added: 0x000001c559ab9e80
Event: 0.141 Thread 0x000001c53d02f640 Thread added: 0x000001c559abaae0
Event: 0.141 Thread 0x000001c53d02f640 Thread added: 0x000001c559ac9750
Event: 0.142 Thread 0x000001c53d02f640 Thread added: 0x000001c559ad47f0
Event: 0.147 Thread 0x000001c53d02f640 Thread added: 0x000001c559b1a210
Event: 0.149 Thread 0x000001c53d02f640 Thread added: 0x000001c559b3fb70
Event: 0.403 Thread 0x000001c559ad47f0 Thread added: 0x000001c59f2d31d0


Dynamic libraries:
0x00007ff6d7770000 - 0x00007ff6d7780000 	C:\Program Files\Java\jdk-24\bin\java.exe
0x00007ff91a480000 - 0x00007ff91a6e6000 	C:\WINDOWS\SYSTEM32\ntdll.dll
0x00007ff9188f0000 - 0x00007ff9189b9000 	C:\WINDOWS\System32\KERNEL32.DLL
0x00007ff917c00000 - 0x00007ff917ffa000 	C:\WINDOWS\System32\KERNELBASE.dll
0x00007ff917890000 - 0x00007ff9179dc000 	C:\WINDOWS\System32\ucrtbase.dll
0x00007ff8ea700000 - 0x00007ff8ea716000 	C:\Program Files\Java\jdk-24\bin\jli.dll
0x00007ff918bb0000 - 0x00007ff918d77000 	C:\WINDOWS\System32\USER32.dll
0x00007ff8ea6e0000 - 0x00007ff8ea6fb000 	C:\Program Files\Java\jdk-24\bin\VCRUNTIME140.dll
0x00007ff918000000 - 0x00007ff918027000 	C:\WINDOWS\System32\win32u.dll
0x00007ff9020f0000 - 0x00007ff902382000 	C:\WINDOWS\WinSxS\amd64_microsoft.windows.common-controls_6595b64144ccf1df_6.0.26100.8521_none_3e08b75ce33403b3\COMCTL32.dll
0x00007ff9189c0000 - 0x00007ff9189eb000 	C:\WINDOWS\System32\GDI32.dll
0x00007ff918200000 - 0x00007ff9182a9000 	C:\WINDOWS\System32\msvcrt.dll
0x00007ff9180c0000 - 0x00007ff9181eb000 	C:\WINDOWS\System32\gdi32full.dll
0x00007ff917a90000 - 0x00007ff917b33000 	C:\WINDOWS\System32\msvcp_win.dll
0x00007ff9193e0000 - 0x00007ff919412000 	C:\WINDOWS\System32\IMM32.DLL
0x00007ff8ff880000 - 0x00007ff8ff88c000 	C:\Program Files\Java\jdk-24\bin\vcruntime140_1.dll
0x00007ff8ea650000 - 0x00007ff8ea6de000 	C:\Program Files\Java\jdk-24\bin\msvcp140.dll
0x00007ff88b560000 - 0x00007ff88c302000 	C:\Program Files\Java\jdk-24\bin\server\jvm.dll
0x00007ff918740000 - 0x00007ff9187f6000 	C:\WINDOWS\System32\ADVAPI32.dll
0x00007ff91a390000 - 0x00007ff91a43a000 	C:\WINDOWS\System32\sechost.dll
0x00007ff919670000 - 0x00007ff919788000 	C:\WINDOWS\System32\RPCRT4.dll
0x00007ff9195e0000 - 0x00007ff919660000 	C:\WINDOWS\System32\WS2_32.dll
0x00007ff917570000 - 0x00007ff9175ce000 	C:\WINDOWS\SYSTEM32\POWRPROF.dll
0x00007ff902ac0000 - 0x00007ff902af6000 	C:\WINDOWS\SYSTEM32\WINMM.dll
0x00007ff90b360000 - 0x00007ff90b36b000 	C:\WINDOWS\SYSTEM32\VERSION.dll
0x00007ff917550000 - 0x00007ff917564000 	C:\WINDOWS\SYSTEM32\UMPDC.dll
0x00007ff9164a0000 - 0x00007ff9164bb000 	C:\WINDOWS\SYSTEM32\kernel.appcore.dll
0x00007ff8fd6c0000 - 0x00007ff8fd6ca000 	C:\Program Files\Java\jdk-24\bin\jimage.dll
0x00007ff914f10000 - 0x00007ff915152000 	C:\WINDOWS\SYSTEM32\DBGHELP.DLL
0x00007ff918f40000 - 0x00007ff9192c3000 	C:\WINDOWS\System32\combase.dll
0x00007ff919500000 - 0x00007ff9195d9000 	C:\WINDOWS\System32\OLEAUT32.dll
0x00007ff8e6050000 - 0x00007ff8e608b000 	C:\WINDOWS\SYSTEM32\dbgcore.DLL
0x00007ff9179e0000 - 0x00007ff917a88000 	C:\WINDOWS\System32\bcryptPrimitives.dll
0x00007ff8d5420000 - 0x00007ff8d543e000 	C:\Program Files\Java\jdk-24\bin\java.dll
0x00007ff918da0000 - 0x00007ff918f38000 	C:\WINDOWS\System32\ole32.dll
0x00007ff919a90000 - 0x00007ff91a214000 	C:\WINDOWS\System32\SHELL32.dll
0x00007ff9152f0000 - 0x00007ff915b70000 	C:\WINDOWS\SYSTEM32\windows.storage.dll
0x00007ff91a220000 - 0x00007ff91a316000 	C:\WINDOWS\System32\SHCORE.dll
0x00007ff91a320000 - 0x00007ff91a387000 	C:\WINDOWS\System32\shlwapi.dll
0x00007ff917630000 - 0x00007ff917659000 	C:\WINDOWS\SYSTEM32\profapi.dll
0x00007ff89fa90000 - 0x00007ff89fb67000 	C:\Program Files\Java\jdk-24\bin\jsvml.dll
0x00007ff8ea940000 - 0x00007ff8ea950000 	C:\Program Files\Java\jdk-24\bin\net.dll
0x00007ff916a10000 - 0x00007ff916a7c000 	C:\WINDOWS\system32\mswsock.dll
0x00007ff8d4db0000 - 0x00007ff8d4dc6000 	C:\Program Files\Java\jdk-24\bin\nio.dll
0x00007ff8d38c0000 - 0x00007ff8d38d7000 	C:\Program Files\Java\jdk-24\bin\zip.dll

JVMTI agents: none

dbghelp: loaded successfully - version: 4.0.5 - missing functions: none
symbol engine: initialized successfully - sym options: 0x614 - pdb path: .;C:\Program Files\Java\jdk-24\bin;C:\WINDOWS\SYSTEM32;C:\WINDOWS\WinSxS\amd64_microsoft.windows.common-controls_6595b64144ccf1df_6.0.26100.8521_none_3e08b75ce33403b3;C:\Program Files\Java\jdk-24\bin\server

VM Arguments:
jvm_args: -Xmx64m -Xms64m -Dorg.gradle.appname=gradlew 
java_command: C:\Users\DELL\OneDrive\Pictures\Saved Pictures\Cris\Spring-Boot\fundamentos01\\gradle\wrapper\gradle-wrapper.jar bootRun
java_class_path (initial): C:\Users\DELL\OneDrive\Pictures\Saved Pictures\Cris\Spring-Boot\fundamentos01\\gradle\wrapper\gradle-wrapper.jar
Launcher Type: SUN_STANDARD

[Global flags]
     intx CICompilerCount                          = 4                                         {product} {ergonomic}
     uint ConcGCThreads                            = 2                                         {product} {ergonomic}
     uint G1ConcRefinementThreads                  = 8                                         {product} {ergonomic}
   size_t G1HeapRegionSize                         = 1048576                                   {product} {ergonomic}
   size_t InitialHeapSize                          = 67108864                                  {product} {command line}
   size_t MarkStackSize                            = 4194304                                   {product} {ergonomic}
   size_t MarkStackSizeMax                         = 536870912                                 {product} {ergonomic}
   size_t MaxHeapSize                              = 67108864                                  {product} {command line}
   size_t MaxNewSize                               = 39845888                                  {product} {ergonomic}
   size_t MinHeapDeltaBytes                        = 1048576                                   {product} {ergonomic}
   size_t MinHeapSize                              = 67108864                                  {product} {command line}
    uintx NonNMethodCodeHeapSize                   = 5832704                                {pd product} {ergonomic}
    uintx NonProfiledCodeHeapSize                  = 122945536                              {pd product} {ergonomic}
    uintx ProfiledCodeHeapSize                     = 122880000                              {pd product} {ergonomic}
    uintx ReservedCodeCacheSize                    = 251658240                              {pd product} {ergonomic}
     bool SegmentedCodeCache                       = true                                      {product} {ergonomic}
   size_t SoftMaxHeapSize                          = 67108864                               {manageable} {ergonomic}
     bool UseCompressedOops                        = true                           {product lp64_product} {ergonomic}
     bool UseG1GC                                  = true                                      {product} {ergonomic}
     bool UseLargePagesIndividualAllocation        = false                                  {pd product} {ergonomic}

Logging:
Log output configuration:
 #0: stdout all=warning uptime,level,tags foldmultilines=false
 #1: stderr all=off uptime,level,tags foldmultilines=false

Environment Variables:
JAVA_HOME=C:\Program Files\Java\jdk-24
PATH=C:\app\DELL\product\21c\dbhomeXE\bin;C:\Program Files\Common Files\Oracle\Java\javapath;C:\Program Files (x86)\Common Files\Oracle\Java\javapath;C:\WINDOWS\system32;C:\WINDOWS;C:\WINDOWS\System32\Wbem;C:\WINDOWS\System32\WindowsPowerShell\v1.0\;C:\WINDOWS\System32\OpenSSH\;C:\Program Files\dotnet\;C:\Program Files\Java\jdk-17\bin;C:\Program Files\MATLAB\R2025b\bin;C:\Program Files\Git\cmd;C:\Program Files\nodejs\;C:\Users\DELL\AppData\Local\pnpm\bin;C:\Users\DELL\AppData\Local\Programs\Eclipse Adoptium\jdk-21.0.4.7-hotspot\bin;C:\Users\DELL\AppData\Local\Microsoft\WindowsApps;C:\Users\DELL\AppData\Local\Programs\Microsoft VS Code\bin;C:\Users\DELL\AppData\Roaming\npm
USERNAME=DELL
LANG=en_US.UTF-8
OS=Windows_NT
PROCESSOR_IDENTIFIER=Intel64 Family 6 Model 142 Stepping 12, GenuineIntel
TMP=C:\Users\DELL\AppData\Local\Temp
TEMP=C:\Users\DELL\AppData\Local\Temp




Periodic native trim disabled

---------------  S Y S T E M  ---------------

OS:
 Windows 11 , 64 bit Build 26100 (10.0.26100.8521)
OS uptime: 0 days 2:06 hours

CPU: total 8 (initial active 8) (4 cores per cpu, 2 threads per core) family 6 model 142 stepping 12 microcode 0xde, cx8, cmov, fxsr, ht, mmx, 3dnowpref, sse, sse2, sse3, ssse3, sse4.1, sse4.2, popcnt, lzcnt, tsc, tscinvbit, avx, avx2, aes, erms, clmul, bmi1, bmi2, adx, fma, vzeroupper, clflush, clflushopt, rdtscp, f16c
Processor Information for the first 8 processors :
  Max Mhz: 2112, Current Mhz: 1609, Mhz Limit: 1605

Memory: 4k page, system-wide physical 7976M (503M free)
TotalPageFile size 12072M (AvailPageFile size 4M)
current process WorkingSet (physical memory assigned to process): 86M, peak: 86M
current process commit charge ("private bytes"): 164M, peak: 168M

vm_info: Java HotSpot(TM) 64-Bit Server VM (24.0.1+9-30) for windows-amd64 JRE (24.0.1+9-30), built on 2025-03-05T07:23:45Z with MS VC++ 17.6 (VS2022)

END.
