#
# There is insufficient memory for the Java Runtime Environment to continue.
# Native memory allocation (malloc) failed to allocate 32744 bytes. Error detail: ChunkPool::allocate
# Possible reasons:
#   The system is out of physical RAM or swap space
#   This process is running with CompressedOops enabled, and the Java Heap may be blocking the growth of the native heap
# Possible solutions:
#   Reduce memory load on the system
#   Increase physical memory or swap space
#   Check if swap backing store is full
#   Decrease Java heap size (-Xmx/-Xms)
#   Decrease number of Java threads
#   Decrease Java thread stack sizes (-Xss)
#   Set larger code cache with -XX:ReservedCodeCacheSize=
#   JVM is running with Unscaled Compressed Oops mode in which the Java heap is
#     placed in the first 4GB address space. The Java Heap base address is the
#     maximum limit for the native heap growth. Please use -XX:HeapBaseMinAddress
#     to set the Java Heap base and to place the Java Heap above 4GB virtual address.
# This output file may be truncated or incomplete.
#
#  Out of Memory Error (arena.cpp:79), pid=14236, tid=14324
#
# JRE version: OpenJDK Runtime Environment Temurin-17.0.19+10 (17.0.19+10) (build 17.0.19+10)
# Java VM: OpenJDK 64-Bit Server VM Temurin-17.0.19+10 (17.0.19+10, mixed mode, emulated-client, sharing, tiered, compressed oops, compressed class ptrs, g1 gc, windows-amd64)
# No core dump will be written. Minidumps are not enabled by default on client versions of Windows
#

---------------  S U M M A R Y ------------

Command Line: -XX:TieredStopAtLevel=1 -Dfile.encoding=windows-1252 -Duser.country=EC -Duser.language=es -Duser.variant ec.edu.ups.icc.fundamentos01.Fundamentos01Application

Host: Intel(R) Core(TM) i5-10210U CPU @ 1.60GHz, 8 cores, 7G,  Windows 11 , 64 bit Build 26100 (10.0.26100.8521)
Time: Sun Jun 14 17:13:24 2026 Hora est. Pac璗ico, Sudam廨ica elapsed time: 92.858257 seconds (0d 0h 1m 32s)

---------------  T H R E A D  ---------------

Current thread (0x000001f67fdeee60):  JavaThread "C1 CompilerThread0" daemon [_thread_in_native, id=14324, stack(0x000000147ea00000,0x000000147eb00000)]


Current CompileTask:
C1:92858 3576   !   1       java.util.concurrent.locks.AbstractQueuedSynchronizer::acquire (407 bytes)

Stack: [0x000000147ea00000,0x000000147eb00000]
Native frames: (J=compiled Java code, j=interpreted, Vv=VM code, C=native code)
V  [jvm.dll+0x684b29]
V  [jvm.dll+0x83a2d5]
V  [jvm.dll+0x83bd4e]
V  [jvm.dll+0x83c3d3]
V  [jvm.dll+0x24905f]
V  [jvm.dll+0xad73e]
V  [jvm.dll+0xadbdc]
V  [jvm.dll+0x139f73]
V  [jvm.dll+0x145848]
V  [jvm.dll+0x148a37]
V  [jvm.dll+0x148425]
V  [jvm.dll+0x14006b]
V  [jvm.dll+0x14231e]
V  [jvm.dll+0x14080c]
V  [jvm.dll+0x148f33]
V  [jvm.dll+0x148425]
V  [jvm.dll+0x14006b]
V  [jvm.dll+0x14231e]
V  [jvm.dll+0x140906]
V  [jvm.dll+0x148f33]
V  [jvm.dll+0x148425]
V  [jvm.dll+0x14006b]
V  [jvm.dll+0x14231e]
V  [jvm.dll+0x140906]
V  [jvm.dll+0x13a9c7]
V  [jvm.dll+0x14a0c8]
V  [jvm.dll+0x135e85]
V  [jvm.dll+0x136200]
V  [jvm.dll+0x1364de]
V  [jvm.dll+0x135927]
V  [jvm.dll+0x13764d]
V  [jvm.dll+0x2299fa]
V  [jvm.dll+0x227bab]
V  [jvm.dll+0x7f0a88]
V  [jvm.dll+0x7eaf1c]
V  [jvm.dll+0x6839f7]
C  [ucrtbase.dll+0x2cd30]
C  [KERNEL32.DLL+0x2e957]
C  [ntdll.dll+0x87c1c]


---------------  P R O C E S S  ---------------

Threads class SMR info:
_java_thread_list=0x000001f645fd4680, length=27, elements={
0x000001f67fdc8c70, 0x000001f67fdcb3b0, 0x000001f67fde7790, 0x000001f67fde8150,
0x000001f67fdeb690, 0x000001f67fdee7e0, 0x000001f67fdeee60, 0x000001f67fdf56e0,
0x000001f6450eb770, 0x000001f6450f1b10, 0x000001f645f814a0, 0x000001f645e1fd00,
0x000001f645e5f090, 0x000001f645fdaac0, 0x000001f645fdb4e0, 0x000001f645fda5b0,
0x000001f645fdafd0, 0x000001f645fdb9f0, 0x000001f645fdc920, 0x000001f645fdbf00,
0x000001f645fdd850, 0x000001f645fda0a0, 0x000001f645fdc410, 0x000001f645fdce30,
0x000001f645fdd340, 0x000001f6460f4e50, 0x000001f6460f7be0
}

Java Threads: ( => current thread )
  0x000001f67fdc8c70 JavaThread "Reference Handler" daemon [_thread_blocked, id=5320, stack(0x000000147e400000,0x000000147e500000)]
  0x000001f67fdcb3b0 JavaThread "Finalizer" daemon [_thread_blocked, id=10456, stack(0x000000147e500000,0x000000147e600000)]
  0x000001f67fde7790 JavaThread "Signal Dispatcher" daemon [_thread_blocked, id=17088, stack(0x000000147e600000,0x000000147e700000)]
  0x000001f67fde8150 JavaThread "Attach Listener" daemon [_thread_blocked, id=10180, stack(0x000000147e700000,0x000000147e800000)]
  0x000001f67fdeb690 JavaThread "Service Thread" daemon [_thread_blocked, id=19000, stack(0x000000147e800000,0x000000147e900000)]
  0x000001f67fdee7e0 JavaThread "Monitor Deflation Thread" daemon [_thread_blocked, id=7920, stack(0x000000147e900000,0x000000147ea00000)]
=>0x000001f67fdeee60 JavaThread "C1 CompilerThread0" daemon [_thread_in_native, id=14324, stack(0x000000147ea00000,0x000000147eb00000)]
  0x000001f67fdf56e0 JavaThread "Sweeper thread" daemon [_thread_blocked, id=8832, stack(0x000000147eb00000,0x000000147ec00000)]
  0x000001f6450eb770 JavaThread "Notification Thread" daemon [_thread_blocked, id=4752, stack(0x000000147ee00000,0x000000147ef00000)]
  0x000001f6450f1b10 JavaThread "Common-Cleaner" daemon [_thread_blocked, id=14416, stack(0x000000147f000000,0x000000147f100000)]
  0x000001f645f814a0 JavaThread "Catalina-utility-1" [_thread_blocked, id=15368, stack(0x000000147fc00000,0x000000147fd00000)]
  0x000001f645e1fd00 JavaThread "Catalina-utility-2" [_thread_blocked, id=1356, stack(0x000000147fd00000,0x000000147fe00000)]
  0x000001f645e5f090 JavaThread "container-0" [_thread_blocked, id=19164, stack(0x000000147fe00000,0x000000147ff00000)]
  0x000001f645fdaac0 JavaThread "File Watcher" daemon [_thread_blocked, id=8696, stack(0x000000147ff00000,0x0000001480000000)]
  0x000001f645fdb4e0 JavaThread "http-nio-8081-exec-1" daemon [_thread_blocked, id=9588, stack(0x0000001400000000,0x0000001400100000)]
  0x000001f645fda5b0 JavaThread "http-nio-8081-exec-2" daemon [_thread_blocked, id=13228, stack(0x0000001400100000,0x0000001400200000)]
  0x000001f645fdafd0 JavaThread "http-nio-8081-exec-3" daemon [_thread_blocked, id=3368, stack(0x0000001400200000,0x0000001400300000)]
  0x000001f645fdb9f0 JavaThread "http-nio-8081-exec-4" daemon [_thread_blocked, id=5112, stack(0x0000001400300000,0x0000001400400000)]
  0x000001f645fdc920 JavaThread "http-nio-8081-exec-5" daemon [_thread_blocked, id=9248, stack(0x0000001400400000,0x0000001400500000)]
  0x000001f645fdbf00 JavaThread "http-nio-8081-exec-6" daemon [_thread_blocked, id=8592, stack(0x0000001400500000,0x0000001400600000)]
  0x000001f645fdd850 JavaThread "http-nio-8081-exec-7" daemon [_thread_blocked, id=19316, stack(0x0000001400600000,0x0000001400700000)]
  0x000001f645fda0a0 JavaThread "http-nio-8081-exec-8" daemon [_thread_blocked, id=12028, stack(0x0000001400700000,0x0000001400800000)]
  0x000001f645fdc410 JavaThread "http-nio-8081-exec-9" daemon [_thread_blocked, id=10044, stack(0x0000001400800000,0x0000001400900000)]
  0x000001f645fdce30 JavaThread "http-nio-8081-exec-10" daemon [_thread_blocked, id=12004, stack(0x0000001400900000,0x0000001400a00000)]
  0x000001f645fdd340 JavaThread "http-nio-8081-Poller" daemon [_thread_in_native, id=3360, stack(0x0000001400a00000,0x0000001400b00000)]
  0x000001f6460f4e50 JavaThread "http-nio-8081-Acceptor" daemon [_thread_in_native, id=11228, stack(0x0000001400b00000,0x0000001400c00000)]
  0x000001f6460f7be0 JavaThread "DestroyJavaVM" [_thread_blocked, id=14408, stack(0x000000147dd00000,0x000000147de00000)]

Other Threads:
  0x000001f67fdc4cc0 VMThread "VM Thread" [stack: 0x000000147e300000,0x000000147e400000] [id=4480]
  0x000001f6450ec060 WatcherThread [stack: 0x000000147ef00000,0x000000147f000000] [id=7148]
  0x000001f66dd4cd50 GCTaskThread "GC Thread#0" [stack: 0x000000147de00000,0x000000147df00000] [id=2216]
  0x000001f6457bee00 GCTaskThread "GC Thread#1" [stack: 0x000000147f300000,0x000000147f400000] [id=9876]
  0x000001f645758080 GCTaskThread "GC Thread#2" [stack: 0x000000147f400000,0x000000147f500000] [id=14928]
  0x000001f6457c71b0 GCTaskThread "GC Thread#3" [stack: 0x000000147f500000,0x000000147f600000] [id=8076]
  0x000001f6457c7470 GCTaskThread "GC Thread#4" [stack: 0x000000147f600000,0x000000147f700000] [id=5524]
  0x000001f6457c7730 GCTaskThread "GC Thread#5" [stack: 0x000000147f700000,0x000000147f800000] [id=13640]
  0x000001f6451fa9f0 GCTaskThread "GC Thread#6" [stack: 0x000000147fa00000,0x000000147fb00000] [id=2592]
  0x000001f6450c9480 GCTaskThread "GC Thread#7" [stack: 0x000000147fb00000,0x000000147fc00000] [id=9012]
  0x000001f66dd5d620 ConcurrentGCThread "G1 Main Marker" [stack: 0x000000147df00000,0x000000147e000000] [id=17432]
  0x000001f66dd5ed10 ConcurrentGCThread "G1 Conc#0" [stack: 0x000000147e000000,0x000000147e100000] [id=13424]
  0x000001f645d45d20 ConcurrentGCThread "G1 Conc#1" [stack: 0x000000147f900000,0x000000147fa00000] [id=1440]
  0x000001f66dd9d2e0 ConcurrentGCThread "G1 Refine#0" [stack: 0x000000147e100000,0x000000147e200000] [id=7480]
  0x000001f66dd9e9e0 ConcurrentGCThread "G1 Service" [stack: 0x000000147e200000,0x000000147e300000] [id=6628]

Threads with active compile tasks:
C1 CompilerThread0  92875 3576   !   1       java.util.concurrent.locks.AbstractQueuedSynchronizer::acquire (407 bytes)

VM state: not at safepoint (normal execution)

VM Mutex/Monitor currently owned by a thread: None

Heap address: 0x0000000083400000, size: 1996 MB, Compressed Oops mode: 32-bit

CDS archive(s) mapped at: [0x000001f600000000-0x000001f600bb0000-0x000001f600bb0000), size 12255232, SharedBaseAddress: 0x000001f600000000, ArchiveRelocationMode: 1.
Compressed class space mapped at: 0x000001f601000000-0x000001f641000000, reserved size: 1073741824
Narrow klass base: 0x000001f600000000, Narrow klass shift: 0, Narrow klass range: 0x100000000

GC Precious Log:
 CPUs: 8 total, 8 available
 Memory: 7976M
 Large Page Support: Disabled
 NUMA Support: Disabled
 Compressed Oops: Enabled (32-bit)
 Heap Region Size: 1M
 Heap Min Capacity: 8M
 Heap Initial Capacity: 126M
 Heap Max Capacity: 1996M
 Pre-touch: Disabled
 Parallel Workers: 8
 Concurrent Workers: 2
 Concurrent Refinement Workers: 8
 Periodic GC: Disabled

Heap:
 garbage-first heap   total 45056K, used 25546K [0x0000000083400000, 0x0000000100000000)
  region size 1024K, 15 young (15360K), 1 survivors (1024K)
 Metaspace       used 26693K, committed 27136K, reserved 1114112K
  class space    used 3734K, committed 3968K, reserved 1048576K

Heap Regions: E=young(eden), S=young(survivor), O=old, HS=humongous(starts), HC=humongous(continues), CS=collection set, F=free, OA=open archive, CA=closed archive, TAMS=top-at-mark-start (previous, next)
|   0|0x0000000083400000, 0x0000000083500000, 0x0000000083500000|100%| O|  |TAMS 0x0000000083500000, 0x0000000083400000| Untracked 
|   1|0x0000000083500000, 0x0000000083600000, 0x0000000083600000|100%| O|  |TAMS 0x0000000083600000, 0x0000000083500000| Untracked 
|   2|0x0000000083600000, 0x0000000083700000, 0x0000000083700000|100%| O|  |TAMS 0x0000000083700000, 0x0000000083600000| Untracked 
|   3|0x0000000083700000, 0x0000000083700000, 0x0000000083800000|  0%| F|  |TAMS 0x0000000083700000, 0x0000000083700000| Untracked 
|   4|0x0000000083800000, 0x0000000083900000, 0x0000000083900000|100%| O|  |TAMS 0x0000000083800000, 0x0000000083800000| Untracked 
|   5|0x0000000083900000, 0x0000000083a00000, 0x0000000083a00000|100%| O|  |TAMS 0x0000000083900000, 0x0000000083900000| Untracked 
|   6|0x0000000083a00000, 0x0000000083b00000, 0x0000000083b00000|100%| O|  |TAMS 0x0000000083a00000, 0x0000000083a00000| Untracked 
|   7|0x0000000083b00000, 0x0000000083c00000, 0x0000000083c00000|100%| O|  |TAMS 0x0000000083b00000, 0x0000000083b00000| Untracked 
|   8|0x0000000083c00000, 0x0000000083d00000, 0x0000000083d00000|100%| O|  |TAMS 0x0000000083c00000, 0x0000000083c00000| Untracked 
|   9|0x0000000083d00000, 0x0000000083e00000, 0x0000000083e00000|100%| O|  |TAMS 0x0000000083d00000, 0x0000000083d00000| Untracked 
|  10|0x0000000083e00000, 0x0000000083f00000, 0x0000000083f00000|100%| O|  |TAMS 0x0000000083e00000, 0x0000000083e00000| Untracked 
|  11|0x0000000083f00000, 0x0000000084000000, 0x0000000084000000|100%| O|  |TAMS 0x0000000083f00000, 0x0000000083f00000| Untracked 
|  12|0x0000000084000000, 0x0000000084100000, 0x0000000084100000|100%| O|  |TAMS 0x0000000084000000, 0x0000000084000000| Untracked 
|  13|0x0000000084100000, 0x000000008417ca00, 0x0000000084200000| 48%| O|  |TAMS 0x0000000084100000, 0x0000000084100000| Untracked 
|  14|0x0000000084200000, 0x0000000084200000, 0x0000000084300000|  0%| F|  |TAMS 0x0000000084200000, 0x0000000084200000| Untracked 
|  15|0x0000000084300000, 0x0000000084300000, 0x0000000084400000|  0%| F|  |TAMS 0x0000000084300000, 0x0000000084300000| Untracked 
|  16|0x0000000084400000, 0x0000000084400000, 0x0000000084500000|  0%| F|  |TAMS 0x0000000084400000, 0x0000000084400000| Untracked 
|  17|0x0000000084500000, 0x0000000084500000, 0x0000000084600000|  0%| F|  |TAMS 0x0000000084500000, 0x0000000084500000| Untracked 
|  18|0x0000000084600000, 0x0000000084600000, 0x0000000084700000|  0%| F|  |TAMS 0x0000000084600000, 0x0000000084600000| Untracked 
|  19|0x0000000084700000, 0x0000000084700000, 0x0000000084800000|  0%| F|  |TAMS 0x0000000084700000, 0x0000000084700000| Untracked 
|  20|0x0000000084800000, 0x0000000084800000, 0x0000000084900000|  0%| F|  |TAMS 0x0000000084800000, 0x0000000084800000| Untracked 
|  21|0x0000000084900000, 0x0000000084900000, 0x0000000084a00000|  0%| F|  |TAMS 0x0000000084900000, 0x0000000084900000| Untracked 
|  22|0x0000000084a00000, 0x0000000084a00000, 0x0000000084b00000|  0%| F|  |TAMS 0x0000000084a00000, 0x0000000084a00000| Untracked 
|  23|0x0000000084b00000, 0x0000000084b00000, 0x0000000084c00000|  0%| F|  |TAMS 0x0000000084b00000, 0x0000000084b00000| Untracked 
|  24|0x0000000084c00000, 0x0000000084c00000, 0x0000000084d00000|  0%| F|  |TAMS 0x0000000084c00000, 0x0000000084c00000| Untracked 
|  25|0x0000000084d00000, 0x0000000084d00000, 0x0000000084e00000|  0%| F|  |TAMS 0x0000000084d00000, 0x0000000084d00000| Untracked 
|  26|0x0000000084e00000, 0x0000000084e00000, 0x0000000084f00000|  0%| F|  |TAMS 0x0000000084e00000, 0x0000000084e00000| Untracked 
|  27|0x0000000084f00000, 0x0000000084f00000, 0x0000000085000000|  0%| F|  |TAMS 0x0000000084f00000, 0x0000000084f00000| Untracked 
|  28|0x0000000085000000, 0x0000000085000000, 0x0000000085100000|  0%| F|  |TAMS 0x0000000085000000, 0x0000000085000000| Untracked 
|  29|0x0000000085100000, 0x00000000851db168, 0x0000000085200000| 85%| E|  |TAMS 0x0000000085100000, 0x0000000085100000| Complete 
|  30|0x0000000085200000, 0x0000000085300000, 0x0000000085300000|100%| E|CS|TAMS 0x0000000085200000, 0x0000000085200000| Complete 
|  31|0x0000000085300000, 0x0000000085400000, 0x0000000085400000|100%| E|CS|TAMS 0x0000000085300000, 0x0000000085300000| Complete 
|  32|0x0000000085400000, 0x0000000085500000, 0x0000000085500000|100%| E|CS|TAMS 0x0000000085400000, 0x0000000085400000| Complete 
|  33|0x0000000085500000, 0x0000000085600000, 0x0000000085600000|100%| E|CS|TAMS 0x0000000085500000, 0x0000000085500000| Complete 
|  34|0x0000000085600000, 0x0000000085700000, 0x0000000085700000|100%| E|CS|TAMS 0x0000000085600000, 0x0000000085600000| Complete 
|  58|0x0000000086e00000, 0x0000000086f00000, 0x0000000086f00000|100%| E|CS|TAMS 0x0000000086e00000, 0x0000000086e00000| Complete 
|  59|0x0000000086f00000, 0x0000000087000000, 0x0000000087000000|100%| E|CS|TAMS 0x0000000086f00000, 0x0000000086f00000| Complete 
|  60|0x0000000087000000, 0x0000000087100000, 0x0000000087100000|100%| E|CS|TAMS 0x0000000087000000, 0x0000000087000000| Complete 
|  61|0x0000000087100000, 0x0000000087200000, 0x0000000087200000|100%| E|CS|TAMS 0x0000000087100000, 0x0000000087100000| Complete 
|  62|0x0000000087200000, 0x0000000087300000, 0x0000000087300000|100%| E|CS|TAMS 0x0000000087200000, 0x0000000087200000| Complete 
|  63|0x0000000087300000, 0x0000000087400000, 0x0000000087400000|100%| E|CS|TAMS 0x0000000087300000, 0x0000000087300000| Complete 
|  64|0x0000000087400000, 0x0000000087500000, 0x0000000087500000|100%| E|  |TAMS 0x0000000087400000, 0x0000000087400000| Complete 
|  65|0x0000000087500000, 0x0000000087575eb8, 0x0000000087600000| 46%| S|CS|TAMS 0x0000000087500000, 0x0000000087500000| Complete 
| 125|0x000000008b100000, 0x000000008b200000, 0x000000008b200000|100%| E|CS|TAMS 0x000000008b100000, 0x000000008b100000| Complete 

Card table byte_map: [0x000001f678d70000,0x000001f679160000] _byte_map_base: 0x000001f678956000

Marking Bits (Prev, Next): (CMBitMap*) 0x000001f66dd4d3b0, (CMBitMap*) 0x000001f66dd4d370
 Prev Bits: [0x000001f67b480000, 0x000001f67d3b0000)
 Next Bits: [0x000001f679550000, 0x000001f67b480000)

Polling page: 0x000001f66bb90000

Metaspace:

Usage:
  Non-class:     22.42 MB used.
      Class:      3.65 MB used.
       Both:     26.07 MB used.

Virtual space:
  Non-class space:       64.00 MB reserved,      22.62 MB ( 35%) committed,  1 nodes.
      Class space:        1.00 GB reserved,       3.88 MB ( <1%) committed,  1 nodes.
             Both:        1.06 GB reserved,      26.50 MB (  2%) committed. 

Chunk freelists:
   Non-Class:  8.77 MB
       Class:  12.11 MB
        Both:  20.88 MB

MaxMetaspaceSize: unlimited
CompressedClassSpaceSize: 1.00 GB
Initial GC threshold: 21.00 MB
Current GC threshold: 35.12 MB
CDS: on
MetaspaceReclaimPolicy: balanced
 - commit_granule_bytes: 65536.
 - commit_granule_words: 8192.
 - virtual_space_node_default_size: 8388608.
 - enlarge_chunks_in_place: 1.
 - new_chunks_are_fully_committed: 0.
 - uncommit_free_chunks: 1.
 - use_allocation_guard: 0.
 - handle_deallocations: 1.


Internal statistics:

num_allocs_failed_limit: 3.
num_arena_births: 576.
num_arena_deaths: 0.
num_vsnodes_births: 2.
num_vsnodes_deaths: 0.
num_space_committed: 424.
num_space_uncommitted: 0.
num_chunks_returned_to_freelist: 3.
num_chunks_taken_from_freelist: 1627.
num_chunk_merges: 0.
num_chunk_splits: 1080.
num_chunks_enlarged: 786.
num_inconsistent_stats: 0.

CodeCache: size=49152Kb used=6627Kb max_used=8259Kb free=42524Kb
 bounds [0x000001f675870000, 0x000001f676090000, 0x000001f678870000]
 total_blobs=4093 nmethods=3575 adapters=445
 compilation: enabled
              stopped_count=0, restarted_count=0
 full_count=0

Compilation events (20 events):
Event: 77.430 Thread 0x000001f67fdeee60 nmethod 3565 0x000001f675e2d290 code [0x000001f675e2d480, 0x000001f675e2d708]
Event: 77.436 Thread 0x000001f67fdeee60 3566       1       java.util.concurrent.locks.ReentrantReadWriteLock::readLock (5 bytes)
Event: 77.437 Thread 0x000001f67fdeee60 nmethod 3566 0x000001f675e2cf90 code [0x000001f675e2d120, 0x000001f675e2d1f8]
Event: 79.533 Thread 0x000001f67fdeee60 3568       1       java.util.HashMap$KeySet::contains (9 bytes)
Event: 79.533 Thread 0x000001f67fdeee60 nmethod 3568 0x000001f675e2c890 code [0x000001f675e2ca40, 0x000001f675e2cb28]
Event: 80.851 Thread 0x000001f67fdeee60 3569       1       java.util.concurrent.ThreadPoolExecutor::isShutdown (12 bytes)
Event: 80.851 Thread 0x000001f67fdeee60 nmethod 3569 0x000001f675e2c590 code [0x000001f675e2c720, 0x000001f675e2c818]
Event: 82.541 Thread 0x000001f67fdeee60 3570       1       org.springframework.boot.devtools.filewatch.DirectorySnapshot::equals (46 bytes)
Event: 82.542 Thread 0x000001f67fdeee60 nmethod 3570 0x000001f675e2bf10 code [0x000001f675e2c0e0, 0x000001f675e2c378]
Event: 82.542 Thread 0x000001f67fdeee60 3571       1       java.util.Collections$UnmodifiableSet::equals (24 bytes)
Event: 82.542 Thread 0x000001f67fdeee60 nmethod 3571 0x000001f675e2bb90 code [0x000001f675e2bd40, 0x000001f675e2be48]
Event: 82.850 Thread 0x000001f67fdeee60 3572       1       java.util.concurrent.locks.AbstractQueuedSynchronizer$ConditionNode::isReleasable (23 bytes)
Event: 82.851 Thread 0x000001f67fdeee60 nmethod 3572 0x000001f675e2b810 code [0x000001f675e2b9a0, 0x000001f675e2ba98]
Event: 83.852 Thread 0x000001f67fdeee60 3573       1       java.util.concurrent.ScheduledThreadPoolExecutor::canRunInCurrentRunState (61 bytes)
Event: 83.852 Thread 0x000001f67fdeee60 nmethod 3573 0x000001f675e2b210 code [0x000001f675e2b3e0, 0x000001f675e2b688]
Event: 87.438 Thread 0x000001f67fdeee60 3574       1       java.util.concurrent.locks.ReentrantReadWriteLock$Sync::exclusiveCount (5 bytes)
Event: 87.438 Thread 0x000001f67fdeee60 nmethod 3574 0x000001f675e2af10 code [0x000001f675e2b0a0, 0x000001f675e2b158]
Event: 87.851 Thread 0x000001f67fdeee60 3575       1       java.util.concurrent.locks.AbstractQueuedSynchronizer$Node::<init> (5 bytes)
Event: 87.851 Thread 0x000001f67fdeee60 nmethod 3575 0x000001f675e2ac10 code [0x000001f675e2ada0, 0x000001f675e2ae58]
Event: 90.851 Thread 0x000001f67fdeee60 3576   !   1       java.util.concurrent.locks.AbstractQueuedSynchronizer::acquire (407 bytes)

GC Heap History (10 events):
Event: 1.521 GC heap before
{Heap before GC invocations=0 (full 0):
 garbage-first heap   total 129024K, used 23552K [0x0000000083400000, 0x0000000100000000)
  region size 1024K, 23 young (23552K), 0 survivors (0K)
 Metaspace       used 5221K, committed 5376K, reserved 1114112K
  class space    used 691K, committed 768K, reserved 1048576K
}
Event: 1.526 GC heap after
{Heap after GC invocations=1 (full 0):
 garbage-first heap   total 129024K, used 3935K [0x0000000083400000, 0x0000000100000000)
  region size 1024K, 3 young (3072K), 3 survivors (3072K)
 Metaspace       used 5221K, committed 5376K, reserved 1114112K
  class space    used 691K, committed 768K, reserved 1048576K
}
Event: 9.384 GC heap before
{Heap before GC invocations=1 (full 0):
 garbage-first heap   total 129024K, used 34655K [0x0000000083400000, 0x0000000100000000)
  region size 1024K, 34 young (34816K), 3 survivors (3072K)
 Metaspace       used 11704K, committed 12096K, reserved 1114112K
  class space    used 1641K, committed 1856K, reserved 1048576K
}
Event: 9.388 GC heap after
{Heap after GC invocations=2 (full 0):
 garbage-first heap   total 129024K, used 6781K [0x0000000083400000, 0x0000000100000000)
  region size 1024K, 3 young (3072K), 3 survivors (3072K)
 Metaspace       used 11704K, committed 12096K, reserved 1114112K
  class space    used 1641K, committed 1856K, reserved 1048576K
}
Event: 16.997 GC heap before
{Heap before GC invocations=2 (full 0):
 garbage-first heap   total 129024K, used 64125K [0x0000000083400000, 0x0000000100000000)
  region size 1024K, 60 young (61440K), 3 survivors (3072K)
 Metaspace       used 21084K, committed 21504K, reserved 1114112K
  class space    used 2993K, committed 3200K, reserved 1048576K
}
Event: 17.003 GC heap after
{Heap after GC invocations=3 (full 0):
 garbage-first heap   total 129024K, used 11124K [0x0000000083400000, 0x0000000100000000)
  region size 1024K, 8 young (8192K), 8 survivors (8192K)
 Metaspace       used 21084K, committed 21504K, reserved 1114112K
  class space    used 2993K, committed 3200K, reserved 1048576K
}
Event: 17.523 GC heap before
{Heap before GC invocations=4 (full 0):
 garbage-first heap   total 45056K, used 29556K [0x0000000083400000, 0x0000000100000000)
  region size 1024K, 26 young (26624K), 8 survivors (8192K)
 Metaspace       used 24063K, committed 24512K, reserved 1114112K
  class space    used 3370K, committed 3584K, reserved 1048576K
}
Event: 17.530 GC heap after
{Heap after GC invocations=5 (full 0):
 garbage-first heap   total 45056K, used 12899K [0x0000000083400000, 0x0000000100000000)
  region size 1024K, 3 young (3072K), 3 survivors (3072K)
 Metaspace       used 24063K, committed 24512K, reserved 1114112K
  class space    used 3370K, committed 3584K, reserved 1048576K
}
Event: 17.554 GC heap before
{Heap before GC invocations=5 (full 0):
 garbage-first heap   total 45056K, used 13923K [0x0000000083400000, 0x0000000100000000)
  region size 1024K, 4 young (4096K), 3 survivors (3072K)
 Metaspace       used 24183K, committed 24576K, reserved 1114112K
  class space    used 3394K, committed 3584K, reserved 1048576K
}
Event: 17.556 GC heap after
{Heap after GC invocations=6 (full 0):
 garbage-first heap   total 45056K, used 13258K [0x0000000083400000, 0x0000000100000000)
  region size 1024K, 1 young (1024K), 1 survivors (1024K)
 Metaspace       used 24183K, committed 24576K, reserved 1114112K
  class space    used 3394K, committed 3584K, reserved 1048576K
}

Dll operation events (10 events):
Event: 0.017 Loaded shared library C:\Users\DELL\AppData\Local\Programs\Eclipse Adoptium\jdk-17.0.19.10-hotspot\bin\java.dll
Event: 0.066 Loaded shared library C:\Users\DELL\AppData\Local\Programs\Eclipse Adoptium\jdk-17.0.19.10-hotspot\bin\jsvml.dll
Event: 0.311 Loaded shared library C:\Users\DELL\AppData\Local\Programs\Eclipse Adoptium\jdk-17.0.19.10-hotspot\bin\net.dll
Event: 0.316 Loaded shared library C:\Users\DELL\AppData\Local\Programs\Eclipse Adoptium\jdk-17.0.19.10-hotspot\bin\nio.dll
Event: 0.323 Loaded shared library C:\Users\DELL\AppData\Local\Programs\Eclipse Adoptium\jdk-17.0.19.10-hotspot\bin\zip.dll
Event: 0.462 Loaded shared library C:\Users\DELL\AppData\Local\Programs\Eclipse Adoptium\jdk-17.0.19.10-hotspot\bin\jimage.dll
Event: 1.277 Loaded shared library C:\Users\DELL\AppData\Local\Programs\Eclipse Adoptium\jdk-17.0.19.10-hotspot\bin\management.dll
Event: 1.288 Loaded shared library C:\Users\DELL\AppData\Local\Programs\Eclipse Adoptium\jdk-17.0.19.10-hotspot\bin\management_ext.dll
Event: 12.610 Loaded shared library C:\Users\DELL\AppData\Local\Programs\Eclipse Adoptium\jdk-17.0.19.10-hotspot\bin\sunmscapi.dll
Event: 17.823 Loaded shared library C:\Users\DELL\AppData\Local\Programs\Eclipse Adoptium\jdk-17.0.19.10-hotspot\bin\extnet.dll

Deoptimization events (4 events):
Event: 17.427 Thread 0x000001f645757150 DEOPT PACKING pc=0x000001f675c41501 sp=0x000000147f2fdfa0
Event: 17.427 Thread 0x000001f645757150 DEOPT UNPACKING pc=0x000001f6758c7143 sp=0x000000147f2fd430 mode 3
Event: 17.428 Thread 0x000001f645f814a0 DEOPT PACKING pc=0x000001f675c3f517 sp=0x000000147fcfee70
Event: 17.428 Thread 0x000001f645f814a0 DEOPT UNPACKING pc=0x000001f6758c7143 sp=0x000000147fcfe2c8 mode 3

Classes loaded (20 events):
Event: 17.864 Loading class java/beans/WeakIdentityMap done
Event: 17.864 Loading class java/beans/ThreadGroupContext$1 done
Event: 17.864 Loading class java/beans/WeakIdentityMap$Entry
Event: 17.864 Loading class java/beans/WeakIdentityMap$Entry done
Event: 17.864 Loading class com/sun/beans/introspect/ClassInfo
Event: 17.864 Loading class com/sun/beans/introspect/ClassInfo done
Event: 17.864 Loading class com/sun/beans/introspect/ClassInfo$1
Event: 17.864 Loading class com/sun/beans/util/Cache
Event: 17.864 Loading class com/sun/beans/util/Cache done
Event: 17.864 Loading class com/sun/beans/introspect/ClassInfo$1 done
Event: 17.864 Loading class com/sun/beans/util/Cache$Kind
Event: 17.864 Loading class com/sun/beans/util/Cache$Kind done
Event: 17.864 Loading class com/sun/beans/util/Cache$Kind$1
Event: 17.864 Loading class com/sun/beans/util/Cache$Kind$1 done
Event: 17.864 Loading class com/sun/beans/util/Cache$Kind$2
Event: 17.864 Loading class com/sun/beans/util/Cache$Kind$2 done
Event: 17.864 Loading class com/sun/beans/util/Cache$Kind$3
Event: 17.864 Loading class com/sun/beans/util/Cache$Kind$3 done
Event: 17.864 Loading class com/sun/beans/util/Cache$CacheEntry
Event: 17.864 Loading class com/sun/beans/util/Cache$CacheEntry done

Classes unloaded (0 events):
No events

Classes redefined (0 events):
No events

Internal exceptions (20 events):
Event: 16.921 Thread 0x000001f645757150 Exception <a 'java/lang/NoSuchMethodError'{0x000000008794be78}: 'int java.lang.invoke.DirectMethodHandle$Holder.invokeSpecial(java.lang.Object, java.lang.Object, int)'> (0x000000008794be78) 
thrown [s\src\hotspot\share\interpreter\linkResolver.cpp, line 759]
Event: 16.922 Thread 0x000001f645757150 Exception <a 'java/lang/NoSuchMethodError'{0x000000008795a5e8}: 'void java.lang.invoke.DirectMethodHandle$Holder.invokeVirtual(java.lang.Object, java.lang.Object, int)'> (0x000000008795a5e8) 
thrown [s\src\hotspot\share\interpreter\linkResolver.cpp, line 759]
Event: 16.923 Thread 0x000001f645757150 Exception <a 'java/lang/NoSuchMethodError'{0x00000000879607c0}: 'void java.lang.invoke.DirectMethodHandle$Holder.invokeStatic(java.lang.Object, java.lang.Object, java.lang.Object, int, java.lang.Object)'> (0x00000000879607c0) 
thrown [s\src\hotspot\share\interpreter\linkResolver.cpp, line 759]
Event: 16.923 Thread 0x000001f645757150 Exception <a 'java/lang/NoSuchMethodError'{0x0000000087967c20}: 'java.lang.Object java.lang.invoke.DirectMethodHandle$Holder.newInvokeSpecial(java.lang.Object, java.lang.Object, java.lang.Object, int)'> (0x0000000087967c20) 
thrown [s\src\hotspot\share\interpreter\linkResolver.cpp, line 759]
Event: 16.923 Thread 0x000001f645757150 Exception <a 'java/lang/NoSuchMethodError'{0x000000008796bf08}: 'java.lang.Object java.lang.invoke.DirectMethodHandle$Holder.invokeSpecial(java.lang.Object, java.lang.Object, java.lang.Object, java.lang.Object, int)'> (0x000000008796bf08) 
thrown [s\src\hotspot\share\interpreter\linkResolver.cpp, line 759]
Event: 16.923 Thread 0x000001f645757150 Exception <a 'java/lang/NoSuchMethodError'{0x000000008796fad0}: 'java.lang.Object java.lang.invoke.Invokers$Holder.linkToTargetMethod(java.lang.Object, java.lang.Object, int, java.lang.Object)'> (0x000000008796fad0) 
thrown [s\src\hotspot\share\interpreter\linkResolver.cpp, line 759]
Event: 16.929 Thread 0x000001f645757150 Exception <a 'java/lang/NoSuchMethodError'{0x00000000879d8c18}: 'void java.lang.invoke.DirectMethodHandle$Holder.invokeStatic(java.lang.Object, int, java.lang.Object)'> (0x00000000879d8c18) 
thrown [s\src\hotspot\share\interpreter\linkResolver.cpp, line 759]
Event: 17.061 Thread 0x000001f645757150 Exception <a 'java/lang/NoSuchMethodError'{0x0000000085644118}: 'java.lang.Object java.lang.invoke.DirectMethodHandle$Holder.invokeStaticInit(java.lang.Object, java.lang.Object, int, int, int, int)'> (0x0000000085644118) 
thrown [s\src\hotspot\share\interpreter\linkResolver.cpp, line 759]
Event: 17.312 Thread 0x000001f645757150 Exception <a 'java/io/FileNotFoundException'{0x0000000084e384c8}> (0x0000000084e384c8) 
thrown [s\src\hotspot\share\prims\jni.cpp, line 516]
Event: 17.313 Thread 0x000001f645757150 Exception <a 'java/io/FileNotFoundException'{0x0000000084e39d68}> (0x0000000084e39d68) 
thrown [s\src\hotspot\share\prims\jni.cpp, line 516]
Event: 17.358 Thread 0x000001f645757150 Exception <a 'java/lang/NoSuchMethodError'{0x0000000084de97c8}: 'int java.lang.invoke.DirectMethodHandle$Holder.invokeInterface(java.lang.Object, java.lang.Object, java.lang.Object, java.lang.Object)'> (0x0000000084de97c8) 
thrown [s\src\hotspot\share\interpreter\linkResolver.cpp, line 759]
Event: 17.410 Thread 0x000001f645757150 Exception <a 'java/lang/NoSuchMethodError'{0x0000000084a1e000}: 'long java.lang.invoke.DirectMethodHandle$Holder.invokeVirtual(java.lang.Object, java.lang.Object)'> (0x0000000084a1e000) 
thrown [s\src\hotspot\share\interpreter\linkResolver.cpp, line 759]
Event: 17.417 Thread 0x000001f645757150 Exception <a 'java/io/FileNotFoundException'{0x0000000084a547d8}> (0x0000000084a547d8) 
thrown [s\src\hotspot\share\prims\jni.cpp, line 516]
Event: 17.441 Thread 0x000001f645757150 Exception <a 'java/lang/NoSuchMethodError'{0x000000008497fb28}: 'void java.lang.invoke.DirectMethodHandle$Holder.invokeVirtual(java.lang.Object, java.lang.Object, long)'> (0x000000008497fb28) 
thrown [s\src\hotspot\share\interpreter\linkResolver.cpp, line 759]
Event: 17.534 Thread 0x000001f645757150 Exception <a 'java/lang/NoSuchMethodError'{0x000000008b11ac58}: 'java.lang.Object java.lang.invoke.DirectMethodHandle$Holder.invokeVirtual(java.lang.Object, java.lang.Object, java.lang.Object, java.lang.Object)'> (0x000000008b11ac58) 
thrown [s\src\hotspot\share\interpreter\linkResolver.cpp, line 759]
Event: 17.547 Thread 0x000001f645757150 Exception <a 'java/lang/NoSuchMethodError'{0x000000008b1a1dc0}: 'java.lang.Object java.lang.invoke.DirectMethodHandle$Holder.invokeVirtual(java.lang.Object, java.lang.Object, java.lang.Object, int)'> (0x000000008b1a1dc0) 
thrown [s\src\hotspot\share\interpreter\linkResolver.cpp, line 759]
Event: 17.580 Thread 0x000001f645757150 Exception <a 'java/lang/NoSuchMethodError'{0x0000000087425120}: 'java.lang.Object java.lang.invoke.DirectMethodHandle$Holder.invokeVirtual(java.lang.Object, java.lang.Object, int)'> (0x0000000087425120) 
thrown [s\src\hotspot\share\interpreter\linkResolver.cpp, line 759]
Event: 17.658 Thread 0x000001f645757150 Exception <a 'java/lang/IncompatibleClassChangeError'{0x0000000087113c00}: Found class java.lang.Object, but interface was expected> (0x0000000087113c00) 
thrown [s\src\hotspot\share\interpreter\linkResolver.cpp, line 826]
Event: 17.748 Thread 0x000001f645757150 Exception <a 'java/lang/NoSuchMethodError'{0x0000000086e668c8}: 'int java.lang.invoke.DirectMethodHandle$Holder.invokeStaticInit(java.lang.Object, java.lang.Object, java.lang.Object, java.lang.Object)'> (0x0000000086e668c8) 
thrown [s\src\hotspot\share\interpreter\linkResolver.cpp, line 759]
Event: 17.818 Thread 0x000001f645757150 Exception <a 'java/lang/NoSuchMethodError'{0x00000000855d39c8}: 'java.lang.Object java.lang.invoke.DirectMethodHandle$Holder.newInvokeSpecial(java.lang.Object, java.lang.Object, int, java.lang.Object, java.lang.Object)'> (0x00000000855d39c8) 
thrown [s\src\hotspot\share\interpreter\linkResolver.cpp, line 759]

VM Operations (20 events):
Event: 17.554 Executing VM operation: G1CollectForAllocation
Event: 17.556 Executing VM operation: G1CollectForAllocation done
Event: 17.642 Executing VM operation: HandshakeAllThreads
Event: 17.642 Executing VM operation: HandshakeAllThreads done
Event: 17.672 Executing VM operation: HandshakeAllThreads
Event: 17.672 Executing VM operation: HandshakeAllThreads done
Event: 17.679 Executing VM operation: HandshakeAllThreads
Event: 17.679 Executing VM operation: HandshakeAllThreads done
Event: 17.721 Executing VM operation: HandshakeAllThreads
Event: 17.721 Executing VM operation: HandshakeAllThreads done
Event: 18.720 Executing VM operation: Cleanup
Event: 18.720 Executing VM operation: Cleanup done
Event: 43.739 Executing VM operation: Cleanup
Event: 43.739 Executing VM operation: Cleanup done
Event: 60.153 Executing VM operation: HandshakeAllThreads
Event: 60.153 Executing VM operation: HandshakeAllThreads done
Event: 62.155 Executing VM operation: Cleanup
Event: 62.155 Executing VM operation: Cleanup done
Event: 63.156 Executing VM operation: Cleanup
Event: 63.156 Executing VM operation: Cleanup done

Memory protections (0 events):
No events

Nmethod flushes (0 events):
No events

Events (20 events):
Event: 17.803 Thread 0x000001f645757150 Thread added: 0x000001f645fdaac0
Event: 17.833 Thread 0x000001f645757150 Thread added: 0x000001f645fdb4e0
Event: 17.833 Thread 0x000001f645757150 Thread added: 0x000001f645fda5b0
Event: 17.834 Thread 0x000001f645757150 Thread added: 0x000001f645fdafd0
Event: 17.834 Thread 0x000001f645757150 Thread added: 0x000001f645fdb9f0
Event: 17.834 Thread 0x000001f645757150 Thread added: 0x000001f645fdc920
Event: 17.834 Thread 0x000001f645757150 Thread added: 0x000001f645fdbf00
Event: 17.834 Thread 0x000001f645757150 Thread added: 0x000001f645fdd850
Event: 17.834 Thread 0x000001f645757150 Thread added: 0x000001f645fda0a0
Event: 17.834 Thread 0x000001f645757150 Thread added: 0x000001f645fdc410
Event: 17.834 Thread 0x000001f645757150 Thread added: 0x000001f645fdce30
Event: 17.848 Thread 0x000001f645757150 Thread added: 0x000001f645fdd340
Event: 17.850 Thread 0x000001f645757150 Thread added: 0x000001f6460f4e50
Event: 17.863 Thread 0x000001f645757150 Thread exited: 0x000001f645757150
Event: 17.865 Thread 0x000001f645756c70 Thread exited: 0x000001f645756c70
Event: 17.865 Thread 0x000001f66dcef7d0 Thread exited: 0x000001f66dcef7d0
Event: 17.865 Thread 0x000001f6460f7be0 Thread added: 0x000001f6460f7be0
Event: 24.410 Thread 0x000001f645cfab20 Thread exited: 0x000001f645cfab20
Event: 24.410 Thread 0x000001f645cfa600 Thread exited: 0x000001f645cfa600
Event: 24.410 Thread 0x000001f6456765c0 Thread exited: 0x000001f6456765c0


Dynamic libraries:
0x00007ff6ace30000 - 0x00007ff6ace3e000 	C:\Users\DELL\AppData\Local\Programs\Eclipse Adoptium\jdk-17.0.19.10-hotspot\bin\java.exe
0x00007ffc02c40000 - 0x00007ffc02ea6000 	C:\WINDOWS\SYSTEM32\ntdll.dll
0x00007ffc01b70000 - 0x00007ffc01c39000 	C:\WINDOWS\System32\KERNEL32.DLL
0x00007ffbffed0000 - 0x00007ffc002ca000 	C:\WINDOWS\System32\KERNELBASE.dll
0x00007ffc00450000 - 0x00007ffc0059c000 	C:\WINDOWS\System32\ucrtbase.dll
0x00007ffbef610000 - 0x00007ffbef628000 	C:\Users\DELL\AppData\Local\Programs\Eclipse Adoptium\jdk-17.0.19.10-hotspot\bin\jli.dll
0x00007ffbed3f0000 - 0x00007ffbed40e000 	C:\Users\DELL\AppData\Local\Programs\Eclipse Adoptium\jdk-17.0.19.10-hotspot\bin\VCRUNTIME140.dll
0x00007ffc00cb0000 - 0x00007ffc00e77000 	C:\WINDOWS\System32\USER32.dll
0x00007ffbeaaf0000 - 0x00007ffbead82000 	C:\WINDOWS\WinSxS\amd64_microsoft.windows.common-controls_6595b64144ccf1df_6.0.26100.8521_none_3e08b75ce33403b3\COMCTL32.dll
0x00007ffc00390000 - 0x00007ffc003b7000 	C:\WINDOWS\System32\win32u.dll
0x00007ffc020f0000 - 0x00007ffc02199000 	C:\WINDOWS\System32\msvcrt.dll
0x00007ffc00c80000 - 0x00007ffc00cab000 	C:\WINDOWS\System32\GDI32.dll
0x00007ffc00880000 - 0x00007ffc009ab000 	C:\WINDOWS\System32\gdi32full.dll
0x00007ffc007d0000 - 0x00007ffc00873000 	C:\WINDOWS\System32\msvcp_win.dll
0x00007ffc00aa0000 - 0x00007ffc00ad2000 	C:\WINDOWS\System32\IMM32.DLL
0x00007ffbefab0000 - 0x00007ffbefabc000 	C:\Users\DELL\AppData\Local\Programs\Eclipse Adoptium\jdk-17.0.19.10-hotspot\bin\vcruntime140_1.dll
0x00007ffbcef60000 - 0x00007ffbcefed000 	C:\Users\DELL\AppData\Local\Programs\Eclipse Adoptium\jdk-17.0.19.10-hotspot\bin\msvcp140.dll
0x00007ffb61f30000 - 0x00007ffb62b9c000 	C:\Users\DELL\AppData\Local\Programs\Eclipse Adoptium\jdk-17.0.19.10-hotspot\bin\server\jvm.dll
0x00007ffc01070000 - 0x00007ffc01126000 	C:\WINDOWS\System32\ADVAPI32.dll
0x00007ffc021b0000 - 0x00007ffc0225a000 	C:\WINDOWS\System32\sechost.dll
0x00007ffc026f0000 - 0x00007ffc02808000 	C:\WINDOWS\System32\RPCRT4.dll
0x00007ffc02b00000 - 0x00007ffc02b80000 	C:\WINDOWS\System32\WS2_32.dll
0x00007ffbffd30000 - 0x00007ffbffd8e000 	C:\WINDOWS\SYSTEM32\POWRPROF.dll
0x00007ffbeade0000 - 0x00007ffbeae16000 	C:\WINDOWS\SYSTEM32\WINMM.dll
0x00007ffbf3d00000 - 0x00007ffbf3d0b000 	C:\WINDOWS\SYSTEM32\VERSION.dll
0x00007ffbffd10000 - 0x00007ffbffd24000 	C:\WINDOWS\SYSTEM32\UMPDC.dll
0x00007ffbfec60000 - 0x00007ffbfec7b000 	C:\WINDOWS\SYSTEM32\kernel.appcore.dll
0x00007ffbef7a0000 - 0x00007ffbef7aa000 	C:\Users\DELL\AppData\Local\Programs\Eclipse Adoptium\jdk-17.0.19.10-hotspot\bin\jimage.dll
0x00007ffbfd530000 - 0x00007ffbfd772000 	C:\WINDOWS\SYSTEM32\DBGHELP.DLL
0x00007ffc01d40000 - 0x00007ffc020c3000 	C:\WINDOWS\System32\combase.dll
0x00007ffc02810000 - 0x00007ffc028e9000 	C:\WINDOWS\System32\OLEAUT32.dll
0x00007ffbceb90000 - 0x00007ffbcebcb000 	C:\WINDOWS\SYSTEM32\dbgcore.DLL
0x00007ffc00720000 - 0x00007ffc007c8000 	C:\WINDOWS\System32\bcryptPrimitives.dll
0x00007ffbec860000 - 0x00007ffbec885000 	C:\Users\DELL\AppData\Local\Programs\Eclipse Adoptium\jdk-17.0.19.10-hotspot\bin\java.dll
0x00007ffb8d980000 - 0x00007ffb8da57000 	C:\Users\DELL\AppData\Local\Programs\Eclipse Adoptium\jdk-17.0.19.10-hotspot\bin\jsvml.dll
0x00007ffc01130000 - 0x00007ffc018b4000 	C:\WINDOWS\System32\SHELL32.dll
0x00007ffbfdab0000 - 0x00007ffbfe330000 	C:\WINDOWS\SYSTEM32\windows.storage.dll
0x00007ffc01a20000 - 0x00007ffc01b16000 	C:\WINDOWS\System32\SHCORE.dll
0x00007ffc02b90000 - 0x00007ffc02bf7000 	C:\WINDOWS\System32\shlwapi.dll
0x00007ffbffdf0000 - 0x00007ffbffe19000 	C:\WINDOWS\SYSTEM32\profapi.dll
0x00007ffbeb0f0000 - 0x00007ffbeb10a000 	C:\Users\DELL\AppData\Local\Programs\Eclipse Adoptium\jdk-17.0.19.10-hotspot\bin\net.dll
0x00007ffbf64e0000 - 0x00007ffbf6609000 	C:\WINDOWS\SYSTEM32\WINHTTP.dll
0x00007ffbff1d0000 - 0x00007ffbff23c000 	C:\WINDOWS\system32\mswsock.dll
0x00007ffbe9880000 - 0x00007ffbe9896000 	C:\Users\DELL\AppData\Local\Programs\Eclipse Adoptium\jdk-17.0.19.10-hotspot\bin\nio.dll
0x00007ffbed210000 - 0x00007ffbed228000 	C:\Users\DELL\AppData\Local\Programs\Eclipse Adoptium\jdk-17.0.19.10-hotspot\bin\zip.dll
0x00007ffbec850000 - 0x00007ffbec85a000 	C:\Users\DELL\AppData\Local\Programs\Eclipse Adoptium\jdk-17.0.19.10-hotspot\bin\management.dll
0x00007ffbe7660000 - 0x00007ffbe766c000 	C:\Users\DELL\AppData\Local\Programs\Eclipse Adoptium\jdk-17.0.19.10-hotspot\bin\management_ext.dll
0x00007ffc021a0000 - 0x00007ffc021a8000 	C:\WINDOWS\System32\PSAPI.DLL
0x00007ffbe6f30000 - 0x00007ffbe6f3e000 	C:\Users\DELL\AppData\Local\Programs\Eclipse Adoptium\jdk-17.0.19.10-hotspot\bin\sunmscapi.dll
0x00007ffc005a0000 - 0x00007ffc00718000 	C:\WINDOWS\System32\CRYPT32.dll
0x00007ffbff6d0000 - 0x00007ffbff700000 	C:\WINDOWS\SYSTEM32\ncrypt.dll
0x00007ffbff680000 - 0x00007ffbff6bf000 	C:\WINDOWS\SYSTEM32\NTASN1.dll
0x00007ffbff4b0000 - 0x00007ffbff4cb000 	C:\WINDOWS\SYSTEM32\CRYPTSP.dll
0x00007ffbfebc0000 - 0x00007ffbfebf9000 	C:\WINDOWS\system32\rsaenh.dll
0x00007ffbff280000 - 0x00007ffbff2b3000 	C:\WINDOWS\SYSTEM32\USERENV.dll
0x00007ffbffdc0000 - 0x00007ffbffdea000 	C:\WINDOWS\SYSTEM32\bcrypt.dll
0x00007ffbff4d0000 - 0x00007ffbff4dc000 	C:\WINDOWS\SYSTEM32\CRYPTBASE.dll
0x00007ffbfe660000 - 0x00007ffbfe693000 	C:\WINDOWS\SYSTEM32\IPHLPAPI.DLL
0x00007ffc020e0000 - 0x00007ffc020ea000 	C:\WINDOWS\System32\NSI.dll
0x00007ffbf6b90000 - 0x00007ffbf6bad000 	C:\WINDOWS\SYSTEM32\dhcpcsvc6.DLL
0x00007ffbf6950000 - 0x00007ffbf6975000 	C:\WINDOWS\SYSTEM32\dhcpcsvc.DLL
0x00007ffbfe750000 - 0x00007ffbfe89a000 	C:\WINDOWS\SYSTEM32\DNSAPI.dll
0x00007ffbfefd0000 - 0x00007ffbfefdd000 	C:\WINDOWS\SYSTEM32\DSPARSE.dll
0x00007ffbe7650000 - 0x00007ffbe7659000 	C:\Users\DELL\AppData\Local\Programs\Eclipse Adoptium\jdk-17.0.19.10-hotspot\bin\extnet.dll
0x00007ffbcb610000 - 0x00007ffbcb618000 	C:\WINDOWS\system32\wshunix.dll

dbghelp: loaded successfully - version: 4.0.5 - missing functions: none
symbol engine: initialized successfully - sym options: 0x614 - pdb path: .;C:\Users\DELL\AppData\Local\Programs\Eclipse Adoptium\jdk-17.0.19.10-hotspot\bin;C:\WINDOWS\SYSTEM32;C:\WINDOWS\WinSxS\amd64_microsoft.windows.common-controls_6595b64144ccf1df_6.0.26100.8521_none_3e08b75ce33403b3;C:\Users\DELL\AppData\Local\Programs\Eclipse Adoptium\jdk-17.0.19.10-hotspot\bin\server

VM Arguments:
jvm_args: -XX:TieredStopAtLevel=1 -Dfile.encoding=windows-1252 -Duser.country=EC -Duser.language=es -Duser.variant 
java_command: ec.edu.ups.icc.fundamentos01.Fundamentos01Application
java_class_path (initial): C:\Users\DELL\OneDrive\Pictures\Saved Pictures\Cris\Spring-Boot\fundamentos01\build\classes\java\main;C:\Users\DELL\OneDrive\Pictures\Saved Pictures\Cris\Spring-Boot\fundamentos01\build\resources\main;C:\Users\DELL\.gradle\caches\modules-2\files-2.1\org.springframework.boot\spring-boot-devtools\4.0.7\5b4f9249aab995672b7e2ec26682806f58fca4a\spring-boot-devtools-4.0.7.jar;C:\Users\DELL\.gradle\caches\modules-2\files-2.1\org.springframework.boot\spring-boot-autoconfigure\4.0.7\d5c18ccc03b75be48128a6e8a527b01619ae3257\spring-boot-autoconfigure-4.0.7.jar;C:\Users\DELL\.gradle\caches\modules-2\files-2.1\org.springframework.boot\spring-boot-webmvc\4.0.7\ade81463dae51f3a15a538638c4e8a55bcb4849a\spring-boot-webmvc-4.0.7.jar;C:\Users\DELL\.gradle\caches\modules-2\files-2.1\org.springframework.boot\spring-boot-http-converter\4.0.7\84bbe9ff8cf9f52076af9d4eb50e7b8441adf706\spring-boot-http-converter-4.0.7.jar;C:\Users\DELL\.gradle\caches\modules-2\files-2.1\org.springframework.boot\spring-boot-jackson\4.0.7\c10a6bb6d76fa37e9c88880b5e1e72ad15d254c4\spring-boot-jackson-4.0.7.jar;C:\Users\DELL\.gradle\caches\modules-2\files-2.1\org.springframework.boot\spring-boot-servlet\4.0.7\2f417903bd345fa1d50b189f575f4ed989a33711\spring-boot-servlet-4.0.7.jar;C:\Users\DELL\.gradle\caches\modules-2\files-2.1\org.springframework.boot\spring-boot-tomcat\4.0.7\b78087d7bd46cfcecaf3f90137534d9d08df890a\spring-boot-tomcat-4.0.7.jar;C:\Users\DELL\.gradle\caches\modules-2\files-2.1\org.springframework.boot\spring-boot-web-server\4.0.7\bf7fb85879dfd76897a206d717342accabcd32f0\spring-boot-web-server-4.0.7.jar;C:\Users\DELL\.gradle\caches\modules-2\files-2.1\org.springframework.boot\spring-boot\4.0.7\8c5c38df73a912978dd95fe4f7594045558180ac\spring-boot-4.0.7.jar;C:\Users\DELL\.gradle\caches\modules-2\files-2.1\org.springframework\spring-webmvc\7.0.8\d08172cf66f9625a42935d596ca4c83d21265996\spring-webmvc-7.0.8.jar;C:\Users\DELL\.gradle\caches\modules-2\files-2.1\org.springframe
Launcher Type: SUN_STANDARD

[Global flags]
     intx CICompilerCount                          = 4                                         {product} {ergonomic}
     uint ConcGCThreads                            = 2                                         {product} {ergonomic}
     uint G1ConcRefinementThreads                  = 8                                         {product} {ergonomic}
   size_t G1HeapRegionSize                         = 1048576                                   {product} {ergonomic}
    uintx GCDrainStackTargetSize                   = 64                                        {product} {ergonomic}
   size_t InitialHeapSize                          = 132120576                                 {product} {ergonomic}
   size_t MarkStackSize                            = 4194304                                   {product} {ergonomic}
   size_t MaxHeapSize                              = 2092957696                                {product} {ergonomic}
   size_t MaxNewSize                               = 1255145472                                {product} {ergonomic}
   size_t MinHeapDeltaBytes                        = 1048576                                   {product} {ergonomic}
   size_t MinHeapSize                              = 8388608                                   {product} {ergonomic}
    uintx NonProfiledCodeHeapSize                  = 0                                      {pd product} {ergonomic}
     bool ProfileInterpreter                       = false                                  {pd product} {command line}
    uintx ProfiledCodeHeapSize                     = 0                                      {pd product} {ergonomic}
   size_t SoftMaxHeapSize                          = 2092957696                             {manageable} {ergonomic}
     intx TieredStopAtLevel                        = 1                                         {product} {command line}
     bool UseCompressedClassPointers               = true                           {product lp64_product} {ergonomic}
     bool UseCompressedOops                        = true                           {product lp64_product} {ergonomic}
     bool UseG1GC                                  = true                                      {product} {ergonomic}
     bool UseLargePagesIndividualAllocation        = false                                  {pd product} {ergonomic}

Logging:
Log output configuration:
 #0: stdout all=warning uptime,level,tags
 #1: stderr all=off uptime,level,tags

Environment Variables:
JAVA_HOME=C:\Users\DELL\AppData\Local\Programs\Eclipse Adoptium\jdk-17.0.19.10-hotspot\
PATH=C:\app\DELL\product\21c\dbhomeXE\bin;C:\Program Files\Common Files\Oracle\Java\javapath;C:\Program Files (x86)\Common Files\Oracle\Java\javapath;C:\WINDOWS\system32;C:\WINDOWS;C:\WINDOWS\System32\Wbem;C:\WINDOWS\System32\WindowsPowerShell\v1.0\;C:\WINDOWS\System32\OpenSSH\;C:\Program Files\dotnet\;C:\Program Files\Java\jdk-17\bin;C:\Program Files\MATLAB\R2025b\bin;C:\Program Files\Git\cmd;C:\Program Files\nodejs\;C:\Users\DELL\AppData\Local\Programs\Eclipse Adoptium\jdk-17.0.19.10-hotspot\bin;C:\Users\DELL\AppData\Local\pnpm\bin;C:\Users\DELL\AppData\Local\Programs\Eclipse Adoptium\jdk-21.0.4.7-hotspot\bin;C:\Users\DELL\AppData\Local\Microsoft\WindowsApps;C:\Users\DELL\AppData\Local\Programs\Microsoft VS Code\bin;C:\Users\DELL\AppData\Roaming\npm;c:\Users\DELL\.vscode\extensions\vscjava.vscode-java-debug-0.59.0\bundled\scripts\noConfigScripts
USERNAME=DELL
LANG=en_US.UTF-8
OS=Windows_NT
PROCESSOR_IDENTIFIER=Intel64 Family 6 Model 142 Stepping 12, GenuineIntel
TMP=C:\Users\DELL\AppData\Local\Temp
TEMP=C:\Users\DELL\AppData\Local\Temp



Periodic native trim disabled


---------------  S Y S T E M  ---------------

OS:
 Windows 11 , 64 bit Build 26100 (10.0.26100.8521)
OS uptime: 0 days 1:09 hours

CPU: total 8 (initial active 8) (4 cores per cpu, 2 threads per core) family 6 model 142 stepping 12 microcode 0xde, cx8, cmov, fxsr, ht, mmx, 3dnowpref, sse, sse2, sse3, ssse3, sse4.1, sse4.2, popcnt, lzcnt, tsc, tscinvbit, avx, avx2, aes, erms, clmul, bmi1, bmi2, adx, fma, vzeroupper, clflush, clflushopt
Processor Information for all 8 processors :
  Max Mhz: 2112, Current Mhz: 1609, Mhz Limit: 1605

Memory: 4k page, system-wide physical 7976M (1207M free)
TotalPageFile size 12072M (AvailPageFile size 0M)
current process WorkingSet (physical memory assigned to process): 125M, peak: 144M
current process commit charge ("private bytes"): 166M, peak: 242M

vm_info: OpenJDK 64-Bit Server VM (17.0.19+10) for windows-amd64 JRE (17.0.19+10), built on Apr 25 2026 08:04:44 by "admin" with MS VC++ 17.12 (VS2022)

END.
