#
# There is insufficient memory for the Java Runtime Environment to continue.
# Native memory allocation (malloc) failed to allocate 1100176 bytes. Error detail: Chunk::new
# Possible reasons:
#   The system is out of physical RAM or swap space
#   This process is running with CompressedOops enabled, and the Java Heap may be blocking the growth of the native heap
# Possible solutions:
#   Reduce memory load on the system
#   Increase physical memory or swap space
#   Check if swap backing store is full
#   Decrease Java heap size (-Xmx/-Xms)
#   Decrease number of Java threads
#   Decrease Java thread stack sizes (-Xss)
#   Set larger code cache with -XX:ReservedCodeCacheSize=
#   JVM is running with Unscaled Compressed Oops mode in which the Java heap is
#     placed in the first 4GB address space. The Java Heap base address is the
#     maximum limit for the native heap growth. Please use -XX:HeapBaseMinAddress
#     to set the Java Heap base and to place the Java Heap above 4GB virtual address.
# This output file may be truncated or incomplete.
#
#  Out of Memory Error (arena.cpp:168), pid=15120, tid=18272
#
# JRE version: OpenJDK Runtime Environment Temurin-21.0.10+7 (21.0.10+7) (build 21.0.10+7-LTS)
# Java VM: OpenJDK 64-Bit Server VM Temurin-21.0.10+7 (21.0.10+7-LTS, mixed mode, sharing, tiered, compressed oops, compressed class ptrs, parallel gc, windows-amd64)
# No core dump will be written. Minidumps are not enabled by default on client versions of Windows
#

---------------  S U M M A R Y ------------

Command Line: --add-modules=ALL-SYSTEM --add-opens=java.base/java.util=ALL-UNNAMED --add-opens=java.base/java.lang=ALL-UNNAMED --add-opens=java.base/sun.nio.fs=ALL-UNNAMED -Declipse.application=org.eclipse.jdt.ls.core.id1 -Dosgi.bundles.defaultStartLevel=4 -Declipse.product=org.eclipse.jdt.ls.core.product -Djava.import.generatesMetadataFilesAtProjectRoot=false -DDetectVMInstallationsJob.disabled=true -Dfile.encoding=utf8 -XX:+UseParallelGC -XX:GCTimeRatio=4 -XX:AdaptiveSizePolicyWeight=90 -Dsun.zip.disableMemoryMapping=true -Xmx2G -Xms100m -Xlog:disable -javaagent:c:\Users\DELL\.vscode\extensions\redhat.java-1.54.0-win32-x64\lombok\lombok-1.18.39-4050.jar -XX:+HeapDumpOnOutOfMemoryError -XX:HeapDumpPath=c:\Users\DELL\AppData\Roaming\Code\User\workspaceStorage\ed950ca12d2dff36b27a4ad597b79735\redhat.java -Daether.dependencyCollector.impl=bf c:\Users\DELL\.vscode\extensions\redhat.java-1.54.0-win32-x64\server\plugins\org.eclipse.equinox.launcher_1.7.100.v20251111-0406.jar -configuration c:\Users\DELL\AppData\Roaming\Code\User\globalStorage\redhat.java\1.54.0\config_win -data c:\Users\DELL\AppData\Roaming\Code\User\workspaceStorage\ed950ca12d2dff36b27a4ad597b79735\redhat.java\jdt_ws --pipe=\\.\pipe\lsp-6aeb8c8ae0a1ec5028a8d0786c18e44b-sock

Host: Intel(R) Core(TM) i5-10210U CPU @ 1.60GHz, 8 cores, 7G,  Windows 11 , 64 bit Build 26100 (10.0.26100.8521)
Time: Thu Jun 18 18:47:24 2026 Hora est. Pac璗ico, Sudam廨ica elapsed time: 24.942226 seconds (0d 0h 0m 24s)

---------------  T H R E A D  ---------------

Current thread (0x0000016f7b936030):  JavaThread "C2 CompilerThread2" daemon [_thread_in_native, id=18272, stack(0x0000005b6b400000,0x0000005b6b500000) (1024K)]


Current CompileTask:
C2:24942 8793       4       org.eclipse.jdt.internal.core.JarPackageFragmentRoot::initRawPackageInfo (292 bytes)

Stack: [0x0000005b6b400000,0x0000005b6b500000]
Native frames: (J=compiled Java code, j=interpreted, Vv=VM code, C=native code)
V  [jvm.dll+0x6d7a39]
V  [jvm.dll+0x8b4b26]
V  [jvm.dll+0x8b70de]
V  [jvm.dll+0x8b77c3]
V  [jvm.dll+0x284346]
V  [jvm.dll+0xc66ed]
V  [jvm.dll+0xc6c31]
V  [jvm.dll+0x3bec01]
V  [jvm.dll+0x38b162]
V  [jvm.dll+0x38a5aa]
V  [jvm.dll+0x24c560]
V  [jvm.dll+0x24bb40]
V  [jvm.dll+0x1cb34e]
V  [jvm.dll+0x25b85d]
V  [jvm.dll+0x259dea]
V  [jvm.dll+0x3f857e]
V  [jvm.dll+0x85f59d]
V  [jvm.dll+0x6d626d]
C  [ucrtbase.dll+0x2cd30]
C  [KERNEL32.DLL+0x2e957]
C  [ntdll.dll+0x87c1c]


---------------  P R O C E S S  ---------------

Threads class SMR info:
_java_thread_list=0x0000016f7c06eb60, length=75, elements={
0x0000016f1930cf60, 0x0000016f2fd7c910, 0x0000016f2fd7f520, 0x0000016f2fd87a20,
0x0000016f2fd88c00, 0x0000016f2fd8cdf0, 0x0000016f2fd8db10, 0x0000016f2fda1a60,
0x0000016f2fda3dc0, 0x0000016f2fd8c760, 0x0000016f2fd8d480, 0x0000016f2fd8e1a0,
0x0000016f2fd8e830, 0x0000016f2fd8eec0, 0x0000016f2fd8f550, 0x0000016f2fd8fbe0,
0x0000016f77ec04c0, 0x0000016f77ebdd60, 0x0000016f77ec0b50, 0x0000016f77ec11e0,
0x0000016f77ebf110, 0x0000016f77ec1870, 0x0000016f77ebe3f0, 0x0000016f77ebf7a0,
0x0000016f77ebfe30, 0x0000016f77ec1f00, 0x0000016f77ebea80, 0x0000016f77ec4cf0,
0x0000016f77ec2590, 0x0000016f77ec3940, 0x0000016f77ec2c20, 0x0000016f77ec32b0,
0x0000016f77ec5380, 0x0000016f77ec3fd0, 0x0000016f77ec4660, 0x0000016f7a3bf1f0,
0x0000016f7a3bff10, 0x0000016f7a3c12c0, 0x0000016f7a3c2670, 0x0000016f7a3c1950,
0x0000016f7a3c2d00, 0x0000016f7a3c0c30, 0x0000016f7a3bf880, 0x0000016f7a3c6810,
0x0000016f7a3c3390, 0x0000016f7a3c4740, 0x0000016f7a3c40b0, 0x0000016f7a3c4dd0,
0x0000016f7a3c5460, 0x0000016f7a3c5af0, 0x0000016f786d5580, 0x0000016f786d7650,
0x0000016f786d7ce0, 0x0000016f786d5c10, 0x0000016f786d8370, 0x0000016f7854b520,
0x0000016f7b936030, 0x0000016f786d6fc0, 0x0000016f786d62a0, 0x0000016f786d6930,
0x0000016f786d4ef0, 0x0000016f786d9db0, 0x0000016f786d9090, 0x0000016f786da440,
0x0000016f786daad0, 0x0000016f786d9720, 0x0000016f786db160, 0x0000016f786db7f0,
0x0000016f786dbe80, 0x0000016f786d8a00, 0x0000016f786dc510, 0x0000016f7a3c6180,
0x0000016f7bad26e0, 0x0000016f7bad2d70, 0x0000016f7bad3400
}
_to_delete_list=0x0000016f7d0e8fe0, length=74, elements={
0x0000016f1930cf60, 0x0000016f2fd7c910, 0x0000016f2fd7f520, 0x0000016f2fd87a20,
0x0000016f2fd88c00, 0x0000016f2fd8cdf0, 0x0000016f2fd8db10, 0x0000016f2fda1a60,
0x0000016f2fda3dc0, 0x0000016f2fd8c760, 0x0000016f2fd8d480, 0x0000016f2fd8e1a0,
0x0000016f2fd8e830, 0x0000016f2fd8eec0, 0x0000016f2fd8f550, 0x0000016f2fd8fbe0,
0x0000016f77ec04c0, 0x0000016f77ebdd60, 0x0000016f77ec0b50, 0x0000016f77ec11e0,
0x0000016f77ebf110, 0x0000016f77ec1870, 0x0000016f77ebe3f0, 0x0000016f77ebf7a0,
0x0000016f77ebfe30, 0x0000016f77ec1f00, 0x0000016f77ebea80, 0x0000016f77ec4cf0,
0x0000016f77ec2590, 0x0000016f77ec3940, 0x0000016f77ec2c20, 0x0000016f77ec32b0,
0x0000016f77ec5380, 0x0000016f77ec3fd0, 0x0000016f77ec4660, 0x0000016f7a3bf1f0,
0x0000016f7a3bff10, 0x0000016f7a3c12c0, 0x0000016f7a3c2670, 0x0000016f7a3c1950,
0x0000016f7a3c2d00, 0x0000016f7a3c0c30, 0x0000016f7a3bf880, 0x0000016f7a3c6810,
0x0000016f7a3c3390, 0x0000016f7a3c4740, 0x0000016f7a3c40b0, 0x0000016f7a3c4dd0,
0x0000016f7a3c5460, 0x0000016f7a3c5af0, 0x0000016f786d5580, 0x0000016f786d7650,
0x0000016f786d7ce0, 0x0000016f786d5c10, 0x0000016f786d8370, 0x0000016f7854b520,
0x0000016f7b936030, 0x0000016f786d6fc0, 0x0000016f786d62a0, 0x0000016f786d6930,
0x0000016f786d4ef0, 0x0000016f786d9db0, 0x0000016f786d9090, 0x0000016f786da440,
0x0000016f786daad0, 0x0000016f786d9720, 0x0000016f786db160, 0x0000016f786db7f0,
0x0000016f786dbe80, 0x0000016f786d8a00, 0x0000016f786dc510, 0x0000016f7a3c6180,
0x0000016f7bad26e0, 0x0000016f7bad2d70
}

Java Threads: ( => current thread )
  0x0000016f1930cf60 JavaThread "main"                              [_thread_blocked, id=4732, stack(0x0000005b67300000,0x0000005b67400000) (1024K)]
  0x0000016f2fd7c910 JavaThread "Reference Handler"          daemon [_thread_blocked, id=15964, stack(0x0000005b67700000,0x0000005b67800000) (1024K)]
  0x0000016f2fd7f520 JavaThread "Finalizer"                  daemon [_thread_blocked, id=17868, stack(0x0000005b67800000,0x0000005b67900000) (1024K)]
  0x0000016f2fd87a20 JavaThread "Signal Dispatcher"          daemon [_thread_blocked, id=1696, stack(0x0000005b67900000,0x0000005b67a00000) (1024K)]
  0x0000016f2fd88c00 JavaThread "Attach Listener"            daemon [_thread_blocked, id=11352, stack(0x0000005b67a00000,0x0000005b67b00000) (1024K)]
  0x0000016f2fd8cdf0 JavaThread "Service Thread"             daemon [_thread_blocked, id=15564, stack(0x0000005b67b00000,0x0000005b67c00000) (1024K)]
  0x0000016f2fd8db10 JavaThread "Monitor Deflation Thread"   daemon [_thread_blocked, id=1756, stack(0x0000005b67c00000,0x0000005b67d00000) (1024K)]
  0x0000016f2fda1a60 JavaThread "C2 CompilerThread0"         daemon [_thread_in_native, id=7676, stack(0x0000005b67d00000,0x0000005b67e00000) (1024K)]
  0x0000016f2fda3dc0 JavaThread "C1 CompilerThread0"         daemon [_thread_in_native, id=17216, stack(0x0000005b67e00000,0x0000005b67f00000) (1024K)]
  0x0000016f2fd8c760 JavaThread "Common-Cleaner"             daemon [_thread_blocked, id=9800, stack(0x0000005b67f00000,0x0000005b68000000) (1024K)]
  0x0000016f2fd8d480 JavaThread "Notification Thread"        daemon [_thread_blocked, id=18788, stack(0x0000005b68100000,0x0000005b68200000) (1024K)]
  0x0000016f2fd8e1a0 JavaThread "Active Thread: Equinox Container: 6f788020-f2ef-4653-9e4c-91aa3270d5be"        [_thread_blocked, id=11972, stack(0x0000005b68900000,0x0000005b68a00000) (1024K)]
  0x0000016f2fd8e830 JavaThread "Refresh Thread: Equinox Container: 6f788020-f2ef-4653-9e4c-91aa3270d5be" daemon [_thread_blocked, id=14180, stack(0x0000005b68b00000,0x0000005b68c00000) (1024K)]
  0x0000016f2fd8eec0 JavaThread "Framework Event Dispatcher: Equinox Container: 6f788020-f2ef-4653-9e4c-91aa3270d5be" daemon [_thread_blocked, id=9488, stack(0x0000005b68c00000,0x0000005b68d00000) (1024K)]
  0x0000016f2fd8f550 JavaThread "Start Level: Equinox Container: 6f788020-f2ef-4653-9e4c-91aa3270d5be" daemon [_thread_blocked, id=14088, stack(0x0000005b68d00000,0x0000005b68e00000) (1024K)]
  0x0000016f2fd8fbe0 JavaThread "Bundle File Closer"         daemon [_thread_blocked, id=10664, stack(0x0000005b68e00000,0x0000005b68f00000) (1024K)]
  0x0000016f77ec04c0 JavaThread "SCR Component Actor"        daemon [_thread_blocked, id=100, stack(0x0000005b68000000,0x0000005b68100000) (1024K)]
  0x0000016f77ebdd60 JavaThread "Worker-JM"                         [_thread_blocked, id=12032, stack(0x0000005b69000000,0x0000005b69100000) (1024K)]
  0x0000016f77ec0b50 JavaThread "JNA Cleaner"                daemon [_thread_blocked, id=1184, stack(0x0000005b68f00000,0x0000005b69000000) (1024K)]
  0x0000016f77ec11e0 JavaThread "Worker-0"                          [_thread_blocked, id=4904, stack(0x0000005b69100000,0x0000005b69200000) (1024K)]
  0x0000016f77ebf110 JavaThread "Worker-1: Initialize workspace"        [_thread_blocked, id=8088, stack(0x0000005b68200000,0x0000005b68300000) (1024K)]
  0x0000016f77ec1870 JavaThread "Java indexing"              daemon [_thread_blocked, id=1388, stack(0x0000005b69400000,0x0000005b69500000) (1024K)]
  0x0000016f77ebe3f0 JavaThread "Worker-2: Building"                [_thread_in_native, id=9164, stack(0x0000005b69500000,0x0000005b69600000) (1024K)]
  0x0000016f77ebf7a0 JavaThread "Worker-3: Send Classpath Notifications"        [_thread_blocked, id=7968, stack(0x0000005b69600000,0x0000005b69700000) (1024K)]
  0x0000016f77ebfe30 JavaThread "Worker-4"                          [_thread_blocked, id=17188, stack(0x0000005b69900000,0x0000005b69a00000) (1024K)]
  0x0000016f77ec1f00 JavaThread "Worker-5"                          [_thread_blocked, id=14936, stack(0x0000005b69a00000,0x0000005b69b00000) (1024K)]
  0x0000016f77ebea80 JavaThread "Thread-1"                   daemon [_thread_in_native, id=9120, stack(0x0000005b69b00000,0x0000005b69c00000) (1024K)]
  0x0000016f77ec4cf0 JavaThread "Thread-2"                   daemon [_thread_in_native, id=2056, stack(0x0000005b69c00000,0x0000005b69d00000) (1024K)]
  0x0000016f77ec2590 JavaThread "Thread-3"                   daemon [_thread_in_native, id=11552, stack(0x0000005b69d00000,0x0000005b69e00000) (1024K)]
  0x0000016f77ec3940 JavaThread "Thread-4"                   daemon [_thread_in_native, id=15416, stack(0x0000005b69e00000,0x0000005b69f00000) (1024K)]
  0x0000016f77ec2c20 JavaThread "Thread-5"                   daemon [_thread_in_native, id=2504, stack(0x0000005b69f00000,0x0000005b6a000000) (1024K)]
  0x0000016f77ec32b0 JavaThread "Thread-6"                   daemon [_thread_in_native, id=7152, stack(0x0000005b6a000000,0x0000005b6a100000) (1024K)]
  0x0000016f77ec5380 JavaThread "Thread-7"                   daemon [_thread_in_native, id=16512, stack(0x0000005b6a100000,0x0000005b6a200000) (1024K)]
  0x0000016f77ec3fd0 JavaThread "Thread-8"                   daemon [_thread_in_native, id=3172, stack(0x0000005b6a200000,0x0000005b6a300000) (1024K)]
  0x0000016f77ec4660 JavaThread "Thread-9"                   daemon [_thread_in_native, id=14572, stack(0x0000005b6a300000,0x0000005b6a400000) (1024K)]
  0x0000016f7a3bf1f0 JavaThread "pool-2-thread-1"                   [_thread_blocked, id=6340, stack(0x0000005b6a400000,0x0000005b6a500000) (1024K)]
  0x0000016f7a3bff10 JavaThread "WorkspaceEventsHandler"            [_thread_blocked, id=10952, stack(0x0000005b6a500000,0x0000005b6a600000) (1024K)]
  0x0000016f7a3c12c0 JavaThread "pool-1-thread-1"                   [_thread_blocked, id=11572, stack(0x0000005b6a600000,0x0000005b6a700000) (1024K)]
  0x0000016f7a3c2670 JavaThread "ForkJoinPool.commonPool-worker-1" daemon [_thread_blocked, id=10096, stack(0x0000005b69300000,0x0000005b69400000) (1024K)]
  0x0000016f7a3c1950 JavaThread "ForkJoinPool.commonPool-worker-2" daemon [_thread_in_native, id=19288, stack(0x0000005b6a700000,0x0000005b6a800000) (1024K)]
  0x0000016f7a3c2d00 JavaThread "ForkJoinPool.commonPool-worker-3" daemon [_thread_blocked, id=6760, stack(0x0000005b6a800000,0x0000005b6a900000) (1024K)]
  0x0000016f7a3c0c30 JavaThread "ForkJoinPool.commonPool-worker-4" daemon [_thread_blocked, id=2364, stack(0x0000005b6a900000,0x0000005b6aa00000) (1024K)]
  0x0000016f7a3bf880 JavaThread "ForkJoinPool.commonPool-worker-5" daemon [_thread_in_Java, id=9640, stack(0x0000005b6aa00000,0x0000005b6ab00000) (1024K)]
  0x0000016f7a3c6810 JavaThread "ForkJoinPool.commonPool-worker-6" daemon [_thread_blocked, id=4116, stack(0x0000005b6ab00000,0x0000005b6ac00000) (1024K)]
  0x0000016f7a3c3390 JavaThread "ForkJoinPool.commonPool-worker-7" daemon [_thread_blocked, id=3524, stack(0x0000005b6ac00000,0x0000005b6ad00000) (1024K)]
  0x0000016f7a3c4740 JavaThread "Timer-0"                           [_thread_blocked, id=16832, stack(0x0000005b6ae00000,0x0000005b6af00000) (1024K)]
  0x0000016f7a3c40b0 JavaThread "Timer-1"                           [_thread_blocked, id=16048, stack(0x0000005b69200000,0x0000005b69300000) (1024K)]
  0x0000016f7a3c4dd0 JavaThread "Timer-2"                           [_thread_blocked, id=9608, stack(0x0000005b6af00000,0x0000005b6b000000) (1024K)]
  0x0000016f7a3c5460 JavaThread "Timer-3"                           [_thread_blocked, id=17024, stack(0x0000005b6b100000,0x0000005b6b200000) (1024K)]
  0x0000016f7a3c5af0 JavaThread "Timer-4"                           [_thread_blocked, id=10280, stack(0x0000005b6b200000,0x0000005b6b300000) (1024K)]
  0x0000016f786d5580 JavaThread "Exec process"                      [_thread_blocked, id=14656, stack(0x0000005b6b700000,0x0000005b6b800000) (1024K)]
  0x0000016f786d7650 JavaThread "Exec process Thread 2"             [_thread_blocked, id=16392, stack(0x0000005b6b800000,0x0000005b6b900000) (1024K)]
  0x0000016f786d7ce0 JavaThread "Exec process Thread 3"             [_thread_blocked, id=16400, stack(0x0000005b6b900000,0x0000005b6ba00000) (1024K)]
  0x0000016f786d5c10 JavaThread "Timer-5"                           [_thread_blocked, id=18408, stack(0x0000005b6b000000,0x0000005b6b100000) (1024K)]
  0x0000016f786d8370 JavaThread "Timer-6"                           [_thread_blocked, id=18360, stack(0x0000005b6b300000,0x0000005b6b400000) (1024K)]
  0x0000016f7854b520 JavaThread "C2 CompilerThread1"         daemon [_thread_in_native, id=18056, stack(0x0000005b6ad00000,0x0000005b6ae00000) (1024K)]
=>0x0000016f7b936030 JavaThread "C2 CompilerThread2"         daemon [_thread_in_native, id=18272, stack(0x0000005b6b400000,0x0000005b6b500000) (1024K)]
  0x0000016f786d6fc0 JavaThread "LocalFile Deleter"          daemon [_thread_blocked, id=17700, stack(0x0000005b6b500000,0x0000005b6b600000) (1024K)]
  0x0000016f786d62a0 JavaThread "LocalFile Deleter"          daemon [_thread_blocked, id=3852, stack(0x0000005b6ba00000,0x0000005b6bb00000) (1024K)]
  0x0000016f786d6930 JavaThread "LocalFile Deleter"          daemon [_thread_blocked, id=7160, stack(0x0000005b6bb00000,0x0000005b6bc00000) (1024K)]
  0x0000016f786d4ef0 JavaThread "LocalFile Deleter"          daemon [_thread_blocked, id=17916, stack(0x0000005b6bc00000,0x0000005b6bd00000) (1024K)]
  0x0000016f786d9db0 JavaThread "LocalFile Deleter"          daemon [_thread_blocked, id=18588, stack(0x0000005b6bd00000,0x0000005b6be00000) (1024K)]
  0x0000016f786d9090 JavaThread "LocalFile Deleter"          daemon [_thread_blocked, id=13360, stack(0x0000005b6be00000,0x0000005b6bf00000) (1024K)]
  0x0000016f786da440 JavaThread "LocalFile Deleter"          daemon [_thread_blocked, id=15696, stack(0x0000005b6bf00000,0x0000005b6c000000) (1024K)]
  0x0000016f786daad0 JavaThread "LocalFile Deleter"          daemon [_thread_blocked, id=14484, stack(0x0000005b6c000000,0x0000005b6c100000) (1024K)]
  0x0000016f786d9720 JavaThread "Compiler Source File Reader" daemon [_thread_blocked, id=8004, stack(0x0000005b6c100000,0x0000005b6c200000) (1024K)]
  0x0000016f786db160 JavaThread "Compiler Source File Reader" daemon [_thread_blocked, id=10692, stack(0x0000005b6c200000,0x0000005b6c300000) (1024K)]
  0x0000016f786db7f0 JavaThread "Compiler Source File Reader" daemon [_thread_blocked, id=2428, stack(0x0000005b6c300000,0x0000005b6c400000) (1024K)]
  0x0000016f786dbe80 JavaThread "Compiler Source File Reader" daemon [_thread_blocked, id=17972, stack(0x0000005b6c400000,0x0000005b6c500000) (1024K)]
  0x0000016f786d8a00 JavaThread "Compiler Processing Task"   daemon [_thread_blocked, id=10556, stack(0x0000005b6c500000,0x0000005b6c600000) (1024K)]
  0x0000016f786dc510 JavaThread "Compiler Class File Writer" daemon [_thread_blocked, id=6172, stack(0x0000005b6c600000,0x0000005b6c700000) (1024K)]
  0x0000016f7a3c6180 JavaThread "Compiler Class File Writer" daemon [_thread_blocked, id=16920, stack(0x0000005b6c700000,0x0000005b6c800000) (1024K)]
  0x0000016f7bad26e0 JavaThread "Worker-6: Publish Diagnostics"        [_thread_in_native, id=15520, stack(0x0000005b6c800000,0x0000005b6c900000) (1024K)]
  0x0000016f7bad2d70 JavaThread "Compiler Class File Writer" daemon [_thread_blocked, id=13124, stack(0x0000005b6c900000,0x0000005b6ca00000) (1024K)]
  0x0000016f7bad3400 JavaThread "Compiler Class File Writer" daemon [_thread_blocked, id=2296, stack(0x0000005b6ca00000,0x0000005b6cb00000) (1024K)]
Total: 75

Other Threads:
  0x0000016f2fd624c0 VMThread "VM Thread"                           [id=10732, stack(0x0000005b67600000,0x0000005b67700000) (1024K)]
  0x0000016f2fc9ca10 WatcherThread "VM Periodic Task Thread"        [id=2888, stack(0x0000005b67500000,0x0000005b67600000) (1024K)]
  0x0000016f1932a2c0 WorkerThread "GC Thread#0"                     [id=14192, stack(0x0000005b67400000,0x0000005b67500000) (1024K)]
  0x0000016f77479510 WorkerThread "GC Thread#1"                     [id=7764, stack(0x0000005b68300000,0x0000005b68400000) (1024K)]
  0x0000016f77477970 WorkerThread "GC Thread#2"                     [id=13540, stack(0x0000005b68400000,0x0000005b68500000) (1024K)]
  0x0000016f7791af50 WorkerThread "GC Thread#3"                     [id=18092, stack(0x0000005b68500000,0x0000005b68600000) (1024K)]
  0x0000016f777f2f00 WorkerThread "GC Thread#4"                     [id=18560, stack(0x0000005b68600000,0x0000005b68700000) (1024K)]
  0x0000016f777f32b0 WorkerThread "GC Thread#5"                     [id=3348, stack(0x0000005b68700000,0x0000005b68800000) (1024K)]
  0x0000016f77317990 WorkerThread "GC Thread#6"                     [id=11512, stack(0x0000005b68800000,0x0000005b68900000) (1024K)]
  0x0000016f777b9140 WorkerThread "GC Thread#7"                     [id=8424, stack(0x0000005b68a00000,0x0000005b68b00000) (1024K)]
Total: 10

Threads with active compile tasks:
C2 CompilerThread0  24979 8958   !   4       org.eclipse.jdt.internal.core.util.DeduplicationUtil::intern (149 bytes)
C2 CompilerThread1  24979 9089       4       sun.nio.fs.WindowsFileSystem::getPath (106 bytes)
C2 CompilerThread2  24979 8793       4       org.eclipse.jdt.internal.core.JarPackageFragmentRoot::initRawPackageInfo (292 bytes)
Total: 3

VM state: not at safepoint (normal execution)

VM Mutex/Monitor currently owned by a thread: None

Heap address: 0x0000000080000000, size: 2048 MB, Compressed Oops mode: 32-bit

CDS archive(s) mapped at: [0x0000016f30000000-0x0000016f30ba0000-0x0000016f30ba0000), size 12189696, SharedBaseAddress: 0x0000016f30000000, ArchiveRelocationMode: 1.
Compressed class space mapped at: 0x0000016f31000000-0x0000016f71000000, reserved size: 1073741824
Narrow klass base: 0x0000016f30000000, Narrow klass shift: 0, Narrow klass range: 0x100000000

GC Precious Log:
 CardTable entry size: 512
 CPUs: 8 total, 8 available
 Memory: 7976M
 Large Page Support: Disabled
 NUMA Support: Disabled
 Compressed Oops: Enabled (32-bit)
 Alignments: Space 512K, Generation 512K, Heap 2M
 Heap Min Capacity: 100M
 Heap Initial Capacity: 100M
 Heap Max Capacity: 2G
 Pre-touch: Disabled
 Parallel Workers: 8

Heap:
 PSYoungGen      total 18944K, used 18177K [0x00000000d5580000, 0x00000000d6a00000, 0x0000000100000000)
  eden space 17920K, 95% used [0x00000000d5580000,0x00000000d66482c0,0x00000000d6700000)
  from space 1024K, 96% used [0x00000000d6900000,0x00000000d69f84e8,0x00000000d6a00000)
  to   space 1536K, 0% used [0x00000000d6700000,0x00000000d6700000,0x00000000d6880000)
 ParOldGen       total 68608K, used 61985K [0x0000000080000000, 0x0000000084300000, 0x00000000d5580000)
  object space 68608K, 90% used [0x0000000080000000,0x0000000083c88730,0x0000000084300000)
 Metaspace       used 76269K, committed 77824K, reserved 1179648K
  class space    used 9253K, committed 9920K, reserved 1048576K

Card table byte_map: [0x0000016f18cb0000,0x0000016f190c0000] _byte_map_base: 0x0000016f188b0000

Marking Bits: (ParMarkBitMap*) 0x00007ffd1f823450
 Begin Bits: [0x0000016f2b7c0000, 0x0000016f2d7c0000)
 End Bits:   [0x0000016f2d7c0000, 0x0000016f2f7c0000)

Polling page: 0x0000016f17160000

Metaspace:

Usage:
  Non-class:     65.45 MB used.
      Class:      9.04 MB used.
       Both:     74.48 MB used.

Virtual space:
  Non-class space:      128.00 MB reserved,      66.31 MB ( 52%) committed,  2 nodes.
      Class space:        1.00 GB reserved,       9.69 MB ( <1%) committed,  1 nodes.
             Both:        1.12 GB reserved,      76.00 MB (  7%) committed. 

Chunk freelists:
   Non-Class:  12.95 MB
       Class:  6.19 MB
        Both:  19.14 MB

MaxMetaspaceSize: unlimited
CompressedClassSpaceSize: 1.00 GB
Initial GC threshold: 21.00 MB
Current GC threshold: 97.31 MB
CDS: on
 - commit_granule_bytes: 65536.
 - commit_granule_words: 8192.
 - virtual_space_node_default_size: 8388608.
 - enlarge_chunks_in_place: 1.
 - use_allocation_guard: 0.


Internal statistics:

num_allocs_failed_limit: 9.
num_arena_births: 1278.
num_arena_deaths: 26.
num_vsnodes_births: 3.
num_vsnodes_deaths: 0.
num_space_committed: 1216.
num_space_uncommitted: 0.
num_chunks_returned_to_freelist: 39.
num_chunks_taken_from_freelist: 4662.
num_chunk_merges: 16.
num_chunk_splits: 2985.
num_chunks_enlarged: 1870.
num_inconsistent_stats: 0.

CodeHeap 'non-profiled nmethods': size=120000Kb used=5431Kb max_used=5431Kb free=114568Kb
 bounds [0x0000016f23fe0000, 0x0000016f24530000, 0x0000016f2b510000]
CodeHeap 'profiled nmethods': size=120000Kb used=17853Kb max_used=17853Kb free=102146Kb
 bounds [0x0000016f1c510000, 0x0000016f1d680000, 0x0000016f23a40000]
CodeHeap 'non-nmethods': size=5760Kb used=1448Kb max_used=1516Kb free=4311Kb
 bounds [0x0000016f23a40000, 0x0000016f23cb0000, 0x0000016f23fe0000]
CodeCache: size=245760Kb, used=24732Kb, max_used=24800Kb, free=221025Kb
 total_blobs=9166, nmethods=8399, adapters=673, full_count=0
Compilation: enabled, stopped_count=0, restarted_count=0

Compilation events (20 events):
Event: 23.926 Thread 0x0000016f2fda3dc0 nmethod 9061 0x0000016f1d65a210 code [0x0000016f1d65a3e0, 0x0000016f1d65a780]
Event: 23.926 Thread 0x0000016f2fda3dc0 9058       3       org.eclipse.core.internal.localstore.FileStoreRoot::createStore (90 bytes)
Event: 23.928 Thread 0x0000016f2fda3dc0 nmethod 9058 0x0000016f1d65a890 code [0x0000016f1d65abc0, 0x0000016f1d65be28]
Event: 23.928 Thread 0x0000016f2fda3dc0 9060       3       org.eclipse.osgi.internal.framework.EquinoxBundle::resolve (37 bytes)
Event: 23.928 Thread 0x0000016f2fda3dc0 nmethod 9060 0x0000016f1d65c590 code [0x0000016f1d65c7a0, 0x0000016f1d65cd20]
Event: 23.929 Thread 0x0000016f2fda3dc0 9062       3       java.text.FieldPosition::<init> (25 bytes)
Event: 23.929 Thread 0x0000016f2fda3dc0 nmethod 9062 0x0000016f1d65cf90 code [0x0000016f1d65d140, 0x0000016f1d65d2c0]
Event: 23.930 Thread 0x0000016f7854b520 nmethod 8772 0x0000016f24529990 code [0x0000016f24529bc0, 0x0000016f2452a470]
Event: 23.930 Thread 0x0000016f7854b520 9059       4       java.util.ImmutableCollections::listFromArray (39 bytes)
Event: 23.931 Thread 0x0000016f2fda3dc0 9063       3       java.util.LinkedList::addFirst (6 bytes)
Event: 23.931 Thread 0x0000016f2fda3dc0 nmethod 9063 0x0000016f1d65d390 code [0x0000016f1d65d540, 0x0000016f1d65d678]
Event: 23.931 Thread 0x0000016f2fda3dc0 9064       3       java.util.LinkedList::linkFirst (59 bytes)
Event: 23.931 Thread 0x0000016f2fda3dc0 nmethod 9064 0x0000016f1d65d710 code [0x0000016f1d65d8c0, 0x0000016f1d65dbc0]
Event: 23.931 Thread 0x0000016f2fda3dc0 9065  s    1       org.eclipse.core.internal.resources.WorkManager::getPreparedOperationDepth (5 bytes)
Event: 23.931 Thread 0x0000016f2fda3dc0 nmethod 9065 0x0000016f2452aa10 code [0x0000016f2452aba0, 0x0000016f2452ad28]
Event: 23.931 Thread 0x0000016f2fda3dc0 9066       3       org.eclipse.core.internal.registry.RegistryObjectManager::getContributors (47 bytes)
Event: 23.932 Thread 0x0000016f2fda3dc0 nmethod 9066 0x0000016f1d65dd10 code [0x0000016f1d65dee0, 0x0000016f1d65e2c0]
Event: 23.933 Thread 0x0000016f2fda3dc0 9067       3       java.util.concurrent.locks.AbstractQueuedSynchronizer::signalNextIfShared (41 bytes)
Event: 23.933 Thread 0x0000016f2fda3dc0 nmethod 9067 0x0000016f1d65e490 code [0x0000016f1d65e6a0, 0x0000016f1d65ec50]
Event: 23.936 Thread 0x0000016f2fda3dc0 9070       3       java.text.MessageFormat::subformat (542 bytes)

GC Heap History (20 events):
Event: 17.151 GC heap before
{Heap before GC invocations=46 (full 3):
 PSYoungGen      total 20992K, used 20736K [0x00000000d5580000, 0x00000000d6d80000, 0x0000000100000000)
  eden space 20480K, 100% used [0x00000000d5580000,0x00000000d6980000,0x00000000d6980000)
  from space 512K, 50% used [0x00000000d6d00000,0x00000000d6d40000,0x00000000d6d80000)
  to   space 512K, 0% used [0x00000000d6c80000,0x00000000d6c80000,0x00000000d6d00000)
 ParOldGen       total 68608K, used 54815K [0x0000000080000000, 0x0000000084300000, 0x00000000d5580000)
  object space 68608K, 79% used [0x0000000080000000,0x0000000083587df0,0x0000000084300000)
 Metaspace       used 64470K, committed 65856K, reserved 1114112K
  class space    used 8028K, committed 8704K, reserved 1048576K
}
Event: 17.152 GC heap after
{Heap after GC invocations=46 (full 3):
 PSYoungGen      total 20992K, used 512K [0x00000000d5580000, 0x00000000d6d80000, 0x0000000100000000)
  eden space 20480K, 0% used [0x00000000d5580000,0x00000000d5580000,0x00000000d6980000)
  from space 512K, 100% used [0x00000000d6c80000,0x00000000d6d00000,0x00000000d6d00000)
  to   space 512K, 0% used [0x00000000d6d00000,0x00000000d6d00000,0x00000000d6d80000)
 ParOldGen       total 68608K, used 55083K [0x0000000080000000, 0x0000000084300000, 0x00000000d5580000)
  object space 68608K, 80% used [0x0000000080000000,0x00000000835cacc0,0x0000000084300000)
 Metaspace       used 64470K, committed 65856K, reserved 1114112K
  class space    used 8028K, committed 8704K, reserved 1048576K
}
Event: 22.127 GC heap before
{Heap before GC invocations=47 (full 3):
 PSYoungGen      total 20992K, used 20944K [0x00000000d5580000, 0x00000000d6d80000, 0x0000000100000000)
  eden space 20480K, 99% used [0x00000000d5580000,0x00000000d6974088,0x00000000d6980000)
  from space 512K, 100% used [0x00000000d6c80000,0x00000000d6d00000,0x00000000d6d00000)
  to   space 512K, 0% used [0x00000000d6d00000,0x00000000d6d00000,0x00000000d6d80000)
 ParOldGen       total 68608K, used 55083K [0x0000000080000000, 0x0000000084300000, 0x00000000d5580000)
  object space 68608K, 80% used [0x0000000080000000,0x00000000835cacc0,0x0000000084300000)
 Metaspace       used 65866K, committed 67200K, reserved 1114112K
  class space    used 8199K, committed 8832K, reserved 1048576K
}
Event: 22.129 GC heap after
{Heap after GC invocations=47 (full 3):
 PSYoungGen      total 20992K, used 508K [0x00000000d5580000, 0x00000000d6d80000, 0x0000000100000000)
  eden space 20480K, 0% used [0x00000000d5580000,0x00000000d5580000,0x00000000d6980000)
  from space 512K, 99% used [0x00000000d6d00000,0x00000000d6d7f300,0x00000000d6d80000)
  to   space 1536K, 0% used [0x00000000d6a80000,0x00000000d6a80000,0x00000000d6c00000)
 ParOldGen       total 68608K, used 55848K [0x0000000080000000, 0x0000000084300000, 0x00000000d5580000)
  object space 68608K, 81% used [0x0000000080000000,0x000000008368a1e0,0x0000000084300000)
 Metaspace       used 65866K, committed 67200K, reserved 1114112K
  class space    used 8199K, committed 8832K, reserved 1048576K
}
Event: 22.384 GC heap before
{Heap before GC invocations=48 (full 3):
 PSYoungGen      total 20992K, used 20988K [0x00000000d5580000, 0x00000000d6d80000, 0x0000000100000000)
  eden space 20480K, 100% used [0x00000000d5580000,0x00000000d6980000,0x00000000d6980000)
  from space 512K, 99% used [0x00000000d6d00000,0x00000000d6d7f300,0x00000000d6d80000)
  to   space 1536K, 0% used [0x00000000d6a80000,0x00000000d6a80000,0x00000000d6c00000)
 ParOldGen       total 68608K, used 55848K [0x0000000080000000, 0x0000000084300000, 0x00000000d5580000)
  object space 68608K, 81% used [0x0000000080000000,0x000000008368a1e0,0x0000000084300000)
 Metaspace       used 68623K, committed 70080K, reserved 1114112K
  class space    used 8504K, committed 9152K, reserved 1048576K
}
Event: 22.386 GC heap after
{Heap after GC invocations=48 (full 3):
 PSYoungGen      total 22016K, used 1249K [0x00000000d5580000, 0x00000000d6d80000, 0x0000000100000000)
  eden space 20480K, 0% used [0x00000000d5580000,0x00000000d5580000,0x00000000d6980000)
  from space 1536K, 81% used [0x00000000d6a80000,0x00000000d6bb87a8,0x00000000d6c00000)
  to   space 1536K, 0% used [0x00000000d6c00000,0x00000000d6c00000,0x00000000d6d80000)
 ParOldGen       total 68608K, used 56220K [0x0000000080000000, 0x0000000084300000, 0x00000000d5580000)
  object space 68608K, 81% used [0x0000000080000000,0x00000000836e71f8,0x0000000084300000)
 Metaspace       used 68623K, committed 70080K, reserved 1114112K
  class space    used 8504K, committed 9152K, reserved 1048576K
}
Event: 22.526 GC heap before
{Heap before GC invocations=49 (full 3):
 PSYoungGen      total 22016K, used 21729K [0x00000000d5580000, 0x00000000d6d80000, 0x0000000100000000)
  eden space 20480K, 100% used [0x00000000d5580000,0x00000000d6980000,0x00000000d6980000)
  from space 1536K, 81% used [0x00000000d6a80000,0x00000000d6bb87a8,0x00000000d6c00000)
  to   space 1536K, 0% used [0x00000000d6c00000,0x00000000d6c00000,0x00000000d6d80000)
 ParOldGen       total 68608K, used 56220K [0x0000000080000000, 0x0000000084300000, 0x00000000d5580000)
  object space 68608K, 81% used [0x0000000080000000,0x00000000836e71f8,0x0000000084300000)
 Metaspace       used 69104K, committed 70592K, reserved 1114112K
  class space    used 8541K, committed 9216K, reserved 1048576K
}
Event: 22.528 GC heap after
{Heap after GC invocations=49 (full 3):
 PSYoungGen      total 20992K, used 1535K [0x00000000d5580000, 0x00000000d7080000, 0x0000000100000000)
  eden space 19456K, 0% used [0x00000000d5580000,0x00000000d5580000,0x00000000d6880000)
  from space 1536K, 99% used [0x00000000d6c00000,0x00000000d6d7feb8,0x00000000d6d80000)
  to   space 3584K, 0% used [0x00000000d6880000,0x00000000d6880000,0x00000000d6c00000)
 ParOldGen       total 68608K, used 57871K [0x0000000080000000, 0x0000000084300000, 0x00000000d5580000)
  object space 68608K, 84% used [0x0000000080000000,0x0000000083883c60,0x0000000084300000)
 Metaspace       used 69104K, committed 70592K, reserved 1114112K
  class space    used 8541K, committed 9216K, reserved 1048576K
}
Event: 22.589 GC heap before
{Heap before GC invocations=50 (full 3):
 PSYoungGen      total 20992K, used 20991K [0x00000000d5580000, 0x00000000d7080000, 0x0000000100000000)
  eden space 19456K, 100% used [0x00000000d5580000,0x00000000d6880000,0x00000000d6880000)
  from space 1536K, 99% used [0x00000000d6c00000,0x00000000d6d7feb8,0x00000000d6d80000)
  to   space 3584K, 0% used [0x00000000d6880000,0x00000000d6880000,0x00000000d6c00000)
 ParOldGen       total 68608K, used 57871K [0x0000000080000000, 0x0000000084300000, 0x00000000d5580000)
  object space 68608K, 84% used [0x0000000080000000,0x0000000083883c60,0x0000000084300000)
 Metaspace       used 69476K, committed 70912K, reserved 1114112K
  class space    used 8568K, committed 9216K, reserved 1048576K
}
Event: 22.590 GC heap after
{Heap after GC invocations=50 (full 3):
 PSYoungGen      total 19968K, used 224K [0x00000000d5580000, 0x00000000d6c80000, 0x0000000100000000)
  eden space 19456K, 0% used [0x00000000d5580000,0x00000000d5580000,0x00000000d6880000)
  from space 512K, 43% used [0x00000000d6880000,0x00000000d68b8000,0x00000000d6900000)
  to   space 1536K, 0% used [0x00000000d6b00000,0x00000000d6b00000,0x00000000d6c80000)
 ParOldGen       total 68608K, used 58055K [0x0000000080000000, 0x0000000084300000, 0x00000000d5580000)
  object space 68608K, 84% used [0x0000000080000000,0x00000000838b1c60,0x0000000084300000)
 Metaspace       used 69476K, committed 70912K, reserved 1114112K
  class space    used 8568K, committed 9216K, reserved 1048576K
}
Event: 22.949 GC heap before
{Heap before GC invocations=51 (full 3):
 PSYoungGen      total 19968K, used 19680K [0x00000000d5580000, 0x00000000d6c80000, 0x0000000100000000)
  eden space 19456K, 100% used [0x00000000d5580000,0x00000000d6880000,0x00000000d6880000)
  from space 512K, 43% used [0x00000000d6880000,0x00000000d68b8000,0x00000000d6900000)
  to   space 1536K, 0% used [0x00000000d6b00000,0x00000000d6b00000,0x00000000d6c80000)
 ParOldGen       total 68608K, used 58055K [0x0000000080000000, 0x0000000084300000, 0x00000000d5580000)
  object space 68608K, 84% used [0x0000000080000000,0x00000000838b1c60,0x0000000084300000)
 Metaspace       used 71053K, committed 72448K, reserved 1114112K
  class space    used 8728K, committed 9408K, reserved 1048576K
}
Event: 22.949 GC heap after
{Heap after GC invocations=51 (full 3):
 PSYoungGen      total 19968K, used 416K [0x00000000d5580000, 0x00000000d6b80000, 0x0000000100000000)
  eden space 19456K, 0% used [0x00000000d5580000,0x00000000d5580000,0x00000000d6880000)
  from space 512K, 81% used [0x00000000d6b00000,0x00000000d6b68000,0x00000000d6b80000)
  to   space 1024K, 0% used [0x00000000d6980000,0x00000000d6980000,0x00000000d6a80000)
 ParOldGen       total 68608K, used 58103K [0x0000000080000000, 0x0000000084300000, 0x00000000d5580000)
  object space 68608K, 84% used [0x0000000080000000,0x00000000838bdc60,0x0000000084300000)
 Metaspace       used 71053K, committed 72448K, reserved 1114112K
  class space    used 8728K, committed 9408K, reserved 1048576K
}
Event: 23.259 GC heap before
{Heap before GC invocations=52 (full 3):
 PSYoungGen      total 19968K, used 19836K [0x00000000d5580000, 0x00000000d6b80000, 0x0000000100000000)
  eden space 19456K, 99% used [0x00000000d5580000,0x00000000d68770b8,0x00000000d6880000)
  from space 512K, 81% used [0x00000000d6b00000,0x00000000d6b68000,0x00000000d6b80000)
  to   space 1024K, 0% used [0x00000000d6980000,0x00000000d6980000,0x00000000d6a80000)
 ParOldGen       total 68608K, used 58103K [0x0000000080000000, 0x0000000084300000, 0x00000000d5580000)
  object space 68608K, 84% used [0x0000000080000000,0x00000000838bdc60,0x0000000084300000)
 Metaspace       used 72332K, committed 73792K, reserved 1114112K
  class space    used 8867K, committed 9536K, reserved 1048576K
}
Event: 23.260 GC heap after
{Heap after GC invocations=52 (full 3):
 PSYoungGen      total 20480K, used 1002K [0x00000000d5580000, 0x00000000d6c80000, 0x0000000100000000)
  eden space 19456K, 0% used [0x00000000d5580000,0x00000000d5580000,0x00000000d6880000)
  from space 1024K, 97% used [0x00000000d6980000,0x00000000d6a7aa98,0x00000000d6a80000)
  to   space 2048K, 0% used [0x00000000d6a80000,0x00000000d6a80000,0x00000000d6c80000)
 ParOldGen       total 68608K, used 58503K [0x0000000080000000, 0x0000000084300000, 0x00000000d5580000)
  object space 68608K, 85% used [0x0000000080000000,0x0000000083921c60,0x0000000084300000)
 Metaspace       used 72332K, committed 73792K, reserved 1114112K
  class space    used 8867K, committed 9536K, reserved 1048576K
}
Event: 23.525 GC heap before
{Heap before GC invocations=53 (full 3):
 PSYoungGen      total 20480K, used 20458K [0x00000000d5580000, 0x00000000d6c80000, 0x0000000100000000)
  eden space 19456K, 100% used [0x00000000d5580000,0x00000000d6880000,0x00000000d6880000)
  from space 1024K, 97% used [0x00000000d6980000,0x00000000d6a7aa98,0x00000000d6a80000)
  to   space 2048K, 0% used [0x00000000d6a80000,0x00000000d6a80000,0x00000000d6c80000)
 ParOldGen       total 68608K, used 58503K [0x0000000080000000, 0x0000000084300000, 0x00000000d5580000)
  object space 68608K, 85% used [0x0000000080000000,0x0000000083921c60,0x0000000084300000)
 Metaspace       used 74195K, committed 75712K, reserved 1179648K
  class space    used 9055K, committed 9728K, reserved 1048576K
}
Event: 23.528 GC heap after
{Heap after GC invocations=53 (full 3):
 PSYoungGen      total 19968K, used 2047K [0x00000000d5580000, 0x00000000d6f80000, 0x0000000100000000)
  eden space 17920K, 0% used [0x00000000d5580000,0x00000000d5580000,0x00000000d6700000)
  from space 2048K, 99% used [0x00000000d6a80000,0x00000000d6c7fe90,0x00000000d6c80000)
  to   space 3584K, 0% used [0x00000000d6700000,0x00000000d6700000,0x00000000d6a80000)
 ParOldGen       total 68608K, used 59523K [0x0000000080000000, 0x0000000084300000, 0x00000000d5580000)
  object space 68608K, 86% used [0x0000000080000000,0x0000000083a20f80,0x0000000084300000)
 Metaspace       used 74195K, committed 75712K, reserved 1179648K
  class space    used 9055K, committed 9728K, reserved 1048576K
}
Event: 23.725 GC heap before
{Heap before GC invocations=54 (full 3):
 PSYoungGen      total 19968K, used 19967K [0x00000000d5580000, 0x00000000d6f80000, 0x0000000100000000)
  eden space 17920K, 100% used [0x00000000d5580000,0x00000000d6700000,0x00000000d6700000)
  from space 2048K, 99% used [0x00000000d6a80000,0x00000000d6c7fe90,0x00000000d6c80000)
  to   space 3584K, 0% used [0x00000000d6700000,0x00000000d6700000,0x00000000d6a80000)
 ParOldGen       total 68608K, used 59523K [0x0000000080000000, 0x0000000084300000, 0x00000000d5580000)
  object space 68608K, 86% used [0x0000000080000000,0x0000000083a20f80,0x0000000084300000)
 Metaspace       used 75424K, committed 76928K, reserved 1179648K
  class space    used 9192K, committed 9856K, reserved 1048576K
}
Event: 23.728 GC heap after
{Heap after GC invocations=54 (full 3):
 PSYoungGen      total 18944K, used 865K [0x00000000d5580000, 0x00000000d6b00000, 0x0000000100000000)
  eden space 17920K, 0% used [0x00000000d5580000,0x00000000d5580000,0x00000000d6700000)
  from space 1024K, 84% used [0x00000000d6700000,0x00000000d67d8730,0x00000000d6800000)
  to   space 2048K, 0% used [0x00000000d6900000,0x00000000d6900000,0x00000000d6b00000)
 ParOldGen       total 68608K, used 61448K [0x0000000080000000, 0x0000000084300000, 0x00000000d5580000)
  object space 68608K, 89% used [0x0000000080000000,0x0000000083c02340,0x0000000084300000)
 Metaspace       used 75424K, committed 76928K, reserved 1179648K
  class space    used 9192K, committed 9856K, reserved 1048576K
}
Event: 23.873 GC heap before
{Heap before GC invocations=55 (full 3):
 PSYoungGen      total 18944K, used 18785K [0x00000000d5580000, 0x00000000d6b00000, 0x0000000100000000)
  eden space 17920K, 100% used [0x00000000d5580000,0x00000000d6700000,0x00000000d6700000)
  from space 1024K, 84% used [0x00000000d6700000,0x00000000d67d8730,0x00000000d6800000)
  to   space 2048K, 0% used [0x00000000d6900000,0x00000000d6900000,0x00000000d6b00000)
 ParOldGen       total 68608K, used 61448K [0x0000000080000000, 0x0000000084300000, 0x00000000d5580000)
  object space 68608K, 89% used [0x0000000080000000,0x0000000083c02340,0x0000000084300000)
 Metaspace       used 75649K, committed 77248K, reserved 1179648K
  class space    used 9213K, committed 9920K, reserved 1048576K
}
Event: 23.874 GC heap after
{Heap after GC invocations=55 (full 3):
 PSYoungGen      total 18944K, used 993K [0x00000000d5580000, 0x00000000d6a00000, 0x0000000100000000)
  eden space 17920K, 0% used [0x00000000d5580000,0x00000000d5580000,0x00000000d6700000)
  from space 1024K, 96% used [0x00000000d6900000,0x00000000d69f84e8,0x00000000d6a00000)
  to   space 1536K, 0% used [0x00000000d6700000,0x00000000d6700000,0x00000000d6880000)
 ParOldGen       total 68608K, used 61985K [0x0000000080000000, 0x0000000084300000, 0x00000000d5580000)
  object space 68608K, 90% used [0x0000000080000000,0x0000000083c88730,0x0000000084300000)
 Metaspace       used 75649K, committed 77248K, reserved 1179648K
  class space    used 9213K, committed 9920K, reserved 1048576K
}

Dll operation events (14 events):
Event: 0.011 Loaded shared library c:\Users\DELL\.vscode\extensions\redhat.java-1.54.0-win32-x64\jre\21.0.10-win32-x86_64\bin\java.dll
Event: 0.086 Loaded shared library c:\Users\DELL\.vscode\extensions\redhat.java-1.54.0-win32-x64\jre\21.0.10-win32-x86_64\bin\zip.dll
Event: 0.110 Loaded shared library C:\Users\DELL\.vscode\extensions\redhat.java-1.54.0-win32-x64\jre\21.0.10-win32-x86_64\bin\instrument.dll
Event: 0.116 Loaded shared library C:\Users\DELL\.vscode\extensions\redhat.java-1.54.0-win32-x64\jre\21.0.10-win32-x86_64\bin\net.dll
Event: 0.119 Loaded shared library C:\Users\DELL\.vscode\extensions\redhat.java-1.54.0-win32-x64\jre\21.0.10-win32-x86_64\bin\nio.dll
Event: 0.122 Loaded shared library C:\Users\DELL\.vscode\extensions\redhat.java-1.54.0-win32-x64\jre\21.0.10-win32-x86_64\bin\zip.dll
Event: 0.139 Loaded shared library C:\Users\DELL\.vscode\extensions\redhat.java-1.54.0-win32-x64\jre\21.0.10-win32-x86_64\bin\jimage.dll
Event: 0.224 Loaded shared library c:\Users\DELL\.vscode\extensions\redhat.java-1.54.0-win32-x64\jre\21.0.10-win32-x86_64\bin\verify.dll
Event: 1.110 Loaded shared library C:\Users\DELL\AppData\Roaming\Code\User\globalStorage\redhat.java\1.54.0\config_win\org.eclipse.equinox.launcher\org.eclipse.equinox.launcher.win32.win32.x86_64_1.3.0.v20260203-2149\eclipse_11919.dll
Event: 4.523 Loaded shared library C:\Users\DELL\AppData\Local\Temp\jna-2094529\jna9382872971410624701.dll
Event: 13.728 Loaded shared library C:\Users\DELL\.gradle\native\660c5614fbf4a5f2a75b1949f50a0caf5cd603558e7d8a26e50b933a0cfb79d1\windows-amd64\native-platform.dll
Event: 14.048 Loaded shared library C:\Users\DELL\.vscode\extensions\redhat.java-1.54.0-win32-x64\jre\21.0.10-win32-x86_64\bin\management.dll
Event: 14.050 Loaded shared library C:\Users\DELL\.vscode\extensions\redhat.java-1.54.0-win32-x64\jre\21.0.10-win32-x86_64\bin\management_ext.dll
Event: 16.717 Loaded shared library C:\Users\DELL\.vscode\extensions\redhat.java-1.54.0-win32-x64\jre\21.0.10-win32-x86_64\bin\extnet.dll

Deoptimization events (20 events):
Event: 23.772 Thread 0x0000016f7a3bf880 DEOPT PACKING pc=0x0000016f1d59c24e sp=0x0000005b6aafdc30
Event: 23.772 Thread 0x0000016f7a3bf880 DEOPT UNPACKING pc=0x0000016f23a94242 sp=0x0000005b6aafd1b0 mode 0
Event: 23.773 Thread 0x0000016f7a3bf880 DEOPT PACKING pc=0x0000016f1d59c24e sp=0x0000005b6aafdc30
Event: 23.773 Thread 0x0000016f7a3bf880 DEOPT UNPACKING pc=0x0000016f23a94242 sp=0x0000005b6aafd1b0 mode 0
Event: 23.776 Thread 0x0000016f7a3bf880 DEOPT PACKING pc=0x0000016f1d59c24e sp=0x0000005b6aafdc30
Event: 23.776 Thread 0x0000016f7a3bf880 DEOPT UNPACKING pc=0x0000016f23a94242 sp=0x0000005b6aafd1b0 mode 0
Event: 23.777 Thread 0x0000016f7a3bf880 DEOPT PACKING pc=0x0000016f1d59c24e sp=0x0000005b6aafdc30
Event: 23.777 Thread 0x0000016f7a3bf880 DEOPT UNPACKING pc=0x0000016f23a94242 sp=0x0000005b6aafd1b0 mode 0
Event: 23.783 Thread 0x0000016f7a3bf880 DEOPT PACKING pc=0x0000016f1d59c24e sp=0x0000005b6aafdc30
Event: 23.783 Thread 0x0000016f7a3bf880 DEOPT UNPACKING pc=0x0000016f23a94242 sp=0x0000005b6aafd1b0 mode 0
Event: 23.784 Thread 0x0000016f7a3bf880 DEOPT PACKING pc=0x0000016f1d59c24e sp=0x0000005b6aafdc30
Event: 23.784 Thread 0x0000016f7a3bf880 DEOPT UNPACKING pc=0x0000016f23a94242 sp=0x0000005b6aafd1b0 mode 0
Event: 23.785 Thread 0x0000016f7a3bf880 DEOPT PACKING pc=0x0000016f1d59c24e sp=0x0000005b6aafdc30
Event: 23.785 Thread 0x0000016f7a3bf880 DEOPT UNPACKING pc=0x0000016f23a94242 sp=0x0000005b6aafd1b0 mode 0
Event: 23.786 Thread 0x0000016f7a3bf880 DEOPT PACKING pc=0x0000016f1d59c24e sp=0x0000005b6aafdc30
Event: 23.786 Thread 0x0000016f7a3bf880 DEOPT UNPACKING pc=0x0000016f23a94242 sp=0x0000005b6aafd1b0 mode 0
Event: 23.789 Thread 0x0000016f7a3bf880 DEOPT PACKING pc=0x0000016f1d59c24e sp=0x0000005b6aafdc30
Event: 23.789 Thread 0x0000016f7a3bf880 DEOPT UNPACKING pc=0x0000016f23a94242 sp=0x0000005b6aafd1b0 mode 0
Event: 23.791 Thread 0x0000016f7a3bf880 DEOPT PACKING pc=0x0000016f1d59c24e sp=0x0000005b6aafdc30
Event: 23.791 Thread 0x0000016f7a3bf880 DEOPT UNPACKING pc=0x0000016f23a94242 sp=0x0000005b6aafd1b0 mode 0

Classes loaded (20 events):
Event: 23.325 Loading class java/util/stream/ReduceOps$4ReducingSink
Event: 23.325 Loading class java/util/stream/ReduceOps$4ReducingSink done
Event: 23.328 Loading class java/nio/file/Files$2
Event: 23.328 Loading class java/nio/file/Files$2 done
Event: 23.381 Loading class java/io/SequenceInputStream
Event: 23.381 Loading class java/io/SequenceInputStream done
Event: 23.451 Loading class java/util/concurrent/CompletableFuture$UniApply
Event: 23.451 Loading class java/util/concurrent/CompletableFuture$UniApply done
Event: 23.451 Loading class java/util/concurrent/CompletableFuture$UniExceptionally
Event: 23.452 Loading class java/util/concurrent/CompletableFuture$UniExceptionally done
Event: 23.493 Loading class javax/xml/transform/TransformerConfigurationException
Event: 23.493 Loading class javax/xml/transform/TransformerConfigurationException done
Event: 23.685 Loading class java/util/Hashtable$KeySet
Event: 23.685 Loading class java/util/Hashtable$KeySet done
Event: 23.744 Loading class java/util/concurrent/ConcurrentHashMap$KeySpliterator
Event: 23.744 Loading class java/util/concurrent/ConcurrentHashMap$KeySpliterator done
Event: 23.768 Loading class sun/nio/ch/ChannelOutputStream
Event: 23.769 Loading class sun/nio/ch/ChannelOutputStream done
Event: 23.877 Loading class java/util/ArrayDeque$DeqSpliterator
Event: 23.877 Loading class java/util/ArrayDeque$DeqSpliterator done

Classes unloaded (13 events):
Event: 4.953 Thread 0x0000016f2fd624c0 Unloading class 0x0000016f311aac00 'java/lang/invoke/LambdaForm$MH+0x0000016f311aac00'
Event: 4.953 Thread 0x0000016f2fd624c0 Unloading class 0x0000016f311aa800 'java/lang/invoke/LambdaForm$MH+0x0000016f311aa800'
Event: 4.953 Thread 0x0000016f2fd624c0 Unloading class 0x0000016f311aa400 'java/lang/invoke/LambdaForm$MH+0x0000016f311aa400'
Event: 4.953 Thread 0x0000016f2fd624c0 Unloading class 0x0000016f311aa000 'java/lang/invoke/LambdaForm$MH+0x0000016f311aa000'
Event: 4.953 Thread 0x0000016f2fd624c0 Unloading class 0x0000016f311a9c00 'java/lang/invoke/LambdaForm$BMH+0x0000016f311a9c00'
Event: 4.953 Thread 0x0000016f2fd624c0 Unloading class 0x0000016f311a9800 'java/lang/invoke/LambdaForm$DMH+0x0000016f311a9800'
Event: 4.953 Thread 0x0000016f2fd624c0 Unloading class 0x0000016f311a8400 'java/lang/invoke/LambdaForm$DMH+0x0000016f311a8400'
Event: 6.381 Thread 0x0000016f2fd624c0 Unloading class 0x0000016f31323000 'java/lang/invoke/LambdaForm$MH+0x0000016f31323000'
Event: 6.381 Thread 0x0000016f2fd624c0 Unloading class 0x0000016f31322400 'java/lang/invoke/LambdaForm$MH+0x0000016f31322400'
Event: 6.381 Thread 0x0000016f2fd624c0 Unloading class 0x0000016f31321c00 'java/lang/invoke/LambdaForm$MH+0x0000016f31321c00'
Event: 6.381 Thread 0x0000016f2fd624c0 Unloading class 0x0000016f31321400 'java/lang/invoke/LambdaForm$MH+0x0000016f31321400'
Event: 6.381 Thread 0x0000016f2fd624c0 Unloading class 0x0000016f31321000 'java/lang/invoke/LambdaForm$DMH+0x0000016f31321000'
Event: 6.381 Thread 0x0000016f2fd624c0 Unloading class 0x0000016f31320400 'java/lang/invoke/LambdaForm$MH+0x0000016f31320400'

Classes redefined (0 events):
No events

Internal exceptions (20 events):
Event: 23.445 Thread 0x0000016f7a3c12c0 Exception <a 'sun/nio/fs/WindowsException'{0x00000000d61089f8}> (0x00000000d61089f8) 
thrown [s\src\hotspot\share\prims\jni.cpp, line 520]
Event: 23.445 Thread 0x0000016f7a3c12c0 Exception <a 'sun/nio/fs/WindowsException'{0x00000000d6109028}> (0x00000000d6109028) 
thrown [s\src\hotspot\share\prims\jni.cpp, line 520]
Event: 23.445 Thread 0x0000016f7a3c12c0 Exception <a 'sun/nio/fs/WindowsException'{0x00000000d6109bb0}> (0x00000000d6109bb0) 
thrown [s\src\hotspot\share\prims\jni.cpp, line 520]
Event: 23.445 Thread 0x0000016f7a3c12c0 Exception <a 'sun/nio/fs/WindowsException'{0x00000000d610a1e0}> (0x00000000d610a1e0) 
thrown [s\src\hotspot\share\prims\jni.cpp, line 520]
Event: 23.446 Thread 0x0000016f7a3c12c0 Exception <a 'sun/nio/fs/WindowsException'{0x00000000d610b068}> (0x00000000d610b068) 
thrown [s\src\hotspot\share\prims\jni.cpp, line 520]
Event: 23.446 Thread 0x0000016f7a3c12c0 Exception <a 'sun/nio/fs/WindowsException'{0x00000000d610b868}> (0x00000000d610b868) 
thrown [s\src\hotspot\share\prims\jni.cpp, line 520]
Event: 23.446 Thread 0x0000016f7a3c12c0 Exception <a 'sun/nio/fs/WindowsException'{0x00000000d610c8b0}> (0x00000000d610c8b0) 
thrown [s\src\hotspot\share\prims\jni.cpp, line 520]
Event: 23.447 Thread 0x0000016f7a3c12c0 Exception <a 'sun/nio/fs/WindowsException'{0x00000000d610d0b0}> (0x00000000d610d0b0) 
thrown [s\src\hotspot\share\prims\jni.cpp, line 520]
Event: 23.449 Thread 0x0000016f7a3c12c0 Exception <a 'java/lang/IncompatibleClassChangeError'{0x00000000d6160208}: Found class java.lang.Object, but interface was expected> (0x00000000d6160208) 
thrown [s\src\hotspot\share\interpreter\linkResolver.cpp, line 840]
Event: 23.452 Thread 0x0000016f7a3c12c0 Exception <a 'java/lang/IncompatibleClassChangeError'{0x00000000d6180768}: Found class java.lang.Object, but interface was expected> (0x00000000d6180768) 
thrown [s\src\hotspot\share\interpreter\linkResolver.cpp, line 840]
Event: 23.465 Thread 0x0000016f7a3c12c0 Exception <a 'java/lang/IncompatibleClassChangeError'{0x00000000d62761f0}: Found class java.lang.Object, but interface was expected> (0x00000000d62761f0) 
thrown [s\src\hotspot\share\interpreter\linkResolver.cpp, line 840]
Event: 23.488 Thread 0x0000016f7a3c12c0 Exception <a 'java/lang/IncompatibleClassChangeError'{0x00000000d6451a68}: Found class java.lang.Object, but interface was expected> (0x00000000d6451a68) 
thrown [s\src\hotspot\share\interpreter\linkResolver.cpp, line 840]
Event: 23.498 Thread 0x0000016f77ebf7a0 Exception <a 'sun/nio/fs/WindowsException'{0x00000000d66251b8}> (0x00000000d66251b8) 
thrown [s\src\hotspot\share\prims\jni.cpp, line 520]
Event: 23.498 Thread 0x0000016f77ebf7a0 Exception <a 'sun/nio/fs/WindowsException'{0x00000000d66259b8}> (0x00000000d66259b8) 
thrown [s\src\hotspot\share\prims\jni.cpp, line 520]
Event: 23.593 Thread 0x0000016f77ebf7a0 Exception <a 'sun/nio/fs/WindowsException'{0x00000000d5ce7220}> (0x00000000d5ce7220) 
thrown [s\src\hotspot\share\prims\jni.cpp, line 520]
Event: 23.594 Thread 0x0000016f77ebf7a0 Exception <a 'sun/nio/fs/WindowsException'{0x00000000d5ce7a20}> (0x00000000d5ce7a20) 
thrown [s\src\hotspot\share\prims\jni.cpp, line 520]
Event: 23.601 Thread 0x0000016f7a3c12c0 Exception <a 'java/lang/IncompatibleClassChangeError'{0x00000000d5d77418}: Found class java.lang.Object, but interface was expected> (0x00000000d5d77418) 
thrown [s\src\hotspot\share\interpreter\linkResolver.cpp, line 840]
Event: 23.746 Thread 0x0000016f77ebe3f0 Exception <a 'java/lang/NoSuchMethodError'{0x00000000d5729950}: 'java.lang.Object java.lang.invoke.DirectMethodHandle$Holder.invokeStatic(java.lang.Object, java.lang.Object, int, int, java.lang.Object)'> (0x00000000d5729950) 
thrown [s\src\hotspot\share\interpreter\linkResolver.cpp, line 773]
Event: 23.747 Thread 0x0000016f77ebe3f0 Exception <a 'java/lang/NoSuchMethodError'{0x00000000d57308c0}: 'java.lang.Object java.lang.invoke.DirectMethodHandle$Holder.newInvokeSpecial(java.lang.Object, java.lang.Object, int, int, java.lang.Object)'> (0x00000000d57308c0) 
thrown [s\src\hotspot\share\interpreter\linkResolver.cpp, line 773]
Event: 23.890 Thread 0x0000016f77ec1f00 Exception <a 'java/lang/NoSuchMethodError'{0x00000000d570e4d0}: 'java.lang.Object java.lang.invoke.DirectMethodHandle$Holder.invokeSpecial(java.lang.Object, java.lang.Object, int, long)'> (0x00000000d570e4d0) 
thrown [s\src\hotspot\share\interpreter\linkResolver.cpp, line 773]

ZGC Phase Switch (0 events):
No events

VM Operations (20 events):
Event: 22.386 Executing safepoint VM operation: ParallelGCFailedAllocation (Allocation Failure) done
Event: 22.526 Executing safepoint VM operation: ParallelGCFailedAllocation (Allocation Failure)
Event: 22.528 Executing safepoint VM operation: ParallelGCFailedAllocation (Allocation Failure) done
Event: 22.589 Executing safepoint VM operation: ParallelGCFailedAllocation (Allocation Failure)
Event: 22.590 Executing safepoint VM operation: ParallelGCFailedAllocation (Allocation Failure) done
Event: 22.949 Executing safepoint VM operation: ParallelGCFailedAllocation (Allocation Failure)
Event: 22.949 Executing safepoint VM operation: ParallelGCFailedAllocation (Allocation Failure) done
Event: 23.259 Executing safepoint VM operation: ParallelGCFailedAllocation (Allocation Failure)
Event: 23.260 Executing safepoint VM operation: ParallelGCFailedAllocation (Allocation Failure) done
Event: 23.445 Executing non-safepoint VM operation: HandshakeAllThreads (Deoptimize)
Event: 23.445 Executing non-safepoint VM operation: HandshakeAllThreads (Deoptimize) done
Event: 23.492 Executing non-safepoint VM operation: HandshakeAllThreads (Deoptimize)
Event: 23.492 Executing non-safepoint VM operation: HandshakeAllThreads (Deoptimize) done
Event: 23.525 Executing safepoint VM operation: ParallelGCFailedAllocation (Allocation Failure)
Event: 23.528 Executing safepoint VM operation: ParallelGCFailedAllocation (Allocation Failure) done
Event: 23.724 Executing safepoint VM operation: ParallelGCFailedAllocation (Allocation Failure)
Event: 23.728 Executing safepoint VM operation: ParallelGCFailedAllocation (Allocation Failure) done
Event: 23.872 Executing safepoint VM operation: ParallelGCFailedAllocation (Allocation Failure)
Event: 23.874 Executing safepoint VM operation: ParallelGCFailedAllocation (Allocation Failure) done
Event: 24.875 Executing safepoint VM operation: Cleanup

Memory protections (0 events):
No events

Nmethod flushes (20 events):
Event: 15.038 Thread 0x0000016f2fd624c0 flushing  nmethod 0x0000016f1cc66b90
Event: 15.038 Thread 0x0000016f2fd624c0 flushing  nmethod 0x0000016f1cc75410
Event: 15.038 Thread 0x0000016f2fd624c0 flushing  nmethod 0x0000016f1cc75910
Event: 15.038 Thread 0x0000016f2fd624c0 flushing  nmethod 0x0000016f1cc82490
Event: 15.038 Thread 0x0000016f2fd624c0 flushing  nmethod 0x0000016f1cca7390
Event: 15.038 Thread 0x0000016f2fd624c0 flushing  nmethod 0x0000016f1cd15890
Event: 15.038 Thread 0x0000016f2fd624c0 flushing  nmethod 0x0000016f1cd26d90
Event: 15.038 Thread 0x0000016f2fd624c0 flushing  nmethod 0x0000016f1cd46990
Event: 15.038 Thread 0x0000016f2fd624c0 flushing  nmethod 0x0000016f1cd47890
Event: 15.038 Thread 0x0000016f2fd624c0 flushing  nmethod 0x0000016f1cd47e90
Event: 15.038 Thread 0x0000016f2fd624c0 flushing  nmethod 0x0000016f1cd6d210
Event: 15.038 Thread 0x0000016f2fd624c0 flushing  nmethod 0x0000016f1cd86a90
Event: 15.038 Thread 0x0000016f2fd624c0 flushing  nmethod 0x0000016f1cd87090
Event: 15.038 Thread 0x0000016f2fd624c0 flushing  nmethod 0x0000016f1cd87910
Event: 15.038 Thread 0x0000016f2fd624c0 flushing  nmethod 0x0000016f1cd8b890
Event: 15.038 Thread 0x0000016f2fd624c0 flushing  nmethod 0x0000016f1cd97210
Event: 15.038 Thread 0x0000016f2fd624c0 flushing  nmethod 0x0000016f1cd9d090
Event: 15.038 Thread 0x0000016f2fd624c0 flushing  nmethod 0x0000016f1cddfc90
Event: 15.038 Thread 0x0000016f2fd624c0 flushing  nmethod 0x0000016f1cdf0190
Event: 15.038 Thread 0x0000016f2fd624c0 flushing  nmethod 0x0000016f1ce0bc10

Events (20 events):
Event: 22.148 Thread 0x0000016f2fda3dc0 Thread added: 0x0000016f7854b520
Event: 22.300 Thread 0x0000016f2fda3dc0 Thread added: 0x0000016f7b936030
Event: 22.369 Thread 0x0000016f77ebe3f0 Thread added: 0x0000016f786d6fc0
Event: 22.370 Thread 0x0000016f786d6fc0 Thread added: 0x0000016f786d62a0
Event: 22.370 Thread 0x0000016f786d6fc0 Thread added: 0x0000016f786d6930
Event: 22.371 Thread 0x0000016f786d62a0 Thread added: 0x0000016f786d4ef0
Event: 22.372 Thread 0x0000016f786d6930 Thread added: 0x0000016f786d9db0
Event: 22.372 Thread 0x0000016f786d9db0 Thread added: 0x0000016f786d9090
Event: 22.372 Thread 0x0000016f786d4ef0 Thread added: 0x0000016f786da440
Event: 22.372 Thread 0x0000016f786d9090 Thread added: 0x0000016f786daad0
Event: 22.437 Thread 0x0000016f77ebe3f0 Thread added: 0x0000016f786d9720
Event: 22.438 Thread 0x0000016f77ebe3f0 Thread added: 0x0000016f786db160
Event: 22.438 Thread 0x0000016f77ebe3f0 Thread added: 0x0000016f786db7f0
Event: 22.439 Thread 0x0000016f77ebe3f0 Thread added: 0x0000016f786dbe80
Event: 23.497 Thread 0x0000016f77ebe3f0 Thread added: 0x0000016f786d8a00
Event: 23.748 Thread 0x0000016f77ebe3f0 Thread added: 0x0000016f786dc510
Event: 23.795 Thread 0x0000016f77ebe3f0 Thread added: 0x0000016f7a3c6180
Event: 23.866 Thread 0x0000016f77ebfe30 Thread added: 0x0000016f7bad26e0
Event: 23.883 Thread 0x0000016f77ebe3f0 Thread added: 0x0000016f7bad2d70
Event: 23.931 Thread 0x0000016f77ebe3f0 Thread added: 0x0000016f7bad3400


Dynamic libraries:
0x00007ff749bb0000 - 0x00007ff749bbe000 	c:\Users\DELL\.vscode\extensions\redhat.java-1.54.0-win32-x64\jre\21.0.10-win32-x86_64\bin\java.exe
0x00007ffd94d00000 - 0x00007ffd94f66000 	C:\WINDOWS\SYSTEM32\ntdll.dll
0x00007ffd93b80000 - 0x00007ffd93c49000 	C:\WINDOWS\System32\KERNEL32.DLL
0x00007ffd922f0000 - 0x00007ffd926ea000 	C:\WINDOWS\System32\KERNELBASE.dll
0x00007ffd91f90000 - 0x00007ffd920dc000 	C:\WINDOWS\System32\ucrtbase.dll
0x00007ffd79470000 - 0x00007ffd7948e000 	c:\Users\DELL\.vscode\extensions\redhat.java-1.54.0-win32-x64\jre\21.0.10-win32-x86_64\bin\VCRUNTIME140.dll
0x00007ffd7bd20000 - 0x00007ffd7bd38000 	c:\Users\DELL\.vscode\extensions\redhat.java-1.54.0-win32-x64\jre\21.0.10-win32-x86_64\bin\jli.dll
0x00007ffd93c50000 - 0x00007ffd93e17000 	C:\WINDOWS\System32\USER32.dll
0x00007ffd920e0000 - 0x00007ffd92107000 	C:\WINDOWS\System32\win32u.dll
0x00007ffd7e2a0000 - 0x00007ffd7e532000 	C:\WINDOWS\WinSxS\amd64_microsoft.windows.common-controls_6595b64144ccf1df_6.0.26100.8521_none_3e08b75ce33403b3\COMCTL32.dll
0x00007ffd92a70000 - 0x00007ffd92a9b000 	C:\WINDOWS\System32\GDI32.dll
0x00007ffd93910000 - 0x00007ffd939b9000 	C:\WINDOWS\System32\msvcrt.dll
0x00007ffd921c0000 - 0x00007ffd922eb000 	C:\WINDOWS\System32\gdi32full.dll
0x00007ffd92110000 - 0x00007ffd921b3000 	C:\WINDOWS\System32\msvcp_win.dll
0x00007ffd941c0000 - 0x00007ffd941f2000 	C:\WINDOWS\System32\IMM32.DLL
0x00007ffd81cb0000 - 0x00007ffd81cbc000 	c:\Users\DELL\.vscode\extensions\redhat.java-1.54.0-win32-x64\jre\21.0.10-win32-x86_64\bin\vcruntime140_1.dll
0x00007ffd3f3e0000 - 0x00007ffd3f46d000 	c:\Users\DELL\.vscode\extensions\redhat.java-1.54.0-win32-x64\jre\21.0.10-win32-x86_64\bin\msvcp140.dll
0x00007ffd1eb60000 - 0x00007ffd1f901000 	c:\Users\DELL\.vscode\extensions\redhat.java-1.54.0-win32-x64\jre\21.0.10-win32-x86_64\bin\server\jvm.dll
0x00007ffd92c10000 - 0x00007ffd92cc6000 	C:\WINDOWS\System32\ADVAPI32.dll
0x00007ffd92cd0000 - 0x00007ffd92d7a000 	C:\WINDOWS\System32\sechost.dll
0x00007ffd939d0000 - 0x00007ffd93ae8000 	C:\WINDOWS\System32\RPCRT4.dll
0x00007ffd93af0000 - 0x00007ffd93b70000 	C:\WINDOWS\System32\WS2_32.dll
0x00007ffd91e10000 - 0x00007ffd91e6e000 	C:\WINDOWS\SYSTEM32\POWRPROF.dll
0x00007ffd7dee0000 - 0x00007ffd7df16000 	C:\WINDOWS\SYSTEM32\WINMM.dll
0x00007ffd85ce0000 - 0x00007ffd85ceb000 	C:\WINDOWS\SYSTEM32\VERSION.dll
0x00007ffd91df0000 - 0x00007ffd91e04000 	C:\WINDOWS\SYSTEM32\UMPDC.dll
0x00007ffd90d20000 - 0x00007ffd90d3b000 	C:\WINDOWS\SYSTEM32\kernel.appcore.dll
0x00007ffd7fc30000 - 0x00007ffd7fc3a000 	c:\Users\DELL\.vscode\extensions\redhat.java-1.54.0-win32-x64\jre\21.0.10-win32-x86_64\bin\jimage.dll
0x00007ffd8f5f0000 - 0x00007ffd8f832000 	C:\WINDOWS\SYSTEM32\DBGHELP.DLL
0x00007ffd94390000 - 0x00007ffd94713000 	C:\WINDOWS\System32\combase.dll
0x00007ffd92f60000 - 0x00007ffd93039000 	C:\WINDOWS\System32\OLEAUT32.dll
0x00007ffd609b0000 - 0x00007ffd609eb000 	C:\WINDOWS\SYSTEM32\dbgcore.DLL
0x00007ffd926f0000 - 0x00007ffd92798000 	C:\WINDOWS\System32\bcryptPrimitives.dll
0x00007ffd7f6f0000 - 0x00007ffd7f6ff000 	c:\Users\DELL\.vscode\extensions\redhat.java-1.54.0-win32-x64\jre\21.0.10-win32-x86_64\bin\instrument.dll
0x00007ffd61700000 - 0x00007ffd61720000 	c:\Users\DELL\.vscode\extensions\redhat.java-1.54.0-win32-x64\jre\21.0.10-win32-x86_64\bin\java.dll
0x00007ffd930c0000 - 0x00007ffd93844000 	C:\WINDOWS\System32\SHELL32.dll
0x00007ffd8fb70000 - 0x00007ffd903f0000 	C:\WINDOWS\SYSTEM32\windows.storage.dll
0x00007ffd94720000 - 0x00007ffd94816000 	C:\WINDOWS\System32\SHCORE.dll
0x00007ffd940a0000 - 0x00007ffd94107000 	C:\WINDOWS\System32\shlwapi.dll
0x00007ffd91eb0000 - 0x00007ffd91ed9000 	C:\WINDOWS\SYSTEM32\profapi.dll
0x00007ffd5f190000 - 0x00007ffd5f1a8000 	c:\Users\DELL\.vscode\extensions\redhat.java-1.54.0-win32-x64\jre\21.0.10-win32-x86_64\bin\zip.dll
0x00007ffd795d0000 - 0x00007ffd795e0000 	C:\Users\DELL\.vscode\extensions\redhat.java-1.54.0-win32-x64\jre\21.0.10-win32-x86_64\bin\net.dll
0x00007ffd88600000 - 0x00007ffd88729000 	C:\WINDOWS\SYSTEM32\WINHTTP.dll
0x00007ffd91290000 - 0x00007ffd912fc000 	C:\WINDOWS\system32\mswsock.dll
0x00007ffd551f0000 - 0x00007ffd55206000 	C:\Users\DELL\.vscode\extensions\redhat.java-1.54.0-win32-x64\jre\21.0.10-win32-x86_64\bin\nio.dll
0x00007ffd7ade0000 - 0x00007ffd7adf0000 	c:\Users\DELL\.vscode\extensions\redhat.java-1.54.0-win32-x64\jre\21.0.10-win32-x86_64\bin\verify.dll
0x00007ffd79fc0000 - 0x00007ffd7a005000 	C:\Users\DELL\AppData\Roaming\Code\User\globalStorage\redhat.java\1.54.0\config_win\org.eclipse.equinox.launcher\org.eclipse.equinox.launcher.win32.win32.x86_64_1.3.0.v20260203-2149\eclipse_11919.dll
0x00007ffd93e20000 - 0x00007ffd93fb8000 	C:\WINDOWS\System32\ole32.dll
0x00007ffd91570000 - 0x00007ffd9158b000 	C:\WINDOWS\SYSTEM32\CRYPTSP.dll
0x00007ffd90c80000 - 0x00007ffd90cb9000 	C:\WINDOWS\system32\rsaenh.dll
0x00007ffd91340000 - 0x00007ffd91373000 	C:\WINDOWS\SYSTEM32\USERENV.dll
0x00007ffd91e80000 - 0x00007ffd91eaa000 	C:\WINDOWS\SYSTEM32\bcrypt.dll
0x00007ffd91590000 - 0x00007ffd9159c000 	C:\WINDOWS\SYSTEM32\CRYPTBASE.dll
0x00007ffd90770000 - 0x00007ffd907a3000 	C:\WINDOWS\SYSTEM32\IPHLPAPI.DLL
0x00007ffd94cb0000 - 0x00007ffd94cba000 	C:\WINDOWS\System32\NSI.dll
0x00007ffd79870000 - 0x00007ffd798b9000 	C:\Users\DELL\AppData\Local\Temp\jna-2094529\jna9382872971410624701.dll
0x00007ffd94220000 - 0x00007ffd94228000 	C:\WINDOWS\System32\PSAPI.DLL
0x00007ffd88bd0000 - 0x00007ffd88bed000 	C:\WINDOWS\SYSTEM32\dhcpcsvc6.DLL
0x00007ffd88990000 - 0x00007ffd889b5000 	C:\WINDOWS\SYSTEM32\dhcpcsvc.DLL
0x00007ffd762d0000 - 0x00007ffd762f7000 	C:\Users\DELL\.gradle\native\660c5614fbf4a5f2a75b1949f50a0caf5cd603558e7d8a26e50b933a0cfb79d1\windows-amd64\native-platform.dll
0x00007ffd79300000 - 0x00007ffd7930a000 	C:\Users\DELL\.vscode\extensions\redhat.java-1.54.0-win32-x64\jre\21.0.10-win32-x86_64\bin\management.dll
0x00007ffd792f0000 - 0x00007ffd792fc000 	C:\Users\DELL\.vscode\extensions\redhat.java-1.54.0-win32-x64\jre\21.0.10-win32-x86_64\bin\management_ext.dll
0x00007ffd5f180000 - 0x00007ffd5f189000 	C:\Users\DELL\.vscode\extensions\redhat.java-1.54.0-win32-x64\jre\21.0.10-win32-x86_64\bin\extnet.dll

JVMTI agents:
c:\Users\DELL\.vscode\extensions\redhat.java-1.54.0-win32-x64\lombok\lombok-1.18.39-4050.jar path:c:\Users\DELL\.vscode\extensions\redhat.java-1.54.0-win32-x64\jre\21.0.10-win32-x86_64\bin\instrument.dll, loaded, initialized, instrumentlib options:none

dbghelp: loaded successfully - version: 4.0.5 - missing functions: none
symbol engine: initialized successfully - sym options: 0x614 - pdb path: .;c:\Users\DELL\.vscode\extensions\redhat.java-1.54.0-win32-x64\jre\21.0.10-win32-x86_64\bin;C:\WINDOWS\SYSTEM32;C:\WINDOWS\WinSxS\amd64_microsoft.windows.common-controls_6595b64144ccf1df_6.0.26100.8521_none_3e08b75ce33403b3;c:\Users\DELL\.vscode\extensions\redhat.java-1.54.0-win32-x64\jre\21.0.10-win32-x86_64\bin\server;C:\Users\DELL\AppData\Roaming\Code\User\globalStorage\redhat.java\1.54.0\config_win\org.eclipse.equinox.launcher\org.eclipse.equinox.launcher.win32.win32.x86_64_1.3.0.v20260203-2149;C:\Users\DELL\AppData\Local\Temp\jna-2094529;C:\Users\DELL\.gradle\native\660c5614fbf4a5f2a75b1949f50a0caf5cd603558e7d8a26e50b933a0cfb79d1\windows-amd64

VM Arguments:
jvm_args: --add-modules=ALL-SYSTEM --add-opens=java.base/java.util=ALL-UNNAMED --add-opens=java.base/java.lang=ALL-UNNAMED --add-opens=java.base/sun.nio.fs=ALL-UNNAMED -Declipse.application=org.eclipse.jdt.ls.core.id1 -Dosgi.bundles.defaultStartLevel=4 -Declipse.product=org.eclipse.jdt.ls.core.product -Djava.import.generatesMetadataFilesAtProjectRoot=false -DDetectVMInstallationsJob.disabled=true -Dfile.encoding=utf8 -XX:+UseParallelGC -XX:GCTimeRatio=4 -XX:AdaptiveSizePolicyWeight=90 -Dsun.zip.disableMemoryMapping=true -Xmx2G -Xms100m -Xlog:disable -javaagent:c:\Users\DELL\.vscode\extensions\redhat.java-1.54.0-win32-x64\lombok\lombok-1.18.39-4050.jar -XX:+HeapDumpOnOutOfMemoryError -XX:HeapDumpPath=c:\Users\DELL\AppData\Roaming\Code\User\workspaceStorage\ed950ca12d2dff36b27a4ad597b79735\redhat.java -Daether.dependencyCollector.impl=bf 
java_command: c:\Users\DELL\.vscode\extensions\redhat.java-1.54.0-win32-x64\server\plugins\org.eclipse.equinox.launcher_1.7.100.v20251111-0406.jar -configuration c:\Users\DELL\AppData\Roaming\Code\User\globalStorage\redhat.java\1.54.0\config_win -data c:\Users\DELL\AppData\Roaming\Code\User\workspaceStorage\ed950ca12d2dff36b27a4ad597b79735\redhat.java\jdt_ws --pipe=\\.\pipe\lsp-6aeb8c8ae0a1ec5028a8d0786c18e44b-sock
java_class_path (initial): c:\Users\DELL\.vscode\extensions\redhat.java-1.54.0-win32-x64\server\plugins\org.eclipse.equinox.launcher_1.7.100.v20251111-0406.jar
Launcher Type: SUN_STANDARD

[Global flags]
    uintx AdaptiveSizePolicyWeight                 = 90                                        {product} {command line}
     intx CICompilerCount                          = 4                                         {product} {ergonomic}
    uintx GCTimeRatio                              = 4                                         {product} {command line}
     bool HeapDumpOnOutOfMemoryError               = true                                   {manageable} {command line}
    ccstr HeapDumpPath                             = c:\Users\DELL\AppData\Roaming\Code\User\workspaceStorage\ed950ca12d2dff36b27a4ad597b79735\redhat.java         {manageable} {command line}
   size_t InitialHeapSize                          = 104857600                                 {product} {command line}
   size_t MaxHeapSize                              = 2147483648                                {product} {command line}
   size_t MaxNewSize                               = 715653120                                 {product} {ergonomic}
   size_t MinHeapDeltaBytes                        = 524288                                    {product} {ergonomic}
   size_t MinHeapSize                              = 104857600                                 {product} {command line}
   size_t NewSize                                  = 34603008                                  {product} {ergonomic}
    uintx NonNMethodCodeHeapSize                   = 5839372                                {pd product} {ergonomic}
    uintx NonProfiledCodeHeapSize                  = 122909434                              {pd product} {ergonomic}
   size_t OldSize                                  = 70254592                                  {product} {ergonomic}
    uintx ProfiledCodeHeapSize                     = 122909434                              {pd product} {ergonomic}
    uintx ReservedCodeCacheSize                    = 251658240                              {pd product} {ergonomic}
     bool SegmentedCodeCache                       = true                                      {product} {ergonomic}
   size_t SoftMaxHeapSize                          = 2147483648                             {manageable} {ergonomic}
     bool UseCompressedOops                        = true                           {product lp64_product} {ergonomic}
     bool UseLargePagesIndividualAllocation        = false                                  {pd product} {ergonomic}
     bool UseParallelGC                            = true                                      {product} {command line}

Logging:
Log output configuration:
 #0: stdout all=off uptime,level,tags foldmultilines=false
 #1: stderr all=off uptime,level,tags foldmultilines=false

Release file:
JAVA_VERSION="21.0.10" 
MODULES="java.base java.compiler java.datatransfer java.xml java.prefs java.desktop java.instrument java.logging java.management java.security.sasl java.naming java.rmi java.management.rmi java.net.http java.scripting java.security.jgss java.transaction.xa java.sql java.sql.rowset java.xml.crypto java.se java.smartcardio jdk.accessibility jdk.internal.jvmstat jdk.attach jdk.charsets jdk.internal.opt jdk.zipfs jdk.compiler jdk.crypto.ec jdk.crypto.cryptoki jdk.crypto.mscapi jdk.dynalink jdk.internal.ed jdk.editpad jdk.hotspot.agent jdk.httpserver jdk.internal.le jdk.internal.vm.ci jdk.internal.vm.compiler jdk.internal.vm.compiler.management jdk.jartool jdk.javadoc jdk.jcmd jdk.management jdk.management.agent jdk.jconsole jdk.jdeps jdk.jdwp.agent jdk.jdi jdk.jfr jdk.jshell jdk.jsobject jdk.jstatd jdk.localedata jdk.management.jfr jdk.naming.dns jdk.naming.rmi jdk.net jdk.nio.mapmode jdk.random jdk.sctp jdk.security.auth jdk.security.jgss jdk.unsupported jdk.unsupported.desktop jdk.xml.dom" 

Environment Variables:
JAVA_HOME=C:\Users\DELL\AppData\Local\Programs\Eclipse Adoptium\jdk-17.0.19.10-hotspot\
PATH=C:\app\DELL\product\21c\dbhomeXE\bin;C:\Program Files\Common Files\Oracle\Java\javapath;C:\Program Files (x86)\Common Files\Oracle\Java\javapath;C:\WINDOWS\system32;C:\WINDOWS;C:\WINDOWS\System32\Wbem;C:\WINDOWS\System32\WindowsPowerShell\v1.0\;C:\WINDOWS\System32\OpenSSH\;C:\Program Files\dotnet\;C:\Program Files\Java\jdk-17\bin;C:\Program Files\MATLAB\R2025b\bin;C:\Program Files\Git\cmd;C:\Program Files\nodejs\;C:\Users\DELL\AppData\Local\Programs\Eclipse Adoptium\jdk-17.0.19.10-hotspot\bin;C:\Users\DELL\AppData\Local\pnpm\bin;C:\Users\DELL\AppData\Local\Programs\Eclipse Adoptium\jdk-21.0.4.7-hotspot\bin;C:\Users\DELL\AppData\Local\Microsoft\WindowsApps;C:\Users\DELL\AppData\Local\Programs\Microsoft VS Code\bin;C:\Users\DELL\AppData\Roaming\npm;
USERNAME=DELL
OS=Windows_NT
PROCESSOR_IDENTIFIER=Intel64 Family 6 Model 142 Stepping 12, GenuineIntel
TMP=C:\Users\DELL\AppData\Local\Temp
TEMP=C:\Users\DELL\AppData\Local\Temp




Periodic native trim disabled

---------------  S Y S T E M  ---------------

OS:
 Windows 11 , 64 bit Build 26100 (10.0.26100.8521)
OS uptime: 0 days 2:40 hours

CPU: total 8 (initial active 8) (4 cores per cpu, 2 threads per core) family 6 model 142 stepping 12 microcode 0xde, cx8, cmov, fxsr, ht, mmx, 3dnowpref, sse, sse2, sse3, ssse3, sse4.1, sse4.2, popcnt, lzcnt, tsc, tscinvbit, avx, avx2, aes, erms, clmul, bmi1, bmi2, adx, fma, vzeroupper, clflush, clflushopt, rdtscp, f16c
Processor Information for the first 8 processors :
  Max Mhz: 2112, Current Mhz: 1609, Mhz Limit: 1605

Memory: 4k page, system-wide physical 7976M (627M free)
TotalPageFile size 12072M (AvailPageFile size 8M)
current process WorkingSet (physical memory assigned to process): 337M, peak: 344M
current process commit charge ("private bytes"): 415M, peak: 430M

vm_info: OpenJDK 64-Bit Server VM (21.0.10+7-LTS) for windows-amd64 JRE (21.0.10+7-LTS), built on 2026-01-20T00:00:00Z by "admin" with MS VC++ 17.12 (VS2022)

END.
