#
# There is insufficient memory for the Java Runtime Environment to continue.
# Native memory allocation (malloc) failed to allocate 778896 bytes. Error detail: Chunk::new
# Possible reasons:
#   The system is out of physical RAM or swap space
#   This process is running with CompressedOops enabled, and the Java Heap may be blocking the growth of the native heap
# Possible solutions:
#   Reduce memory load on the system
#   Increase physical memory or swap space
#   Check if swap backing store is full
#   Decrease Java heap size (-Xmx/-Xms)
#   Decrease number of Java threads
#   Decrease Java thread stack sizes (-Xss)
#   Set larger code cache with -XX:ReservedCodeCacheSize=
#   JVM is running with Unscaled Compressed Oops mode in which the Java heap is
#     placed in the first 4GB address space. The Java Heap base address is the
#     maximum limit for the native heap growth. Please use -XX:HeapBaseMinAddress
#     to set the Java Heap base and to place the Java Heap above 4GB virtual address.
# This output file may be truncated or incomplete.
#
#  Out of Memory Error (arena.cpp:168), pid=8532, tid=11492
#
# JRE version: OpenJDK Runtime Environment Temurin-21.0.10+7 (21.0.10+7) (build 21.0.10+7-LTS)
# Java VM: OpenJDK 64-Bit Server VM Temurin-21.0.10+7 (21.0.10+7-LTS, mixed mode, sharing, tiered, compressed oops, compressed class ptrs, parallel gc, windows-amd64)
# No core dump will be written. Minidumps are not enabled by default on client versions of Windows
#

---------------  S U M M A R Y ------------

Command Line: --add-modules=ALL-SYSTEM --add-opens=java.base/java.util=ALL-UNNAMED --add-opens=java.base/java.lang=ALL-UNNAMED --add-opens=java.base/sun.nio.fs=ALL-UNNAMED -Declipse.application=org.eclipse.jdt.ls.core.id1 -Dosgi.bundles.defaultStartLevel=4 -Declipse.product=org.eclipse.jdt.ls.core.product -Djava.import.generatesMetadataFilesAtProjectRoot=false -DDetectVMInstallationsJob.disabled=true -Dfile.encoding=utf8 -XX:+UseParallelGC -XX:GCTimeRatio=4 -XX:AdaptiveSizePolicyWeight=90 -Dsun.zip.disableMemoryMapping=true -Xmx2G -Xms100m -Xlog:disable -javaagent:c:\Users\DELL\.vscode\extensions\redhat.java-1.54.0-win32-x64\lombok\lombok-1.18.39-4050.jar -XX:+HeapDumpOnOutOfMemoryError -XX:HeapDumpPath=c:\Users\DELL\AppData\Roaming\Code\User\workspaceStorage\ed950ca12d2dff36b27a4ad597b79735\redhat.java -Daether.dependencyCollector.impl=bf c:\Users\DELL\.vscode\extensions\redhat.java-1.54.0-win32-x64\server\plugins\org.eclipse.equinox.launcher_1.7.100.v20251111-0406.jar -configuration c:\Users\DELL\AppData\Roaming\Code\User\globalStorage\redhat.java\1.54.0\config_win -data c:\Users\DELL\AppData\Roaming\Code\User\workspaceStorage\ed950ca12d2dff36b27a4ad597b79735\redhat.java\jdt_ws --pipe=\\.\pipe\lsp-71c38cf61856ac519d694ede229bec46-sock

Host: Intel(R) Core(TM) i5-10210U CPU @ 1.60GHz, 8 cores, 7G,  Windows 11 , 64 bit Build 26100 (10.0.26100.8521)
Time: Thu Jun 18 18:46:57 2026 Hora est. Pacífico, Sudamérica elapsed time: 13.260158 seconds (0d 0h 0m 13s)

---------------  T H R E A D  ---------------

Current thread (0x000001d1031cc220):  JavaThread "C2 CompilerThread0" daemon [_thread_in_native, id=11492, stack(0x0000003791600000,0x0000003791700000) (1024K)]


Current CompileTask:
C2:13260 4436   !   4       org.eclipse.osgi.internal.loader.classpath.ClasspathManager::findLocalClass (210 bytes)

Stack: [0x0000003791600000,0x0000003791700000]
Native frames: (J=compiled Java code, j=interpreted, Vv=VM code, C=native code)
V  [jvm.dll+0x6d7a39]
V  [jvm.dll+0x8b4b26]
V  [jvm.dll+0x8b70de]
V  [jvm.dll+0x8b77c3]
V  [jvm.dll+0x284346]
V  [jvm.dll+0xc66ed]
V  [jvm.dll+0xc6c31]
V  [jvm.dll+0x2fb29e]
V  [jvm.dll+0x5fe884]
V  [jvm.dll+0x255b17]
V  [jvm.dll+0x255edd]
V  [jvm.dll+0x24e500]
V  [jvm.dll+0x24ba42]
V  [jvm.dll+0x1cb34e]
V  [jvm.dll+0x25b85d]
V  [jvm.dll+0x259dea]
V  [jvm.dll+0x3f857e]
V  [jvm.dll+0x85f59d]
V  [jvm.dll+0x6d626d]
C  [ucrtbase.dll+0x2cd30]
C  [KERNEL32.DLL+0x2e957]
C  [ntdll.dll+0x87c1c]


---------------  P R O C E S S  ---------------

Threads class SMR info:
_java_thread_list=0x000001d10b4b1930, length=38, elements={
0x000001d0a9accc30, 0x000001d1031c2a20, 0x000001d1031c5b20, 0x000001d1031c72b0,
0x000001d1031c7f10, 0x000001d1031ca980, 0x000001d1031cb3e0, 0x000001d1031cc220,
0x000001d104beefd0, 0x000001d104da5b10, 0x000001d104e96440, 0x000001d109905ee0,
0x000001d1097a2420, 0x000001d109292f00, 0x000001d109293940, 0x000001d109fdf2f0,
0x000001d10a106010, 0x000001d109a80690, 0x000001d1090fa9f0, 0x000001d109c84720,
0x000001d109c87510, 0x000001d109c85440, 0x000001d109c85ad0, 0x000001d109c86e80,
0x000001d109c84090, 0x000001d109c86160, 0x000001d109c84db0, 0x000001d10c08e130,
0x000001d10c08d410, 0x000001d10c090890, 0x000001d10c090200, 0x000001d10c08e7c0,
0x000001d10c08ee50, 0x000001d10c08daa0, 0x000001d10c092960, 0x000001d10c08f4e0,
0x000001d10c090f20, 0x000001d10b636630
}

Java Threads: ( => current thread )
  0x000001d0a9accc30 JavaThread "main"                              [_thread_in_vm, id=2608, stack(0x0000003790c00000,0x0000003790d00000) (1024K)]
  0x000001d1031c2a20 JavaThread "Reference Handler"          daemon [_thread_blocked, id=2852, stack(0x0000003791000000,0x0000003791100000) (1024K)]
  0x000001d1031c5b20 JavaThread "Finalizer"                  daemon [_thread_blocked, id=15172, stack(0x0000003791100000,0x0000003791200000) (1024K)]
  0x000001d1031c72b0 JavaThread "Signal Dispatcher"          daemon [_thread_blocked, id=13016, stack(0x0000003791200000,0x0000003791300000) (1024K)]
  0x000001d1031c7f10 JavaThread "Attach Listener"            daemon [_thread_blocked, id=12072, stack(0x0000003791300000,0x0000003791400000) (1024K)]
  0x000001d1031ca980 JavaThread "Service Thread"             daemon [_thread_blocked, id=6172, stack(0x0000003791400000,0x0000003791500000) (1024K)]
  0x000001d1031cb3e0 JavaThread "Monitor Deflation Thread"   daemon [_thread_blocked, id=16920, stack(0x0000003791500000,0x0000003791600000) (1024K)]
=>0x000001d1031cc220 JavaThread "C2 CompilerThread0"         daemon [_thread_in_native, id=11492, stack(0x0000003791600000,0x0000003791700000) (1024K)]
  0x000001d104beefd0 JavaThread "C1 CompilerThread0"         daemon [_thread_blocked, id=16856, stack(0x0000003791700000,0x0000003791800000) (1024K)]
  0x000001d104da5b10 JavaThread "Common-Cleaner"             daemon [_thread_blocked, id=780, stack(0x0000003791800000,0x0000003791900000) (1024K)]
  0x000001d104e96440 JavaThread "Notification Thread"        daemon [_thread_blocked, id=7832, stack(0x0000003791900000,0x0000003791a00000) (1024K)]
  0x000001d109905ee0 JavaThread "Active Thread: Equinox Container: c0d2aa33-381f-47ae-8b9b-29c371e028cd"        [_thread_blocked, id=10672, stack(0x0000003792200000,0x0000003792300000) (1024K)]
  0x000001d1097a2420 JavaThread "Refresh Thread: Equinox Container: c0d2aa33-381f-47ae-8b9b-29c371e028cd" daemon [_thread_blocked, id=3292, stack(0x0000003792400000,0x0000003792500000) (1024K)]
  0x000001d109292f00 JavaThread "Framework Event Dispatcher: Equinox Container: c0d2aa33-381f-47ae-8b9b-29c371e028cd" daemon [_thread_blocked, id=2328, stack(0x0000003792500000,0x0000003792600000) (1024K)]
  0x000001d109293940 JavaThread "Start Level: Equinox Container: c0d2aa33-381f-47ae-8b9b-29c371e028cd" daemon [_thread_blocked, id=9544, stack(0x0000003792600000,0x0000003792700000) (1024K)]
  0x000001d109fdf2f0 JavaThread "Bundle File Closer"         daemon [_thread_blocked, id=2800, stack(0x0000003792700000,0x0000003792800000) (1024K)]
  0x000001d10a106010 JavaThread "SCR Component Actor"        daemon [_thread_blocked, id=2296, stack(0x0000003791a00000,0x0000003791b00000) (1024K)]
  0x000001d109a80690 JavaThread "C2 CompilerThread1"         daemon [_thread_in_native, id=5036, stack(0x0000003791b00000,0x0000003791c00000) (1024K)]
  0x000001d1090fa9f0 JavaThread "Worker-JM"                         [_thread_blocked, id=13068, stack(0x0000003792900000,0x0000003792a00000) (1024K)]
  0x000001d109c84720 JavaThread "JNA Cleaner"                daemon [_thread_blocked, id=13124, stack(0x0000003792a00000,0x0000003792b00000) (1024K)]
  0x000001d109c87510 JavaThread "Worker-0: Updating Maven Dependencies"        [_thread_blocked, id=9808, stack(0x0000003792800000,0x0000003792900000) (1024K)]
  0x000001d109c85440 JavaThread "Worker-1: Initialize After Load"        [_thread_blocked, id=14600, stack(0x0000003792b00000,0x0000003792c00000) (1024K)]
  0x000001d109c85ad0 JavaThread "Java indexing"              daemon [_thread_blocked, id=8740, stack(0x0000003792c00000,0x0000003792d00000) (1024K)]
  0x000001d109c86e80 JavaThread "Worker-2"                          [_thread_blocked, id=12048, stack(0x0000003792f00000,0x0000003793000000) (1024K)]
  0x000001d109c84090 JavaThread "Worker-3: Repository registry initialization"        [_thread_blocked, id=14520, stack(0x0000003793000000,0x0000003793100000) (1024K)]
  0x000001d109c86160 JavaThread "Thread-1"                   daemon [_thread_in_native, id=5000, stack(0x0000003793100000,0x0000003793200000) (1024K)]
  0x000001d109c84db0 JavaThread "Thread-2"                   daemon [_thread_in_native, id=8808, stack(0x0000003793200000,0x0000003793300000) (1024K)]
  0x000001d10c08e130 JavaThread "Thread-3"                   daemon [_thread_in_native, id=17528, stack(0x0000003793300000,0x0000003793400000) (1024K)]
  0x000001d10c08d410 JavaThread "Thread-4"                   daemon [_thread_in_native, id=3868, stack(0x0000003793400000,0x0000003793500000) (1024K)]
  0x000001d10c090890 JavaThread "Thread-5"                   daemon [_thread_in_native, id=15520, stack(0x0000003793500000,0x0000003793600000) (1024K)]
  0x000001d10c090200 JavaThread "Thread-6"                   daemon [_thread_in_native, id=18716, stack(0x0000003793600000,0x0000003793700000) (1024K)]
  0x000001d10c08e7c0 JavaThread "Thread-7"                   daemon [_thread_in_native, id=13632, stack(0x0000003793700000,0x0000003793800000) (1024K)]
  0x000001d10c08ee50 JavaThread "Thread-8"                   daemon [_thread_in_native, id=17032, stack(0x0000003793800000,0x0000003793900000) (1024K)]
  0x000001d10c08daa0 JavaThread "Thread-9"                   daemon [_thread_in_native, id=18012, stack(0x0000003793900000,0x0000003793a00000) (1024K)]
  0x000001d10c092960 JavaThread "pool-2-thread-1"                   [_thread_blocked, id=11208, stack(0x0000003793a00000,0x0000003793b00000) (1024K)]
  0x000001d10c08f4e0 JavaThread "Worker-4"                          [_thread_blocked, id=2500, stack(0x0000003793b00000,0x0000003793c00000) (1024K)]
  0x000001d10c090f20 JavaThread "Worker-5"                          [_thread_blocked, id=18692, stack(0x0000003793c00000,0x0000003793d00000) (1024K)]
  0x000001d10b636630 JavaThread "C2 CompilerThread2"         daemon [_thread_blocked, id=19068, stack(0x0000003793d00000,0x0000003793e00000) (1024K)]
Total: 38

Other Threads:
  0x000001d10319fcd0 VMThread "VM Thread"                           [id=10700, stack(0x0000003790f00000,0x0000003791000000) (1024K)]
  0x000001d1030dca10 WatcherThread "VM Periodic Task Thread"        [id=5752, stack(0x0000003790e00000,0x0000003790f00000) (1024K)]
  0x000001d0a9aeb0e0 WorkerThread "GC Thread#0"                     [id=5600, stack(0x0000003790d00000,0x0000003790e00000) (1024K)]
  0x000001d1098d2460 WorkerThread "GC Thread#1"                     [id=7920, stack(0x0000003791c00000,0x0000003791d00000) (1024K)]
  0x000001d1093d53b0 WorkerThread "GC Thread#2"                     [id=9672, stack(0x0000003791d00000,0x0000003791e00000) (1024K)]
  0x000001d1093d5760 WorkerThread "GC Thread#3"                     [id=2712, stack(0x0000003791e00000,0x0000003791f00000) (1024K)]
  0x000001d1093d5b10 WorkerThread "GC Thread#4"                     [id=2996, stack(0x0000003791f00000,0x0000003792000000) (1024K)]
  0x000001d1093d5ec0 WorkerThread "GC Thread#5"                     [id=16040, stack(0x0000003792000000,0x0000003792100000) (1024K)]
  0x000001d1093d6270 WorkerThread "GC Thread#6"                     [id=16940, stack(0x0000003792100000,0x0000003792200000) (1024K)]
  0x000001d109b9eb60 WorkerThread "GC Thread#7"                     [id=17952, stack(0x0000003792300000,0x0000003792400000) (1024K)]
Total: 10

Threads with active compile tasks:
C2 CompilerThread0  14275 4436   !   4       org.eclipse.osgi.internal.loader.classpath.ClasspathManager::findLocalClass (210 bytes)
C1 CompilerThread0  14275 4685       3       java.lang.invoke.DirectMethodHandle$Holder::newInvokeSpecial (28 bytes)
C2 CompilerThread1  14275 4454       4       org.eclipse.osgi.internal.serviceregistry.ServiceRegistry::notifyHooksPrivileged (57 bytes)
C2 CompilerThread2  14275 4683       4       java.util.concurrent.locks.ReentrantLock$NonfairSync::initialTryLock (58 bytes)
Total: 4

VM state: at safepoint (normal execution)

VM Mutex/Monitor currently owned by a thread:  ([mutex/lock_event])
[0x00007ffd1f81e560] Threads_lock - owner thread: 0x000001d10319fcd0
[0x00007ffd1f81e660] Heap_lock - owner thread: 0x000001d109c84090

Heap address: 0x0000000080000000, size: 2048 MB, Compressed Oops mode: 32-bit

CDS archive(s) mapped at: [0x000001d0c2000000-0x000001d0c2ba0000-0x000001d0c2ba0000), size 12189696, SharedBaseAddress: 0x000001d0c2000000, ArchiveRelocationMode: 1.
Compressed class space mapped at: 0x000001d0c3000000-0x000001d103000000, reserved size: 1073741824
Narrow klass base: 0x000001d0c2000000, Narrow klass shift: 0, Narrow klass range: 0x100000000

GC Precious Log:
 CardTable entry size: 512
 CPUs: 8 total, 8 available
 Memory: 7976M
 Large Page Support: Disabled
 NUMA Support: Disabled
 Compressed Oops: Enabled (32-bit)
 Alignments: Space 512K, Generation 512K, Heap 2M
 Heap Min Capacity: 100M
 Heap Initial Capacity: 100M
 Heap Max Capacity: 2G
 Pre-touch: Disabled
 Parallel Workers: 8

Heap:
 PSYoungGen      total 22528K, used 416K [0x00000000d5580000, 0x00000000d7000000, 0x0000000100000000)
  eden space 22016K, 0% used [0x00000000d5580000,0x00000000d5580000,0x00000000d6b00000)
  from space 512K, 81% used [0x00000000d6b00000,0x00000000d6b68000,0x00000000d6b80000)
  to   space 2048K, 0% used [0x00000000d6e00000,0x00000000d6e00000,0x00000000d7000000)
 ParOldGen       total 68608K, used 20768K [0x0000000080000000, 0x0000000084300000, 0x00000000d5580000)
  object space 68608K, 30% used [0x0000000080000000,0x00000000814483f8,0x0000000084300000)
 Metaspace       used 34806K, committed 35840K, reserved 1114112K
  class space    used 3585K, committed 4032K, reserved 1048576K

Card table byte_map: [0x000001d0bd4c0000,0x000001d0bd8d0000] _byte_map_base: 0x000001d0bd0c0000

Marking Bits: (ParMarkBitMap*) 0x00007ffd1f823450
 Begin Bits: [0x000001d0bdb80000, 0x000001d0bfb80000)
 End Bits:   [0x000001d0bfb80000, 0x000001d0c1b80000)

Polling page: 0x000001d0a9b90000

Metaspace:

Usage:
  Non-class:     30.49 MB used.
      Class:      3.50 MB used.
       Both:     33.99 MB used.

Virtual space:
  Non-class space:       64.00 MB reserved,      31.06 MB ( 49%) committed,  1 nodes.
      Class space:        1.00 GB reserved,       3.94 MB ( <1%) committed,  1 nodes.
             Both:        1.06 GB reserved,      35.00 MB (  3%) committed. 

Chunk freelists:
   Non-Class:  896.00 KB
       Class:  11.88 MB
        Both:  12.75 MB

MaxMetaspaceSize: unlimited
CompressedClassSpaceSize: 1.00 GB
Initial GC threshold: 21.00 MB
Current GC threshold: 35.00 MB
CDS: on
 - commit_granule_bytes: 65536.
 - commit_granule_words: 8192.
 - virtual_space_node_default_size: 8388608.
 - enlarge_chunks_in_place: 1.
 - use_allocation_guard: 0.


Internal statistics:

num_allocs_failed_limit: 6.
num_arena_births: 772.
num_arena_deaths: 14.
num_vsnodes_births: 2.
num_vsnodes_deaths: 0.
num_space_committed: 560.
num_space_uncommitted: 0.
num_chunks_returned_to_freelist: 20.
num_chunks_taken_from_freelist: 2258.
num_chunk_merges: 12.
num_chunk_splits: 1406.
num_chunks_enlarged: 828.
num_inconsistent_stats: 0.

CodeHeap 'non-profiled nmethods': size=120000Kb used=2200Kb max_used=2200Kb free=117799Kb
 bounds [0x000001d0b5db0000, 0x000001d0b6020000, 0x000001d0bd2e0000]
CodeHeap 'profiled nmethods': size=120000Kb used=9865Kb max_used=9865Kb free=110134Kb
 bounds [0x000001d0ae2e0000, 0x000001d0aec90000, 0x000001d0b5810000]
CodeHeap 'non-nmethods': size=5760Kb used=1359Kb max_used=1426Kb free=4400Kb
 bounds [0x000001d0b5810000, 0x000001d0b5a80000, 0x000001d0b5db0000]
CodeCache: size=245760Kb, used=13424Kb, max_used=13491Kb, free=232333Kb
 total_blobs=5319, nmethods=4666, adapters=559, full_count=0
Compilation: enabled, stopped_count=0, restarted_count=0

Compilation events (20 events):
Event: 9.246 Thread 0x000001d104beefd0 nmethod 4654 0x000001d0aec6eb90 code [0x000001d0aec6ed40, 0x000001d0aec6ef40]
Event: 9.247 Thread 0x000001d104beefd0 4656       3       java.util.regex.Pattern$SliceNode::study (37 bytes)
Event: 9.248 Thread 0x000001d104beefd0 nmethod 4656 0x000001d0aec6f010 code [0x000001d0aec6f1c0, 0x000001d0aec6f3b8]
Event: 9.248 Thread 0x000001d104beefd0 4658       3       java.util.concurrent.ThreadPoolExecutor::runStateAtLeast (11 bytes)
Event: 9.248 Thread 0x000001d104beefd0 nmethod 4658 0x000001d0aec6f490 code [0x000001d0aec6f620, 0x000001d0aec6f760]
Event: 9.248 Thread 0x000001d104beefd0 4657       3       java.util.regex.Pattern$CharProperty::study (29 bytes)
Event: 9.248 Thread 0x000001d104beefd0 nmethod 4657 0x000001d0aec6f810 code [0x000001d0aec6f9c0, 0x000001d0aec6fbb8]
Event: 9.250 Thread 0x000001d104beefd0 4659       1       java.lang.ThreadLocal::initialValue (2 bytes)
Event: 9.250 Thread 0x000001d104beefd0 nmethod 4659 0x000001d0b5fd3310 code [0x000001d0b5fd34a0, 0x000001d0b5fd3570]
Event: 9.301 Thread 0x000001d104beefd0 4660       3       java.util.regex.Pattern::DOT (6 bytes)
Event: 9.301 Thread 0x000001d104beefd0 nmethod 4660 0x000001d0aec6fc90 code [0x000001d0aec6fe40, 0x000001d0aec700b8]
Event: 9.328 Thread 0x000001d104beefd0 4661       3       java.lang.invoke.VarHandleGuards::guard_LII_Z (86 bytes)
Event: 9.330 Thread 0x000001d104beefd0 nmethod 4661 0x000001d0aec70190 code [0x000001d0aec704c0, 0x000001d0aec71dd8]
Event: 9.330 Thread 0x000001d104beefd0 4662       3       java.lang.invoke.VarHandleInts$FieldInstanceReadWrite::compareAndSet (32 bytes)
Event: 9.330 Thread 0x000001d104beefd0 nmethod 4662 0x000001d0aec72610 code [0x000001d0aec72800, 0x000001d0aec72d90]
Event: 9.336 Thread 0x000001d104beefd0 4664       3       java.util.concurrent.ScheduledThreadPoolExecutor$ScheduledFutureTask::compareTo (9 bytes)
Event: 9.336 Thread 0x000001d104beefd0 nmethod 4664 0x000001d0aec72f90 code [0x000001d0aec73140, 0x000001d0aec733a0]
Event: 9.336 Thread 0x000001d104beefd0 4665       3       java.util.concurrent.ScheduledThreadPoolExecutor$ScheduledFutureTask::compareTo (101 bytes)
Event: 9.336 Thread 0x000001d104beefd0 nmethod 4665 0x000001d0aec73490 code [0x000001d0aec736c0, 0x000001d0aec73dd8]
Event: 9.346 Thread 0x000001d104beefd0 4666       3       java.lang.invoke.VarHandleGuards::guard_LI_V (123 bytes)

GC Heap History (20 events):
Event: 4.159 GC heap before
{Heap before GC invocations=4 (full 0):
 PSYoungGen      total 29696K, used 29693K [0x00000000d5580000, 0x00000000d7680000, 0x0000000100000000)
  eden space 25600K, 100% used [0x00000000d5580000,0x00000000d6e80000,0x00000000d6e80000)
  from space 4096K, 99% used [0x00000000d6e80000,0x00000000d727f500,0x00000000d7280000)
  to   space 4096K, 0% used [0x00000000d7280000,0x00000000d7280000,0x00000000d7680000)
 ParOldGen       total 68608K, used 4867K [0x0000000080000000, 0x0000000084300000, 0x00000000d5580000)
  object space 68608K, 7% used [0x0000000080000000,0x00000000804c0df8,0x0000000084300000)
 Metaspace       used 11549K, committed 11968K, reserved 1114112K
  class space    used 1219K, committed 1408K, reserved 1048576K
}
Event: 4.163 GC heap after
{Heap after GC invocations=4 (full 0):
 PSYoungGen      total 29696K, used 4084K [0x00000000d5580000, 0x00000000d7680000, 0x0000000100000000)
  eden space 25600K, 0% used [0x00000000d5580000,0x00000000d5580000,0x00000000d6e80000)
  from space 4096K, 99% used [0x00000000d7280000,0x00000000d767d1d0,0x00000000d7680000)
  to   space 4096K, 0% used [0x00000000d6e80000,0x00000000d6e80000,0x00000000d7280000)
 ParOldGen       total 68608K, used 6578K [0x0000000080000000, 0x0000000084300000, 0x00000000d5580000)
  object space 68608K, 9% used [0x0000000080000000,0x000000008066caf0,0x0000000084300000)
 Metaspace       used 11549K, committed 11968K, reserved 1114112K
  class space    used 1219K, committed 1408K, reserved 1048576K
}
Event: 4.590 GC heap before
{Heap before GC invocations=5 (full 0):
 PSYoungGen      total 29696K, used 29684K [0x00000000d5580000, 0x00000000d7680000, 0x0000000100000000)
  eden space 25600K, 100% used [0x00000000d5580000,0x00000000d6e80000,0x00000000d6e80000)
  from space 4096K, 99% used [0x00000000d7280000,0x00000000d767d1d0,0x00000000d7680000)
  to   space 4096K, 0% used [0x00000000d6e80000,0x00000000d6e80000,0x00000000d7280000)
 ParOldGen       total 68608K, used 6578K [0x0000000080000000, 0x0000000084300000, 0x00000000d5580000)
  object space 68608K, 9% used [0x0000000080000000,0x000000008066caf0,0x0000000084300000)
 Metaspace       used 15440K, committed 16000K, reserved 1114112K
  class space    used 1600K, committed 1856K, reserved 1048576K
}
Event: 4.593 GC heap after
{Heap after GC invocations=5 (full 0):
 PSYoungGen      total 29184K, used 4076K [0x00000000d5580000, 0x00000000d7a00000, 0x0000000100000000)
  eden space 25088K, 0% used [0x00000000d5580000,0x00000000d5580000,0x00000000d6e00000)
  from space 4096K, 99% used [0x00000000d6e80000,0x00000000d727b278,0x00000000d7280000)
  to   space 6144K, 0% used [0x00000000d7400000,0x00000000d7400000,0x00000000d7a00000)
 ParOldGen       total 68608K, used 8054K [0x0000000080000000, 0x0000000084300000, 0x00000000d5580000)
  object space 68608K, 11% used [0x0000000080000000,0x00000000807ddb40,0x0000000084300000)
 Metaspace       used 15440K, committed 16000K, reserved 1114112K
  class space    used 1600K, committed 1856K, reserved 1048576K
}
Event: 4.974 GC heap before
{Heap before GC invocations=6 (full 0):
 PSYoungGen      total 29184K, used 29164K [0x00000000d5580000, 0x00000000d7a00000, 0x0000000100000000)
  eden space 25088K, 100% used [0x00000000d5580000,0x00000000d6e00000,0x00000000d6e00000)
  from space 4096K, 99% used [0x00000000d6e80000,0x00000000d727b278,0x00000000d7280000)
  to   space 6144K, 0% used [0x00000000d7400000,0x00000000d7400000,0x00000000d7a00000)
 ParOldGen       total 68608K, used 8054K [0x0000000080000000, 0x0000000084300000, 0x00000000d5580000)
  object space 68608K, 11% used [0x0000000080000000,0x00000000807ddb40,0x0000000084300000)
 Metaspace       used 18569K, committed 19264K, reserved 1114112K
  class space    used 1959K, committed 2240K, reserved 1048576K
}
Event: 4.980 GC heap after
{Heap after GC invocations=6 (full 0):
 PSYoungGen      total 29696K, used 5005K [0x00000000d5580000, 0x00000000d7900000, 0x0000000100000000)
  eden space 24576K, 0% used [0x00000000d5580000,0x00000000d5580000,0x00000000d6d80000)
  from space 5120K, 97% used [0x00000000d7400000,0x00000000d78e3758,0x00000000d7900000)
  to   space 5632K, 0% used [0x00000000d6e00000,0x00000000d6e00000,0x00000000d7380000)
 ParOldGen       total 68608K, used 8062K [0x0000000080000000, 0x0000000084300000, 0x00000000d5580000)
  object space 68608K, 11% used [0x0000000080000000,0x00000000807dfb40,0x0000000084300000)
 Metaspace       used 18569K, committed 19264K, reserved 1114112K
  class space    used 1959K, committed 2240K, reserved 1048576K
}
Event: 5.162 GC heap before
{Heap before GC invocations=7 (full 0):
 PSYoungGen      total 29696K, used 26116K [0x00000000d5580000, 0x00000000d7900000, 0x0000000100000000)
  eden space 24576K, 85% used [0x00000000d5580000,0x00000000d6a1dbd8,0x00000000d6d80000)
  from space 5120K, 97% used [0x00000000d7400000,0x00000000d78e3758,0x00000000d7900000)
  to   space 5632K, 0% used [0x00000000d6e00000,0x00000000d6e00000,0x00000000d7380000)
 ParOldGen       total 68608K, used 8062K [0x0000000080000000, 0x0000000084300000, 0x00000000d5580000)
  object space 68608K, 11% used [0x0000000080000000,0x00000000807dfb40,0x0000000084300000)
 Metaspace       used 20689K, committed 21504K, reserved 1114112K
  class space    used 2194K, committed 2560K, reserved 1048576K
}
Event: 5.165 GC heap after
{Heap after GC invocations=7 (full 0):
 PSYoungGen      total 29184K, used 4500K [0x00000000d5580000, 0x00000000d7780000, 0x0000000100000000)
  eden space 24576K, 0% used [0x00000000d5580000,0x00000000d5580000,0x00000000d6d80000)
  from space 4608K, 97% used [0x00000000d6e00000,0x00000000d72653a0,0x00000000d7280000)
  to   space 5120K, 0% used [0x00000000d7280000,0x00000000d7280000,0x00000000d7780000)
 ParOldGen       total 68608K, used 9514K [0x0000000080000000, 0x0000000084300000, 0x00000000d5580000)
  object space 68608K, 13% used [0x0000000080000000,0x000000008094ab28,0x0000000084300000)
 Metaspace       used 20689K, committed 21504K, reserved 1114112K
  class space    used 2194K, committed 2560K, reserved 1048576K
}
Event: 5.165 GC heap before
{Heap before GC invocations=8 (full 1):
 PSYoungGen      total 29184K, used 4500K [0x00000000d5580000, 0x00000000d7780000, 0x0000000100000000)
  eden space 24576K, 0% used [0x00000000d5580000,0x00000000d5580000,0x00000000d6d80000)
  from space 4608K, 97% used [0x00000000d6e00000,0x00000000d72653a0,0x00000000d7280000)
  to   space 5120K, 0% used [0x00000000d7280000,0x00000000d7280000,0x00000000d7780000)
 ParOldGen       total 68608K, used 9514K [0x0000000080000000, 0x0000000084300000, 0x00000000d5580000)
  object space 68608K, 13% used [0x0000000080000000,0x000000008094ab28,0x0000000084300000)
 Metaspace       used 20689K, committed 21504K, reserved 1114112K
  class space    used 2194K, committed 2560K, reserved 1048576K
}
Event: 5.199 GC heap after
{Heap after GC invocations=8 (full 1):
 PSYoungGen      total 29184K, used 0K [0x00000000d5580000, 0x00000000d7780000, 0x0000000100000000)
  eden space 24576K, 0% used [0x00000000d5580000,0x00000000d5580000,0x00000000d6d80000)
  from space 4608K, 0% used [0x00000000d6e00000,0x00000000d6e00000,0x00000000d7280000)
  to   space 5120K, 0% used [0x00000000d7280000,0x00000000d7280000,0x00000000d7780000)
 ParOldGen       total 68608K, used 13330K [0x0000000080000000, 0x0000000084300000, 0x00000000d5580000)
  object space 68608K, 19% used [0x0000000080000000,0x0000000080d04938,0x0000000084300000)
 Metaspace       used 20676K, committed 21504K, reserved 1114112K
  class space    used 2190K, committed 2560K, reserved 1048576K
}
Event: 5.356 GC heap before
{Heap before GC invocations=9 (full 1):
 PSYoungGen      total 29184K, used 24576K [0x00000000d5580000, 0x00000000d7780000, 0x0000000100000000)
  eden space 24576K, 100% used [0x00000000d5580000,0x00000000d6d80000,0x00000000d6d80000)
  from space 4608K, 0% used [0x00000000d6e00000,0x00000000d6e00000,0x00000000d7280000)
  to   space 5120K, 0% used [0x00000000d7280000,0x00000000d7280000,0x00000000d7780000)
 ParOldGen       total 68608K, used 13330K [0x0000000080000000, 0x0000000084300000, 0x00000000d5580000)
  object space 68608K, 19% used [0x0000000080000000,0x0000000080d04938,0x0000000084300000)
 Metaspace       used 23287K, committed 24064K, reserved 1114112K
  class space    used 2360K, committed 2688K, reserved 1048576K
}
Event: 5.357 GC heap after
{Heap after GC invocations=9 (full 1):
 PSYoungGen      total 25088K, used 866K [0x00000000d5580000, 0x00000000d7380000, 0x0000000100000000)
  eden space 24064K, 0% used [0x00000000d5580000,0x00000000d5580000,0x00000000d6d00000)
  from space 1024K, 84% used [0x00000000d7280000,0x00000000d7358938,0x00000000d7380000)
  to   space 2560K, 0% used [0x00000000d6e80000,0x00000000d6e80000,0x00000000d7100000)
 ParOldGen       total 68608K, used 13338K [0x0000000080000000, 0x0000000084300000, 0x00000000d5580000)
  object space 68608K, 19% used [0x0000000080000000,0x0000000080d06938,0x0000000084300000)
 Metaspace       used 23287K, committed 24064K, reserved 1114112K
  class space    used 2360K, committed 2688K, reserved 1048576K
}
Event: 5.502 GC heap before
{Heap before GC invocations=10 (full 1):
 PSYoungGen      total 25088K, used 24930K [0x00000000d5580000, 0x00000000d7380000, 0x0000000100000000)
  eden space 24064K, 100% used [0x00000000d5580000,0x00000000d6d00000,0x00000000d6d00000)
  from space 1024K, 84% used [0x00000000d7280000,0x00000000d7358938,0x00000000d7380000)
  to   space 2560K, 0% used [0x00000000d6e80000,0x00000000d6e80000,0x00000000d7100000)
 ParOldGen       total 68608K, used 13338K [0x0000000080000000, 0x0000000084300000, 0x00000000d5580000)
  object space 68608K, 19% used [0x0000000080000000,0x0000000080d06938,0x0000000084300000)
 Metaspace       used 26331K, committed 27136K, reserved 1114112K
  class space    used 2596K, committed 2944K, reserved 1048576K
}
Event: 5.504 GC heap after
{Heap after GC invocations=10 (full 1):
 PSYoungGen      total 25600K, used 1857K [0x00000000d5580000, 0x00000000d7300000, 0x0000000100000000)
  eden space 23552K, 0% used [0x00000000d5580000,0x00000000d5580000,0x00000000d6c80000)
  from space 2048K, 90% used [0x00000000d6e80000,0x00000000d70506c0,0x00000000d7080000)
  to   space 2560K, 0% used [0x00000000d7080000,0x00000000d7080000,0x00000000d7300000)
 ParOldGen       total 68608K, used 14119K [0x0000000080000000, 0x0000000084300000, 0x00000000d5580000)
  object space 68608K, 20% used [0x0000000080000000,0x0000000080dc9e48,0x0000000084300000)
 Metaspace       used 26331K, committed 27136K, reserved 1114112K
  class space    used 2596K, committed 2944K, reserved 1048576K
}
Event: 5.724 GC heap before
{Heap before GC invocations=11 (full 1):
 PSYoungGen      total 25600K, used 25409K [0x00000000d5580000, 0x00000000d7300000, 0x0000000100000000)
  eden space 23552K, 100% used [0x00000000d5580000,0x00000000d6c80000,0x00000000d6c80000)
  from space 2048K, 90% used [0x00000000d6e80000,0x00000000d70506c0,0x00000000d7080000)
  to   space 2560K, 0% used [0x00000000d7080000,0x00000000d7080000,0x00000000d7300000)
 ParOldGen       total 68608K, used 14119K [0x0000000080000000, 0x0000000084300000, 0x00000000d5580000)
  object space 68608K, 20% used [0x0000000080000000,0x0000000080dc9e48,0x0000000084300000)
 Metaspace       used 28316K, committed 29184K, reserved 1114112K
  class space    used 2761K, committed 3136K, reserved 1048576K
}
Event: 5.726 GC heap after
{Heap after GC invocations=11 (full 1):
 PSYoungGen      total 25600K, used 2452K [0x00000000d5580000, 0x00000000d7300000, 0x0000000100000000)
  eden space 23040K, 0% used [0x00000000d5580000,0x00000000d5580000,0x00000000d6c00000)
  from space 2560K, 95% used [0x00000000d7080000,0x00000000d72e53e0,0x00000000d7300000)
  to   space 3072K, 0% used [0x00000000d6d00000,0x00000000d6d00000,0x00000000d7000000)
 ParOldGen       total 68608K, used 14771K [0x0000000080000000, 0x0000000084300000, 0x00000000d5580000)
  object space 68608K, 21% used [0x0000000080000000,0x0000000080e6cce0,0x0000000084300000)
 Metaspace       used 28316K, committed 29184K, reserved 1114112K
  class space    used 2761K, committed 3136K, reserved 1048576K
}
Event: 6.042 GC heap before
{Heap before GC invocations=12 (full 1):
 PSYoungGen      total 25600K, used 25492K [0x00000000d5580000, 0x00000000d7300000, 0x0000000100000000)
  eden space 23040K, 100% used [0x00000000d5580000,0x00000000d6c00000,0x00000000d6c00000)
  from space 2560K, 95% used [0x00000000d7080000,0x00000000d72e53e0,0x00000000d7300000)
  to   space 3072K, 0% used [0x00000000d6d00000,0x00000000d6d00000,0x00000000d7000000)
 ParOldGen       total 68608K, used 14782K [0x0000000080000000, 0x0000000084300000, 0x00000000d5580000)
  object space 68608K, 21% used [0x0000000080000000,0x0000000080e6f8e8,0x0000000084300000)
 Metaspace       used 31500K, committed 32448K, reserved 1114112K
  class space    used 3135K, committed 3584K, reserved 1048576K
}
Event: 6.045 GC heap after
{Heap after GC invocations=12 (full 1):
 PSYoungGen      total 25600K, used 2099K [0x00000000d5580000, 0x00000000d7100000, 0x0000000100000000)
  eden space 23040K, 0% used [0x00000000d5580000,0x00000000d5580000,0x00000000d6c00000)
  from space 2560K, 82% used [0x00000000d6d00000,0x00000000d6f0cea8,0x00000000d6f80000)
  to   space 1536K, 0% used [0x00000000d6f80000,0x00000000d6f80000,0x00000000d7100000)
 ParOldGen       total 68608K, used 17141K [0x0000000080000000, 0x0000000084300000, 0x00000000d5580000)
  object space 68608K, 24% used [0x0000000080000000,0x00000000810bd688,0x0000000084300000)
 Metaspace       used 31500K, committed 32448K, reserved 1114112K
  class space    used 3135K, committed 3584K, reserved 1048576K
}
Event: 6.212 GC heap before
{Heap before GC invocations=13 (full 1):
 PSYoungGen      total 25600K, used 25139K [0x00000000d5580000, 0x00000000d7100000, 0x0000000100000000)
  eden space 23040K, 100% used [0x00000000d5580000,0x00000000d6c00000,0x00000000d6c00000)
  from space 2560K, 82% used [0x00000000d6d00000,0x00000000d6f0cea8,0x00000000d6f80000)
  to   space 1536K, 0% used [0x00000000d6f80000,0x00000000d6f80000,0x00000000d7100000)
 ParOldGen       total 68608K, used 17151K [0x0000000080000000, 0x0000000084300000, 0x00000000d5580000)
  object space 68608K, 24% used [0x0000000080000000,0x00000000810bfc70,0x0000000084300000)
 Metaspace       used 33912K, committed 35072K, reserved 1114112K
  class space    used 3443K, committed 3968K, reserved 1048576K
}
Event: 7.215 GC heap after
{Heap after GC invocations=13 (full 1):
 PSYoungGen      total 23552K, used 1522K [0x00000000d5580000, 0x00000000d7480000, 0x0000000100000000)
  eden space 22016K, 0% used [0x00000000d5580000,0x00000000d5580000,0x00000000d6b00000)
  from space 1536K, 99% used [0x00000000d6f80000,0x00000000d70fcbb0,0x00000000d7100000)
  to   space 4608K, 0% used [0x00000000d6b00000,0x00000000d6b00000,0x00000000d6f80000)
 ParOldGen       total 68608K, used 19600K [0x0000000080000000, 0x0000000084300000, 0x00000000d5580000)
  object space 68608K, 28% used [0x0000000080000000,0x00000000813243c8,0x0000000084300000)
 Metaspace       used 33912K, committed 35072K, reserved 1114112K
  class space    used 3443K, committed 3968K, reserved 1048576K
}

Dll operation events (10 events):
Event: 0.028 Loaded shared library c:\Users\DELL\.vscode\extensions\redhat.java-1.54.0-win32-x64\jre\21.0.10-win32-x86_64\bin\java.dll
Event: 0.142 Loaded shared library c:\Users\DELL\.vscode\extensions\redhat.java-1.54.0-win32-x64\jre\21.0.10-win32-x86_64\bin\zip.dll
Event: 0.180 Loaded shared library C:\Users\DELL\.vscode\extensions\redhat.java-1.54.0-win32-x64\jre\21.0.10-win32-x86_64\bin\instrument.dll
Event: 0.192 Loaded shared library C:\Users\DELL\.vscode\extensions\redhat.java-1.54.0-win32-x64\jre\21.0.10-win32-x86_64\bin\net.dll
Event: 0.196 Loaded shared library C:\Users\DELL\.vscode\extensions\redhat.java-1.54.0-win32-x64\jre\21.0.10-win32-x86_64\bin\nio.dll
Event: 0.201 Loaded shared library C:\Users\DELL\.vscode\extensions\redhat.java-1.54.0-win32-x64\jre\21.0.10-win32-x86_64\bin\zip.dll
Event: 0.233 Loaded shared library C:\Users\DELL\.vscode\extensions\redhat.java-1.54.0-win32-x64\jre\21.0.10-win32-x86_64\bin\jimage.dll
Event: 0.564 Loaded shared library c:\Users\DELL\.vscode\extensions\redhat.java-1.54.0-win32-x64\jre\21.0.10-win32-x86_64\bin\verify.dll
Event: 1.566 Loaded shared library C:\Users\DELL\AppData\Roaming\Code\User\globalStorage\redhat.java\1.54.0\config_win\org.eclipse.equinox.launcher\org.eclipse.equinox.launcher.win32.win32.x86_64_1.3.0.v20260203-2149\eclipse_11919.dll
Event: 4.740 Loaded shared library C:\Users\DELL\AppData\Local\Temp\jna-2094529\jna13874537124283553493.dll

Deoptimization events (20 events):
Event: 6.176 Thread 0x000001d109c87510 DEOPT PACKING pc=0x000001d0b5e248ac sp=0x00000037928fd310
Event: 6.176 Thread 0x000001d109c87510 DEOPT UNPACKING pc=0x000001d0b5863aa2 sp=0x00000037928fd2a8 mode 2
Event: 6.185 Thread 0x000001d109c84090 Uncommon trap: trap_request=0xffffffde fr.pc=0x000001d0b5f68acc relative=0x000000000000010c
Event: 6.185 Thread 0x000001d109c84090 Uncommon trap: reason=class_check action=maybe_recompile pc=0x000001d0b5f68acc method=java.lang.Character.codePointAt(Ljava/lang/CharSequence;I)I @ 2 c2
Event: 6.185 Thread 0x000001d109c84090 DEOPT PACKING pc=0x000001d0b5f68acc sp=0x00000037930fe880
Event: 6.185 Thread 0x000001d109c84090 DEOPT UNPACKING pc=0x000001d0b5863aa2 sp=0x00000037930fe808 mode 2
Event: 6.185 Thread 0x000001d109c84090 Uncommon trap: trap_request=0xffffffde fr.pc=0x000001d0b5f68acc relative=0x000000000000010c
Event: 6.185 Thread 0x000001d109c84090 Uncommon trap: reason=class_check action=maybe_recompile pc=0x000001d0b5f68acc method=java.lang.Character.codePointAt(Ljava/lang/CharSequence;I)I @ 2 c2
Event: 6.185 Thread 0x000001d109c84090 DEOPT PACKING pc=0x000001d0b5f68acc sp=0x00000037930fe880
Event: 6.185 Thread 0x000001d109c84090 DEOPT UNPACKING pc=0x000001d0b5863aa2 sp=0x00000037930fe808 mode 2
Event: 6.185 Thread 0x000001d109c84090 Uncommon trap: trap_request=0xffffffde fr.pc=0x000001d0b5f68acc relative=0x000000000000010c
Event: 6.185 Thread 0x000001d109c84090 Uncommon trap: reason=class_check action=maybe_recompile pc=0x000001d0b5f68acc method=java.lang.Character.codePointAt(Ljava/lang/CharSequence;I)I @ 2 c2
Event: 6.185 Thread 0x000001d109c84090 DEOPT PACKING pc=0x000001d0b5f68acc sp=0x00000037930fe880
Event: 6.185 Thread 0x000001d109c84090 DEOPT UNPACKING pc=0x000001d0b5863aa2 sp=0x00000037930fe808 mode 2
Event: 6.185 Thread 0x000001d109c84090 Uncommon trap: trap_request=0xffffffde fr.pc=0x000001d0b5f68acc relative=0x000000000000010c
Event: 6.185 Thread 0x000001d109c84090 Uncommon trap: reason=class_check action=maybe_recompile pc=0x000001d0b5f68acc method=java.lang.Character.codePointAt(Ljava/lang/CharSequence;I)I @ 2 c2
Event: 6.185 Thread 0x000001d109c84090 DEOPT PACKING pc=0x000001d0b5f68acc sp=0x00000037930fe880
Event: 6.185 Thread 0x000001d109c84090 DEOPT UNPACKING pc=0x000001d0b5863aa2 sp=0x00000037930fe808 mode 2
Event: 6.200 Thread 0x000001d109c86e80 DEOPT PACKING pc=0x000001d0ae7e9ea3 sp=0x0000003792ffe0f0
Event: 6.200 Thread 0x000001d109c86e80 DEOPT UNPACKING pc=0x000001d0b5864242 sp=0x0000003792ffd5b8 mode 0

Classes loaded (20 events):
Event: 6.174 Loading class sun/reflect/generics/tree/Wildcard
Event: 6.174 Loading class sun/reflect/generics/tree/Wildcard done
Event: 6.175 Loading class sun/reflect/generics/reflectiveObjects/WildcardTypeImpl
Event: 6.175 Loading class sun/reflect/generics/reflectiveObjects/WildcardTypeImpl done
Event: 6.175 Loading class java/lang/invoke/MethodHandleImpl$CountingWrapper
Event: 6.175 Loading class java/lang/invoke/MethodHandleImpl$CountingWrapper done
Event: 6.185 Loading class java/io/FileReader
Event: 6.185 Loading class java/io/FileReader done
Event: 7.229 Loading class java/util/concurrent/atomic/AtomicReferenceFieldUpdater
Event: 7.229 Loading class java/util/concurrent/atomic/AtomicReferenceFieldUpdater done
Event: 7.229 Loading class java/util/concurrent/atomic/AtomicReferenceFieldUpdater$AtomicReferenceFieldUpdaterImpl
Event: 7.229 Loading class java/util/concurrent/atomic/AtomicReferenceFieldUpdater$AtomicReferenceFieldUpdaterImpl done
Event: 7.229 Loading class java/util/concurrent/atomic/AtomicReferenceFieldUpdater$AtomicReferenceFieldUpdaterImpl$1
Event: 7.230 Loading class java/util/concurrent/atomic/AtomicReferenceFieldUpdater$AtomicReferenceFieldUpdaterImpl$1 done
Event: 7.233 Loading class sun/reflect/generics/tree/ArrayTypeSignature
Event: 7.233 Loading class sun/reflect/generics/tree/ArrayTypeSignature done
Event: 7.236 Loading class jdk/internal/event/ThreadSleepEvent
Event: 7.236 Loading class jdk/internal/event/ThreadSleepEvent done
Event: 7.240 Loading class sun/reflect/generics/tree/BooleanSignature
Event: 7.240 Loading class sun/reflect/generics/tree/BooleanSignature done

Classes unloaded (7 events):
Event: 5.170 Thread 0x000001d10319fcd0 Unloading class 0x000001d0c31aac00 'java/lang/invoke/LambdaForm$MH+0x000001d0c31aac00'
Event: 5.170 Thread 0x000001d10319fcd0 Unloading class 0x000001d0c31aa800 'java/lang/invoke/LambdaForm$MH+0x000001d0c31aa800'
Event: 5.170 Thread 0x000001d10319fcd0 Unloading class 0x000001d0c31aa400 'java/lang/invoke/LambdaForm$MH+0x000001d0c31aa400'
Event: 5.170 Thread 0x000001d10319fcd0 Unloading class 0x000001d0c31aa000 'java/lang/invoke/LambdaForm$MH+0x000001d0c31aa000'
Event: 5.170 Thread 0x000001d10319fcd0 Unloading class 0x000001d0c31a9c00 'java/lang/invoke/LambdaForm$BMH+0x000001d0c31a9c00'
Event: 5.170 Thread 0x000001d10319fcd0 Unloading class 0x000001d0c31a9800 'java/lang/invoke/LambdaForm$DMH+0x000001d0c31a9800'
Event: 5.170 Thread 0x000001d10319fcd0 Unloading class 0x000001d0c31a8400 'java/lang/invoke/LambdaForm$DMH+0x000001d0c31a8400'

Classes redefined (0 events):
No events

Internal exceptions (20 events):
Event: 6.002 Thread 0x000001d109c87510 Exception <a 'java/lang/NoSuchMethodError'{0x00000000d644b2c0}: 'void java.lang.invoke.DirectMethodHandle$Holder.invokeStaticInit(java.lang.Object, java.lang.Object, java.lang.Object, java.lang.Object)'> (0x00000000d644b2c0) 
thrown [s\src\hotspot\share\interpreter\linkResolver.cpp, line 773]
Event: 6.052 Thread 0x000001d0a9accc30 Exception <a 'java/lang/NoSuchMethodError'{0x00000000d5727ac0}: 'java.lang.Object java.lang.invoke.DirectMethodHandle$Holder.invokeStatic(java.lang.Object, long, java.lang.Object)'> (0x00000000d5727ac0) 
thrown [s\src\hotspot\share\interpreter\linkResolver.cpp, line 773]
Event: 6.053 Thread 0x000001d0a9accc30 Exception <a 'java/lang/NoSuchMethodError'{0x00000000d572b128}: 'java.lang.Object java.lang.invoke.DirectMethodHandle$Holder.invokeStaticInit(java.lang.Object, long, java.lang.Object)'> (0x00000000d572b128) 
thrown [s\src\hotspot\share\interpreter\linkResolver.cpp, line 773]
Event: 6.054 Thread 0x000001d0a9accc30 Exception <a 'java/lang/NoSuchMethodError'{0x00000000d5760348}: 'java.lang.Object java.lang.invoke.DirectMethodHandle$Holder.newInvokeSpecial(java.lang.Object, long)'> (0x00000000d5760348) 
thrown [s\src\hotspot\share\interpreter\linkResolver.cpp, line 773]
Event: 6.090 Thread 0x000001d109c85440 Exception <a 'java/io/FileNotFoundException'{0x00000000d5cea3d8}> (0x00000000d5cea3d8) 
thrown [s\src\hotspot\share\prims\jni.cpp, line 520]
Event: 6.159 Thread 0x000001d109c84090 Exception <a 'java/lang/NoSuchMethodError'{0x00000000d64cd4d8}: 'java.lang.Object java.lang.invoke.DirectMethodHandle$Holder.invokeStaticInit(java.lang.Object, java.lang.Object, java.lang.Object, java.lang.Object, java.lang.Object, java.lang.Object, java.lang.Object)'> (0x00000000d64cd4d8) 
thrown [s\src\hotspot\share\interpreter\linkResolver.cpp, line 773]
Event: 6.159 Thread 0x000001d109c84090 Exception <a 'java/lang/NoSuchMethodError'{0x00000000d64d1cb0}: 'java.lang.Object java.lang.invoke.Invokers$Holder.invoke_MT(java.lang.Object, java.lang.Object, java.lang.Object, java.lang.Object, java.lang.Object, java.lang.Object, java.lang.Object, java.lang.Object, java.lang.Object)'> (0x00000000d64d1cb0) 
thrown [s\src\hotspot\share\interpreter\linkResolver.cpp, line 773]
Event: 6.164 Thread 0x000001d109c87510 Exception <a 'java/lang/NoSuchMethodError'{0x00000000d65d2d50}: 'int java.lang.invoke.DirectMethodHandle$Holder.invokeVirtual(java.lang.Object, java.lang.Object, java.lang.Object)'> (0x00000000d65d2d50) 
thrown [s\src\hotspot\share\interpreter\linkResolver.cpp, line 773]
Event: 6.164 Thread 0x000001d109c87510 Exception <a 'java/lang/NoSuchMethodError'{0x00000000d65d6cc8}: 'int java.lang.invoke.DirectMethodHandle$Holder.invokeStaticInit(java.lang.Object, int, int)'> (0x00000000d65d6cc8) 
thrown [s\src\hotspot\share\interpreter\linkResolver.cpp, line 773]
Event: 6.165 Thread 0x000001d109c87510 Exception <a 'java/lang/NoSuchMethodError'{0x00000000d65eeab8}: 'int java.lang.invoke.DirectMethodHandle$Holder.invokeStaticInit(java.lang.Object, long, long)'> (0x00000000d65eeab8) 
thrown [s\src\hotspot\share\interpreter\linkResolver.cpp, line 773]
Event: 6.165 Thread 0x000001d109c87510 Exception <a 'java/lang/NoSuchMethodError'{0x00000000d6607748}: 'int java.lang.invoke.DirectMethodHandle$Holder.invokeStaticInit(java.lang.Object, float, float)'> (0x00000000d6607748) 
thrown [s\src\hotspot\share\interpreter\linkResolver.cpp, line 773]
Event: 6.166 Thread 0x000001d109c87510 Exception <a 'java/lang/NoSuchMethodError'{0x00000000d660e0d8}: 'int java.lang.invoke.DirectMethodHandle$Holder.invokeStaticInit(java.lang.Object, double, double)'> (0x00000000d660e0d8) 
thrown [s\src\hotspot\share\interpreter\linkResolver.cpp, line 773]
Event: 6.166 Thread 0x000001d109c87510 Exception <a 'java/lang/NoSuchMethodError'{0x00000000d662c078}: 'int java.lang.invoke.DirectMethodHandle$Holder.invokeStatic(java.lang.Object, long)'> (0x00000000d662c078) 
thrown [s\src\hotspot\share\interpreter\linkResolver.cpp, line 773]
Event: 6.170 Thread 0x000001d109c87510 Exception <a 'java/lang/NoSuchMethodError'{0x00000000d66a84f0}: 'int java.lang.invoke.Invokers$Holder.linkToTargetMethod(java.lang.Object, java.lang.Object)'> (0x00000000d66a84f0) 
thrown [s\src\hotspot\share\interpreter\linkResolver.cpp, line 773]
Event: 6.170 Thread 0x000001d109c84090 Exception <a 'java/lang/NoSuchMethodError'{0x00000000d66bdb08}: 'int java.lang.invoke.Invokers$Holder.linkToTargetMethod(java.lang.Object, java.lang.Object)'> (0x00000000d66bdb08) 
thrown [s\src\hotspot\share\interpreter\linkResolver.cpp, line 773]
Event: 6.171 Thread 0x000001d109c87510 Exception <a 'java/lang/NoSuchMethodError'{0x00000000d66ca428}: 'int java.lang.invoke.DirectMethodHandle$Holder.invokeSpecial(java.lang.Object, java.lang.Object, java.lang.Object, java.lang.Object)'> (0x00000000d66ca428) 
thrown [s\src\hotspot\share\interpreter\linkResolver.cpp, line 773]
Event: 6.174 Thread 0x000001d109c87510 Exception <a 'java/lang/NoSuchMethodError'{0x00000000d6743aa0}: 'java.lang.Object java.lang.invoke.DirectMethodHandle$Holder.invokeStatic(java.lang.Object, int, java.lang.Object, java.lang.Object)'> (0x00000000d6743aa0) 
thrown [s\src\hotspot\share\interpreter\linkResolver.cpp, line 773]
Event: 6.174 Thread 0x000001d109c87510 Exception <a 'java/lang/NoSuchMethodError'{0x00000000d67472a0}: 'java.lang.Object java.lang.invoke.DelegatingMethodHandle$Holder.delegate(java.lang.Object, int, java.lang.Object, java.lang.Object)'> (0x00000000d67472a0) 
thrown [s\src\hotspot\share\interpreter\linkResolver.cpp, line 773]
Event: 6.177 Thread 0x000001d109c87510 Exception <a 'java/lang/NoSuchMethodError'{0x00000000d679d388}: 'int java.lang.invoke.Invokers$Holder.linkToTargetMethod(java.lang.Object, java.lang.Object, java.lang.Object)'> (0x00000000d679d388) 
thrown [s\src\hotspot\share\interpreter\linkResolver.cpp, line 773]
Event: 6.210 Thread 0x000001d109c84090 Exception <a 'java/lang/NoSuchMethodError'{0x00000000d6bbcd50}: 'java.lang.Object java.lang.invoke.DirectMethodHandle$Holder.invokeSpecialIFC(java.lang.Object, java.lang.Object, java.lang.Object, java.lang.Object)'> (0x00000000d6bbcd50) 
thrown [s\src\hotspot\share\interpreter\linkResolver.cpp, line 773]

ZGC Phase Switch (0 events):
No events

VM Operations (20 events):
Event: 5.357 Executing safepoint VM operation: ParallelGCFailedAllocation (Allocation Failure) done
Event: 5.502 Executing safepoint VM operation: ParallelGCFailedAllocation (Allocation Failure)
Event: 5.504 Executing safepoint VM operation: ParallelGCFailedAllocation (Allocation Failure) done
Event: 5.680 Executing non-safepoint VM operation: HandshakeAllThreads (Deoptimize)
Event: 5.680 Executing non-safepoint VM operation: HandshakeAllThreads (Deoptimize) done
Event: 5.724 Executing safepoint VM operation: ParallelGCFailedAllocation (Allocation Failure)
Event: 5.726 Executing safepoint VM operation: ParallelGCFailedAllocation (Allocation Failure) done
Event: 5.784 Executing non-safepoint VM operation: HandshakeAllThreads (Deoptimize)
Event: 5.784 Executing non-safepoint VM operation: HandshakeAllThreads (Deoptimize) done
Event: 6.042 Executing safepoint VM operation: ParallelGCFailedAllocation (Allocation Failure)
Event: 6.042 Executing safepoint VM operation: ParallelGCFailedAllocation (Allocation Failure) done
Event: 6.042 Executing safepoint VM operation: ParallelGCSystemGC (GCLocker Initiated GC)
Event: 6.045 Executing safepoint VM operation: ParallelGCSystemGC (GCLocker Initiated GC) done
Event: 6.176 Executing non-safepoint VM operation: HandshakeAllThreads (Deoptimize)
Event: 6.176 Executing non-safepoint VM operation: HandshakeAllThreads (Deoptimize) done
Event: 6.212 Executing safepoint VM operation: ParallelGCFailedAllocation (Allocation Failure)
Event: 7.215 Executing safepoint VM operation: ParallelGCFailedAllocation (Allocation Failure) done
Event: 8.215 Executing safepoint VM operation: Cleanup
Event: 9.247 Executing safepoint VM operation: Cleanup done
Event: 10.248 Executing safepoint VM operation: Cleanup

Memory protections (0 events):
No events

Nmethod flushes (0 events):
No events

Events (20 events):
Event: 4.450 Thread 0x000001d109293940 Thread added: 0x000001d1090fa9f0
Event: 4.763 Thread 0x000001d109293940 Thread added: 0x000001d109c84720
Event: 4.784 Thread 0x000001d109a80d40 Thread exited: 0x000001d109a80d40
Event: 4.791 Thread 0x000001d109293940 Thread added: 0x000001d109c87510
Event: 4.807 Thread 0x000001d109293940 Thread added: 0x000001d109c85440
Event: 5.649 Thread 0x000001d109293940 Thread added: 0x000001d109c85ad0
Event: 5.952 Thread 0x000001d109c87510 Thread added: 0x000001d109c86e80
Event: 6.029 Thread 0x000001d109c86e80 Thread added: 0x000001d109c84090
Event: 6.064 Thread 0x000001d0a9accc30 Thread added: 0x000001d109c86160
Event: 6.065 Thread 0x000001d0a9accc30 Thread added: 0x000001d109c84db0
Event: 6.065 Thread 0x000001d0a9accc30 Thread added: 0x000001d10c08e130
Event: 6.065 Thread 0x000001d0a9accc30 Thread added: 0x000001d10c08d410
Event: 6.065 Thread 0x000001d0a9accc30 Thread added: 0x000001d10c090890
Event: 6.065 Thread 0x000001d0a9accc30 Thread added: 0x000001d10c090200
Event: 6.065 Thread 0x000001d0a9accc30 Thread added: 0x000001d10c08e7c0
Event: 6.065 Thread 0x000001d0a9accc30 Thread added: 0x000001d10c08ee50
Event: 6.065 Thread 0x000001d0a9accc30 Thread added: 0x000001d10c08daa0
Event: 6.087 Thread 0x000001d0a9accc30 Thread added: 0x000001d10c092960
Event: 6.155 Thread 0x000001d109c84090 Thread added: 0x000001d10c08f4e0
Event: 7.215 Thread 0x000001d10c08f4e0 Thread added: 0x000001d10c090f20


Dynamic libraries:
0x00007ff749bb0000 - 0x00007ff749bbe000 	c:\Users\DELL\.vscode\extensions\redhat.java-1.54.0-win32-x64\jre\21.0.10-win32-x86_64\bin\java.exe
0x00007ffd94d00000 - 0x00007ffd94f66000 	C:\WINDOWS\SYSTEM32\ntdll.dll
0x00007ffd93b80000 - 0x00007ffd93c49000 	C:\WINDOWS\System32\KERNEL32.DLL
0x00007ffd922f0000 - 0x00007ffd926ea000 	C:\WINDOWS\System32\KERNELBASE.dll
0x00007ffd91f90000 - 0x00007ffd920dc000 	C:\WINDOWS\System32\ucrtbase.dll
0x00007ffd7bd20000 - 0x00007ffd7bd38000 	c:\Users\DELL\.vscode\extensions\redhat.java-1.54.0-win32-x64\jre\21.0.10-win32-x86_64\bin\jli.dll
0x00007ffd93c50000 - 0x00007ffd93e17000 	C:\WINDOWS\System32\USER32.dll
0x00007ffd920e0000 - 0x00007ffd92107000 	C:\WINDOWS\System32\win32u.dll
0x00007ffd92a70000 - 0x00007ffd92a9b000 	C:\WINDOWS\System32\GDI32.dll
0x00007ffd921c0000 - 0x00007ffd922eb000 	C:\WINDOWS\System32\gdi32full.dll
0x00007ffd92110000 - 0x00007ffd921b3000 	C:\WINDOWS\System32\msvcp_win.dll
0x00007ffd79470000 - 0x00007ffd7948e000 	c:\Users\DELL\.vscode\extensions\redhat.java-1.54.0-win32-x64\jre\21.0.10-win32-x86_64\bin\VCRUNTIME140.dll
0x00007ffd7e2a0000 - 0x00007ffd7e532000 	C:\WINDOWS\WinSxS\amd64_microsoft.windows.common-controls_6595b64144ccf1df_6.0.26100.8521_none_3e08b75ce33403b3\COMCTL32.dll
0x00007ffd93910000 - 0x00007ffd939b9000 	C:\WINDOWS\System32\msvcrt.dll
0x00007ffd941c0000 - 0x00007ffd941f2000 	C:\WINDOWS\System32\IMM32.DLL
0x00007ffd81cb0000 - 0x00007ffd81cbc000 	c:\Users\DELL\.vscode\extensions\redhat.java-1.54.0-win32-x64\jre\21.0.10-win32-x86_64\bin\vcruntime140_1.dll
0x00007ffd3f3e0000 - 0x00007ffd3f46d000 	c:\Users\DELL\.vscode\extensions\redhat.java-1.54.0-win32-x64\jre\21.0.10-win32-x86_64\bin\msvcp140.dll
0x00007ffd1eb60000 - 0x00007ffd1f901000 	c:\Users\DELL\.vscode\extensions\redhat.java-1.54.0-win32-x64\jre\21.0.10-win32-x86_64\bin\server\jvm.dll
0x00007ffd92c10000 - 0x00007ffd92cc6000 	C:\WINDOWS\System32\ADVAPI32.dll
0x00007ffd92cd0000 - 0x00007ffd92d7a000 	C:\WINDOWS\System32\sechost.dll
0x00007ffd939d0000 - 0x00007ffd93ae8000 	C:\WINDOWS\System32\RPCRT4.dll
0x00007ffd93af0000 - 0x00007ffd93b70000 	C:\WINDOWS\System32\WS2_32.dll
0x00007ffd7dee0000 - 0x00007ffd7df16000 	C:\WINDOWS\SYSTEM32\WINMM.dll
0x00007ffd85ce0000 - 0x00007ffd85ceb000 	C:\WINDOWS\SYSTEM32\VERSION.dll
0x00007ffd91e10000 - 0x00007ffd91e6e000 	C:\WINDOWS\SYSTEM32\POWRPROF.dll
0x00007ffd91df0000 - 0x00007ffd91e04000 	C:\WINDOWS\SYSTEM32\UMPDC.dll
0x00007ffd90d20000 - 0x00007ffd90d3b000 	C:\WINDOWS\SYSTEM32\kernel.appcore.dll
0x00007ffd7fc30000 - 0x00007ffd7fc3a000 	c:\Users\DELL\.vscode\extensions\redhat.java-1.54.0-win32-x64\jre\21.0.10-win32-x86_64\bin\jimage.dll
0x00007ffd8f5f0000 - 0x00007ffd8f832000 	C:\WINDOWS\SYSTEM32\DBGHELP.DLL
0x00007ffd94390000 - 0x00007ffd94713000 	C:\WINDOWS\System32\combase.dll
0x00007ffd92f60000 - 0x00007ffd93039000 	C:\WINDOWS\System32\OLEAUT32.dll
0x00007ffd609b0000 - 0x00007ffd609eb000 	C:\WINDOWS\SYSTEM32\dbgcore.DLL
0x00007ffd926f0000 - 0x00007ffd92798000 	C:\WINDOWS\System32\bcryptPrimitives.dll
0x00007ffd7f6f0000 - 0x00007ffd7f6ff000 	c:\Users\DELL\.vscode\extensions\redhat.java-1.54.0-win32-x64\jre\21.0.10-win32-x86_64\bin\instrument.dll
0x00007ffd61700000 - 0x00007ffd61720000 	c:\Users\DELL\.vscode\extensions\redhat.java-1.54.0-win32-x64\jre\21.0.10-win32-x86_64\bin\java.dll
0x00007ffd930c0000 - 0x00007ffd93844000 	C:\WINDOWS\System32\SHELL32.dll
0x00007ffd8fb70000 - 0x00007ffd903f0000 	C:\WINDOWS\SYSTEM32\windows.storage.dll
0x00007ffd94720000 - 0x00007ffd94816000 	C:\WINDOWS\System32\SHCORE.dll
0x00007ffd940a0000 - 0x00007ffd94107000 	C:\WINDOWS\System32\shlwapi.dll
0x00007ffd91eb0000 - 0x00007ffd91ed9000 	C:\WINDOWS\SYSTEM32\profapi.dll
0x00007ffd5f190000 - 0x00007ffd5f1a8000 	c:\Users\DELL\.vscode\extensions\redhat.java-1.54.0-win32-x64\jre\21.0.10-win32-x86_64\bin\zip.dll
0x00007ffd795d0000 - 0x00007ffd795e0000 	C:\Users\DELL\.vscode\extensions\redhat.java-1.54.0-win32-x64\jre\21.0.10-win32-x86_64\bin\net.dll
0x00007ffd88600000 - 0x00007ffd88729000 	C:\WINDOWS\SYSTEM32\WINHTTP.dll
0x00007ffd91290000 - 0x00007ffd912fc000 	C:\WINDOWS\system32\mswsock.dll
0x00007ffd551f0000 - 0x00007ffd55206000 	C:\Users\DELL\.vscode\extensions\redhat.java-1.54.0-win32-x64\jre\21.0.10-win32-x86_64\bin\nio.dll
0x00007ffd7ade0000 - 0x00007ffd7adf0000 	c:\Users\DELL\.vscode\extensions\redhat.java-1.54.0-win32-x64\jre\21.0.10-win32-x86_64\bin\verify.dll
0x00007ffd79580000 - 0x00007ffd795c5000 	C:\Users\DELL\AppData\Roaming\Code\User\globalStorage\redhat.java\1.54.0\config_win\org.eclipse.equinox.launcher\org.eclipse.equinox.launcher.win32.win32.x86_64_1.3.0.v20260203-2149\eclipse_11919.dll
0x00007ffd93e20000 - 0x00007ffd93fb8000 	C:\WINDOWS\System32\ole32.dll
0x00007ffd91570000 - 0x00007ffd9158b000 	C:\WINDOWS\SYSTEM32\CRYPTSP.dll
0x00007ffd90c80000 - 0x00007ffd90cb9000 	C:\WINDOWS\system32\rsaenh.dll
0x00007ffd91340000 - 0x00007ffd91373000 	C:\WINDOWS\SYSTEM32\USERENV.dll
0x00007ffd91e80000 - 0x00007ffd91eaa000 	C:\WINDOWS\SYSTEM32\bcrypt.dll
0x00007ffd91590000 - 0x00007ffd9159c000 	C:\WINDOWS\SYSTEM32\CRYPTBASE.dll
0x00007ffd90770000 - 0x00007ffd907a3000 	C:\WINDOWS\SYSTEM32\IPHLPAPI.DLL
0x00007ffd94cb0000 - 0x00007ffd94cba000 	C:\WINDOWS\System32\NSI.dll
0x00007ffd75830000 - 0x00007ffd75879000 	C:\Users\DELL\AppData\Local\Temp\jna-2094529\jna13874537124283553493.dll
0x00007ffd94220000 - 0x00007ffd94228000 	C:\WINDOWS\System32\PSAPI.DLL
0x00007ffd88bd0000 - 0x00007ffd88bed000 	C:\WINDOWS\SYSTEM32\dhcpcsvc6.DLL
0x00007ffd88990000 - 0x00007ffd889b5000 	C:\WINDOWS\SYSTEM32\dhcpcsvc.DLL

JVMTI agents:
c:\Users\DELL\.vscode\extensions\redhat.java-1.54.0-win32-x64\lombok\lombok-1.18.39-4050.jar path:c:\Users\DELL\.vscode\extensions\redhat.java-1.54.0-win32-x64\jre\21.0.10-win32-x86_64\bin\instrument.dll, loaded, initialized, instrumentlib options:none

dbghelp: loaded successfully - version: 4.0.5 - missing functions: none
symbol engine: initialized successfully - sym options: 0x614 - pdb path: .;c:\Users\DELL\.vscode\extensions\redhat.java-1.54.0-win32-x64\jre\21.0.10-win32-x86_64\bin;C:\WINDOWS\SYSTEM32;C:\WINDOWS\WinSxS\amd64_microsoft.windows.common-controls_6595b64144ccf1df_6.0.26100.8521_none_3e08b75ce33403b3;c:\Users\DELL\.vscode\extensions\redhat.java-1.54.0-win32-x64\jre\21.0.10-win32-x86_64\bin\server;C:\Users\DELL\AppData\Roaming\Code\User\globalStorage\redhat.java\1.54.0\config_win\org.eclipse.equinox.launcher\org.eclipse.equinox.launcher.win32.win32.x86_64_1.3.0.v20260203-2149;C:\Users\DELL\AppData\Local\Temp\jna-2094529

VM Arguments:
jvm_args: --add-modules=ALL-SYSTEM --add-opens=java.base/java.util=ALL-UNNAMED --add-opens=java.base/java.lang=ALL-UNNAMED --add-opens=java.base/sun.nio.fs=ALL-UNNAMED -Declipse.application=org.eclipse.jdt.ls.core.id1 -Dosgi.bundles.defaultStartLevel=4 -Declipse.product=org.eclipse.jdt.ls.core.product -Djava.import.generatesMetadataFilesAtProjectRoot=false -DDetectVMInstallationsJob.disabled=true -Dfile.encoding=utf8 -XX:+UseParallelGC -XX:GCTimeRatio=4 -XX:AdaptiveSizePolicyWeight=90 -Dsun.zip.disableMemoryMapping=true -Xmx2G -Xms100m -Xlog:disable -javaagent:c:\Users\DELL\.vscode\extensions\redhat.java-1.54.0-win32-x64\lombok\lombok-1.18.39-4050.jar -XX:+HeapDumpOnOutOfMemoryError -XX:HeapDumpPath=c:\Users\DELL\AppData\Roaming\Code\User\workspaceStorage\ed950ca12d2dff36b27a4ad597b79735\redhat.java -Daether.dependencyCollector.impl=bf 
java_command: c:\Users\DELL\.vscode\extensions\redhat.java-1.54.0-win32-x64\server\plugins\org.eclipse.equinox.launcher_1.7.100.v20251111-0406.jar -configuration c:\Users\DELL\AppData\Roaming\Code\User\globalStorage\redhat.java\1.54.0\config_win -data c:\Users\DELL\AppData\Roaming\Code\User\workspaceStorage\ed950ca12d2dff36b27a4ad597b79735\redhat.java\jdt_ws --pipe=\\.\pipe\lsp-71c38cf61856ac519d694ede229bec46-sock
java_class_path (initial): c:\Users\DELL\.vscode\extensions\redhat.java-1.54.0-win32-x64\server\plugins\org.eclipse.equinox.launcher_1.7.100.v20251111-0406.jar
Launcher Type: SUN_STANDARD

[Global flags]
    uintx AdaptiveSizePolicyWeight                 = 90                                        {product} {command line}
     intx CICompilerCount                          = 4                                         {product} {ergonomic}
    uintx GCTimeRatio                              = 4                                         {product} {command line}
     bool HeapDumpOnOutOfMemoryError               = true                                   {manageable} {command line}
    ccstr HeapDumpPath                             = c:\Users\DELL\AppData\Roaming\Code\User\workspaceStorage\ed950ca12d2dff36b27a4ad597b79735\redhat.java         {manageable} {command line}
   size_t InitialHeapSize                          = 104857600                                 {product} {command line}
   size_t MaxHeapSize                              = 2147483648                                {product} {command line}
   size_t MaxNewSize                               = 715653120                                 {product} {ergonomic}
   size_t MinHeapDeltaBytes                        = 524288                                    {product} {ergonomic}
   size_t MinHeapSize                              = 104857600                                 {product} {command line}
   size_t NewSize                                  = 34603008                                  {product} {ergonomic}
    uintx NonNMethodCodeHeapSize                   = 5839372                                {pd product} {ergonomic}
    uintx NonProfiledCodeHeapSize                  = 122909434                              {pd product} {ergonomic}
   size_t OldSize                                  = 70254592                                  {product} {ergonomic}
    uintx ProfiledCodeHeapSize                     = 122909434                              {pd product} {ergonomic}
    uintx ReservedCodeCacheSize                    = 251658240                              {pd product} {ergonomic}
     bool SegmentedCodeCache                       = true                                      {product} {ergonomic}
   size_t SoftMaxHeapSize                          = 2147483648                             {manageable} {ergonomic}
     bool UseCompressedOops                        = true                           {product lp64_product} {ergonomic}
     bool UseLargePagesIndividualAllocation        = false                                  {pd product} {ergonomic}
     bool UseParallelGC                            = true                                      {product} {command line}

Logging:
Log output configuration:
 #0: stdout all=off uptime,level,tags foldmultilines=false
 #1: stderr all=off uptime,level,tags foldmultilines=false

Release file:
JAVA_VERSION="21.0.10" 
MODULES="java.base java.compiler java.datatransfer java.xml java.prefs java.desktop java.instrument java.logging java.management java.security.sasl java.naming java.rmi java.management.rmi java.net.http java.scripting java.security.jgss java.transaction.xa java.sql java.sql.rowset java.xml.crypto java.se java.smartcardio jdk.accessibility jdk.internal.jvmstat jdk.attach jdk.charsets jdk.internal.opt jdk.zipfs jdk.compiler jdk.crypto.ec jdk.crypto.cryptoki jdk.crypto.mscapi jdk.dynalink jdk.internal.ed jdk.editpad jdk.hotspot.agent jdk.httpserver jdk.internal.le jdk.internal.vm.ci jdk.internal.vm.compiler jdk.internal.vm.compiler.management jdk.jartool jdk.javadoc jdk.jcmd jdk.management jdk.management.agent jdk.jconsole jdk.jdeps jdk.jdwp.agent jdk.jdi jdk.jfr jdk.jshell jdk.jsobject jdk.jstatd jdk.localedata jdk.management.jfr jdk.naming.dns jdk.naming.rmi jdk.net jdk.nio.mapmode jdk.random jdk.sctp jdk.security.auth jdk.security.jgss jdk.unsupported jdk.unsupported.desktop jdk.xml.dom" 

Environment Variables:
JAVA_HOME=C:\Users\DELL\AppData\Local\Programs\Eclipse Adoptium\jdk-17.0.19.10-hotspot\
PATH=C:\app\DELL\product\21c\dbhomeXE\bin;C:\Program Files\Common Files\Oracle\Java\javapath;C:\Program Files (x86)\Common Files\Oracle\Java\javapath;C:\WINDOWS\system32;C:\WINDOWS;C:\WINDOWS\System32\Wbem;C:\WINDOWS\System32\WindowsPowerShell\v1.0\;C:\WINDOWS\System32\OpenSSH\;C:\Program Files\dotnet\;C:\Program Files\Java\jdk-17\bin;C:\Program Files\MATLAB\R2025b\bin;C:\Program Files\Git\cmd;C:\Program Files\nodejs\;C:\Users\DELL\AppData\Local\Programs\Eclipse Adoptium\jdk-17.0.19.10-hotspot\bin;C:\Users\DELL\AppData\Local\pnpm\bin;C:\Users\DELL\AppData\Local\Programs\Eclipse Adoptium\jdk-21.0.4.7-hotspot\bin;C:\Users\DELL\AppData\Local\Microsoft\WindowsApps;C:\Users\DELL\AppData\Local\Programs\Microsoft VS Code\bin;C:\Users\DELL\AppData\Roaming\npm;
USERNAME=DELL
OS=Windows_NT
PROCESSOR_IDENTIFIER=Intel64 Family 6 Model 142 Stepping 12, GenuineIntel
TMP=C:\Users\DELL\AppData\Local\Temp
TEMP=C:\Users\DELL\AppData\Local\Temp




Periodic native trim disabled

---------------  S Y S T E M  ---------------

OS:
 Windows 11 , 64 bit Build 26100 (10.0.26100.8521)
OS uptime: 0 days 2:39 hours

CPU: total 8 (initial active 8) (4 cores per cpu, 2 threads per core) family 6 model 142 stepping 12 microcode 0xde, cx8, cmov, fxsr, ht, mmx, 3dnowpref, sse, sse2, sse3, ssse3, sse4.1, sse4.2, popcnt, lzcnt, tsc, tscinvbit, avx, avx2, aes, erms, clmul, bmi1, bmi2, adx, fma, vzeroupper, clflush, clflushopt, rdtscp, f16c
Processor Information for the first 8 processors :
  Max Mhz: 2112, Current Mhz: 1609, Mhz Limit: 1605

Memory: 4k page, system-wide physical 7976M (601M free)
TotalPageFile size 12072M (AvailPageFile size 8M)
current process WorkingSet (physical memory assigned to process): 183M, peak: 184M
current process commit charge ("private bytes"): 302M, peak: 308M

vm_info: OpenJDK 64-Bit Server VM (21.0.10+7-LTS) for windows-amd64 JRE (21.0.10+7-LTS), built on 2026-01-20T00:00:00Z by "admin" with MS VC++ 17.12 (VS2022)

END.
