#
# There is insufficient memory for the Java Runtime Environment to continue.
# Native memory allocation (malloc) failed to allocate 2242960 bytes. Error detail: Chunk::new
# Possible reasons:
#   The system is out of physical RAM or swap space
#   This process is running with CompressedOops enabled, and the Java Heap may be blocking the growth of the native heap
# Possible solutions:
#   Reduce memory load on the system
#   Increase physical memory or swap space
#   Check if swap backing store is full
#   Decrease Java heap size (-Xmx/-Xms)
#   Decrease number of Java threads
#   Decrease Java thread stack sizes (-Xss)
#   Set larger code cache with -XX:ReservedCodeCacheSize=
#   JVM is running with Unscaled Compressed Oops mode in which the Java heap is
#     placed in the first 4GB address space. The Java Heap base address is the
#     maximum limit for the native heap growth. Please use -XX:HeapBaseMinAddress
#     to set the Java Heap base and to place the Java Heap above 4GB virtual address.
# This output file may be truncated or incomplete.
#
#  Out of Memory Error (arena.cpp:168), pid=11424, tid=5452
#
# JRE version: OpenJDK Runtime Environment Temurin-21.0.10+7 (21.0.10+7) (build 21.0.10+7-LTS)
# Java VM: OpenJDK 64-Bit Server VM Temurin-21.0.10+7 (21.0.10+7-LTS, mixed mode, sharing, tiered, compressed oops, compressed class ptrs, parallel gc, windows-amd64)
# No core dump will be written. Minidumps are not enabled by default on client versions of Windows
#

---------------  S U M M A R Y ------------

Command Line: --add-modules=ALL-SYSTEM --add-opens=java.base/java.util=ALL-UNNAMED --add-opens=java.base/java.lang=ALL-UNNAMED --add-opens=java.base/sun.nio.fs=ALL-UNNAMED -Declipse.application=org.eclipse.jdt.ls.core.id1 -Dosgi.bundles.defaultStartLevel=4 -Declipse.product=org.eclipse.jdt.ls.core.product -Djava.import.generatesMetadataFilesAtProjectRoot=false -DDetectVMInstallationsJob.disabled=true -Dfile.encoding=utf8 -XX:+UseParallelGC -XX:GCTimeRatio=4 -XX:AdaptiveSizePolicyWeight=90 -Dsun.zip.disableMemoryMapping=true -Xmx2G -Xms100m -Xlog:disable -javaagent:c:\Users\DELL\.vscode\extensions\redhat.java-1.54.0-win32-x64\lombok\lombok-1.18.39-4050.jar -XX:+HeapDumpOnOutOfMemoryError -XX:HeapDumpPath=c:\Users\DELL\AppData\Roaming\Code\User\workspaceStorage\ed950ca12d2dff36b27a4ad597b79735\redhat.java -Daether.dependencyCollector.impl=bf c:\Users\DELL\.vscode\extensions\redhat.java-1.54.0-win32-x64\server\plugins\org.eclipse.equinox.launcher_1.7.100.v20251111-0406.jar -configuration c:\Users\DELL\AppData\Roaming\Code\User\globalStorage\redhat.java\1.54.0\config_win -data c:\Users\DELL\AppData\Roaming\Code\User\workspaceStorage\ed950ca12d2dff36b27a4ad597b79735\redhat.java\jdt_ws --pipe=\\.\pipe\lsp-8ad5bc32213548ead427aeb217796d9a-sock

Host: Intel(R) Core(TM) i5-10210U CPU @ 1.60GHz, 8 cores, 7G,  Windows 11 , 64 bit Build 26100 (10.0.26100.8521)
Time: Sun Jun 14 17:12:51 2026 Hora est. Pac璗ico, Sudam廨ica elapsed time: 24.334361 seconds (0d 0h 0m 24s)

---------------  T H R E A D  ---------------

Current thread (0x0000027792b30dc0):  JavaThread "C2 CompilerThread0" daemon [_thread_in_native, id=5452, stack(0x000000a0b9600000,0x000000a0b9700000) (1024K)]


Current CompileTask:
C2:24334 8662   !   4       org.eclipse.jdt.internal.core.search.indexing.BinaryIndexer::indexDocument (1172 bytes)

Stack: [0x000000a0b9600000,0x000000a0b9700000]
Native frames: (J=compiled Java code, j=interpreted, Vv=VM code, C=native code)
V  [jvm.dll+0x6d7a39]
V  [jvm.dll+0x8b4b26]
V  [jvm.dll+0x8b70de]
V  [jvm.dll+0x8b77c3]
V  [jvm.dll+0x284346]
V  [jvm.dll+0xc66ed]
V  [jvm.dll+0xc6c31]
V  [jvm.dll+0x3bec3b]
V  [jvm.dll+0x1e3f69]
V  [jvm.dll+0x24c6b3]
V  [jvm.dll+0x24bb40]
V  [jvm.dll+0x1cb34e]
V  [jvm.dll+0x25b85d]
V  [jvm.dll+0x259dea]
V  [jvm.dll+0x3f857e]
V  [jvm.dll+0x85f59d]
V  [jvm.dll+0x6d626d]
C  [ucrtbase.dll+0x2cd30]
C  [KERNEL32.DLL+0x2e957]
C  [ntdll.dll+0x87c1c]


---------------  P R O C E S S  ---------------

Threads class SMR info:
_java_thread_list=0x00000277f38f6ae0, length=74, elements={
0x0000027792b9f050, 0x0000027792b083a0, 0x0000027792b08f00, 0x0000027792b13810,
0x0000027792b144f0, 0x0000027792b1bcf0, 0x0000027792b22bf0, 0x0000027792b30dc0,
0x0000027792b325d0, 0x0000027792b22560, 0x0000027792b211b0, 0x0000027792b24630,
0x0000027792b23280, 0x0000027792b23910, 0x0000027792b21840, 0x0000027792b23fa0,
0x0000027792b21ed0, 0x00000277f12a1cd0, 0x00000277f12a2360, 0x00000277f129eee0,
0x00000277f129f570, 0x00000277f129fc00, 0x00000277f12a0920, 0x00000277f12a0fb0,
0x00000277f3065840, 0x00000277f3064490, 0x00000277f3063e00, 0x00000277f30651b0,
0x00000277f3064b20, 0x00000277f3065ed0, 0x00000277f3066560, 0x00000277f3066bf0,
0x00000277f3063770, 0x00000277f3067280, 0x00000277f3068cc0, 0x00000277f3068630,
0x00000277f3069350, 0x00000277f306ad90, 0x00000277f3067910, 0x00000277f3067fa0,
0x00000277f30699e0, 0x00000277f306a700, 0x00000277f385f180, 0x00000277f3860bc0,
0x00000277f385f810, 0x00000277f385eaf0, 0x00000277f385ddd0, 0x00000277f3863320,
0x00000277f385fea0, 0x00000277f3860530, 0x00000277f3861f70, 0x00000277f3861250,
0x00000277f38646d0, 0x00000277f38639b0, 0x00000277f3864040, 0x00000277f38618e0,
0x00000277f38653f0, 0x00000277f3862c90, 0x00000277f12a1640, 0x00000277fdf9a410,
0x00000277fdf96f90, 0x00000277fdf9aaa0, 0x00000277f233ad50, 0x00000277f2c1d2b0,
0x00000277fdf97620, 0x00000277fdf9b130, 0x00000277fdf97cb0, 0x00000277fdf989d0,
0x00000277fdf99060, 0x00000277fdf98340, 0x00000277fdf9e5b0, 0x00000277fdf9be50,
0x00000277fdf9c4e0, 0x00000277fdf9d200
}

Java Threads: ( => current thread )
  0x0000027792b9f050 JavaThread "main"                              [_thread_blocked, id=5760, stack(0x000000a0b8c00000,0x000000a0b8d00000) (1024K)]
  0x0000027792b083a0 JavaThread "Reference Handler"          daemon [_thread_blocked, id=1288, stack(0x000000a0b9000000,0x000000a0b9100000) (1024K)]
  0x0000027792b08f00 JavaThread "Finalizer"                  daemon [_thread_blocked, id=15348, stack(0x000000a0b9100000,0x000000a0b9200000) (1024K)]
  0x0000027792b13810 JavaThread "Signal Dispatcher"          daemon [_thread_blocked, id=11080, stack(0x000000a0b9200000,0x000000a0b9300000) (1024K)]
  0x0000027792b144f0 JavaThread "Attach Listener"            daemon [_thread_blocked, id=17428, stack(0x000000a0b9300000,0x000000a0b9400000) (1024K)]
  0x0000027792b1bcf0 JavaThread "Service Thread"             daemon [_thread_blocked, id=18160, stack(0x000000a0b9400000,0x000000a0b9500000) (1024K)]
  0x0000027792b22bf0 JavaThread "Monitor Deflation Thread"   daemon [_thread_blocked, id=9128, stack(0x000000a0b9500000,0x000000a0b9600000) (1024K)]
=>0x0000027792b30dc0 JavaThread "C2 CompilerThread0"         daemon [_thread_in_native, id=5452, stack(0x000000a0b9600000,0x000000a0b9700000) (1024K)]
  0x0000027792b325d0 JavaThread "C1 CompilerThread0"         daemon [_thread_blocked, id=2420, stack(0x000000a0b9700000,0x000000a0b9800000) (1024K)]
  0x0000027792b22560 JavaThread "Common-Cleaner"             daemon [_thread_blocked, id=17344, stack(0x000000a0b9800000,0x000000a0b9900000) (1024K)]
  0x0000027792b211b0 JavaThread "Notification Thread"        daemon [_thread_blocked, id=10928, stack(0x000000a0b9a00000,0x000000a0b9b00000) (1024K)]
  0x0000027792b24630 JavaThread "Active Thread: Equinox Container: 55310236-7a9f-4b2f-84db-f2f69d33a28a"        [_thread_blocked, id=10108, stack(0x000000a0ba200000,0x000000a0ba300000) (1024K)]
  0x0000027792b23280 JavaThread "Refresh Thread: Equinox Container: 55310236-7a9f-4b2f-84db-f2f69d33a28a" daemon [_thread_blocked, id=9620, stack(0x000000a0ba400000,0x000000a0ba500000) (1024K)]
  0x0000027792b23910 JavaThread "Framework Event Dispatcher: Equinox Container: 55310236-7a9f-4b2f-84db-f2f69d33a28a" daemon [_thread_blocked, id=10848, stack(0x000000a0ba500000,0x000000a0ba600000) (1024K)]
  0x0000027792b21840 JavaThread "Start Level: Equinox Container: 55310236-7a9f-4b2f-84db-f2f69d33a28a" daemon [_thread_blocked, id=4148, stack(0x000000a0ba600000,0x000000a0ba700000) (1024K)]
  0x0000027792b23fa0 JavaThread "Bundle File Closer"         daemon [_thread_blocked, id=11360, stack(0x000000a0ba700000,0x000000a0ba800000) (1024K)]
  0x0000027792b21ed0 JavaThread "SCR Component Actor"        daemon [_thread_blocked, id=9812, stack(0x000000a0b9900000,0x000000a0b9a00000) (1024K)]
  0x00000277f12a1cd0 JavaThread "Worker-JM"                         [_thread_blocked, id=2816, stack(0x000000a0ba800000,0x000000a0ba900000) (1024K)]
  0x00000277f12a2360 JavaThread "JNA Cleaner"                daemon [_thread_blocked, id=16928, stack(0x000000a0ba900000,0x000000a0baa00000) (1024K)]
  0x00000277f129eee0 JavaThread "Worker-0: Java indexing... "        [_thread_blocked, id=6208, stack(0x000000a0baa00000,0x000000a0bab00000) (1024K)]
  0x00000277f129f570 JavaThread "Worker-1"                          [_thread_blocked, id=16628, stack(0x000000a0bab00000,0x000000a0bac00000) (1024K)]
  0x00000277f129fc00 JavaThread "Worker-2: Initialize Workspace"        [_thread_blocked, id=11292, stack(0x000000a0bac00000,0x000000a0bad00000) (1024K)]
  0x00000277f12a0920 JavaThread "Java indexing"              daemon [_thread_blocked, id=8912, stack(0x000000a0bad00000,0x000000a0bae00000) (1024K)]
  0x00000277f12a0fb0 JavaThread "Worker-3"                          [_thread_blocked, id=11892, stack(0x000000a0bae00000,0x000000a0baf00000) (1024K)]
  0x00000277f3065840 JavaThread "Worker-4"                          [_thread_blocked, id=13432, stack(0x000000a0baf00000,0x000000a0bb000000) (1024K)]
  0x00000277f3064490 JavaThread "Worker-5"                          [_thread_blocked, id=3056, stack(0x000000a0bb300000,0x000000a0bb400000) (1024K)]
  0x00000277f3063e00 JavaThread "Worker-6"                          [_thread_blocked, id=15144, stack(0x000000a0bb400000,0x000000a0bb500000) (1024K)]
  0x00000277f30651b0 JavaThread "Worker-7"                          [_thread_blocked, id=18592, stack(0x000000a0bb500000,0x000000a0bb600000) (1024K)]
  0x00000277f3064b20 JavaThread "Thread-1"                   daemon [_thread_in_native, id=2644, stack(0x000000a0bb600000,0x000000a0bb700000) (1024K)]
  0x00000277f3065ed0 JavaThread "Thread-2"                   daemon [_thread_in_native, id=10208, stack(0x000000a0bb700000,0x000000a0bb800000) (1024K)]
  0x00000277f3066560 JavaThread "Thread-3"                   daemon [_thread_in_native, id=3052, stack(0x000000a0bb800000,0x000000a0bb900000) (1024K)]
  0x00000277f3066bf0 JavaThread "Thread-4"                   daemon [_thread_in_native, id=13404, stack(0x000000a0bb900000,0x000000a0bba00000) (1024K)]
  0x00000277f3063770 JavaThread "Thread-5"                   daemon [_thread_in_native, id=11992, stack(0x000000a0bba00000,0x000000a0bbb00000) (1024K)]
  0x00000277f3067280 JavaThread "Thread-6"                   daemon [_thread_in_native, id=16364, stack(0x000000a0bbb00000,0x000000a0bbc00000) (1024K)]
  0x00000277f3068cc0 JavaThread "Thread-7"                   daemon [_thread_in_native, id=11340, stack(0x000000a0bbc00000,0x000000a0bbd00000) (1024K)]
  0x00000277f3068630 JavaThread "Thread-8"                   daemon [_thread_in_native, id=660, stack(0x000000a0bbd00000,0x000000a0bbe00000) (1024K)]
  0x00000277f3069350 JavaThread "Thread-9"                   daemon [_thread_in_native, id=15356, stack(0x000000a0bbe00000,0x000000a0bbf00000) (1024K)]
  0x00000277f306ad90 JavaThread "pool-2-thread-1"                   [_thread_blocked, id=9552, stack(0x000000a0bbf00000,0x000000a0bc000000) (1024K)]
  0x00000277f3067910 JavaThread "Worker-8"                          [_thread_blocked, id=2116, stack(0x000000a0bc000000,0x000000a0bc100000) (1024K)]
  0x00000277f3067fa0 JavaThread "Timer-0"                           [_thread_blocked, id=6412, stack(0x000000a0bc100000,0x000000a0bc200000) (1024K)]
  0x00000277f30699e0 JavaThread "Timer-1"                           [_thread_blocked, id=2912, stack(0x000000a0bc200000,0x000000a0bc300000) (1024K)]
  0x00000277f306a700 JavaThread "WorkspaceEventsHandler"            [_thread_blocked, id=12196, stack(0x000000a0bc400000,0x000000a0bc500000) (1024K)]
  0x00000277f385f180 JavaThread "pool-1-thread-1"                   [_thread_blocked, id=9948, stack(0x000000a0bc500000,0x000000a0bc600000) (1024K)]
  0x00000277f3860bc0 JavaThread "LocalFile Deleter"          daemon [_thread_blocked, id=9368, stack(0x000000a0bc600000,0x000000a0bc700000) (1024K)]
  0x00000277f385f810 JavaThread "LocalFile Deleter"          daemon [_thread_blocked, id=7632, stack(0x000000a0bc700000,0x000000a0bc800000) (1024K)]
  0x00000277f385eaf0 JavaThread "LocalFile Deleter"          daemon [_thread_blocked, id=4308, stack(0x000000a0bc800000,0x000000a0bc900000) (1024K)]
  0x00000277f385ddd0 JavaThread "LocalFile Deleter"          daemon [_thread_blocked, id=2120, stack(0x000000a0bc900000,0x000000a0bca00000) (1024K)]
  0x00000277f3863320 JavaThread "LocalFile Deleter"          daemon [_thread_blocked, id=16512, stack(0x000000a0bca00000,0x000000a0bcb00000) (1024K)]
  0x00000277f385fea0 JavaThread "LocalFile Deleter"          daemon [_thread_blocked, id=13840, stack(0x000000a0bcb00000,0x000000a0bcc00000) (1024K)]
  0x00000277f3860530 JavaThread "Compiler Source File Reader" daemon [_thread_blocked, id=6852, stack(0x000000a0bcc00000,0x000000a0bcd00000) (1024K)]
  0x00000277f3861f70 JavaThread "Compiler Source File Reader" daemon [_thread_blocked, id=11032, stack(0x000000a0bcd00000,0x000000a0bce00000) (1024K)]
  0x00000277f3861250 JavaThread "Timer-2"                           [_thread_blocked, id=18860, stack(0x000000a0bc300000,0x000000a0bc400000) (1024K)]
  0x00000277f38646d0 JavaThread "Compiler Processing Task"   daemon [_thread_blocked, id=5460, stack(0x000000a0bce00000,0x000000a0bcf00000) (1024K)]
  0x00000277f38639b0 JavaThread "Compiler Class File Writer" daemon [_thread_blocked, id=8468, stack(0x000000a0bcf00000,0x000000a0bd000000) (1024K)]
  0x00000277f3864040 JavaThread "Compiler Class File Writer" daemon [_thread_blocked, id=2668, stack(0x000000a0bd000000,0x000000a0bd100000) (1024K)]
  0x00000277f38618e0 JavaThread "Compiler Source File Reader" daemon [_thread_blocked, id=17872, stack(0x000000a0bd100000,0x000000a0bd200000) (1024K)]
  0x00000277f38653f0 JavaThread "Compiler Class File Writer" daemon [_thread_blocked, id=9604, stack(0x000000a0bd200000,0x000000a0bd300000) (1024K)]
  0x00000277f3862c90 JavaThread "Timer-3"                           [_thread_blocked, id=10684, stack(0x000000a0bd300000,0x000000a0bd400000) (1024K)]
  0x00000277f12a1640 JavaThread "Timer-4"                           [_thread_blocked, id=18936, stack(0x000000a0bd500000,0x000000a0bd600000) (1024K)]
  0x00000277fdf9a410 JavaThread "Exec process"                      [_thread_blocked, id=9288, stack(0x000000a0bd700000,0x000000a0bd800000) (1024K)]
  0x00000277fdf96f90 JavaThread "Exec process Thread 2"             [_thread_blocked, id=14328, stack(0x000000a0bd800000,0x000000a0bd900000) (1024K)]
  0x00000277fdf9aaa0 JavaThread "Exec process Thread 3"             [_thread_blocked, id=17560, stack(0x000000a0bd900000,0x000000a0bda00000) (1024K)]
  0x00000277f233ad50 JavaThread "C2 CompilerThread1"         daemon [_thread_blocked, id=13764, stack(0x000000a0b9b00000,0x000000a0b9c00000) (1024K)]
  0x00000277f2c1d2b0 JavaThread "C2 CompilerThread2"         daemon [_thread_blocked, id=5040, stack(0x000000a0bb000000,0x000000a0bb100000) (1024K)]
  0x00000277fdf97620 JavaThread "ProjectImportProgressReporter" daemon [_thread_blocked, id=7544, stack(0x000000a0bd400000,0x000000a0bd500000) (1024K)]
  0x00000277fdf9b130 JavaThread "Timer-5"                           [_thread_blocked, id=3776, stack(0x000000a0bd600000,0x000000a0bd700000) (1024K)]
  0x00000277fdf97cb0 JavaThread "Timer-6"                           [_thread_blocked, id=8144, stack(0x000000a0bda00000,0x000000a0bdb00000) (1024K)]
  0x00000277fdf989d0 JavaThread "Timer-7"                           [_thread_blocked, id=3948, stack(0x000000a0bdb00000,0x000000a0bdc00000) (1024K)]
  0x00000277fdf99060 JavaThread "Timer-8"                           [_thread_blocked, id=10624, stack(0x000000a0bdc00000,0x000000a0bdd00000) (1024K)]
  0x00000277fdf98340 JavaThread "Timer-9"                           [_thread_blocked, id=3404, stack(0x000000a0bde00000,0x000000a0bdf00000) (1024K)]
  0x00000277fdf9e5b0 JavaThread "Connection worker"                 [_thread_blocked, id=12484, stack(0x000000a0bdd00000,0x000000a0bde00000) (1024K)]
  0x00000277fdf9be50 JavaThread "pool-4-thread-1"                   [_thread_blocked, id=3232, stack(0x000000a0bdf00000,0x000000a0be000000) (1024K)]
  0x00000277fdf9c4e0 JavaThread "Exec process"                      [_thread_blocked, id=15164, stack(0x000000a0be000000,0x000000a0be100000) (1024K)]
  0x00000277fdf9d200 JavaThread "Exec process Thread 2"             [_thread_blocked, id=16180, stack(0x000000a0be200000,0x000000a0be300000) (1024K)]
Total: 74

Other Threads:
  0x0000027792c346d0 VMThread "VM Thread"                           [id=6416, stack(0x000000a0b8f00000,0x000000a0b9000000) (1024K)]
  0x0000027792a1ca00 WatcherThread "VM Periodic Task Thread"        [id=5072, stack(0x000000a0b8e00000,0x000000a0b8f00000) (1024K)]
  0x0000027792bb7410 WorkerThread "GC Thread#0"                     [id=15284, stack(0x000000a0b8d00000,0x000000a0b8e00000) (1024K)]
  0x00000277f062e840 WorkerThread "GC Thread#1"                     [id=18120, stack(0x000000a0b9c00000,0x000000a0b9d00000) (1024K)]
  0x00000277f0ce68b0 WorkerThread "GC Thread#2"                     [id=18196, stack(0x000000a0b9d00000,0x000000a0b9e00000) (1024K)]
  0x00000277f09ef9c0 WorkerThread "GC Thread#3"                     [id=10200, stack(0x000000a0b9e00000,0x000000a0b9f00000) (1024K)]
  0x00000277f09efd70 WorkerThread "GC Thread#4"                     [id=13216, stack(0x000000a0b9f00000,0x000000a0ba000000) (1024K)]
  0x00000277f05b0310 WorkerThread "GC Thread#5"                     [id=12604, stack(0x000000a0ba000000,0x000000a0ba100000) (1024K)]
  0x00000277f05b06c0 WorkerThread "GC Thread#6"                     [id=4696, stack(0x000000a0ba100000,0x000000a0ba200000) (1024K)]
  0x00000277f0b38aa0 WorkerThread "GC Thread#7"                     [id=3648, stack(0x000000a0ba300000,0x000000a0ba400000) (1024K)]
Total: 10

Threads with active compile tasks:
C2 CompilerThread0  24353 8662   !   4       org.eclipse.jdt.internal.core.search.indexing.BinaryIndexer::indexDocument (1172 bytes)
Total: 1

VM state: at safepoint (normal execution)

VM Mutex/Monitor currently owned by a thread:  ([mutex/lock_event])
[0x00007ffb7fb1e560] Threads_lock - owner thread: 0x0000027792c346d0
[0x00007ffb7fb1e660] Heap_lock - owner thread: 0x00000277f12a0920

Heap address: 0x0000000080000000, size: 2048 MB, Compressed Oops mode: 32-bit

CDS archive(s) mapped at: [0x00000277aa000000-0x00000277aaba0000-0x00000277aaba0000), size 12189696, SharedBaseAddress: 0x00000277aa000000, ArchiveRelocationMode: 1.
Compressed class space mapped at: 0x00000277ab000000-0x00000277eb000000, reserved size: 1073741824
Narrow klass base: 0x00000277aa000000, Narrow klass shift: 0, Narrow klass range: 0x100000000

GC Precious Log:
 CardTable entry size: 512
 CPUs: 8 total, 8 available
 Memory: 7976M
 Large Page Support: Disabled
 NUMA Support: Disabled
 Compressed Oops: Enabled (32-bit)
 Alignments: Space 512K, Generation 512K, Heap 2M
 Heap Min Capacity: 100M
 Heap Initial Capacity: 100M
 Heap Max Capacity: 2G
 Pre-touch: Disabled
 Parallel Workers: 8

Heap:
 PSYoungGen      total 11264K, used 5619K [0x00000000d5580000, 0x00000000d6600000, 0x0000000100000000)
  eden space 5632K, 0% used [0x00000000d5580000,0x00000000d5580000,0x00000000d5b00000)
  from space 5632K, 99% used [0x00000000d5b00000,0x00000000d607cf18,0x00000000d6080000)
  to   space 5120K, 0% used [0x00000000d6100000,0x00000000d6100000,0x00000000d6600000)
 ParOldGen       total 359936K, used 359695K [0x0000000080000000, 0x0000000095f80000, 0x00000000d5580000)
  object space 359936K, 99% used [0x0000000080000000,0x0000000095f43d40,0x0000000095f80000)
 Metaspace       used 71235K, committed 72640K, reserved 1114112K
  class space    used 8748K, committed 9344K, reserved 1048576K

Card table byte_map: [0x0000027792530000,0x0000027792940000] _byte_map_base: 0x0000027792130000

Marking Bits: (ParMarkBitMap*) 0x00007ffb7fb23450
 Begin Bits: [0x00000277a5040000, 0x00000277a7040000)
 End Bits:   [0x00000277a7040000, 0x00000277a9040000)

Polling page: 0x00000277908b0000

Metaspace:

Usage:
  Non-class:     61.02 MB used.
      Class:      8.54 MB used.
       Both:     69.57 MB used.

Virtual space:
  Non-class space:       64.00 MB reserved,      61.81 MB ( 97%) committed,  1 nodes.
      Class space:        1.00 GB reserved,       9.12 MB ( <1%) committed,  1 nodes.
             Both:        1.06 GB reserved,      70.94 MB (  7%) committed. 

Chunk freelists:
   Non-Class:  1.91 MB
       Class:  6.82 MB
        Both:  8.73 MB

MaxMetaspaceSize: unlimited
CompressedClassSpaceSize: 1.00 GB
Initial GC threshold: 21.00 MB
Current GC threshold: 97.31 MB
CDS: on
 - commit_granule_bytes: 65536.
 - commit_granule_words: 8192.
 - virtual_space_node_default_size: 8388608.
 - enlarge_chunks_in_place: 1.
 - use_allocation_guard: 0.


Internal statistics:

num_allocs_failed_limit: 9.
num_arena_births: 1192.
num_arena_deaths: 14.
num_vsnodes_births: 2.
num_vsnodes_deaths: 0.
num_space_committed: 1135.
num_space_uncommitted: 0.
num_chunks_returned_to_freelist: 23.
num_chunks_taken_from_freelist: 4592.
num_chunk_merges: 10.
num_chunk_splits: 2783.
num_chunks_enlarged: 1477.
num_inconsistent_stats: 0.

CodeHeap 'non-profiled nmethods': size=120000Kb used=6234Kb max_used=6234Kb free=113765Kb
 bounds [0x000002779d860000, 0x000002779de80000, 0x00000277a4d90000]
CodeHeap 'profiled nmethods': size=120000Kb used=17037Kb max_used=17037Kb free=102962Kb
 bounds [0x0000027795d90000, 0x0000027796e40000, 0x000002779d2c0000]
CodeHeap 'non-nmethods': size=5760Kb used=1432Kb max_used=1538Kb free=4327Kb
 bounds [0x000002779d2c0000, 0x000002779d530000, 0x000002779d860000]
CodeCache: size=245760Kb, used=24703Kb, max_used=24809Kb, free=221054Kb
 total_blobs=8947, nmethods=8197, adapters=656, full_count=0
Compilation: enabled, stopped_count=0, restarted_count=0

Compilation events (20 events):
Event: 23.086 Thread 0x00000277f2c1d2b0 nmethod 8790 0x000002779de73d10 code [0x000002779de73ea0, 0x000002779de73f80]
Event: 23.090 Thread 0x00000277f233ad50 nmethod 8862 0x000002779de74010 code [0x000002779de742a0, 0x000002779de752e0]
Event: 23.162 Thread 0x0000027792b325d0 8950       1       sun.nio.ch.Iocp$CompletionStatus::completionKey (5 bytes)
Event: 23.162 Thread 0x0000027792b325d0 nmethod 8950 0x000002779de75990 code [0x000002779de75b20, 0x000002779de75be8]
Event: 23.165 Thread 0x0000027792b325d0 8951   !   3       java.io.BufferedInputStream::read (69 bytes)
Event: 23.166 Thread 0x0000027792b325d0 nmethod 8951 0x0000027796e30b10 code [0x0000027796e30da0, 0x0000027796e319e0]
Event: 23.179 Thread 0x00000277f233ad50 8952       4       java.lang.String::indexOf (101 bytes)
Event: 23.182 Thread 0x00000277f233ad50 nmethod 8952 0x000002779de75c90 code [0x000002779de75e40, 0x000002779de761e8]
Event: 23.182 Thread 0x0000027792b325d0 8953       3       org.gradle.internal.stream.EncodedStream::access$000 (4 bytes)
Event: 23.182 Thread 0x0000027792b325d0 nmethod 8953 0x0000027796e31e90 code [0x0000027796e32020, 0x0000027796e32118]
Event: 23.182 Thread 0x0000027792b325d0 8954       3       org.gradle.internal.io.StreamByteBuffer$StreamByteBufferOutputStream::write (22 bytes)
Event: 23.183 Thread 0x0000027792b325d0 nmethod 8954 0x0000027796e32190 code [0x0000027796e32360, 0x0000027796e32528]
Event: 23.183 Thread 0x0000027792b325d0 8955       3       org.gradle.internal.io.StreamByteBuffer$StreamByteBufferChunk::write (32 bytes)
Event: 23.183 Thread 0x0000027792b325d0 nmethod 8955 0x0000027796e32690 code [0x0000027796e32840, 0x0000027796e329e8]
Event: 23.184 Thread 0x0000027792b325d0 8956       3       java.lang.Character::isSpaceChar (5 bytes)
Event: 23.184 Thread 0x00000277f2c1d2b0 8958       4       java.lang.Character::isLetterOrDigit (5 bytes)
Event: 23.184 Thread 0x0000027792b325d0 nmethod 8956 0x0000027796e32b10 code [0x0000027796e32ce0, 0x0000027796e32ff0]
Event: 23.184 Thread 0x0000027792b325d0 8957       3       java.lang.Character::isSpaceChar (19 bytes)
Event: 23.184 Thread 0x0000027792b325d0 nmethod 8957 0x0000027796e33110 code [0x0000027796e332e0, 0x0000027796e33588]
Event: 23.186 Thread 0x00000277f2c1d2b0 nmethod 8958 0x000002779de76410 code [0x000002779de765c0, 0x000002779de76728]

GC Heap History (20 events):
Event: 22.580 GC heap after
{Heap after GC invocations=492 (full 3):
 PSYoungGen      total 7168K, used 2034K [0x00000000d5580000, 0x00000000d6080000, 0x0000000100000000)
  eden space 5120K, 0% used [0x00000000d5580000,0x00000000d5580000,0x00000000d5a80000)
  from space 2048K, 99% used [0x00000000d5a80000,0x00000000d5c7cbc0,0x00000000d5c80000)
  to   space 2560K, 0% used [0x00000000d5e00000,0x00000000d5e00000,0x00000000d6080000)
 ParOldGen       total 332800K, used 332629K [0x0000000080000000, 0x0000000094500000, 0x00000000d5580000)
  object space 332800K, 99% used [0x0000000080000000,0x00000000944d5448,0x0000000094500000)
 Metaspace       used 70687K, committed 72064K, reserved 1114112K
  class space    used 8714K, committed 9344K, reserved 1048576K
}
Event: 22.584 GC heap before
{Heap before GC invocations=493 (full 3):
 PSYoungGen      total 7168K, used 7132K [0x00000000d5580000, 0x00000000d6080000, 0x0000000100000000)
  eden space 5120K, 99% used [0x00000000d5580000,0x00000000d5a7a798,0x00000000d5a80000)
  from space 2048K, 99% used [0x00000000d5a80000,0x00000000d5c7cbc0,0x00000000d5c80000)
  to   space 2560K, 0% used [0x00000000d5e00000,0x00000000d5e00000,0x00000000d6080000)
 ParOldGen       total 332800K, used 332629K [0x0000000080000000, 0x0000000094500000, 0x00000000d5580000)
  object space 332800K, 99% used [0x0000000080000000,0x00000000944d5448,0x0000000094500000)
 Metaspace       used 70708K, committed 72064K, reserved 1114112K
  class space    used 8717K, committed 9344K, reserved 1048576K
}
Event: 22.586 GC heap after
{Heap after GC invocations=493 (full 3):
 PSYoungGen      total 8704K, used 2162K [0x00000000d5580000, 0x00000000d6080000, 0x0000000100000000)
  eden space 6144K, 0% used [0x00000000d5580000,0x00000000d5580000,0x00000000d5b80000)
  from space 2560K, 84% used [0x00000000d5e00000,0x00000000d601cb50,0x00000000d6080000)
  to   space 2560K, 0% used [0x00000000d5b80000,0x00000000d5b80000,0x00000000d5e00000)
 ParOldGen       total 334848K, used 334533K [0x0000000080000000, 0x0000000094700000, 0x00000000d5580000)
  object space 334848K, 99% used [0x0000000080000000,0x00000000946b1618,0x0000000094700000)
 Metaspace       used 70708K, committed 72064K, reserved 1114112K
  class space    used 8717K, committed 9344K, reserved 1048576K
}
Event: 22.590 GC heap before
{Heap before GC invocations=494 (full 3):
 PSYoungGen      total 8704K, used 8306K [0x00000000d5580000, 0x00000000d6080000, 0x0000000100000000)
  eden space 6144K, 100% used [0x00000000d5580000,0x00000000d5b80000,0x00000000d5b80000)
  from space 2560K, 84% used [0x00000000d5e00000,0x00000000d601cb50,0x00000000d6080000)
  to   space 2560K, 0% used [0x00000000d5b80000,0x00000000d5b80000,0x00000000d5e00000)
 ParOldGen       total 334848K, used 334533K [0x0000000080000000, 0x0000000094700000, 0x00000000d5580000)
  object space 334848K, 99% used [0x0000000080000000,0x00000000946b1618,0x0000000094700000)
 Metaspace       used 70723K, committed 72128K, reserved 1114112K
  class space    used 8717K, committed 9344K, reserved 1048576K
}
Event: 22.592 GC heap after
{Heap after GC invocations=494 (full 3):
 PSYoungGen      total 8704K, used 2516K [0x00000000d5580000, 0x00000000d6300000, 0x0000000100000000)
  eden space 6144K, 0% used [0x00000000d5580000,0x00000000d5580000,0x00000000d5b80000)
  from space 2560K, 98% used [0x00000000d5b80000,0x00000000d5df5300,0x00000000d5e00000)
  to   space 3072K, 0% used [0x00000000d6000000,0x00000000d6000000,0x00000000d6300000)
 ParOldGen       total 336896K, used 336709K [0x0000000080000000, 0x0000000094900000, 0x00000000d5580000)
  object space 336896K, 99% used [0x0000000080000000,0x00000000948d1798,0x0000000094900000)
 Metaspace       used 70723K, committed 72128K, reserved 1114112K
  class space    used 8717K, committed 9344K, reserved 1048576K
}
Event: 22.597 GC heap before
{Heap before GC invocations=495 (full 3):
 PSYoungGen      total 8704K, used 8660K [0x00000000d5580000, 0x00000000d6300000, 0x0000000100000000)
  eden space 6144K, 100% used [0x00000000d5580000,0x00000000d5b80000,0x00000000d5b80000)
  from space 2560K, 98% used [0x00000000d5b80000,0x00000000d5df5300,0x00000000d5e00000)
  to   space 3072K, 0% used [0x00000000d6000000,0x00000000d6000000,0x00000000d6300000)
 ParOldGen       total 336896K, used 336709K [0x0000000080000000, 0x0000000094900000, 0x00000000d5580000)
  object space 336896K, 99% used [0x0000000080000000,0x00000000948d1798,0x0000000094900000)
 Metaspace       used 70770K, committed 72128K, reserved 1114112K
  class space    used 8720K, committed 9344K, reserved 1048576K
}
Event: 22.599 GC heap after
{Heap after GC invocations=495 (full 3):
 PSYoungGen      total 10240K, used 2376K [0x00000000d5580000, 0x00000000d6280000, 0x0000000100000000)
  eden space 7680K, 0% used [0x00000000d5580000,0x00000000d5580000,0x00000000d5d00000)
  from space 2560K, 92% used [0x00000000d6000000,0x00000000d6252098,0x00000000d6280000)
  to   space 2560K, 0% used [0x00000000d5d80000,0x00000000d5d80000,0x00000000d6000000)
 ParOldGen       total 338944K, used 338904K [0x0000000080000000, 0x0000000094b00000, 0x00000000d5580000)
  object space 338944K, 99% used [0x0000000080000000,0x0000000094af6178,0x0000000094b00000)
 Metaspace       used 70770K, committed 72128K, reserved 1114112K
  class space    used 8720K, committed 9344K, reserved 1048576K
}
Event: 22.629 GC heap before
{Heap before GC invocations=496 (full 3):
 PSYoungGen      total 10240K, used 10056K [0x00000000d5580000, 0x00000000d6280000, 0x0000000100000000)
  eden space 7680K, 100% used [0x00000000d5580000,0x00000000d5d00000,0x00000000d5d00000)
  from space 2560K, 92% used [0x00000000d6000000,0x00000000d6252098,0x00000000d6280000)
  to   space 2560K, 0% used [0x00000000d5d80000,0x00000000d5d80000,0x00000000d6000000)
 ParOldGen       total 338944K, used 338904K [0x0000000080000000, 0x0000000094b00000, 0x00000000d5580000)
  object space 338944K, 99% used [0x0000000080000000,0x0000000094af6178,0x0000000094b00000)
 Metaspace       used 70995K, committed 72384K, reserved 1114112K
  class space    used 8738K, committed 9344K, reserved 1048576K
}
Event: 22.631 GC heap after
{Heap after GC invocations=496 (full 3):
 PSYoungGen      total 10752K, used 2388K [0x00000000d5580000, 0x00000000d6380000, 0x0000000100000000)
  eden space 8192K, 0% used [0x00000000d5580000,0x00000000d5580000,0x00000000d5d80000)
  from space 2560K, 93% used [0x00000000d5d80000,0x00000000d5fd52c8,0x00000000d6000000)
  to   space 2560K, 0% used [0x00000000d6100000,0x00000000d6100000,0x00000000d6380000)
 ParOldGen       total 341504K, used 341104K [0x0000000080000000, 0x0000000094d80000, 0x00000000d5580000)
  object space 341504K, 99% used [0x0000000080000000,0x0000000094d1c398,0x0000000094d80000)
 Metaspace       used 70995K, committed 72384K, reserved 1114112K
  class space    used 8738K, committed 9344K, reserved 1048576K
}
Event: 22.773 GC heap before
{Heap before GC invocations=497 (full 3):
 PSYoungGen      total 10752K, used 10580K [0x00000000d5580000, 0x00000000d6380000, 0x0000000100000000)
  eden space 8192K, 100% used [0x00000000d5580000,0x00000000d5d80000,0x00000000d5d80000)
  from space 2560K, 93% used [0x00000000d5d80000,0x00000000d5fd52c8,0x00000000d6000000)
  to   space 2560K, 0% used [0x00000000d6100000,0x00000000d6100000,0x00000000d6380000)
 ParOldGen       total 341504K, used 341104K [0x0000000080000000, 0x0000000094d80000, 0x00000000d5580000)
  object space 341504K, 99% used [0x0000000080000000,0x0000000094d1c398,0x0000000094d80000)
 Metaspace       used 71136K, committed 72512K, reserved 1114112K
  class space    used 8748K, committed 9344K, reserved 1048576K
}
Event: 22.776 GC heap after
{Heap after GC invocations=497 (full 3):
 PSYoungGen      total 9216K, used 608K [0x00000000d5580000, 0x00000000d6200000, 0x0000000100000000)
  eden space 8192K, 0% used [0x00000000d5580000,0x00000000d5580000,0x00000000d5d80000)
  from space 1024K, 59% used [0x00000000d6100000,0x00000000d6198000,0x00000000d6200000)
  to   space 1536K, 0% used [0x00000000d5f00000,0x00000000d5f00000,0x00000000d6080000)
 ParOldGen       total 343552K, used 343388K [0x0000000080000000, 0x0000000094f80000, 0x00000000d5580000)
  object space 343552K, 99% used [0x0000000080000000,0x0000000094f57298,0x0000000094f80000)
 Metaspace       used 71136K, committed 72512K, reserved 1114112K
  class space    used 8748K, committed 9344K, reserved 1048576K
}
Event: 22.872 GC heap before
{Heap before GC invocations=498 (full 3):
 PSYoungGen      total 9216K, used 8800K [0x00000000d5580000, 0x00000000d6200000, 0x0000000100000000)
  eden space 8192K, 100% used [0x00000000d5580000,0x00000000d5d80000,0x00000000d5d80000)
  from space 1024K, 59% used [0x00000000d6100000,0x00000000d6198000,0x00000000d6200000)
  to   space 1536K, 0% used [0x00000000d5f00000,0x00000000d5f00000,0x00000000d6080000)
 ParOldGen       total 343552K, used 343388K [0x0000000080000000, 0x0000000094f80000, 0x00000000d5580000)
  object space 343552K, 99% used [0x0000000080000000,0x0000000094f57298,0x0000000094f80000)
 Metaspace       used 71182K, committed 72576K, reserved 1114112K
  class space    used 8748K, committed 9344K, reserved 1048576K
}
Event: 22.874 GC heap after
{Heap after GC invocations=498 (full 3):
 PSYoungGen      total 9728K, used 1506K [0x00000000d5580000, 0x00000000d6580000, 0x0000000100000000)
  eden space 8192K, 0% used [0x00000000d5580000,0x00000000d5580000,0x00000000d5d80000)
  from space 1536K, 98% used [0x00000000d5f00000,0x00000000d6078a00,0x00000000d6080000)
  to   space 4096K, 0% used [0x00000000d6180000,0x00000000d6180000,0x00000000d6580000)
 ParOldGen       total 345088K, used 345036K [0x0000000080000000, 0x0000000095100000, 0x00000000d5580000)
  object space 345088K, 99% used [0x0000000080000000,0x00000000950f3148,0x0000000095100000)
 Metaspace       used 71182K, committed 72576K, reserved 1114112K
  class space    used 8748K, committed 9344K, reserved 1048576K
}
Event: 22.981 GC heap before
{Heap before GC invocations=499 (full 3):
 PSYoungGen      total 9728K, used 9696K [0x00000000d5580000, 0x00000000d6580000, 0x0000000100000000)
  eden space 8192K, 99% used [0x00000000d5580000,0x00000000d5d7f990,0x00000000d5d80000)
  from space 1536K, 98% used [0x00000000d5f00000,0x00000000d6078a00,0x00000000d6080000)
  to   space 4096K, 0% used [0x00000000d6180000,0x00000000d6180000,0x00000000d6580000)
 ParOldGen       total 345088K, used 345036K [0x0000000080000000, 0x0000000095100000, 0x00000000d5580000)
  object space 345088K, 99% used [0x0000000080000000,0x00000000950f3148,0x0000000095100000)
 Metaspace       used 71232K, committed 72640K, reserved 1114112K
  class space    used 8748K, committed 9344K, reserved 1048576K
}
Event: 22.987 GC heap after
{Heap after GC invocations=499 (full 3):
 PSYoungGen      total 9728K, used 4074K [0x00000000d5580000, 0x00000000d6a80000, 0x0000000100000000)
  eden space 5632K, 0% used [0x00000000d5580000,0x00000000d5580000,0x00000000d5b00000)
  from space 4096K, 99% used [0x00000000d6180000,0x00000000d657abd0,0x00000000d6580000)
  to   space 6656K, 0% used [0x00000000d5b00000,0x00000000d5b00000,0x00000000d6180000)
 ParOldGen       total 347136K, used 346676K [0x0000000080000000, 0x0000000095300000, 0x00000000d5580000)
  object space 347136K, 99% used [0x0000000080000000,0x000000009528d0e8,0x0000000095300000)
 Metaspace       used 71232K, committed 72640K, reserved 1114112K
  class space    used 8748K, committed 9344K, reserved 1048576K
}
Event: 23.110 GC heap before
{Heap before GC invocations=500 (full 3):
 PSYoungGen      total 9728K, used 9703K [0x00000000d5580000, 0x00000000d6a80000, 0x0000000100000000)
  eden space 5632K, 99% used [0x00000000d5580000,0x00000000d5aff318,0x00000000d5b00000)
  from space 4096K, 99% used [0x00000000d6180000,0x00000000d657abd0,0x00000000d6580000)
  to   space 6656K, 0% used [0x00000000d5b00000,0x00000000d5b00000,0x00000000d6180000)
 ParOldGen       total 347136K, used 346676K [0x0000000080000000, 0x0000000095300000, 0x00000000d5580000)
  object space 347136K, 99% used [0x0000000080000000,0x000000009528d0e8,0x0000000095300000)
 Metaspace       used 71234K, committed 72640K, reserved 1114112K
  class space    used 8748K, committed 9344K, reserved 1048576K
}
Event: 23.115 GC heap after
{Heap after GC invocations=500 (full 3):
 PSYoungGen      total 11264K, used 5537K [0x00000000d5580000, 0x00000000d6700000, 0x0000000100000000)
  eden space 5632K, 0% used [0x00000000d5580000,0x00000000d5580000,0x00000000d5b00000)
  from space 5632K, 98% used [0x00000000d5b00000,0x00000000d60686b0,0x00000000d6080000)
  to   space 6144K, 0% used [0x00000000d6100000,0x00000000d6100000,0x00000000d6700000)
 ParOldGen       total 349696K, used 349477K [0x0000000080000000, 0x0000000095580000, 0x00000000d5580000)
  object space 349696K, 99% used [0x0000000080000000,0x00000000955495a0,0x0000000095580000)
 Metaspace       used 71234K, committed 72640K, reserved 1114112K
  class space    used 8748K, committed 9344K, reserved 1048576K
}
Event: 23.197 GC heap before
{Heap before GC invocations=501 (full 3):
 PSYoungGen      total 11264K, used 10751K [0x00000000d5580000, 0x00000000d6700000, 0x0000000100000000)
  eden space 5632K, 92% used [0x00000000d5580000,0x00000000d5a978c0,0x00000000d5b00000)
  from space 5632K, 98% used [0x00000000d5b00000,0x00000000d60686b0,0x00000000d6080000)
  to   space 6144K, 0% used [0x00000000d6100000,0x00000000d6100000,0x00000000d6700000)
 ParOldGen       total 349696K, used 349477K [0x0000000080000000, 0x0000000095580000, 0x00000000d5580000)
  object space 349696K, 99% used [0x0000000080000000,0x00000000955495a0,0x0000000095580000)
 Metaspace       used 71235K, committed 72640K, reserved 1114112K
  class space    used 8748K, committed 9344K, reserved 1048576K
}
Event: 23.206 GC heap after
{Heap after GC invocations=501 (full 3):
 PSYoungGen      total 10752K, used 5031K [0x00000000d5580000, 0x00000000d6600000, 0x0000000100000000)
  eden space 5632K, 0% used [0x00000000d5580000,0x00000000d5580000,0x00000000d5b00000)
  from space 5120K, 98% used [0x00000000d6100000,0x00000000d65e9cc0,0x00000000d6600000)
  to   space 5632K, 0% used [0x00000000d5b00000,0x00000000d5b00000,0x00000000d6080000)
 ParOldGen       total 354816K, used 354745K [0x0000000080000000, 0x0000000095a80000, 0x00000000d5580000)
  object space 354816K, 99% used [0x0000000080000000,0x0000000095a6e618,0x0000000095a80000)
 Metaspace       used 71235K, committed 72640K, reserved 1114112K
  class space    used 8748K, committed 9344K, reserved 1048576K
}
Event: 23.305 GC heap before
{Heap before GC invocations=502 (full 3):
 PSYoungGen      total 10752K, used 10663K [0x00000000d5580000, 0x00000000d6600000, 0x0000000100000000)
  eden space 5632K, 100% used [0x00000000d5580000,0x00000000d5b00000,0x00000000d5b00000)
  from space 5120K, 98% used [0x00000000d6100000,0x00000000d65e9cc0,0x00000000d6600000)
  to   space 5632K, 0% used [0x00000000d5b00000,0x00000000d5b00000,0x00000000d6080000)
 ParOldGen       total 354816K, used 354745K [0x0000000080000000, 0x0000000095a80000, 0x00000000d5580000)
  object space 354816K, 99% used [0x0000000080000000,0x0000000095a6e618,0x0000000095a80000)
 Metaspace       used 71235K, committed 72640K, reserved 1114112K
  class space    used 8748K, committed 9344K, reserved 1048576K
}

Dll operation events (14 events):
Event: 0.020 Loaded shared library c:\Users\DELL\.vscode\extensions\redhat.java-1.54.0-win32-x64\jre\21.0.10-win32-x86_64\bin\java.dll
Event: 0.107 Loaded shared library c:\Users\DELL\.vscode\extensions\redhat.java-1.54.0-win32-x64\jre\21.0.10-win32-x86_64\bin\zip.dll
Event: 0.133 Loaded shared library C:\Users\DELL\.vscode\extensions\redhat.java-1.54.0-win32-x64\jre\21.0.10-win32-x86_64\bin\instrument.dll
Event: 0.140 Loaded shared library C:\Users\DELL\.vscode\extensions\redhat.java-1.54.0-win32-x64\jre\21.0.10-win32-x86_64\bin\net.dll
Event: 0.142 Loaded shared library C:\Users\DELL\.vscode\extensions\redhat.java-1.54.0-win32-x64\jre\21.0.10-win32-x86_64\bin\nio.dll
Event: 0.146 Loaded shared library C:\Users\DELL\.vscode\extensions\redhat.java-1.54.0-win32-x64\jre\21.0.10-win32-x86_64\bin\zip.dll
Event: 0.169 Loaded shared library C:\Users\DELL\.vscode\extensions\redhat.java-1.54.0-win32-x64\jre\21.0.10-win32-x86_64\bin\jimage.dll
Event: 0.263 Loaded shared library c:\Users\DELL\.vscode\extensions\redhat.java-1.54.0-win32-x64\jre\21.0.10-win32-x86_64\bin\verify.dll
Event: 1.637 Loaded shared library C:\Users\DELL\AppData\Roaming\Code\User\globalStorage\redhat.java\1.54.0\config_win\org.eclipse.equinox.launcher\org.eclipse.equinox.launcher.win32.win32.x86_64_1.3.0.v20260203-2149\eclipse_11919.dll
Event: 5.280 Loaded shared library C:\Users\DELL\AppData\Local\Temp\jna-2094529\jna8620684103951368110.dll
Event: 9.341 Loaded shared library C:\Users\DELL\.gradle\native\660c5614fbf4a5f2a75b1949f50a0caf5cd603558e7d8a26e50b933a0cfb79d1\windows-amd64\native-platform.dll
Event: 10.418 Loaded shared library C:\Users\DELL\.vscode\extensions\redhat.java-1.54.0-win32-x64\jre\21.0.10-win32-x86_64\bin\management.dll
Event: 10.428 Loaded shared library C:\Users\DELL\.vscode\extensions\redhat.java-1.54.0-win32-x64\jre\21.0.10-win32-x86_64\bin\management_ext.dll
Event: 17.733 Loaded shared library C:\Users\DELL\.vscode\extensions\redhat.java-1.54.0-win32-x64\jre\21.0.10-win32-x86_64\bin\extnet.dll

Deoptimization events (20 events):
Event: 23.010 Thread 0x00000277f12a0920 DEOPT PACKING pc=0x0000027796df4e8b sp=0x000000a0badff070
Event: 23.010 Thread 0x00000277f12a0920 DEOPT UNPACKING pc=0x000002779d314242 sp=0x000000a0badfe538 mode 0
Event: 23.015 Thread 0x00000277f12a0920 DEOPT PACKING pc=0x0000027796df4e8b sp=0x000000a0badff070
Event: 23.015 Thread 0x00000277f12a0920 DEOPT UNPACKING pc=0x000002779d314242 sp=0x000000a0badfe538 mode 0
Event: 23.018 Thread 0x00000277f12a0920 DEOPT PACKING pc=0x0000027796df4e8b sp=0x000000a0badff070
Event: 23.018 Thread 0x00000277f12a0920 DEOPT UNPACKING pc=0x000002779d314242 sp=0x000000a0badfe538 mode 0
Event: 23.020 Thread 0x00000277f12a0920 DEOPT PACKING pc=0x0000027796df4e8b sp=0x000000a0badff070
Event: 23.020 Thread 0x00000277f12a0920 DEOPT UNPACKING pc=0x000002779d314242 sp=0x000000a0badfe538 mode 0
Event: 23.022 Thread 0x00000277f12a0920 DEOPT PACKING pc=0x0000027796df4e8b sp=0x000000a0badff070
Event: 23.022 Thread 0x00000277f12a0920 DEOPT UNPACKING pc=0x000002779d314242 sp=0x000000a0badfe538 mode 0
Event: 23.038 Thread 0x00000277f12a0920 DEOPT PACKING pc=0x0000027796df4e8b sp=0x000000a0badff070
Event: 23.038 Thread 0x00000277f12a0920 DEOPT UNPACKING pc=0x000002779d314242 sp=0x000000a0badfe538 mode 0
Event: 23.040 Thread 0x00000277f12a0920 DEOPT PACKING pc=0x0000027796df4e8b sp=0x000000a0badff070
Event: 23.040 Thread 0x00000277f12a0920 DEOPT UNPACKING pc=0x000002779d314242 sp=0x000000a0badfe538 mode 0
Event: 23.042 Thread 0x00000277f12a0920 DEOPT PACKING pc=0x0000027796df4e8b sp=0x000000a0badff070
Event: 23.042 Thread 0x00000277f12a0920 DEOPT UNPACKING pc=0x000002779d314242 sp=0x000000a0badfe538 mode 0
Event: 23.043 Thread 0x00000277f12a0920 DEOPT PACKING pc=0x0000027796df4e8b sp=0x000000a0badff070
Event: 23.043 Thread 0x00000277f12a0920 DEOPT UNPACKING pc=0x000002779d314242 sp=0x000000a0badfe538 mode 0
Event: 23.047 Thread 0x00000277f12a0920 DEOPT PACKING pc=0x0000027796df4e8b sp=0x000000a0badff070
Event: 23.047 Thread 0x00000277f12a0920 DEOPT UNPACKING pc=0x000002779d314242 sp=0x000000a0badfe538 mode 0

Classes loaded (20 events):
Event: 22.504 Loading class java/lang/Throwable$PrintStreamOrWriter done
Event: 22.504 Loading class java/lang/Throwable$WrappedPrintWriter done
Event: 22.519 Loading class jdk/internal/math/FormattedFPDecimal
Event: 22.519 Loading class jdk/internal/math/FormattedFPDecimal done
Event: 22.576 Loading class java/util/regex/Pattern$LineEnding
Event: 22.576 Loading class java/util/regex/Pattern$LineEnding done
Event: 22.604 Loading class java/util/TreeMap$ValueSpliterator
Event: 22.604 Loading class java/util/TreeMap$TreeMapSpliterator
Event: 22.604 Loading class java/util/TreeMap$TreeMapSpliterator done
Event: 22.604 Loading class java/util/TreeMap$ValueSpliterator done
Event: 22.625 Loading class java/util/concurrent/CompletionException
Event: 22.625 Loading class java/util/concurrent/CompletionException done
Event: 22.639 Loading class java/nio/file/FileTreeWalker$1
Event: 22.639 Loading class java/nio/file/FileTreeWalker$1 done
Event: 22.640 Loading class sun/nio/fs/Globs
Event: 22.640 Loading class sun/nio/fs/Globs done
Event: 22.640 Loading class java/util/regex/Pattern$SliceU
Event: 22.641 Loading class java/util/regex/Pattern$SliceU done
Event: 22.641 Loading class sun/nio/fs/WindowsFileSystem$2
Event: 22.641 Loading class sun/nio/fs/WindowsFileSystem$2 done

Classes unloaded (7 events):
Event: 6.279 Thread 0x0000027792c346d0 Unloading class 0x00000277ab1ac000 'java/lang/invoke/LambdaForm$MH+0x00000277ab1ac000'
Event: 6.279 Thread 0x0000027792c346d0 Unloading class 0x00000277ab1abc00 'java/lang/invoke/LambdaForm$MH+0x00000277ab1abc00'
Event: 6.279 Thread 0x0000027792c346d0 Unloading class 0x00000277ab1ab800 'java/lang/invoke/LambdaForm$MH+0x00000277ab1ab800'
Event: 6.279 Thread 0x0000027792c346d0 Unloading class 0x00000277ab1ab400 'java/lang/invoke/LambdaForm$MH+0x00000277ab1ab400'
Event: 6.279 Thread 0x0000027792c346d0 Unloading class 0x00000277ab1ab000 'java/lang/invoke/LambdaForm$BMH+0x00000277ab1ab000'
Event: 6.279 Thread 0x0000027792c346d0 Unloading class 0x00000277ab1aac00 'java/lang/invoke/LambdaForm$DMH+0x00000277ab1aac00'
Event: 6.279 Thread 0x0000027792c346d0 Unloading class 0x00000277ab1a9800 'java/lang/invoke/LambdaForm$DMH+0x00000277ab1a9800'

Classes redefined (0 events):
No events

Internal exceptions (20 events):
Event: 11.996 Thread 0x00000277f385fea0 Exception <a 'sun/nio/fs/WindowsException'{0x00000000d56b04f8}> (0x00000000d56b04f8) 
thrown [s\src\hotspot\share\prims\jni.cpp, line 520]
Event: 12.052 Thread 0x00000277f3063e00 Exception <a 'sun/nio/fs/WindowsException'{0x00000000d5743018}> (0x00000000d5743018) 
thrown [s\src\hotspot\share\prims\jni.cpp, line 520]
Event: 12.052 Thread 0x00000277f3063e00 Exception <a 'sun/nio/fs/WindowsException'{0x00000000d5743818}> (0x00000000d5743818) 
thrown [s\src\hotspot\share\prims\jni.cpp, line 520]
Event: 12.795 Thread 0x00000277f385f180 Exception <a 'java/lang/IncompatibleClassChangeError'{0x00000000d5672b90}: Found class java.lang.Object, but interface was expected> (0x00000000d5672b90) 
thrown [s\src\hotspot\share\interpreter\linkResolver.cpp, line 840]
Event: 13.080 Thread 0x00000277f12a0920 Implicit null exception at 0x000002779dc24b69 to 0x000002779dc24d88
Event: 15.707 Thread 0x00000277f12a0920 Implicit null exception at 0x000002779dce978c to 0x000002779dceea94
Event: 17.848 Thread 0x00000277f306a070 Exception <a 'java/lang/NoSuchMethodError'{0x00000000d57e7200}: 'java.lang.Object java.lang.invoke.DirectMethodHandle$Holder.newInvokeSpecial(java.lang.Object, java.lang.Object, java.lang.Object, java.lang.Object, java.lang.Object, java.lang.Object, java.lang.Object, java.lang.Object)'> (0x00000000d57e7200) 
thrown [s\src\hotspot\share\interpreter\linkResolver.cpp, line 773]
Event: 18.030 Thread 0x00000277f306a070 Exception <a 'java/lang/NoSuchMethodError'{0x00000000d5794328}: 'long java.lang.invoke.DirectMethodHandle$Holder.invokeVirtual(java.lang.Object, java.lang.Object)'> (0x00000000d5794328) 
thrown [s\src\hotspot\share\interpreter\linkResolver.cpp, line 773]
Event: 18.031 Thread 0x00000277f306a070 Exception <a 'java/lang/NoSuchMethodError'{0x00000000d57b5708}: 'long java.lang.invoke.DelegatingMethodHandle$Holder.reinvoke_L(java.lang.Object, java.lang.Object)'> (0x00000000d57b5708) 
thrown [s\src\hotspot\share\interpreter\linkResolver.cpp, line 773]
Event: 18.279 Thread 0x00000277fdf9a410 Exception <a 'java/lang/NoSuchMethodError'{0x00000000d56a8760}: 'void java.lang.invoke.DirectMethodHandle$Holder.invokeStatic(java.lang.Object, long)'> (0x00000000d56a8760) 
thrown [s\src\hotspot\share\interpreter\linkResolver.cpp, line 773]
Event: 18.526 Thread 0x00000277fdf9a410 Exception <a 'java/lang/NoSuchMethodError'{0x00000000d57ba9d0}: 'void java.lang.invoke.DirectMethodHandle$Holder.invokeSpecial(java.lang.Object, java.lang.Object, int)'> (0x00000000d57ba9d0) 
thrown [s\src\hotspot\share\interpreter\linkResolver.cpp, line 773]
Event: 18.526 Thread 0x00000277fdf9a410 Exception <a 'java/lang/NoSuchMethodError'{0x00000000d57f1df8}: 'java.lang.Object java.lang.invoke.DirectMethodHandle$Holder.newInvokeSpecial(java.lang.Object, java.lang.Object, int)'> (0x00000000d57f1df8) 
thrown [s\src\hotspot\share\interpreter\linkResolver.cpp, line 773]
Event: 22.504 Thread 0x00000277f30651b0 Exception <a 'java/lang/ClassNotFoundException'{0x00000000d56e2240}: sun/misc/SharedSecrets> (0x00000000d56e2240) 
thrown [s\src\hotspot\share\classfile\systemDictionary.cpp, line 312]
Event: 22.505 Thread 0x00000277f30651b0 Exception <a 'java/lang/NoSuchMethodError'{0x00000000d5747bf0}: 'void java.lang.invoke.DirectMethodHandle$Holder.invokeStatic(java.lang.Object, int, java.lang.Object)'> (0x00000000d5747bf0) 
thrown [s\src\hotspot\share\interpreter\linkResolver.cpp, line 773]
Event: 22.507 Thread 0x00000277f30651b0 Exception <a 'java/lang/NoSuchMethodError'{0x00000000d5804640}: 'void java.lang.invoke.DirectMethodHandle$Holder.invokeSpecialIFC(java.lang.Object, java.lang.Object, java.lang.Object, java.lang.Object)'> (0x00000000d5804640) 
thrown [s\src\hotspot\share\interpreter\linkResolver.cpp, line 773]
Event: 22.545 Thread 0x00000277f129fc00 Exception <a 'java/lang/NoSuchMethodError'{0x00000000d57a85d0}: 'int java.lang.invoke.DirectMethodHandle$Holder.invokeSpecialIFC(java.lang.Object, java.lang.Object, java.lang.Object, java.lang.Object)'> (0x00000000d57a85d0) 
thrown [s\src\hotspot\share\interpreter\linkResolver.cpp, line 773]
Event: 22.607 Thread 0x00000277f129fc00 Exception <a 'java/lang/IncompatibleClassChangeError'{0x00000000d5adff40}: Found class java.lang.Object, but interface was expected> (0x00000000d5adff40) 
thrown [s\src\hotspot\share\interpreter\linkResolver.cpp, line 840]
Event: 22.632 Thread 0x00000277f129fc00 Exception <a 'java/lang/NoSuchMethodError'{0x00000000d5582750}: method resolution failed> (0x00000000d5582750) 
thrown [s\src\hotspot\share\prims\methodHandles.cpp, line 1136]
Event: 22.641 Thread 0x00000277f129fc00 Exception <a 'sun/nio/fs/WindowsException'{0x00000000d55b78d0}> (0x00000000d55b78d0) 
thrown [s\src\hotspot\share\prims\jni.cpp, line 520]
Event: 22.642 Thread 0x00000277f129fc00 Exception <a 'sun/nio/fs/WindowsException'{0x00000000d55b7f90}> (0x00000000d55b7f90) 
thrown [s\src\hotspot\share\prims\jni.cpp, line 520]

ZGC Phase Switch (0 events):
No events

VM Operations (20 events):
Event: 22.586 Executing safepoint VM operation: ParallelGCFailedAllocation (Allocation Failure) done
Event: 22.590 Executing safepoint VM operation: ParallelGCFailedAllocation (Allocation Failure)
Event: 22.592 Executing safepoint VM operation: ParallelGCFailedAllocation (Allocation Failure) done
Event: 22.597 Executing safepoint VM operation: ParallelGCFailedAllocation (Allocation Failure)
Event: 22.599 Executing safepoint VM operation: ParallelGCFailedAllocation (Allocation Failure) done
Event: 22.629 Executing safepoint VM operation: ParallelGCFailedAllocation (Allocation Failure)
Event: 22.631 Executing safepoint VM operation: ParallelGCFailedAllocation (Allocation Failure) done
Event: 22.639 Executing non-safepoint VM operation: HandshakeAllThreads (Deoptimize)
Event: 22.639 Executing non-safepoint VM operation: HandshakeAllThreads (Deoptimize) done
Event: 22.773 Executing safepoint VM operation: ParallelGCFailedAllocation (Allocation Failure)
Event: 22.776 Executing safepoint VM operation: ParallelGCFailedAllocation (Allocation Failure) done
Event: 22.872 Executing safepoint VM operation: ParallelGCFailedAllocation (Allocation Failure)
Event: 22.874 Executing safepoint VM operation: ParallelGCFailedAllocation (Allocation Failure) done
Event: 22.981 Executing safepoint VM operation: ParallelGCFailedAllocation (Allocation Failure)
Event: 22.987 Executing safepoint VM operation: ParallelGCFailedAllocation (Allocation Failure) done
Event: 23.110 Executing safepoint VM operation: ParallelGCFailedAllocation (Allocation Failure)
Event: 23.115 Executing safepoint VM operation: ParallelGCFailedAllocation (Allocation Failure) done
Event: 23.197 Executing safepoint VM operation: ParallelGCFailedAllocation (Allocation Failure)
Event: 23.206 Executing safepoint VM operation: ParallelGCFailedAllocation (Allocation Failure) done
Event: 23.305 Executing safepoint VM operation: ParallelGCFailedAllocation (Allocation Failure)

Memory protections (0 events):
No events

Nmethod flushes (20 events):
Event: 11.578 Thread 0x0000027792c346d0 flushing osr nmethod 0x00000277966af190
Event: 11.578 Thread 0x0000027792c346d0 flushing  nmethod 0x00000277966b3410
Event: 11.578 Thread 0x0000027792c346d0 flushing  nmethod 0x00000277966bba90
Event: 11.578 Thread 0x0000027792c346d0 flushing  nmethod 0x00000277966cea10
Event: 11.578 Thread 0x0000027792c346d0 flushing  nmethod 0x00000277966e1c10
Event: 11.578 Thread 0x0000027792c346d0 flushing  nmethod 0x00000277966e4090
Event: 11.578 Thread 0x0000027792c346d0 flushing  nmethod 0x00000277966e4690
Event: 11.578 Thread 0x0000027792c346d0 flushing  nmethod 0x00000277966ebf90
Event: 11.578 Thread 0x0000027792c346d0 flushing  nmethod 0x00000277966f4b10
Event: 11.578 Thread 0x0000027792c346d0 flushing  nmethod 0x0000027796723b90
Event: 11.578 Thread 0x0000027792c346d0 flushing  nmethod 0x000002779672ae90
Event: 11.578 Thread 0x0000027792c346d0 flushing  nmethod 0x000002779672b590
Event: 11.578 Thread 0x0000027792c346d0 flushing  nmethod 0x000002779672f210
Event: 11.578 Thread 0x0000027792c346d0 flushing  nmethod 0x000002779672f590
Event: 11.578 Thread 0x0000027792c346d0 flushing  nmethod 0x000002779672fb90
Event: 11.578 Thread 0x0000027792c346d0 flushing  nmethod 0x0000027796734d90
Event: 11.578 Thread 0x0000027792c346d0 flushing  nmethod 0x000002779673fd90
Event: 11.578 Thread 0x0000027792c346d0 flushing  nmethod 0x0000027796746610
Event: 11.578 Thread 0x0000027792c346d0 flushing  nmethod 0x0000027796761910
Event: 11.578 Thread 0x0000027792c346d0 flushing  nmethod 0x0000027796784890

Events (20 events):
Event: 22.504 Thread 0x0000027792b325d0 Thread added: 0x00000277f233ad50
Event: 22.504 Thread 0x0000027792b325d0 Thread added: 0x00000277f2c1d2b0
Event: 22.610 Thread 0x00000277f129fc00 Thread added: 0x00000277fdf97620
Event: 22.661 Thread 0x00000277f129fc00 Thread added: 0x00000277fdf9b130
Event: 22.663 Thread 0x00000277f129fc00 Thread added: 0x00000277fdf97cb0
Event: 22.702 Thread 0x00000277fdf97cb0 Thread exited: 0x00000277fdf97cb0
Event: 22.710 Thread 0x00000277f129fc00 Thread added: 0x00000277fdf97cb0
Event: 22.712 Thread 0x00000277f129fc00 Thread added: 0x00000277fdf9b7c0
Event: 22.745 Thread 0x00000277fdf9b7c0 Thread exited: 0x00000277fdf9b7c0
Event: 22.746 Thread 0x00000277f129fc00 Thread added: 0x00000277fdf989d0
Event: 22.855 Thread 0x00000277f129fc00 Thread added: 0x00000277fdf99060
Event: 22.857 Thread 0x00000277f129fc00 Thread added: 0x00000277fdf98340
Event: 22.889 Thread 0x00000277fdf98340 Thread exited: 0x00000277fdf98340
Event: 22.889 Thread 0x00000277f129fc00 Thread added: 0x00000277fdf98340
Event: 22.891 Thread 0x00000277f129fc00 Thread added: 0x00000277fdf9e5b0
Event: 22.942 Thread 0x00000277fdf9e5b0 Thread added: 0x00000277fdf9be50
Event: 23.183 Thread 0x00000277fdf9e5b0 Thread added: 0x00000277fdf9c4e0
Event: 23.195 Thread 0x00000277fdf9c4e0 Thread added: 0x00000277fdf9cb70
Event: 23.196 Thread 0x00000277fdf9c4e0 Thread added: 0x00000277fdf9d200
Event: 23.196 Thread 0x00000277fdf9cb70 Thread exited: 0x00000277fdf9cb70


Dynamic libraries:
0x00007ff71b7c0000 - 0x00007ff71b7ce000 	c:\Users\DELL\.vscode\extensions\redhat.java-1.54.0-win32-x64\jre\21.0.10-win32-x86_64\bin\java.exe
0x00007ffc02c40000 - 0x00007ffc02ea6000 	C:\WINDOWS\SYSTEM32\ntdll.dll
0x00007ffc01b70000 - 0x00007ffc01c39000 	C:\WINDOWS\System32\KERNEL32.DLL
0x00007ffbffed0000 - 0x00007ffc002ca000 	C:\WINDOWS\System32\KERNELBASE.dll
0x00007ffbf9be0000 - 0x00007ffbf9c80000 	C:\WINDOWS\SYSTEM32\apphelp.dll
0x00007ffc00450000 - 0x00007ffc0059c000 	C:\WINDOWS\System32\ucrtbase.dll
0x00007ffbefb20000 - 0x00007ffbefb38000 	c:\Users\DELL\.vscode\extensions\redhat.java-1.54.0-win32-x64\jre\21.0.10-win32-x86_64\bin\jli.dll
0x00007ffc00cb0000 - 0x00007ffc00e77000 	C:\WINDOWS\System32\USER32.dll
0x00007ffc00390000 - 0x00007ffc003b7000 	C:\WINDOWS\System32\win32u.dll
0x00007ffc00c80000 - 0x00007ffc00cab000 	C:\WINDOWS\System32\GDI32.dll
0x00007ffc00880000 - 0x00007ffc009ab000 	C:\WINDOWS\System32\gdi32full.dll
0x00007ffbefb00000 - 0x00007ffbefb1e000 	c:\Users\DELL\.vscode\extensions\redhat.java-1.54.0-win32-x64\jre\21.0.10-win32-x86_64\bin\VCRUNTIME140.dll
0x00007ffc007d0000 - 0x00007ffc00873000 	C:\WINDOWS\System32\msvcp_win.dll
0x00007ffbeaaf0000 - 0x00007ffbead82000 	C:\WINDOWS\WinSxS\amd64_microsoft.windows.common-controls_6595b64144ccf1df_6.0.26100.8521_none_3e08b75ce33403b3\COMCTL32.dll
0x00007ffc020f0000 - 0x00007ffc02199000 	C:\WINDOWS\System32\msvcrt.dll
0x00007ffc00aa0000 - 0x00007ffc00ad2000 	C:\WINDOWS\System32\IMM32.DLL
0x00007ffbf7680000 - 0x00007ffbf768c000 	c:\Users\DELL\.vscode\extensions\redhat.java-1.54.0-win32-x64\jre\21.0.10-win32-x86_64\bin\vcruntime140_1.dll
0x00007ffbeb300000 - 0x00007ffbeb38d000 	c:\Users\DELL\.vscode\extensions\redhat.java-1.54.0-win32-x64\jre\21.0.10-win32-x86_64\bin\msvcp140.dll
0x00007ffb7ee60000 - 0x00007ffb7fc01000 	c:\Users\DELL\.vscode\extensions\redhat.java-1.54.0-win32-x64\jre\21.0.10-win32-x86_64\bin\server\jvm.dll
0x00007ffc01070000 - 0x00007ffc01126000 	C:\WINDOWS\System32\ADVAPI32.dll
0x00007ffc021b0000 - 0x00007ffc0225a000 	C:\WINDOWS\System32\sechost.dll
0x00007ffc026f0000 - 0x00007ffc02808000 	C:\WINDOWS\System32\RPCRT4.dll
0x00007ffc02b00000 - 0x00007ffc02b80000 	C:\WINDOWS\System32\WS2_32.dll
0x00007ffbffd30000 - 0x00007ffbffd8e000 	C:\WINDOWS\SYSTEM32\POWRPROF.dll
0x00007ffbeade0000 - 0x00007ffbeae16000 	C:\WINDOWS\SYSTEM32\WINMM.dll
0x00007ffbf3d00000 - 0x00007ffbf3d0b000 	C:\WINDOWS\SYSTEM32\VERSION.dll
0x00007ffbffd10000 - 0x00007ffbffd24000 	C:\WINDOWS\SYSTEM32\UMPDC.dll
0x00007ffbfec60000 - 0x00007ffbfec7b000 	C:\WINDOWS\SYSTEM32\kernel.appcore.dll
0x00007ffbf7650000 - 0x00007ffbf765a000 	c:\Users\DELL\.vscode\extensions\redhat.java-1.54.0-win32-x64\jre\21.0.10-win32-x86_64\bin\jimage.dll
0x00007ffbfd530000 - 0x00007ffbfd772000 	C:\WINDOWS\SYSTEM32\DBGHELP.DLL
0x00007ffc01d40000 - 0x00007ffc020c3000 	C:\WINDOWS\System32\combase.dll
0x00007ffc02810000 - 0x00007ffc028e9000 	C:\WINDOWS\System32\OLEAUT32.dll
0x00007ffbceb90000 - 0x00007ffbcebcb000 	C:\WINDOWS\SYSTEM32\dbgcore.DLL
0x00007ffc00720000 - 0x00007ffc007c8000 	C:\WINDOWS\System32\bcryptPrimitives.dll
0x00007ffbef690000 - 0x00007ffbef69f000 	c:\Users\DELL\.vscode\extensions\redhat.java-1.54.0-win32-x64\jre\21.0.10-win32-x86_64\bin\instrument.dll
0x00007ffbefae0000 - 0x00007ffbefb00000 	c:\Users\DELL\.vscode\extensions\redhat.java-1.54.0-win32-x64\jre\21.0.10-win32-x86_64\bin\java.dll
0x00007ffc01130000 - 0x00007ffc018b4000 	C:\WINDOWS\System32\SHELL32.dll
0x00007ffbfdab0000 - 0x00007ffbfe330000 	C:\WINDOWS\SYSTEM32\windows.storage.dll
0x00007ffc01a20000 - 0x00007ffc01b16000 	C:\WINDOWS\System32\SHCORE.dll
0x00007ffc02b90000 - 0x00007ffc02bf7000 	C:\WINDOWS\System32\shlwapi.dll
0x00007ffbffdf0000 - 0x00007ffbffe19000 	C:\WINDOWS\SYSTEM32\profapi.dll
0x00007ffbefac0000 - 0x00007ffbefad8000 	c:\Users\DELL\.vscode\extensions\redhat.java-1.54.0-win32-x64\jre\21.0.10-win32-x86_64\bin\zip.dll
0x00007ffbf7630000 - 0x00007ffbf7640000 	C:\Users\DELL\.vscode\extensions\redhat.java-1.54.0-win32-x64\jre\21.0.10-win32-x86_64\bin\net.dll
0x00007ffbf64e0000 - 0x00007ffbf6609000 	C:\WINDOWS\SYSTEM32\WINHTTP.dll
0x00007ffbff1d0000 - 0x00007ffbff23c000 	C:\WINDOWS\system32\mswsock.dll
0x00007ffbef7b0000 - 0x00007ffbef7c6000 	C:\Users\DELL\.vscode\extensions\redhat.java-1.54.0-win32-x64\jre\21.0.10-win32-x86_64\bin\nio.dll
0x00007ffbed1b0000 - 0x00007ffbed1c0000 	c:\Users\DELL\.vscode\extensions\redhat.java-1.54.0-win32-x64\jre\21.0.10-win32-x86_64\bin\verify.dll
0x00007ffbed2b0000 - 0x00007ffbed2f5000 	C:\Users\DELL\AppData\Roaming\Code\User\globalStorage\redhat.java\1.54.0\config_win\org.eclipse.equinox.launcher\org.eclipse.equinox.launcher.win32.win32.x86_64_1.3.0.v20260203-2149\eclipse_11919.dll
0x00007ffc00ae0000 - 0x00007ffc00c78000 	C:\WINDOWS\System32\ole32.dll
0x00007ffbff4b0000 - 0x00007ffbff4cb000 	C:\WINDOWS\SYSTEM32\CRYPTSP.dll
0x00007ffbfebc0000 - 0x00007ffbfebf9000 	C:\WINDOWS\system32\rsaenh.dll
0x00007ffbff280000 - 0x00007ffbff2b3000 	C:\WINDOWS\SYSTEM32\USERENV.dll
0x00007ffbffdc0000 - 0x00007ffbffdea000 	C:\WINDOWS\SYSTEM32\bcrypt.dll
0x00007ffbff4d0000 - 0x00007ffbff4dc000 	C:\WINDOWS\SYSTEM32\CRYPTBASE.dll
0x00007ffbfe660000 - 0x00007ffbfe693000 	C:\WINDOWS\SYSTEM32\IPHLPAPI.DLL
0x00007ffc020e0000 - 0x00007ffc020ea000 	C:\WINDOWS\System32\NSI.dll
0x00007ffbe5de0000 - 0x00007ffbe5e29000 	C:\Users\DELL\AppData\Local\Temp\jna-2094529\jna8620684103951368110.dll
0x00007ffc021a0000 - 0x00007ffc021a8000 	C:\WINDOWS\System32\PSAPI.DLL
0x00007ffbf6b90000 - 0x00007ffbf6bad000 	C:\WINDOWS\SYSTEM32\dhcpcsvc6.DLL
0x00007ffbf6950000 - 0x00007ffbf6975000 	C:\WINDOWS\SYSTEM32\dhcpcsvc.DLL
0x00007ffbeb2d0000 - 0x00007ffbeb2f7000 	C:\Users\DELL\.gradle\native\660c5614fbf4a5f2a75b1949f50a0caf5cd603558e7d8a26e50b933a0cfb79d1\windows-amd64\native-platform.dll
0x00007ffbecfc0000 - 0x00007ffbecfca000 	C:\Users\DELL\.vscode\extensions\redhat.java-1.54.0-win32-x64\jre\21.0.10-win32-x86_64\bin\management.dll
0x00007ffbecdc0000 - 0x00007ffbecdcc000 	C:\Users\DELL\.vscode\extensions\redhat.java-1.54.0-win32-x64\jre\21.0.10-win32-x86_64\bin\management_ext.dll
0x00007ffbed2a0000 - 0x00007ffbed2a9000 	C:\Users\DELL\.vscode\extensions\redhat.java-1.54.0-win32-x64\jre\21.0.10-win32-x86_64\bin\extnet.dll

JVMTI agents:
c:\Users\DELL\.vscode\extensions\redhat.java-1.54.0-win32-x64\lombok\lombok-1.18.39-4050.jar path:c:\Users\DELL\.vscode\extensions\redhat.java-1.54.0-win32-x64\jre\21.0.10-win32-x86_64\bin\instrument.dll, loaded, initialized, instrumentlib options:none

dbghelp: loaded successfully - version: 4.0.5 - missing functions: none
symbol engine: initialized successfully - sym options: 0x614 - pdb path: .;c:\Users\DELL\.vscode\extensions\redhat.java-1.54.0-win32-x64\jre\21.0.10-win32-x86_64\bin;C:\WINDOWS\SYSTEM32;C:\WINDOWS\WinSxS\amd64_microsoft.windows.common-controls_6595b64144ccf1df_6.0.26100.8521_none_3e08b75ce33403b3;c:\Users\DELL\.vscode\extensions\redhat.java-1.54.0-win32-x64\jre\21.0.10-win32-x86_64\bin\server;C:\Users\DELL\AppData\Roaming\Code\User\globalStorage\redhat.java\1.54.0\config_win\org.eclipse.equinox.launcher\org.eclipse.equinox.launcher.win32.win32.x86_64_1.3.0.v20260203-2149;C:\Users\DELL\AppData\Local\Temp\jna-2094529;C:\Users\DELL\.gradle\native\660c5614fbf4a5f2a75b1949f50a0caf5cd603558e7d8a26e50b933a0cfb79d1\windows-amd64

VM Arguments:
jvm_args: --add-modules=ALL-SYSTEM --add-opens=java.base/java.util=ALL-UNNAMED --add-opens=java.base/java.lang=ALL-UNNAMED --add-opens=java.base/sun.nio.fs=ALL-UNNAMED -Declipse.application=org.eclipse.jdt.ls.core.id1 -Dosgi.bundles.defaultStartLevel=4 -Declipse.product=org.eclipse.jdt.ls.core.product -Djava.import.generatesMetadataFilesAtProjectRoot=false -DDetectVMInstallationsJob.disabled=true -Dfile.encoding=utf8 -XX:+UseParallelGC -XX:GCTimeRatio=4 -XX:AdaptiveSizePolicyWeight=90 -Dsun.zip.disableMemoryMapping=true -Xmx2G -Xms100m -Xlog:disable -javaagent:c:\Users\DELL\.vscode\extensions\redhat.java-1.54.0-win32-x64\lombok\lombok-1.18.39-4050.jar -XX:+HeapDumpOnOutOfMemoryError -XX:HeapDumpPath=c:\Users\DELL\AppData\Roaming\Code\User\workspaceStorage\ed950ca12d2dff36b27a4ad597b79735\redhat.java -Daether.dependencyCollector.impl=bf 
java_command: c:\Users\DELL\.vscode\extensions\redhat.java-1.54.0-win32-x64\server\plugins\org.eclipse.equinox.launcher_1.7.100.v20251111-0406.jar -configuration c:\Users\DELL\AppData\Roaming\Code\User\globalStorage\redhat.java\1.54.0\config_win -data c:\Users\DELL\AppData\Roaming\Code\User\workspaceStorage\ed950ca12d2dff36b27a4ad597b79735\redhat.java\jdt_ws --pipe=\\.\pipe\lsp-8ad5bc32213548ead427aeb217796d9a-sock
java_class_path (initial): c:\Users\DELL\.vscode\extensions\redhat.java-1.54.0-win32-x64\server\plugins\org.eclipse.equinox.launcher_1.7.100.v20251111-0406.jar
Launcher Type: SUN_STANDARD

[Global flags]
    uintx AdaptiveSizePolicyWeight                 = 90                                        {product} {command line}
     intx CICompilerCount                          = 4                                         {product} {ergonomic}
    uintx GCTimeRatio                              = 4                                         {product} {command line}
     bool HeapDumpOnOutOfMemoryError               = true                                   {manageable} {command line}
    ccstr HeapDumpPath                             = c:\Users\DELL\AppData\Roaming\Code\User\workspaceStorage\ed950ca12d2dff36b27a4ad597b79735\redhat.java         {manageable} {command line}
   size_t InitialHeapSize                          = 104857600                                 {product} {command line}
   size_t MaxHeapSize                              = 2147483648                                {product} {command line}
   size_t MaxNewSize                               = 715653120                                 {product} {ergonomic}
   size_t MinHeapDeltaBytes                        = 524288                                    {product} {ergonomic}
   size_t MinHeapSize                              = 104857600                                 {product} {command line}
   size_t NewSize                                  = 34603008                                  {product} {ergonomic}
    uintx NonNMethodCodeHeapSize                   = 5839372                                {pd product} {ergonomic}
    uintx NonProfiledCodeHeapSize                  = 122909434                              {pd product} {ergonomic}
   size_t OldSize                                  = 70254592                                  {product} {ergonomic}
    uintx ProfiledCodeHeapSize                     = 122909434                              {pd product} {ergonomic}
    uintx ReservedCodeCacheSize                    = 251658240                              {pd product} {ergonomic}
     bool SegmentedCodeCache                       = true                                      {product} {ergonomic}
   size_t SoftMaxHeapSize                          = 2147483648                             {manageable} {ergonomic}
     bool UseCompressedOops                        = true                           {product lp64_product} {ergonomic}
     bool UseLargePagesIndividualAllocation        = false                                  {pd product} {ergonomic}
     bool UseParallelGC                            = true                                      {product} {command line}

Logging:
Log output configuration:
 #0: stdout all=off uptime,level,tags foldmultilines=false
 #1: stderr all=off uptime,level,tags foldmultilines=false

Release file:
JAVA_VERSION="21.0.10" 
MODULES="java.base java.compiler java.datatransfer java.xml java.prefs java.desktop java.instrument java.logging java.management java.security.sasl java.naming java.rmi java.management.rmi java.net.http java.scripting java.security.jgss java.transaction.xa java.sql java.sql.rowset java.xml.crypto java.se java.smartcardio jdk.accessibility jdk.internal.jvmstat jdk.attach jdk.charsets jdk.internal.opt jdk.zipfs jdk.compiler jdk.crypto.ec jdk.crypto.cryptoki jdk.crypto.mscapi jdk.dynalink jdk.internal.ed jdk.editpad jdk.hotspot.agent jdk.httpserver jdk.internal.le jdk.internal.vm.ci jdk.internal.vm.compiler jdk.internal.vm.compiler.management jdk.jartool jdk.javadoc jdk.jcmd jdk.management jdk.management.agent jdk.jconsole jdk.jdeps jdk.jdwp.agent jdk.jdi jdk.jfr jdk.jshell jdk.jsobject jdk.jstatd jdk.localedata jdk.management.jfr jdk.naming.dns jdk.naming.rmi jdk.net jdk.nio.mapmode jdk.random jdk.sctp jdk.security.auth jdk.security.jgss jdk.unsupported jdk.unsupported.desktop jdk.xml.dom" 

Environment Variables:
JAVA_HOME=C:\Users\DELL\AppData\Local\Programs\Eclipse Adoptium\jdk-17.0.19.10-hotspot\
PATH=C:\app\DELL\product\21c\dbhomeXE\bin;C:\Program Files\Common Files\Oracle\Java\javapath;C:\Program Files (x86)\Common Files\Oracle\Java\javapath;C:\WINDOWS\system32;C:\WINDOWS;C:\WINDOWS\System32\Wbem;C:\WINDOWS\System32\WindowsPowerShell\v1.0\;C:\WINDOWS\System32\OpenSSH\;C:\Program Files\dotnet\;C:\Program Files\Java\jdk-17\bin;C:\Program Files\MATLAB\R2025b\bin;C:\Program Files\Git\cmd;C:\Program Files\nodejs\;C:\Users\DELL\AppData\Local\Programs\Eclipse Adoptium\jdk-17.0.19.10-hotspot\bin;C:\Users\DELL\AppData\Local\pnpm\bin;C:\Users\DELL\AppData\Local\Programs\Eclipse Adoptium\jdk-21.0.4.7-hotspot\bin;C:\Users\DELL\AppData\Local\Microsoft\WindowsApps;C:\Users\DELL\AppData\Local\Programs\Microsoft VS Code\bin;C:\Users\DELL\AppData\Roaming\npm
USERNAME=DELL
OS=Windows_NT
PROCESSOR_IDENTIFIER=Intel64 Family 6 Model 142 Stepping 12, GenuineIntel
TMP=C:\Users\DELL\AppData\Local\Temp
TEMP=C:\Users\DELL\AppData\Local\Temp




Periodic native trim disabled

---------------  S Y S T E M  ---------------

OS:
 Windows 11 , 64 bit Build 26100 (10.0.26100.8521)
OS uptime: 0 days 1:08 hours

CPU: total 8 (initial active 8) (4 cores per cpu, 2 threads per core) family 6 model 142 stepping 12 microcode 0xde, cx8, cmov, fxsr, ht, mmx, 3dnowpref, sse, sse2, sse3, ssse3, sse4.1, sse4.2, popcnt, lzcnt, tsc, tscinvbit, avx, avx2, aes, erms, clmul, bmi1, bmi2, adx, fma, vzeroupper, clflush, clflushopt, rdtscp, f16c
Processor Information for the first 8 processors :
  Max Mhz: 2112, Current Mhz: 1609, Mhz Limit: 1605

Memory: 4k page, system-wide physical 7976M (1199M free)
TotalPageFile size 12072M (AvailPageFile size 563M)
current process WorkingSet (physical memory assigned to process): 718M, peak: 722M
current process commit charge ("private bytes"): 685M, peak: 687M

vm_info: OpenJDK 64-Bit Server VM (21.0.10+7-LTS) for windows-amd64 JRE (21.0.10+7-LTS), built on 2026-01-20T00:00:00Z by "admin" with MS VC++ 17.12 (VS2022)

END.
