#
# There is insufficient memory for the Java Runtime Environment to continue.
# Native memory allocation (malloc) failed to allocate 1048576 bytes. Error detail: AllocateHeap
# Possible reasons:
#   The system is out of physical RAM or swap space
#   This process is running with CompressedOops enabled, and the Java Heap may be blocking the growth of the native heap
# Possible solutions:
#   Reduce memory load on the system
#   Increase physical memory or swap space
#   Check if swap backing store is full
#   Decrease Java heap size (-Xmx/-Xms)
#   Decrease number of Java threads
#   Decrease Java thread stack sizes (-Xss)
#   Set larger code cache with -XX:ReservedCodeCacheSize=
#   JVM is running with Unscaled Compressed Oops mode in which the Java heap is
#     placed in the first 4GB address space. The Java Heap base address is the
#     maximum limit for the native heap growth. Please use -XX:HeapBaseMinAddress
#     to set the Java Heap base and to place the Java Heap above 4GB virtual address.
# This output file may be truncated or incomplete.
#
#  Out of Memory Error (allocation.cpp:44), pid=4148, tid=10116
#
# JRE version: OpenJDK Runtime Environment Temurin-21.0.10+7 (21.0.10+7) (build 21.0.10+7-LTS)
# Java VM: OpenJDK 64-Bit Server VM Temurin-21.0.10+7 (21.0.10+7-LTS, mixed mode, sharing, tiered, compressed oops, compressed class ptrs, parallel gc, windows-amd64)
# No core dump will be written. Minidumps are not enabled by default on client versions of Windows
#

---------------  S U M M A R Y ------------

Command Line: --add-modules=ALL-SYSTEM --add-opens=java.base/java.util=ALL-UNNAMED --add-opens=java.base/java.lang=ALL-UNNAMED --add-opens=java.base/sun.nio.fs=ALL-UNNAMED -Declipse.application=org.eclipse.jdt.ls.core.id1 -Dosgi.bundles.defaultStartLevel=4 -Declipse.product=org.eclipse.jdt.ls.core.product -Djava.import.generatesMetadataFilesAtProjectRoot=false -DDetectVMInstallationsJob.disabled=true -Dfile.encoding=utf8 -XX:+UseParallelGC -XX:GCTimeRatio=4 -XX:AdaptiveSizePolicyWeight=90 -Dsun.zip.disableMemoryMapping=true -Xmx2G -Xms100m -Xlog:disable -javaagent:c:\Users\DELL\.vscode\extensions\redhat.java-1.54.0-win32-x64\lombok\lombok-1.18.39-4050.jar -XX:+HeapDumpOnOutOfMemoryError -XX:HeapDumpPath=c:\Users\DELL\AppData\Roaming\Code\User\workspaceStorage\ed950ca12d2dff36b27a4ad597b79735\redhat.java -Daether.dependencyCollector.impl=bf c:\Users\DELL\.vscode\extensions\redhat.java-1.54.0-win32-x64\server\plugins\org.eclipse.equinox.launcher_1.7.100.v20251111-0406.jar -configuration c:\Users\DELL\AppData\Roaming\Code\User\globalStorage\redhat.java\1.54.0\config_win -data c:\Users\DELL\AppData\Roaming\Code\User\workspaceStorage\ed950ca12d2dff36b27a4ad597b79735\redhat.java\jdt_ws --pipe=\\.\pipe\lsp-60c18553f232130b4a71fd24283d07d2-sock

Host: Intel(R) Core(TM) i5-10210U CPU @ 1.60GHz, 8 cores, 7G,  Windows 11 , 64 bit Build 26100 (10.0.26100.8521)
Time: Wed Jun 17 10:24:34 2026 Hora est. Pac璗ico, Sudam廨ica elapsed time: 4370.750422 seconds (0d 1h 12m 50s)

---------------  T H R E A D  ---------------

Current thread (0x0000019d59fc4310):  JavaThread "Attach Listener" daemon [_thread_in_vm, id=10116, stack(0x0000005f38100000,0x0000005f38200000) (1024K)]

Stack: [0x0000005f38100000,0x0000005f38200000]
Native frames: (J=compiled Java code, j=interpreted, Vv=VM code, C=native code)
V  [jvm.dll+0x6d7a39]
V  [jvm.dll+0x8b4b26]
V  [jvm.dll+0x8b70de]
V  [jvm.dll+0x8b77c3]
V  [jvm.dll+0x284346]
V  [jvm.dll+0xc1277]
V  [jvm.dll+0x6d82e9]
V  [jvm.dll+0x1334a6]
V  [jvm.dll+0x3f857e]
V  [jvm.dll+0x85f59d]
V  [jvm.dll+0x6d626d]
C  [ucrtbase.dll+0x2cd30]
C  [KERNEL32.DLL+0x2e957]
C  [ntdll.dll+0x87c1c]


---------------  P R O C E S S  ---------------

Threads class SMR info:
_java_thread_list=0x0000019da66f4810, length=36, elements={
0x0000019d412bf080, 0x0000019d435fdb60, 0x0000019d59fbf830, 0x0000019d59fc17a0,
0x0000019d59fc4310, 0x0000019d59fc76d0, 0x0000019d59fc8bb0, 0x0000019d59fcdaa0,
0x0000019d59fe26d0, 0x0000019d9ca65e60, 0x0000019d9cb966a0, 0x0000019da1997c00,
0x0000019da186d8e0, 0x0000019da10eee60, 0x0000019da1653230, 0x0000019da19117c0,
0x0000019da1ce3360, 0x0000019da1ea9790, 0x0000019d9cb2b1d0, 0x0000019d9cb2cc10,
0x0000019d9cb2c580, 0x0000019d9cb2b860, 0x0000019d9cb2bef0, 0x0000019da1777030,
0x0000019da17776c0, 0x0000019da17769a0, 0x0000019da1777d50, 0x0000019da17783e0,
0x0000019da1775c80, 0x0000019da1778a70, 0x0000019da17755f0, 0x0000019da1779100,
0x0000019da177bef0, 0x0000019da177ab40, 0x0000019da52119b0, 0x0000019da52147a0
}

Java Threads: ( => current thread )
  0x0000019d412bf080 JavaThread "main"                              [_thread_blocked, id=10196, stack(0x0000005f37a00000,0x0000005f37b00000) (1024K)]
  0x0000019d435fdb60 JavaThread "Reference Handler"          daemon [_thread_blocked, id=8272, stack(0x0000005f37e00000,0x0000005f37f00000) (1024K)]
  0x0000019d59fbf830 JavaThread "Finalizer"                  daemon [_thread_blocked, id=10088, stack(0x0000005f37f00000,0x0000005f38000000) (1024K)]
  0x0000019d59fc17a0 JavaThread "Signal Dispatcher"          daemon [_thread_blocked, id=1208, stack(0x0000005f38000000,0x0000005f38100000) (1024K)]
=>0x0000019d59fc4310 JavaThread "Attach Listener"            daemon [_thread_in_vm, id=10116, stack(0x0000005f38100000,0x0000005f38200000) (1024K)]
  0x0000019d59fc76d0 JavaThread "Service Thread"             daemon [_thread_blocked, id=8316, stack(0x0000005f38200000,0x0000005f38300000) (1024K)]
  0x0000019d59fc8bb0 JavaThread "Monitor Deflation Thread"   daemon [_thread_blocked, id=1796, stack(0x0000005f38300000,0x0000005f38400000) (1024K)]
  0x0000019d59fcdaa0 JavaThread "C2 CompilerThread0"         daemon [_thread_blocked, id=9912, stack(0x0000005f38400000,0x0000005f38500000) (1024K)]
  0x0000019d59fe26d0 JavaThread "C1 CompilerThread0"         daemon [_thread_blocked, id=10096, stack(0x0000005f38500000,0x0000005f38600000) (1024K)]
  0x0000019d9ca65e60 JavaThread "Common-Cleaner"             daemon [_thread_blocked, id=6400, stack(0x0000005f38600000,0x0000005f38700000) (1024K)]
  0x0000019d9cb966a0 JavaThread "Notification Thread"        daemon [_thread_blocked, id=9972, stack(0x0000005f38700000,0x0000005f38800000) (1024K)]
  0x0000019da1997c00 JavaThread "Active Thread: Equinox Container: d8e7abd8-d514-4597-9e5c-484db24064f4"        [_thread_blocked, id=5504, stack(0x0000005f39000000,0x0000005f39100000) (1024K)]
  0x0000019da186d8e0 JavaThread "Refresh Thread: Equinox Container: d8e7abd8-d514-4597-9e5c-484db24064f4" daemon [_thread_blocked, id=16144, stack(0x0000005f38f00000,0x0000005f39000000) (1024K)]
  0x0000019da10eee60 JavaThread "Framework Event Dispatcher: Equinox Container: d8e7abd8-d514-4597-9e5c-484db24064f4" daemon [_thread_blocked, id=5104, stack(0x0000005f39100000,0x0000005f39200000) (1024K)]
  0x0000019da1653230 JavaThread "Start Level: Equinox Container: d8e7abd8-d514-4597-9e5c-484db24064f4" daemon [_thread_blocked, id=4548, stack(0x0000005f39200000,0x0000005f39300000) (1024K)]
  0x0000019da19117c0 JavaThread "Bundle File Closer"         daemon [_thread_blocked, id=14572, stack(0x0000005f39300000,0x0000005f39400000) (1024K)]
  0x0000019da1ce3360 JavaThread "SCR Component Actor"        daemon [_thread_blocked, id=10092, stack(0x0000005f39400000,0x0000005f39500000) (1024K)]
  0x0000019da1ea9790 JavaThread "Worker-JM"                         [_thread_blocked, id=12104, stack(0x0000005f39700000,0x0000005f39800000) (1024K)]
  0x0000019d9cb2b1d0 JavaThread "JNA Cleaner"                daemon [_thread_blocked, id=11004, stack(0x0000005f39500000,0x0000005f39600000) (1024K)]
  0x0000019d9cb2cc10 JavaThread "Worker-1"                          [_thread_blocked, id=11200, stack(0x0000005f39800000,0x0000005f39900000) (1024K)]
  0x0000019d9cb2c580 JavaThread "Java indexing"              daemon [_thread_blocked, id=3364, stack(0x0000005f39c00000,0x0000005f39d00000) (1024K)]
  0x0000019d9cb2b860 JavaThread "Worker-4"                          [_thread_blocked, id=13172, stack(0x0000005f3a000000,0x0000005f3a100000) (1024K)]
  0x0000019d9cb2bef0 JavaThread "Thread-1"                   daemon [_thread_in_native, id=15056, stack(0x0000005f3a200000,0x0000005f3a300000) (1024K)]
  0x0000019da1777030 JavaThread "Thread-2"                   daemon [_thread_in_native, id=14436, stack(0x0000005f3a300000,0x0000005f3a400000) (1024K)]
  0x0000019da17776c0 JavaThread "Thread-3"                   daemon [_thread_in_native, id=9288, stack(0x0000005f3a400000,0x0000005f3a500000) (1024K)]
  0x0000019da17769a0 JavaThread "Thread-4"                   daemon [_thread_in_native, id=19876, stack(0x0000005f3a500000,0x0000005f3a600000) (1024K)]
  0x0000019da1777d50 JavaThread "Thread-5"                   daemon [_thread_in_native, id=20324, stack(0x0000005f3a600000,0x0000005f3a700000) (1024K)]
  0x0000019da17783e0 JavaThread "Thread-6"                   daemon [_thread_in_native, id=15764, stack(0x0000005f3a700000,0x0000005f3a800000) (1024K)]
  0x0000019da1775c80 JavaThread "Thread-7"                   daemon [_thread_in_native, id=9656, stack(0x0000005f3a800000,0x0000005f3a900000) (1024K)]
  0x0000019da1778a70 JavaThread "Thread-8"                   daemon [_thread_in_native, id=14532, stack(0x0000005f3a900000,0x0000005f3aa00000) (1024K)]
  0x0000019da17755f0 JavaThread "Thread-9"                   daemon [_thread_in_native, id=9244, stack(0x0000005f3aa00000,0x0000005f3ab00000) (1024K)]
  0x0000019da1779100 JavaThread "pool-2-thread-1"                   [_thread_blocked, id=11788, stack(0x0000005f3ab00000,0x0000005f3ac00000) (1024K)]
  0x0000019da177bef0 JavaThread "WorkspaceEventsHandler"            [_thread_blocked, id=4256, stack(0x0000005f3ac00000,0x0000005f3ad00000) (1024K)]
  0x0000019da177ab40 JavaThread "pool-1-thread-1"                   [_thread_blocked, id=18864, stack(0x0000005f3ad00000,0x0000005f3ae00000) (1024K)]
  0x0000019da52119b0 JavaThread "Timer-0"                           [_thread_blocked, id=20120, stack(0x0000005f39900000,0x0000005f39a00000) (1024K)]
  0x0000019da52147a0 JavaThread "Cleaner-0"                  daemon [_thread_blocked, id=18868, stack(0x0000005f3ba00000,0x0000005f3bb00000) (1024K)]
Total: 36

Other Threads:
  0x0000019d59fb2620 VMThread "VM Thread"                           [id=8060, stack(0x0000005f37d00000,0x0000005f37e00000) (1024K)]
  0x0000019d59ecca10 WatcherThread "VM Periodic Task Thread"        [id=9328, stack(0x0000005f37c00000,0x0000005f37d00000) (1024K)]
  0x0000019d43560820 WorkerThread "GC Thread#0"                     [id=9116, stack(0x0000005f37b00000,0x0000005f37c00000) (1024K)]
  0x0000019da14ca850 WorkerThread "GC Thread#1"                     [id=6608, stack(0x0000005f38900000,0x0000005f38a00000) (1024K)]
  0x0000019da1488390 WorkerThread "GC Thread#2"                     [id=16356, stack(0x0000005f38a00000,0x0000005f38b00000) (1024K)]
  0x0000019da117f030 WorkerThread "GC Thread#3"                     [id=15304, stack(0x0000005f38b00000,0x0000005f38c00000) (1024K)]
  0x0000019da117f3e0 WorkerThread "GC Thread#4"                     [id=12060, stack(0x0000005f38c00000,0x0000005f38d00000) (1024K)]
  0x0000019da117f790 WorkerThread "GC Thread#5"                     [id=2360, stack(0x0000005f38d00000,0x0000005f38e00000) (1024K)]
  0x0000019da117fb40 WorkerThread "GC Thread#6"                     [id=5940, stack(0x0000005f38e00000,0x0000005f38f00000) (1024K)]
  0x0000019da1742d80 WorkerThread "GC Thread#7"                     [id=6304, stack(0x0000005f38800000,0x0000005f38900000) (1024K)]
Total: 10

Threads with active compile tasks:
Total: 0

VM state: not at safepoint (normal execution)

VM Mutex/Monitor currently owned by a thread: None

Heap address: 0x0000000080000000, size: 2048 MB, Compressed Oops mode: 32-bit

CDS archive(s) mapped at: [0x0000019d5a000000-0x0000019d5aba0000-0x0000019d5aba0000), size 12189696, SharedBaseAddress: 0x0000019d5a000000, ArchiveRelocationMode: 1.
Compressed class space mapped at: 0x0000019d5b000000-0x0000019d9b000000, reserved size: 1073741824
Narrow klass base: 0x0000019d5a000000, Narrow klass shift: 0, Narrow klass range: 0x100000000

GC Precious Log:
 CardTable entry size: 512
 CPUs: 8 total, 8 available
 Memory: 7976M
 Large Page Support: Disabled
 NUMA Support: Disabled
 Compressed Oops: Enabled (32-bit)
 Alignments: Space 512K, Generation 512K, Heap 2M
 Heap Min Capacity: 100M
 Heap Initial Capacity: 100M
 Heap Max Capacity: 2G
 Pre-touch: Disabled
 Parallel Workers: 8

Heap:
 PSYoungGen      total 6656K, used 6164K [0x00000000d5580000, 0x00000000d5f80000, 0x0000000100000000)
  eden space 5120K, 90% used [0x00000000d5580000,0x00000000d5a09098,0x00000000d5a80000)
  from space 1536K, 98% used [0x00000000d5a80000,0x00000000d5bfc250,0x00000000d5c00000)
  to   space 2560K, 0% used [0x00000000d5d00000,0x00000000d5d00000,0x00000000d5f80000)
 ParOldGen       total 179200K, used 178693K [0x0000000080000000, 0x000000008af00000, 0x00000000d5580000)
  object space 179200K, 99% used [0x0000000080000000,0x000000008ae815c8,0x000000008af00000)
 Metaspace       used 79099K, committed 80768K, reserved 1179648K
  class space    used 9018K, committed 9728K, reserved 1048576K

Card table byte_map: [0x0000019d42ee0000,0x0000019d432f0000] _byte_map_base: 0x0000019d42ae0000

Marking Bits: (ParMarkBitMap*) 0x00007fffe93e3450
 Begin Bits: [0x0000019d559f0000, 0x0000019d579f0000)
 End Bits:   [0x0000019d579f0000, 0x0000019d599f0000)

Polling page: 0x0000019d413d0000

Metaspace:

Usage:
  Non-class:     68.44 MB used.
      Class:      8.81 MB used.
       Both:     77.25 MB used.

Virtual space:
  Non-class space:      128.00 MB reserved,      69.38 MB ( 54%) committed,  2 nodes.
      Class space:        1.00 GB reserved,       9.50 MB ( <1%) committed,  1 nodes.
             Both:        1.12 GB reserved,      78.88 MB (  7%) committed. 

Chunk freelists:
   Non-Class:  10.05 MB
       Class:  6.42 MB
        Both:  16.47 MB

MaxMetaspaceSize: unlimited
CompressedClassSpaceSize: 1.00 GB
Initial GC threshold: 21.00 MB
Current GC threshold: 97.31 MB
CDS: on
 - commit_granule_bytes: 65536.
 - commit_granule_words: 8192.
 - virtual_space_node_default_size: 8388608.
 - enlarge_chunks_in_place: 1.
 - use_allocation_guard: 0.


Internal statistics:

num_allocs_failed_limit: 9.
num_arena_births: 1348.
num_arena_deaths: 24.
num_vsnodes_births: 3.
num_vsnodes_deaths: 0.
num_space_committed: 1262.
num_space_uncommitted: 0.
num_chunks_returned_to_freelist: 37.
num_chunks_taken_from_freelist: 4761.
num_chunk_merges: 8.
num_chunk_splits: 2980.
num_chunks_enlarged: 1791.
num_inconsistent_stats: 0.

CodeHeap 'non-profiled nmethods': size=120000Kb used=7280Kb max_used=7280Kb free=112719Kb
 bounds [0x0000019d4e210000, 0x0000019d4e930000, 0x0000019d55740000]
CodeHeap 'profiled nmethods': size=120000Kb used=21444Kb max_used=21444Kb free=98555Kb
 bounds [0x0000019d46740000, 0x0000019d47c40000, 0x0000019d4dc70000]
CodeHeap 'non-nmethods': size=5760Kb used=1503Kb max_used=1578Kb free=4256Kb
 bounds [0x0000019d4dc70000, 0x0000019d4dee0000, 0x0000019d4e210000]
CodeCache: size=245760Kb, used=30227Kb, max_used=30302Kb, free=215530Kb
 total_blobs=10565, nmethods=9737, adapters=732, full_count=0
Compilation: enabled, stopped_count=0, restarted_count=0

Compilation events (20 events):
Event: 3664.376 Thread 0x0000019d59fe26d0 10481       3       java.util.concurrent.locks.AbstractQueuedSynchronizer$ConditionObject::await (202 bytes)
Event: 3664.377 Thread 0x0000019d59fe26d0 nmethod 10481 0x0000019d47c28190 code [0x0000019d47c28480, 0x0000019d47c292b0]
Event: 3705.924 Thread 0x0000019d59fe26d0 10482       3       java.lang.ref.ReferenceQueue::await (15 bytes)
Event: 3705.924 Thread 0x0000019d59fe26d0 nmethod 10482 0x0000019d47c29890 code [0x0000019d47c29a40, 0x0000019d47c29be0]
Event: 3874.382 Thread 0x0000019d59fe26d0 10483       1       com.sun.jna.internal.Cleaner::access$200 (5 bytes)
Event: 3874.385 Thread 0x0000019d59fe26d0 nmethod 10483 0x0000019d4e92bd90 code [0x0000019d4e92bf20, 0x0000019d4e92bfd0]
Event: 3874.717 Thread 0x0000019d59fe26d0 10484       3       java.lang.ProcessHandleImpl::get (51 bytes)
Event: 3874.721 Thread 0x0000019d59fe26d0 nmethod 10484 0x0000019d47c29d10 code [0x0000019d47c29f20, 0x0000019d47c2a528]
Event: 3874.721 Thread 0x0000019d59fe26d0 10485       3       java.lang.ProcessHandleImpl::isAlive (44 bytes)
Event: 3874.721 Thread 0x0000019d59fe26d0 nmethod 10485 0x0000019d47c2a790 code [0x0000019d47c2a940, 0x0000019d47c2aba0]
Event: 3931.416 Thread 0x0000019d59fe26d0 10487   !   3       org.eclipse.core.internal.jobs.JobManager::nextJob (291 bytes)
Event: 3931.445 Thread 0x0000019d59fe26d0 nmethod 10487 0x0000019d47c2ac90 code [0x0000019d47c2b120, 0x0000019d47c2d258]
Event: 3931.445 Thread 0x0000019d59fe26d0 10486       3       org.eclipse.core.internal.jobs.JobManager::startJob (89 bytes)
Event: 3931.447 Thread 0x0000019d59fe26d0 nmethod 10486 0x0000019d47c2e390 code [0x0000019d47c2e640, 0x0000019d47c2f4a0]
Event: 3931.466 Thread 0x0000019d59fe26d0 10488       3       org.eclipse.core.internal.jobs.InternalJob::internalGetState (9 bytes)
Event: 3931.466 Thread 0x0000019d59fe26d0 nmethod 10488 0x0000019d47c2f910 code [0x0000019d47c2faa0, 0x0000019d47c2fbb0]
Event: 3931.466 Thread 0x0000019d59fe26d0 10489   !   3       org.eclipse.core.internal.jobs.JobManager::sleepHint (67 bytes)
Event: 3931.467 Thread 0x0000019d59fe26d0 nmethod 10489 0x0000019d47c2fc90 code [0x0000019d47c2ff00, 0x0000019d47c309d0]
Event: 3931.467 Thread 0x0000019d59fe26d0 10490       3       org.eclipse.core.internal.jobs.JobQueue::isEmpty (18 bytes)
Event: 3931.467 Thread 0x0000019d59fe26d0 nmethod 10490 0x0000019d47c30e90 code [0x0000019d47c31040, 0x0000019d47c311d0]

GC Heap History (20 events):
Event: 54.703 GC heap before
{Heap before GC invocations=205 (full 3):
 PSYoungGen      total 6144K, used 5594K [0x00000000d5580000, 0x00000000d5c80000, 0x0000000100000000)
  eden space 5120K, 99% used [0x00000000d5580000,0x00000000d5a7ffd0,0x00000000d5a80000)
  from space 1024K, 46% used [0x00000000d5a80000,0x00000000d5af6a70,0x00000000d5b80000)
  to   space 512K, 0% used [0x00000000d5c00000,0x00000000d5c00000,0x00000000d5c80000)
 ParOldGen       total 174592K, used 174516K [0x0000000080000000, 0x000000008aa80000, 0x00000000d5580000)
  object space 174592K, 99% used [0x0000000080000000,0x000000008aa6d1e8,0x000000008aa80000)
 Metaspace       used 75928K, committed 77440K, reserved 1179648K
  class space    used 8721K, committed 9344K, reserved 1048576K
}
Event: 54.705 GC heap after
{Heap after GC invocations=205 (full 3):
 PSYoungGen      total 5632K, used 502K [0x00000000d5580000, 0x00000000d5d80000, 0x0000000100000000)
  eden space 5120K, 0% used [0x00000000d5580000,0x00000000d5580000,0x00000000d5a80000)
  from space 512K, 98% used [0x00000000d5c00000,0x00000000d5c7dbc8,0x00000000d5c80000)
  to   space 1536K, 0% used [0x00000000d5a80000,0x00000000d5a80000,0x00000000d5c00000)
 ParOldGen       total 175616K, used 175216K [0x0000000080000000, 0x000000008ab80000, 0x00000000d5580000)
  object space 175616K, 99% used [0x0000000080000000,0x000000008ab1c228,0x000000008ab80000)
 Metaspace       used 75928K, committed 77440K, reserved 1179648K
  class space    used 8721K, committed 9344K, reserved 1048576K
}
Event: 55.036 GC heap before
{Heap before GC invocations=206 (full 3):
 PSYoungGen      total 5632K, used 5622K [0x00000000d5580000, 0x00000000d5d80000, 0x0000000100000000)
  eden space 5120K, 100% used [0x00000000d5580000,0x00000000d5a80000,0x00000000d5a80000)
  from space 512K, 98% used [0x00000000d5c00000,0x00000000d5c7dbc8,0x00000000d5c80000)
  to   space 1536K, 0% used [0x00000000d5a80000,0x00000000d5a80000,0x00000000d5c00000)
 ParOldGen       total 175616K, used 175216K [0x0000000080000000, 0x000000008ab80000, 0x00000000d5580000)
  object space 175616K, 99% used [0x0000000080000000,0x000000008ab1c228,0x000000008ab80000)
 Metaspace       used 76286K, committed 77824K, reserved 1179648K
  class space    used 8749K, committed 9408K, reserved 1048576K
}
Event: 55.038 GC heap after
{Heap after GC invocations=206 (full 3):
 PSYoungGen      total 6656K, used 1408K [0x00000000d5580000, 0x00000000d5d80000, 0x0000000100000000)
  eden space 5120K, 0% used [0x00000000d5580000,0x00000000d5580000,0x00000000d5a80000)
  from space 1536K, 91% used [0x00000000d5a80000,0x00000000d5be0000,0x00000000d5c00000)
  to   space 1536K, 0% used [0x00000000d5c00000,0x00000000d5c00000,0x00000000d5d80000)
 ParOldGen       total 176128K, used 175665K [0x0000000080000000, 0x000000008ac00000, 0x00000000d5580000)
  object space 176128K, 99% used [0x0000000080000000,0x000000008ab8c730,0x000000008ac00000)
 Metaspace       used 76286K, committed 77824K, reserved 1179648K
  class space    used 8749K, committed 9408K, reserved 1048576K
}
Event: 55.568 GC heap before
{Heap before GC invocations=207 (full 3):
 PSYoungGen      total 6656K, used 6528K [0x00000000d5580000, 0x00000000d5d80000, 0x0000000100000000)
  eden space 5120K, 100% used [0x00000000d5580000,0x00000000d5a80000,0x00000000d5a80000)
  from space 1536K, 91% used [0x00000000d5a80000,0x00000000d5be0000,0x00000000d5c00000)
  to   space 1536K, 0% used [0x00000000d5c00000,0x00000000d5c00000,0x00000000d5d80000)
 ParOldGen       total 176128K, used 175665K [0x0000000080000000, 0x000000008ac00000, 0x00000000d5580000)
  object space 176128K, 99% used [0x0000000080000000,0x000000008ab8c730,0x000000008ac00000)
 Metaspace       used 76972K, committed 78528K, reserved 1179648K
  class space    used 8801K, committed 9472K, reserved 1048576K
}
Event: 55.570 GC heap after
{Heap after GC invocations=207 (full 3):
 PSYoungGen      total 6144K, used 512K [0x00000000d5580000, 0x00000000d5d00000, 0x0000000100000000)
  eden space 5120K, 0% used [0x00000000d5580000,0x00000000d5580000,0x00000000d5a80000)
  from space 1024K, 50% used [0x00000000d5c00000,0x00000000d5c80020,0x00000000d5d00000)
  to   space 1024K, 0% used [0x00000000d5b00000,0x00000000d5b00000,0x00000000d5c00000)
 ParOldGen       total 176640K, used 176425K [0x0000000080000000, 0x000000008ac80000, 0x00000000d5580000)
  object space 176640K, 99% used [0x0000000080000000,0x000000008ac4a730,0x000000008ac80000)
 Metaspace       used 76972K, committed 78528K, reserved 1179648K
  class space    used 8801K, committed 9472K, reserved 1048576K
}
Event: 55.888 GC heap before
{Heap before GC invocations=208 (full 3):
 PSYoungGen      total 6144K, used 5632K [0x00000000d5580000, 0x00000000d5d00000, 0x0000000100000000)
  eden space 5120K, 100% used [0x00000000d5580000,0x00000000d5a80000,0x00000000d5a80000)
  from space 1024K, 50% used [0x00000000d5c00000,0x00000000d5c80020,0x00000000d5d00000)
  to   space 1024K, 0% used [0x00000000d5b00000,0x00000000d5b00000,0x00000000d5c00000)
 ParOldGen       total 176640K, used 176425K [0x0000000080000000, 0x000000008ac80000, 0x00000000d5580000)
  object space 176640K, 99% used [0x0000000080000000,0x000000008ac4a730,0x000000008ac80000)
 Metaspace       used 77156K, committed 78656K, reserved 1179648K
  class space    used 8840K, committed 9472K, reserved 1048576K
}
Event: 55.890 GC heap after
{Heap after GC invocations=208 (full 3):
 PSYoungGen      total 6144K, used 1003K [0x00000000d5580000, 0x00000000d5e80000, 0x0000000100000000)
  eden space 5120K, 0% used [0x00000000d5580000,0x00000000d5580000,0x00000000d5a80000)
  from space 1024K, 97% used [0x00000000d5b00000,0x00000000d5bfac20,0x00000000d5c00000)
  to   space 2048K, 0% used [0x00000000d5c80000,0x00000000d5c80000,0x00000000d5e80000)
 ParOldGen       total 177152K, used 176939K [0x0000000080000000, 0x000000008ad00000, 0x00000000d5580000)
  object space 177152K, 99% used [0x0000000080000000,0x000000008accafd0,0x000000008ad00000)
 Metaspace       used 77156K, committed 78656K, reserved 1179648K
  class space    used 8840K, committed 9472K, reserved 1048576K
}
Event: 57.936 GC heap before
{Heap before GC invocations=209 (full 3):
 PSYoungGen      total 6144K, used 6123K [0x00000000d5580000, 0x00000000d5e80000, 0x0000000100000000)
  eden space 5120K, 100% used [0x00000000d5580000,0x00000000d5a80000,0x00000000d5a80000)
  from space 1024K, 97% used [0x00000000d5b00000,0x00000000d5bfac20,0x00000000d5c00000)
  to   space 2048K, 0% used [0x00000000d5c80000,0x00000000d5c80000,0x00000000d5e80000)
 ParOldGen       total 177152K, used 176939K [0x0000000080000000, 0x000000008ad00000, 0x00000000d5580000)
  object space 177152K, 99% used [0x0000000080000000,0x000000008accafd0,0x000000008ad00000)
 Metaspace       used 77506K, committed 79040K, reserved 1179648K
  class space    used 8871K, committed 9536K, reserved 1048576K
}
Event: 57.938 GC heap after
{Heap after GC invocations=209 (full 3):
 PSYoungGen      total 5632K, used 288K [0x00000000d5580000, 0x00000000d5d00000, 0x0000000100000000)
  eden space 5120K, 0% used [0x00000000d5580000,0x00000000d5580000,0x00000000d5a80000)
  from space 512K, 56% used [0x00000000d5c80000,0x00000000d5cc8000,0x00000000d5d00000)
  to   space 1024K, 0% used [0x00000000d5b00000,0x00000000d5b00000,0x00000000d5c00000)
 ParOldGen       total 177152K, used 177083K [0x0000000080000000, 0x000000008ad00000, 0x00000000d5580000)
  object space 177152K, 99% used [0x0000000080000000,0x000000008aceefd0,0x000000008ad00000)
 Metaspace       used 77506K, committed 79040K, reserved 1179648K
  class space    used 8871K, committed 9536K, reserved 1048576K
}
Event: 71.179 GC heap before
{Heap before GC invocations=210 (full 3):
 PSYoungGen      total 5632K, used 5408K [0x00000000d5580000, 0x00000000d5d00000, 0x0000000100000000)
  eden space 5120K, 100% used [0x00000000d5580000,0x00000000d5a80000,0x00000000d5a80000)
  from space 512K, 56% used [0x00000000d5c80000,0x00000000d5cc8000,0x00000000d5d00000)
  to   space 1024K, 0% used [0x00000000d5b00000,0x00000000d5b00000,0x00000000d5c00000)
 ParOldGen       total 177152K, used 177083K [0x0000000080000000, 0x000000008ad00000, 0x00000000d5580000)
  object space 177152K, 99% used [0x0000000080000000,0x000000008aceefd0,0x000000008ad00000)
 Metaspace       used 77861K, committed 79360K, reserved 1179648K
  class space    used 8911K, committed 9536K, reserved 1048576K
}
Event: 71.180 GC heap after
{Heap after GC invocations=210 (full 3):
 PSYoungGen      total 6144K, used 224K [0x00000000d5580000, 0x00000000d5d00000, 0x0000000100000000)
  eden space 5120K, 0% used [0x00000000d5580000,0x00000000d5580000,0x00000000d5a80000)
  from space 1024K, 21% used [0x00000000d5b00000,0x00000000d5b38000,0x00000000d5c00000)
  to   space 512K, 0% used [0x00000000d5c80000,0x00000000d5c80000,0x00000000d5d00000)
 ParOldGen       total 177664K, used 177203K [0x0000000080000000, 0x000000008ad80000, 0x00000000d5580000)
  object space 177664K, 99% used [0x0000000080000000,0x000000008ad0cfd0,0x000000008ad80000)
 Metaspace       used 77861K, committed 79360K, reserved 1179648K
  class space    used 8911K, committed 9536K, reserved 1048576K
}
Event: 105.885 GC heap before
{Heap before GC invocations=211 (full 3):
 PSYoungGen      total 6144K, used 5344K [0x00000000d5580000, 0x00000000d5d00000, 0x0000000100000000)
  eden space 5120K, 100% used [0x00000000d5580000,0x00000000d5a80000,0x00000000d5a80000)
  from space 1024K, 21% used [0x00000000d5b00000,0x00000000d5b38000,0x00000000d5c00000)
  to   space 512K, 0% used [0x00000000d5c80000,0x00000000d5c80000,0x00000000d5d00000)
 ParOldGen       total 177664K, used 177203K [0x0000000080000000, 0x000000008ad80000, 0x00000000d5580000)
  object space 177664K, 99% used [0x0000000080000000,0x000000008ad0cfd0,0x000000008ad80000)
 Metaspace       used 78232K, committed 79744K, reserved 1179648K
  class space    used 8934K, committed 9600K, reserved 1048576K
}
Event: 105.886 GC heap after
{Heap after GC invocations=211 (full 3):
 PSYoungGen      total 5632K, used 273K [0x00000000d5580000, 0x00000000d5d00000, 0x0000000100000000)
  eden space 5120K, 0% used [0x00000000d5580000,0x00000000d5580000,0x00000000d5a80000)
  from space 512K, 53% used [0x00000000d5c80000,0x00000000d5cc4610,0x00000000d5d00000)
  to   space 512K, 0% used [0x00000000d5c00000,0x00000000d5c00000,0x00000000d5c80000)
 ParOldGen       total 177664K, used 177291K [0x0000000080000000, 0x000000008ad80000, 0x00000000d5580000)
  object space 177664K, 99% used [0x0000000080000000,0x000000008ad22fd0,0x000000008ad80000)
 Metaspace       used 78232K, committed 79744K, reserved 1179648K
  class space    used 8934K, committed 9600K, reserved 1048576K
}
Event: 107.801 GC heap before
{Heap before GC invocations=212 (full 3):
 PSYoungGen      total 5632K, used 5393K [0x00000000d5580000, 0x00000000d5d00000, 0x0000000100000000)
  eden space 5120K, 100% used [0x00000000d5580000,0x00000000d5a80000,0x00000000d5a80000)
  from space 512K, 53% used [0x00000000d5c80000,0x00000000d5cc4610,0x00000000d5d00000)
  to   space 512K, 0% used [0x00000000d5c00000,0x00000000d5c00000,0x00000000d5c80000)
 ParOldGen       total 177664K, used 177291K [0x0000000080000000, 0x000000008ad80000, 0x00000000d5580000)
  object space 177664K, 99% used [0x0000000080000000,0x000000008ad22fd0,0x000000008ad80000)
 Metaspace       used 78366K, committed 79936K, reserved 1179648K
  class space    used 8947K, committed 9664K, reserved 1048576K
}
Event: 107.803 GC heap after
{Heap after GC invocations=212 (full 3):
 PSYoungGen      total 5632K, used 512K [0x00000000d5580000, 0x00000000d5d00000, 0x0000000100000000)
  eden space 5120K, 0% used [0x00000000d5580000,0x00000000d5580000,0x00000000d5a80000)
  from space 512K, 100% used [0x00000000d5c00000,0x00000000d5c80000,0x00000000d5c80000)
  to   space 512K, 0% used [0x00000000d5c80000,0x00000000d5c80000,0x00000000d5d00000)
 ParOldGen       total 177664K, used 177404K [0x0000000080000000, 0x000000008ad80000, 0x00000000d5580000)
  object space 177664K, 99% used [0x0000000080000000,0x000000008ad3f3e0,0x000000008ad80000)
 Metaspace       used 78366K, committed 79936K, reserved 1179648K
  class space    used 8947K, committed 9664K, reserved 1048576K
}
Event: 107.908 GC heap before
{Heap before GC invocations=213 (full 3):
 PSYoungGen      total 5632K, used 4938K [0x00000000d5580000, 0x00000000d5d00000, 0x0000000100000000)
  eden space 5120K, 86% used [0x00000000d5580000,0x00000000d59d2b30,0x00000000d5a80000)
  from space 512K, 100% used [0x00000000d5c00000,0x00000000d5c80000,0x00000000d5c80000)
  to   space 512K, 0% used [0x00000000d5c80000,0x00000000d5c80000,0x00000000d5d00000)
 ParOldGen       total 177664K, used 177404K [0x0000000080000000, 0x000000008ad80000, 0x00000000d5580000)
  object space 177664K, 99% used [0x0000000080000000,0x000000008ad3f3e0,0x000000008ad80000)
 Metaspace       used 78439K, committed 80064K, reserved 1179648K
  class space    used 8953K, committed 9664K, reserved 1048576K
}
Event: 107.910 GC heap after
{Heap after GC invocations=213 (full 3):
 PSYoungGen      total 5632K, used 509K [0x00000000d5580000, 0x00000000d5d80000, 0x0000000100000000)
  eden space 5120K, 0% used [0x00000000d5580000,0x00000000d5580000,0x00000000d5a80000)
  from space 512K, 99% used [0x00000000d5c80000,0x00000000d5cff5c0,0x00000000d5d00000)
  to   space 1536K, 0% used [0x00000000d5a80000,0x00000000d5a80000,0x00000000d5c00000)
 ParOldGen       total 178176K, used 178174K [0x0000000080000000, 0x000000008ae00000, 0x00000000d5580000)
  object space 178176K, 99% used [0x0000000080000000,0x000000008adffbb8,0x000000008ae00000)
 Metaspace       used 78439K, committed 80064K, reserved 1179648K
  class space    used 8953K, committed 9664K, reserved 1048576K
}
Event: 107.992 GC heap before
{Heap before GC invocations=214 (full 3):
 PSYoungGen      total 5632K, used 5629K [0x00000000d5580000, 0x00000000d5d80000, 0x0000000100000000)
  eden space 5120K, 100% used [0x00000000d5580000,0x00000000d5a80000,0x00000000d5a80000)
  from space 512K, 99% used [0x00000000d5c80000,0x00000000d5cff5c0,0x00000000d5d00000)
  to   space 1536K, 0% used [0x00000000d5a80000,0x00000000d5a80000,0x00000000d5c00000)
 ParOldGen       total 178176K, used 178174K [0x0000000080000000, 0x000000008ae00000, 0x00000000d5580000)
  object space 178176K, 99% used [0x0000000080000000,0x000000008adffbb8,0x000000008ae00000)
 Metaspace       used 78660K, committed 80256K, reserved 1179648K
  class space    used 8965K, committed 9664K, reserved 1048576K
}
Event: 107.994 GC heap after
{Heap after GC invocations=214 (full 3):
 PSYoungGen      total 6656K, used 1520K [0x00000000d5580000, 0x00000000d5f80000, 0x0000000100000000)
  eden space 5120K, 0% used [0x00000000d5580000,0x00000000d5580000,0x00000000d5a80000)
  from space 1536K, 98% used [0x00000000d5a80000,0x00000000d5bfc250,0x00000000d5c00000)
  to   space 2560K, 0% used [0x00000000d5d00000,0x00000000d5d00000,0x00000000d5f80000)
 ParOldGen       total 179200K, used 178693K [0x0000000080000000, 0x000000008af00000, 0x00000000d5580000)
  object space 179200K, 99% used [0x0000000080000000,0x000000008ae815c8,0x000000008af00000)
 Metaspace       used 78660K, committed 80256K, reserved 1179648K
  class space    used 8965K, committed 9664K, reserved 1048576K
}

Dll operation events (15 events):
Event: 0.015 Loaded shared library c:\Users\DELL\.vscode\extensions\redhat.java-1.54.0-win32-x64\jre\21.0.10-win32-x86_64\bin\java.dll
Event: 0.089 Loaded shared library c:\Users\DELL\.vscode\extensions\redhat.java-1.54.0-win32-x64\jre\21.0.10-win32-x86_64\bin\zip.dll
Event: 0.116 Loaded shared library C:\Users\DELL\.vscode\extensions\redhat.java-1.54.0-win32-x64\jre\21.0.10-win32-x86_64\bin\instrument.dll
Event: 0.122 Loaded shared library C:\Users\DELL\.vscode\extensions\redhat.java-1.54.0-win32-x64\jre\21.0.10-win32-x86_64\bin\net.dll
Event: 0.125 Loaded shared library C:\Users\DELL\.vscode\extensions\redhat.java-1.54.0-win32-x64\jre\21.0.10-win32-x86_64\bin\nio.dll
Event: 0.131 Loaded shared library C:\Users\DELL\.vscode\extensions\redhat.java-1.54.0-win32-x64\jre\21.0.10-win32-x86_64\bin\zip.dll
Event: 0.152 Loaded shared library C:\Users\DELL\.vscode\extensions\redhat.java-1.54.0-win32-x64\jre\21.0.10-win32-x86_64\bin\jimage.dll
Event: 0.243 Loaded shared library c:\Users\DELL\.vscode\extensions\redhat.java-1.54.0-win32-x64\jre\21.0.10-win32-x86_64\bin\verify.dll
Event: 14.396 Loaded shared library C:\Users\DELL\AppData\Roaming\Code\User\globalStorage\redhat.java\1.54.0\config_win\org.eclipse.equinox.launcher\org.eclipse.equinox.launcher.win32.win32.x86_64_1.3.0.v20260203-2149\eclipse_11919.dll
Event: 31.205 Loaded shared library C:\Users\DELL\AppData\Local\Temp\jna-2094529\jna245145600793384453.dll
Event: 34.114 Loaded shared library C:\Users\DELL\.vscode\extensions\redhat.java-1.54.0-win32-x64\jre\21.0.10-win32-x86_64\bin\sunmscapi.dll
Event: 35.018 Loaded shared library C:\Users\DELL\.vscode\extensions\redhat.java-1.54.0-win32-x64\jre\21.0.10-win32-x86_64\bin\extnet.dll
Event: 39.145 Loaded shared library C:\Users\DELL\.gradle\native\660c5614fbf4a5f2a75b1949f50a0caf5cd603558e7d8a26e50b933a0cfb79d1\windows-amd64\native-platform.dll
Event: 39.794 Loaded shared library C:\Users\DELL\.vscode\extensions\redhat.java-1.54.0-win32-x64\jre\21.0.10-win32-x86_64\bin\management.dll
Event: 39.797 Loaded shared library C:\Users\DELL\.vscode\extensions\redhat.java-1.54.0-win32-x64\jre\21.0.10-win32-x86_64\bin\management_ext.dll

Deoptimization events (20 events):
Event: 107.855 Thread 0x0000019da5214110 DEOPT PACKING pc=0x0000019d475e3239 sp=0x0000005f377fccc0
Event: 107.855 Thread 0x0000019da5214110 DEOPT UNPACKING pc=0x0000019d4dcc4242 sp=0x0000005f377fc1c0 mode 0
Event: 107.866 Thread 0x0000019da5214110 DEOPT PACKING pc=0x0000019d475e3239 sp=0x0000005f377fcd20
Event: 107.866 Thread 0x0000019da5214110 DEOPT UNPACKING pc=0x0000019d4dcc4242 sp=0x0000005f377fc220 mode 0
Event: 107.876 Thread 0x0000019da5214110 DEOPT PACKING pc=0x0000019d475e3239 sp=0x0000005f377fcd20
Event: 107.876 Thread 0x0000019da5214110 DEOPT UNPACKING pc=0x0000019d4dcc4242 sp=0x0000005f377fc220 mode 0
Event: 107.885 Thread 0x0000019da5214110 DEOPT PACKING pc=0x0000019d475e3239 sp=0x0000005f377fccc0
Event: 107.885 Thread 0x0000019da5214110 DEOPT UNPACKING pc=0x0000019d4dcc4242 sp=0x0000005f377fc1c0 mode 0
Event: 107.900 Thread 0x0000019da5214110 DEOPT PACKING pc=0x0000019d475e3239 sp=0x0000005f377fcdb0
Event: 107.900 Thread 0x0000019da5214110 DEOPT UNPACKING pc=0x0000019d4dcc4242 sp=0x0000005f377fc2b0 mode 0
Event: 107.911 Thread 0x0000019da5214110 DEOPT PACKING pc=0x0000019d477d8be7 sp=0x0000005f377fca00
Event: 107.911 Thread 0x0000019da5214110 DEOPT UNPACKING pc=0x0000019d4dcc4242 sp=0x0000005f377fbf70 mode 0
Event: 107.920 Thread 0x0000019da5214110 Uncommon trap: trap_request=0xffffff45 fr.pc=0x0000019d4e5ffe84 relative=0x0000000000000ce4
Event: 107.920 Thread 0x0000019da5214110 Uncommon trap: reason=unstable_if action=reinterpret pc=0x0000019d4e5ffe84 method=java.util.jar.JarFile.getVersionedEntry(Ljava/lang/String;Ljava/util/jar/JarEntry;)Ljava/util/jar/JarEntry; @ 57 c2
Event: 107.920 Thread 0x0000019da5214110 DEOPT PACKING pc=0x0000019d4e5ffe84 sp=0x0000005f377fd230
Event: 107.920 Thread 0x0000019da5214110 DEOPT UNPACKING pc=0x0000019d4dcc3aa2 sp=0x0000005f377fd1f0 mode 2
Event: 107.929 Thread 0x0000019da5214110 DEOPT PACKING pc=0x0000019d475e3239 sp=0x0000005f377fce20
Event: 107.929 Thread 0x0000019da5214110 DEOPT UNPACKING pc=0x0000019d4dcc4242 sp=0x0000005f377fc320 mode 0
Event: 107.942 Thread 0x0000019da5214110 DEOPT PACKING pc=0x0000019d475e3239 sp=0x0000005f377fcdb0
Event: 107.942 Thread 0x0000019da5214110 DEOPT UNPACKING pc=0x0000019d4dcc4242 sp=0x0000005f377fc2b0 mode 0

Classes loaded (20 events):
Event: 107.722 Loading class java/io/ObjectStreamClass$3
Event: 107.722 Loading class java/io/ObjectStreamClass$3 done
Event: 107.722 Loading class java/io/ObjectStreamClass$4
Event: 107.722 Loading class java/io/ObjectStreamClass$4 done
Event: 107.723 Loading class java/io/ObjectStreamClass$5
Event: 107.723 Loading class java/io/ObjectStreamClass$5 done
Event: 107.791 Loading class java/io/ObjectStreamClass$ExceptionInfo
Event: 107.791 Loading class java/io/ObjectStreamClass$ExceptionInfo done
Event: 108.046 Loading class sun/reflect/generics/tree/IntSignature
Event: 108.046 Loading class sun/reflect/generics/tree/IntSignature done
Event: 108.082 Loading class java/util/stream/ReduceOps$5
Event: 108.082 Loading class java/util/stream/ReduceOps$5 done
Event: 108.082 Loading class java/util/stream/ReduceOps$CountingSink$OfRef
Event: 108.082 Loading class java/util/stream/ReduceOps$CountingSink
Event: 108.083 Loading class java/util/stream/ReduceOps$CountingSink done
Event: 108.083 Loading class java/util/stream/ReduceOps$CountingSink$OfRef done
Event: 108.297 Loading class java/util/stream/ReduceOps$1
Event: 108.298 Loading class java/util/stream/ReduceOps$1 done
Event: 108.298 Loading class java/util/stream/ReduceOps$1ReducingSink
Event: 108.298 Loading class java/util/stream/ReduceOps$1ReducingSink done

Classes unloaded (12 events):
Event: 32.270 Thread 0x0000019d59fb2620 Unloading class 0x0000019d5b1ac000 'java/lang/invoke/LambdaForm$MH+0x0000019d5b1ac000'
Event: 32.270 Thread 0x0000019d59fb2620 Unloading class 0x0000019d5b1abc00 'java/lang/invoke/LambdaForm$MH+0x0000019d5b1abc00'
Event: 32.270 Thread 0x0000019d59fb2620 Unloading class 0x0000019d5b1ab800 'java/lang/invoke/LambdaForm$MH+0x0000019d5b1ab800'
Event: 32.270 Thread 0x0000019d59fb2620 Unloading class 0x0000019d5b1ab400 'java/lang/invoke/LambdaForm$MH+0x0000019d5b1ab400'
Event: 32.270 Thread 0x0000019d59fb2620 Unloading class 0x0000019d5b1ab000 'java/lang/invoke/LambdaForm$BMH+0x0000019d5b1ab000'
Event: 32.270 Thread 0x0000019d59fb2620 Unloading class 0x0000019d5b1aac00 'java/lang/invoke/LambdaForm$DMH+0x0000019d5b1aac00'
Event: 32.270 Thread 0x0000019d59fb2620 Unloading class 0x0000019d5b1a9800 'java/lang/invoke/LambdaForm$DMH+0x0000019d5b1a9800'
Event: 34.237 Thread 0x0000019d59fb2620 Unloading class 0x0000019d5b320400 'java/lang/invoke/LambdaForm$MH+0x0000019d5b320400'
Event: 34.237 Thread 0x0000019d59fb2620 Unloading class 0x0000019d5b31bc00 'java/lang/invoke/LambdaForm$MH+0x0000019d5b31bc00'
Event: 34.237 Thread 0x0000019d59fb2620 Unloading class 0x0000019d5b31b000 'java/lang/invoke/LambdaForm$MH+0x0000019d5b31b000'
Event: 34.237 Thread 0x0000019d59fb2620 Unloading class 0x0000019d5b31a800 'java/lang/invoke/LambdaForm$DMH+0x0000019d5b31a800'
Event: 34.237 Thread 0x0000019d59fb2620 Unloading class 0x0000019d5b319c00 'java/lang/invoke/LambdaForm$MH+0x0000019d5b319c00'

Classes redefined (0 events):
No events

Internal exceptions (20 events):
Event: 57.893 Thread 0x0000019da52126d0 Exception <a 'java/lang/NoSuchMethodError'{0x00000000d599b2d0}: 'java.lang.Object java.lang.invoke.DirectMethodHandle$Holder.invokeSpecial(java.lang.Object, java.lang.Object, java.lang.Object, java.lang.Object, int, java.lang.Object, java.lang.Object)'> (0x00000000d599b2d0) 
thrown [s\src\hotspot\share\interpreter\linkResolver.cpp, line 773]
Event: 68.614 Thread 0x0000019d9cb2b860 Exception <a 'sun/nio/fs/WindowsException'{0x00000000d57990a8}> (0x00000000d57990a8) 
thrown [s\src\hotspot\share\prims\jni.cpp, line 520]
Event: 68.614 Thread 0x0000019d9cb2b860 Exception <a 'sun/nio/fs/WindowsException'{0x00000000d5799b48}> (0x00000000d5799b48) 
thrown [s\src\hotspot\share\prims\jni.cpp, line 520]
Event: 68.628 Thread 0x0000019d9cb2b860 Exception <a 'sun/nio/fs/WindowsException'{0x00000000d5805d78}> (0x00000000d5805d78) 
thrown [s\src\hotspot\share\prims\jni.cpp, line 520]
Event: 68.628 Thread 0x0000019d9cb2b860 Exception <a 'sun/nio/fs/WindowsException'{0x00000000d58067d0}> (0x00000000d58067d0) 
thrown [s\src\hotspot\share\prims\jni.cpp, line 520]
Event: 71.190 Thread 0x0000019da5212d60 Exception <a 'java/lang/NoSuchMethodError'{0x00000000d55c28c0}: 'void java.lang.invoke.DirectMethodHandle$Holder.invokeInterface(java.lang.Object, java.lang.Object, java.lang.Object, java.lang.Object)'> (0x00000000d55c28c0) 
thrown [s\src\hotspot\share\interpreter\linkResolver.cpp, line 773]
Event: 107.722 Thread 0x0000019da5214110 Exception <a 'java/lang/NoSuchMethodError'{0x00000000d593e160}: static Lorg/gradle/tooling/internal/provider/serialization/ClassLoaderDetails;.<clinit>()V> (0x00000000d593e160) 
thrown [s\src\hotspot\share\prims\jni.cpp, line 1111]
Event: 107.731 Thread 0x0000019da5214110 Exception <a 'java/lang/NoSuchMethodError'{0x00000000d5967a30}: static Lorg/gradle/internal/classloader/ClassLoaderSpec;.<clinit>()V> (0x00000000d5967a30) 
thrown [s\src\hotspot\share\prims\jni.cpp, line 1111]
Event: 107.732 Thread 0x0000019da5214110 Exception <a 'java/lang/NoSuchMethodError'{0x00000000d59781a0}: static Lorg/gradle/tooling/internal/provider/serialization/WellKnownClassLoaderRegistry$KnownClassLoaderSpec;.<clinit>()V> (0x00000000d59781a0) 
thrown [s\src\hotspot\share\prims\jni.cpp, line 1111]
Event: 107.755 Thread 0x0000019da5214110 Exception <a 'java/lang/NoSuchMethodError'{0x00000000d59a1828}: static Lorg/gradle/internal/classloader/ClassLoaderSpec;.<clinit>()V> (0x00000000d59a1828) 
thrown [s\src\hotspot\share\prims\jni.cpp, line 1111]
Event: 107.765 Thread 0x0000019da5214110 Exception <a 'java/lang/NoSuchMethodError'{0x00000000d59bbf10}: static Lorg/gradle/internal/classloader/VisitableURLClassLoader$Spec;.<clinit>()V> (0x00000000d59bbf10) 
thrown [s\src\hotspot\share\prims\jni.cpp, line 1111]
Event: 107.998 Thread 0x0000019da5214110 Exception <a 'java/lang/NoSuchMethodError'{0x00000000d55a89d0}: static Lorg/gradle/plugins/ide/internal/tooling/model/DefaultGradleProject;.<clinit>()V> (0x00000000d55a89d0) 
thrown [s\src\hotspot\share\prims\jni.cpp, line 1111]
Event: 108.004 Thread 0x0000019da5214110 Exception <a 'java/lang/NoSuchMethodError'{0x00000000d55e3898}: static Lorg/gradle/plugins/ide/internal/tooling/model/DefaultGradleScript;.<clinit>()V> (0x00000000d55e3898) 
thrown [s\src\hotspot\share\prims\jni.cpp, line 1111]
Event: 108.007 Thread 0x0000019da5214110 Exception <a 'java/lang/NoSuchMethodError'{0x00000000d5600040}: static [Ljava/lang/Object;.<clinit>()V> (0x00000000d5600040) 
thrown [s\src\hotspot\share\prims\jni.cpp, line 1111]
Event: 108.030 Thread 0x0000019da5214110 Exception <a 'java/lang/NoSuchMethodError'{0x00000000d570aea8}: static Lorg/gradle/tooling/internal/gradle/DefaultProjectIdentifier;.<clinit>()V> (0x00000000d570aea8) 
thrown [s\src\hotspot\share\prims\jni.cpp, line 1111]
Event: 108.032 Thread 0x0000019da5214110 Exception <a 'java/lang/NoSuchMethodError'{0x00000000d5719718}: static Lorg/gradle/tooling/internal/gradle/DefaultBuildIdentifier;.<clinit>()V> (0x00000000d5719718) 
thrown [s\src\hotspot\share\prims\jni.cpp, line 1111]
Event: 108.038 Thread 0x0000019da5214110 Exception <a 'java/lang/NoSuchMethodError'{0x00000000d5759be0}: static Lorg/gradle/plugins/ide/internal/tooling/model/LaunchableGradleTask;.<clinit>()V> (0x00000000d5759be0) 
thrown [s\src\hotspot\share\prims\jni.cpp, line 1111]
Event: 108.039 Thread 0x0000019da5214110 Exception <a 'java/lang/NoSuchMethodError'{0x00000000d575fa28}: static Lorg/gradle/plugins/ide/internal/tooling/model/LaunchableGradleProjectTask;.<clinit>()V> (0x00000000d575fa28) 
thrown [s\src\hotspot\share\prims\jni.cpp, line 1111]
Event: 108.084 Thread 0x0000019d9cb2cc10 Exception <a 'sun/nio/fs/WindowsException'{0x00000000d591f538}> (0x00000000d591f538) 
thrown [s\src\hotspot\share\prims\jni.cpp, line 520]
Event: 108.084 Thread 0x0000019d9cb2cc10 Exception <a 'sun/nio/fs/WindowsException'{0x00000000d591fd38}> (0x00000000d591fd38) 
thrown [s\src\hotspot\share\prims\jni.cpp, line 520]

ZGC Phase Switch (0 events):
No events

VM Operations (20 events):
Event: 4089.146 Executing non-safepoint VM operation: HandshakeAllThreads (HandshakeForDeflation)
Event: 4089.146 Executing non-safepoint VM operation: HandshakeAllThreads (HandshakeForDeflation) done
Event: 4089.146 Executing non-safepoint VM operation: RendezvousGCThreads
Event: 4089.146 Executing non-safepoint VM operation: RendezvousGCThreads done
Event: 4149.275 Executing non-safepoint VM operation: HandshakeAllThreads (HandshakeForDeflation)
Event: 4149.275 Executing non-safepoint VM operation: HandshakeAllThreads (HandshakeForDeflation) done
Event: 4149.275 Executing non-safepoint VM operation: RendezvousGCThreads
Event: 4149.275 Executing non-safepoint VM operation: RendezvousGCThreads done
Event: 4209.416 Executing non-safepoint VM operation: HandshakeAllThreads (HandshakeForDeflation)
Event: 4209.416 Executing non-safepoint VM operation: HandshakeAllThreads (HandshakeForDeflation) done
Event: 4209.416 Executing non-safepoint VM operation: RendezvousGCThreads
Event: 4209.416 Executing non-safepoint VM operation: RendezvousGCThreads done
Event: 4269.549 Executing non-safepoint VM operation: HandshakeAllThreads (HandshakeForDeflation)
Event: 4269.549 Executing non-safepoint VM operation: HandshakeAllThreads (HandshakeForDeflation) done
Event: 4269.549 Executing non-safepoint VM operation: RendezvousGCThreads
Event: 4269.549 Executing non-safepoint VM operation: RendezvousGCThreads done
Event: 4329.679 Executing non-safepoint VM operation: HandshakeAllThreads (HandshakeForDeflation)
Event: 4329.679 Executing non-safepoint VM operation: HandshakeAllThreads (HandshakeForDeflation) done
Event: 4329.679 Executing non-safepoint VM operation: RendezvousGCThreads
Event: 4329.679 Executing non-safepoint VM operation: RendezvousGCThreads done

Memory protections (0 events):
No events

Nmethod flushes (20 events):
Event: 39.908 Thread 0x0000019d59fb2620 flushing  nmethod 0x0000019d46f50390
Event: 39.908 Thread 0x0000019d59fb2620 flushing  nmethod 0x0000019d46f76690
Event: 39.908 Thread 0x0000019d59fb2620 flushing  nmethod 0x0000019d47000810
Event: 39.908 Thread 0x0000019d59fb2620 flushing  nmethod 0x0000019d4700ca10
Event: 39.908 Thread 0x0000019d59fb2620 flushing  nmethod 0x0000019d47021910
Event: 39.908 Thread 0x0000019d59fb2620 flushing  nmethod 0x0000019d47021c10
Event: 39.908 Thread 0x0000019d59fb2620 flushing  nmethod 0x0000019d47022e10
Event: 39.908 Thread 0x0000019d59fb2620 flushing  nmethod 0x0000019d47024a90
Event: 39.908 Thread 0x0000019d59fb2620 flushing  nmethod 0x0000019d47024e10
Event: 39.908 Thread 0x0000019d59fb2620 flushing  nmethod 0x0000019d47025410
Event: 39.908 Thread 0x0000019d59fb2620 flushing  nmethod 0x0000019d47028910
Event: 39.908 Thread 0x0000019d59fb2620 flushing  nmethod 0x0000019d47029b10
Event: 39.908 Thread 0x0000019d59fb2620 flushing  nmethod 0x0000019d47059d10
Event: 39.908 Thread 0x0000019d59fb2620 flushing  nmethod 0x0000019d4705a410
Event: 39.908 Thread 0x0000019d59fb2620 flushing  nmethod 0x0000019d4705aa10
Event: 39.908 Thread 0x0000019d59fb2620 flushing  nmethod 0x0000019d4705b290
Event: 39.908 Thread 0x0000019d59fb2620 flushing  nmethod 0x0000019d4705d990
Event: 39.908 Thread 0x0000019d59fb2620 flushing  nmethod 0x0000019d4709c310
Event: 39.908 Thread 0x0000019d59fb2620 flushing  nmethod 0x0000019d4709fd10
Event: 39.908 Thread 0x0000019d59fb2620 flushing  nmethod 0x0000019d470b2d90

Events (20 events):
Event: 71.111 Thread 0x0000019da5211320 Thread exited: 0x0000019da5211320
Event: 105.876 Thread 0x0000019da5214110 Thread exited: 0x0000019da5214110
Event: 105.890 Thread 0x0000019da5212d60 Thread exited: 0x0000019da5212d60
Event: 105.899 Thread 0x0000019d9cb2cc10 Thread added: 0x0000019da5214110
Event: 107.815 Thread 0x0000019d59fe26d0 Thread added: 0x0000019da49e76f0
Event: 108.021 Thread 0x0000019d59fe26d0 Thread added: 0x0000019da49e8b60
Event: 108.051 Thread 0x0000019da5214110 Thread exited: 0x0000019da5214110
Event: 108.297 Thread 0x0000019da49e8b60 Thread exited: 0x0000019da49e8b60
Event: 108.297 Thread 0x0000019da49e76f0 Thread exited: 0x0000019da49e76f0
Event: 128.614 Thread 0x0000019d9cb2dfc0 Thread exited: 0x0000019d9cb2dfc0
Event: 130.411 Thread 0x0000019d9cb2d2a0 Thread exited: 0x0000019d9cb2d2a0
Event: 146.676 Thread 0x0000019da52126d0 Thread exited: 0x0000019da52126d0
Event: 188.401 Thread 0x0000019d9cb2d930 Thread exited: 0x0000019d9cb2d930
Event: 190.411 Thread 0x0000019d9cb2e650 Thread exited: 0x0000019d9cb2e650
Event: 206.676 Thread 0x0000019da177a4b0 Thread exited: 0x0000019da177a4b0
Event: 266.678 Thread 0x0000019da177c580 Thread exited: 0x0000019da177c580
Event: 326.678 Thread 0x0000019da5210600 Thread exited: 0x0000019da5210600
Event: 386.679 Thread 0x0000019da52133f0 Thread exited: 0x0000019da52133f0
Event: 446.679 Thread 0x0000019da177cc10 Thread exited: 0x0000019da177cc10
Event: 506.679 Thread 0x0000019da177b1d0 Thread exited: 0x0000019da177b1d0


Dynamic libraries:
0x00007ff6b0aa0000 - 0x00007ff6b0aae000 	c:\Users\DELL\.vscode\extensions\redhat.java-1.54.0-win32-x64\jre\21.0.10-win32-x86_64\bin\java.exe
0x00007ff8c66a0000 - 0x00007ff8c6906000 	C:\WINDOWS\SYSTEM32\ntdll.dll
0x00007ff8c55f0000 - 0x00007ff8c56b9000 	C:\WINDOWS\System32\KERNEL32.DLL
0x00007ff8c3aa0000 - 0x00007ff8c3e9a000 	C:\WINDOWS\System32\KERNELBASE.dll
0x00007ff8c3ea0000 - 0x00007ff8c3fec000 	C:\WINDOWS\System32\ucrtbase.dll
0x00007ff800b40000 - 0x00007ff800b58000 	c:\Users\DELL\.vscode\extensions\redhat.java-1.54.0-win32-x64\jre\21.0.10-win32-x86_64\bin\jli.dll
0x00007ff800b20000 - 0x00007ff800b3e000 	c:\Users\DELL\.vscode\extensions\redhat.java-1.54.0-win32-x64\jre\21.0.10-win32-x86_64\bin\VCRUNTIME140.dll
0x00007ff8c5e50000 - 0x00007ff8c6017000 	C:\WINDOWS\System32\USER32.dll
0x00007ff8c3ff0000 - 0x00007ff8c4017000 	C:\WINDOWS\System32\win32u.dll
0x00007ff8af130000 - 0x00007ff8af3c2000 	C:\WINDOWS\WinSxS\amd64_microsoft.windows.common-controls_6595b64144ccf1df_6.0.26100.8521_none_3e08b75ce33403b3\COMCTL32.dll
0x00007ff8c4ce0000 - 0x00007ff8c4d89000 	C:\WINDOWS\System32\msvcrt.dll
0x00007ff8c6630000 - 0x00007ff8c665b000 	C:\WINDOWS\System32\GDI32.dll
0x00007ff8c4230000 - 0x00007ff8c435b000 	C:\WINDOWS\System32\gdi32full.dll
0x00007ff8c4360000 - 0x00007ff8c4403000 	C:\WINDOWS\System32\msvcp_win.dll
0x00007ff8c5120000 - 0x00007ff8c5152000 	C:\WINDOWS\System32\IMM32.DLL
0x00007ff878cb0000 - 0x00007ff878cbc000 	c:\Users\DELL\.vscode\extensions\redhat.java-1.54.0-win32-x64\jre\21.0.10-win32-x86_64\bin\vcruntime140_1.dll
0x00007ff800070000 - 0x00007ff8000fd000 	c:\Users\DELL\.vscode\extensions\redhat.java-1.54.0-win32-x64\jre\21.0.10-win32-x86_64\bin\msvcp140.dll
0x00007fffe8720000 - 0x00007fffe94c1000 	c:\Users\DELL\.vscode\extensions\redhat.java-1.54.0-win32-x64\jre\21.0.10-win32-x86_64\bin\server\jvm.dll
0x00007ff8c4620000 - 0x00007ff8c46d6000 	C:\WINDOWS\System32\ADVAPI32.dll
0x00007ff8c6580000 - 0x00007ff8c662a000 	C:\WINDOWS\System32\sechost.dll
0x00007ff8c4970000 - 0x00007ff8c4a88000 	C:\WINDOWS\System32\RPCRT4.dll
0x00007ff8c6470000 - 0x00007ff8c64f0000 	C:\WINDOWS\System32\WS2_32.dll
0x00007ff8c37b0000 - 0x00007ff8c380e000 	C:\WINDOWS\SYSTEM32\POWRPROF.dll
0x00007ff8b7710000 - 0x00007ff8b771b000 	C:\WINDOWS\SYSTEM32\VERSION.dll
0x00007ff8af3e0000 - 0x00007ff8af416000 	C:\WINDOWS\SYSTEM32\WINMM.dll
0x00007ff8c3770000 - 0x00007ff8c3784000 	C:\WINDOWS\SYSTEM32\UMPDC.dll
0x00007ff8c26c0000 - 0x00007ff8c26db000 	C:\WINDOWS\SYSTEM32\kernel.appcore.dll
0x00007ff878ac0000 - 0x00007ff878aca000 	c:\Users\DELL\.vscode\extensions\redhat.java-1.54.0-win32-x64\jre\21.0.10-win32-x86_64\bin\jimage.dll
0x00007ff8c0f90000 - 0x00007ff8c11d2000 	C:\WINDOWS\SYSTEM32\DBGHELP.DLL
0x00007ff8c4d90000 - 0x00007ff8c5113000 	C:\WINDOWS\System32\combase.dll
0x00007ff8c6330000 - 0x00007ff8c6409000 	C:\WINDOWS\System32\OLEAUT32.dll
0x00007ff892600000 - 0x00007ff89263b000 	C:\WINDOWS\SYSTEM32\dbgcore.DLL
0x00007ff8c39f0000 - 0x00007ff8c3a98000 	C:\WINDOWS\System32\bcryptPrimitives.dll
0x00007ff8af3d0000 - 0x00007ff8af3df000 	c:\Users\DELL\.vscode\extensions\redhat.java-1.54.0-win32-x64\jre\21.0.10-win32-x86_64\bin\instrument.dll
0x00007ff800b00000 - 0x00007ff800b20000 	c:\Users\DELL\.vscode\extensions\redhat.java-1.54.0-win32-x64\jre\21.0.10-win32-x86_64\bin\java.dll
0x00007ff8c56c0000 - 0x00007ff8c5e44000 	C:\WINDOWS\System32\SHELL32.dll
0x00007ff8c1510000 - 0x00007ff8c1d90000 	C:\WINDOWS\SYSTEM32\windows.storage.dll
0x00007ff8c4820000 - 0x00007ff8c4916000 	C:\WINDOWS\System32\SHCORE.dll
0x00007ff8c6510000 - 0x00007ff8c6577000 	C:\WINDOWS\System32\shlwapi.dll
0x00007ff8c3850000 - 0x00007ff8c3879000 	C:\WINDOWS\SYSTEM32\profapi.dll
0x00007fffead00000 - 0x00007fffead18000 	c:\Users\DELL\.vscode\extensions\redhat.java-1.54.0-win32-x64\jre\21.0.10-win32-x86_64\bin\zip.dll
0x00007ff878890000 - 0x00007ff8788a0000 	C:\Users\DELL\.vscode\extensions\redhat.java-1.54.0-win32-x64\jre\21.0.10-win32-x86_64\bin\net.dll
0x00007ff8b9f40000 - 0x00007ff8ba069000 	C:\WINDOWS\SYSTEM32\WINHTTP.dll
0x00007ff8c2c30000 - 0x00007ff8c2c9c000 	C:\WINDOWS\system32\mswsock.dll
0x00007fffeace0000 - 0x00007fffeacf6000 	C:\Users\DELL\.vscode\extensions\redhat.java-1.54.0-win32-x64\jre\21.0.10-win32-x86_64\bin\nio.dll
0x00007ff8ac1c0000 - 0x00007ff8ac1d0000 	c:\Users\DELL\.vscode\extensions\redhat.java-1.54.0-win32-x64\jre\21.0.10-win32-x86_64\bin\verify.dll
0x00007ff846ae0000 - 0x00007ff846b25000 	C:\Users\DELL\AppData\Roaming\Code\User\globalStorage\redhat.java\1.54.0\config_win\org.eclipse.equinox.launcher\org.eclipse.equinox.launcher.win32.win32.x86_64_1.3.0.v20260203-2149\eclipse_11919.dll
0x00007ff8c6020000 - 0x00007ff8c61b8000 	C:\WINDOWS\System32\ole32.dll
0x00007ff8c2f10000 - 0x00007ff8c2f2b000 	C:\WINDOWS\SYSTEM32\CRYPTSP.dll
0x00007ff8c2620000 - 0x00007ff8c2659000 	C:\WINDOWS\system32\rsaenh.dll
0x00007ff8c2ce0000 - 0x00007ff8c2d13000 	C:\WINDOWS\SYSTEM32\USERENV.dll
0x00007ff8c3820000 - 0x00007ff8c384a000 	C:\WINDOWS\SYSTEM32\bcrypt.dll
0x00007ff8c2f30000 - 0x00007ff8c2f3c000 	C:\WINDOWS\SYSTEM32\CRYPTBASE.dll
0x00007ff8c20c0000 - 0x00007ff8c20f3000 	C:\WINDOWS\SYSTEM32\IPHLPAPI.DLL
0x00007ff8c61c0000 - 0x00007ff8c61ca000 	C:\WINDOWS\System32\NSI.dll
0x00007fffe9880000 - 0x00007fffe98c9000 	C:\Users\DELL\AppData\Local\Temp\jna-2094529\jna245145600793384453.dll
0x00007ff8c6500000 - 0x00007ff8c6508000 	C:\WINDOWS\System32\PSAPI.DLL
0x00007ff8ba2d0000 - 0x00007ff8ba2ed000 	C:\WINDOWS\SYSTEM32\dhcpcsvc6.DLL
0x00007ff8ba2a0000 - 0x00007ff8ba2c5000 	C:\WINDOWS\SYSTEM32\dhcpcsvc.DLL
0x00007ff878de0000 - 0x00007ff878dee000 	C:\Users\DELL\.vscode\extensions\redhat.java-1.54.0-win32-x64\jre\21.0.10-win32-x86_64\bin\sunmscapi.dll
0x00007ff8c4020000 - 0x00007ff8c4198000 	C:\WINDOWS\System32\CRYPT32.dll
0x00007ff8c3130000 - 0x00007ff8c3160000 	C:\WINDOWS\SYSTEM32\ncrypt.dll
0x00007ff8c30e0000 - 0x00007ff8c311f000 	C:\WINDOWS\SYSTEM32\NTASN1.dll
0x00007ff8c21b0000 - 0x00007ff8c22fa000 	C:\WINDOWS\SYSTEM32\DNSAPI.dll
0x00007ff8c2a30000 - 0x00007ff8c2a3d000 	C:\WINDOWS\SYSTEM32\DSPARSE.dll
0x0000000063560000 - 0x0000000063569000 	C:\Program Files\National Instruments\Shared\mDNS Responder\nimdnsNSP.dll
0x0000000063550000 - 0x000000006355e000 	C:\WINDOWS\SYSTEM32\nimdnsResponder.dll
0x000000006e960000 - 0x000000006ea03000 	C:\WINDOWS\WinSxS\amd64_microsoft.vc90.crt_1fc8b3b9a1e18e3b_9.0.30729.9635_none_08e2c157a83ed5da\MSVCR90.dll
0x00007ff8b75f0000 - 0x00007ff8b75fb000 	C:\Windows\System32\rasadhlp.dll
0x00007ff8bac10000 - 0x00007ff8bac96000 	C:\WINDOWS\System32\fwpuclnt.dll
0x00007ff8785a0000 - 0x00007ff8785a9000 	C:\Users\DELL\.vscode\extensions\redhat.java-1.54.0-win32-x64\jre\21.0.10-win32-x86_64\bin\extnet.dll
0x00007ff842030000 - 0x00007ff842057000 	C:\Users\DELL\.gradle\native\660c5614fbf4a5f2a75b1949f50a0caf5cd603558e7d8a26e50b933a0cfb79d1\windows-amd64\native-platform.dll
0x00007ff8ab6b0000 - 0x00007ff8ab6ba000 	C:\Users\DELL\.vscode\extensions\redhat.java-1.54.0-win32-x64\jre\21.0.10-win32-x86_64\bin\management.dll
0x00007ff8a9930000 - 0x00007ff8a993c000 	C:\Users\DELL\.vscode\extensions\redhat.java-1.54.0-win32-x64\jre\21.0.10-win32-x86_64\bin\management_ext.dll
0x00007ff84e4c0000 - 0x00007ff84e4c8000 	C:\WINDOWS\system32\wshunix.dll

JVMTI agents:
c:\Users\DELL\.vscode\extensions\redhat.java-1.54.0-win32-x64\lombok\lombok-1.18.39-4050.jar path:c:\Users\DELL\.vscode\extensions\redhat.java-1.54.0-win32-x64\jre\21.0.10-win32-x86_64\bin\instrument.dll, loaded, initialized, instrumentlib options:none

dbghelp: loaded successfully - version: 4.0.5 - missing functions: none
symbol engine: initialized successfully - sym options: 0x614 - pdb path: .;c:\Users\DELL\.vscode\extensions\redhat.java-1.54.0-win32-x64\jre\21.0.10-win32-x86_64\bin;C:\WINDOWS\SYSTEM32;C:\WINDOWS\WinSxS\amd64_microsoft.windows.common-controls_6595b64144ccf1df_6.0.26100.8521_none_3e08b75ce33403b3;c:\Users\DELL\.vscode\extensions\redhat.java-1.54.0-win32-x64\jre\21.0.10-win32-x86_64\bin\server;C:\Users\DELL\AppData\Roaming\Code\User\globalStorage\redhat.java\1.54.0\config_win\org.eclipse.equinox.launcher\org.eclipse.equinox.launcher.win32.win32.x86_64_1.3.0.v20260203-2149;C:\Users\DELL\AppData\Local\Temp\jna-2094529;C:\Program Files\National Instruments\Shared\mDNS Responder;C:\WINDOWS\WinSxS\amd64_microsoft.vc90.crt_1fc8b3b9a1e18e3b_9.0.30729.9635_none_08e2c157a83ed5da;C:\Users\DELL\.gradle\native\660c5614fbf4a5f2a75b1949f50a0caf5cd603558e7d8a26e50b933a0cfb79d1\windows-amd64

VM Arguments:
jvm_args: --add-modules=ALL-SYSTEM --add-opens=java.base/java.util=ALL-UNNAMED --add-opens=java.base/java.lang=ALL-UNNAMED --add-opens=java.base/sun.nio.fs=ALL-UNNAMED -Declipse.application=org.eclipse.jdt.ls.core.id1 -Dosgi.bundles.defaultStartLevel=4 -Declipse.product=org.eclipse.jdt.ls.core.product -Djava.import.generatesMetadataFilesAtProjectRoot=false -DDetectVMInstallationsJob.disabled=true -Dfile.encoding=utf8 -XX:+UseParallelGC -XX:GCTimeRatio=4 -XX:AdaptiveSizePolicyWeight=90 -Dsun.zip.disableMemoryMapping=true -Xmx2G -Xms100m -Xlog:disable -javaagent:c:\Users\DELL\.vscode\extensions\redhat.java-1.54.0-win32-x64\lombok\lombok-1.18.39-4050.jar -XX:+HeapDumpOnOutOfMemoryError -XX:HeapDumpPath=c:\Users\DELL\AppData\Roaming\Code\User\workspaceStorage\ed950ca12d2dff36b27a4ad597b79735\redhat.java -Daether.dependencyCollector.impl=bf 
java_command: c:\Users\DELL\.vscode\extensions\redhat.java-1.54.0-win32-x64\server\plugins\org.eclipse.equinox.launcher_1.7.100.v20251111-0406.jar -configuration c:\Users\DELL\AppData\Roaming\Code\User\globalStorage\redhat.java\1.54.0\config_win -data c:\Users\DELL\AppData\Roaming\Code\User\workspaceStorage\ed950ca12d2dff36b27a4ad597b79735\redhat.java\jdt_ws --pipe=\\.\pipe\lsp-60c18553f232130b4a71fd24283d07d2-sock
java_class_path (initial): c:\Users\DELL\.vscode\extensions\redhat.java-1.54.0-win32-x64\server\plugins\org.eclipse.equinox.launcher_1.7.100.v20251111-0406.jar
Launcher Type: SUN_STANDARD

[Global flags]
    uintx AdaptiveSizePolicyWeight                 = 90                                        {product} {command line}
     intx CICompilerCount                          = 4                                         {product} {ergonomic}
    uintx GCTimeRatio                              = 4                                         {product} {command line}
     bool HeapDumpOnOutOfMemoryError               = true                                   {manageable} {command line}
    ccstr HeapDumpPath                             = c:\Users\DELL\AppData\Roaming\Code\User\workspaceStorage\ed950ca12d2dff36b27a4ad597b79735\redhat.java         {manageable} {command line}
   size_t InitialHeapSize                          = 104857600                                 {product} {command line}
   size_t MaxHeapSize                              = 2147483648                                {product} {command line}
   size_t MaxNewSize                               = 715653120                                 {product} {ergonomic}
   size_t MinHeapDeltaBytes                        = 524288                                    {product} {ergonomic}
   size_t MinHeapSize                              = 104857600                                 {product} {command line}
   size_t NewSize                                  = 34603008                                  {product} {ergonomic}
    uintx NonNMethodCodeHeapSize                   = 5839372                                {pd product} {ergonomic}
    uintx NonProfiledCodeHeapSize                  = 122909434                              {pd product} {ergonomic}
   size_t OldSize                                  = 70254592                                  {product} {ergonomic}
    uintx ProfiledCodeHeapSize                     = 122909434                              {pd product} {ergonomic}
    uintx ReservedCodeCacheSize                    = 251658240                              {pd product} {ergonomic}
     bool SegmentedCodeCache                       = true                                      {product} {ergonomic}
   size_t SoftMaxHeapSize                          = 2147483648                             {manageable} {ergonomic}
     bool UseCompressedOops                        = true                           {product lp64_product} {ergonomic}
     bool UseLargePagesIndividualAllocation        = false                                  {pd product} {ergonomic}
     bool UseParallelGC                            = true                                      {product} {command line}

Logging:
Log output configuration:
 #0: stdout all=off uptime,level,tags foldmultilines=false
 #1: stderr all=off uptime,level,tags foldmultilines=false

Release file:
JAVA_VERSION="21.0.10" 
MODULES="java.base java.compiler java.datatransfer java.xml java.prefs java.desktop java.instrument java.logging java.management java.security.sasl java.naming java.rmi java.management.rmi java.net.http java.scripting java.security.jgss java.transaction.xa java.sql java.sql.rowset java.xml.crypto java.se java.smartcardio jdk.accessibility jdk.internal.jvmstat jdk.attach jdk.charsets jdk.internal.opt jdk.zipfs jdk.compiler jdk.crypto.ec jdk.crypto.cryptoki jdk.crypto.mscapi jdk.dynalink jdk.internal.ed jdk.editpad jdk.hotspot.agent jdk.httpserver jdk.internal.le jdk.internal.vm.ci jdk.internal.vm.compiler jdk.internal.vm.compiler.management jdk.jartool jdk.javadoc jdk.jcmd jdk.management jdk.management.agent jdk.jconsole jdk.jdeps jdk.jdwp.agent jdk.jdi jdk.jfr jdk.jshell jdk.jsobject jdk.jstatd jdk.localedata jdk.management.jfr jdk.naming.dns jdk.naming.rmi jdk.net jdk.nio.mapmode jdk.random jdk.sctp jdk.security.auth jdk.security.jgss jdk.unsupported jdk.unsupported.desktop jdk.xml.dom" 

Environment Variables:
JAVA_HOME=C:\Users\DELL\AppData\Local\Programs\Eclipse Adoptium\jdk-17.0.19.10-hotspot\
PATH=C:\app\DELL\product\21c\dbhomeXE\bin;C:\Program Files\Common Files\Oracle\Java\javapath;C:\Program Files (x86)\Common Files\Oracle\Java\javapath;C:\WINDOWS\system32;C:\WINDOWS;C:\WINDOWS\System32\Wbem;C:\WINDOWS\System32\WindowsPowerShell\v1.0\;C:\WINDOWS\System32\OpenSSH\;C:\Program Files\dotnet\;C:\Program Files\Java\jdk-17\bin;C:\Program Files\MATLAB\R2025b\bin;C:\Program Files\Git\cmd;C:\Program Files\nodejs\;C:\Users\DELL\AppData\Local\Programs\Eclipse Adoptium\jdk-17.0.19.10-hotspot\bin;C:\Users\DELL\AppData\Local\pnpm\bin;C:\Users\DELL\AppData\Local\Programs\Eclipse Adoptium\jdk-21.0.4.7-hotspot\bin;C:\Users\DELL\AppData\Local\Microsoft\WindowsApps;C:\Users\DELL\AppData\Local\Programs\Microsoft VS Code\bin;C:\Users\DELL\AppData\Roaming\npm
USERNAME=DELL
OS=Windows_NT
PROCESSOR_IDENTIFIER=Intel64 Family 6 Model 142 Stepping 12, GenuineIntel
TMP=C:\Users\DELL\AppData\Local\Temp
TEMP=C:\Users\DELL\AppData\Local\Temp




Periodic native trim disabled

---------------  S Y S T E M  ---------------

OS:
 Windows 11 , 64 bit Build 26100 (10.0.26100.8521)
OS uptime: 0 days 1:15 hours

CPU: total 8 (initial active 8) (4 cores per cpu, 2 threads per core) family 6 model 142 stepping 12 microcode 0xde, cx8, cmov, fxsr, ht, mmx, 3dnowpref, sse, sse2, sse3, ssse3, sse4.1, sse4.2, popcnt, lzcnt, tsc, tscinvbit, avx, avx2, aes, erms, clmul, bmi1, bmi2, adx, fma, vzeroupper, clflush, clflushopt, rdtscp, f16c
Processor Information for the first 8 processors :
  Max Mhz: 2112, Current Mhz: 1609, Mhz Limit: 1605

Memory: 4k page, system-wide physical 7976M (1529M free)
TotalPageFile size 12072M (AvailPageFile size 12M)
current process WorkingSet (physical memory assigned to process): 111M, peak: 453M
current process commit charge ("private bytes"): 482M, peak: 523M

vm_info: OpenJDK 64-Bit Server VM (21.0.10+7-LTS) for windows-amd64 JRE (21.0.10+7-LTS), built on 2026-01-20T00:00:00Z by "admin" with MS VC++ 17.12 (VS2022)

END.
